#! /usr/bin/vvp
:ivl_version "11.0 (stable)";
:ivl_delay_selection "TYPICAL";
:vpi_time_precision + 0;
:vpi_module "/usr/lib/x86_64-linux-gnu/ivl/system.vpi";
:vpi_module "/usr/lib/x86_64-linux-gnu/ivl/vhdl_sys.vpi";
:vpi_module "/usr/lib/x86_64-linux-gnu/ivl/vhdl_textio.vpi";
:vpi_module "/usr/lib/x86_64-linux-gnu/ivl/v2005_math.vpi";
:vpi_module "/usr/lib/x86_64-linux-gnu/ivl/va_math.vpi";
S_0x557cf479dea0 .scope module, "all1" "all1" 2 4;
 .timescale 0 0;
    .port_info 0 /INPUT 1 "x1";
    .port_info 1 /INPUT 1 "x2";
    .port_info 2 /INPUT 1 "x3";
    .port_info 3 /INPUT 1 "x4";
    .port_info 4 /OUTPUT 1 "out";
v0x557cf47ca340_0 .net "out", 0 0, v0x557cf47c9cc0_0;  1 drivers
v0x557cf47ca3e0_0 .net "out1", 0 0, v0x557cf47a8390_0;  1 drivers
v0x557cf47ca4a0_0 .net "out2", 0 0, v0x557cf47b09f0_0;  1 drivers
v0x557cf47ca540_0 .net "out3", 0 0, v0x557cf47b9110_0;  1 drivers
v0x557cf47ca5e0_0 .net "out4", 0 0, v0x557cf47c1860_0;  1 drivers
v0x557cf47ca6d0_0 .net "t1", 0 0, v0x557cf47c7240_0;  1 drivers
v0x557cf47ca800_0 .net "t2", 0 0, v0x557cf47c8730_0;  1 drivers
o0x7f484279f018 .functor BUFZ 1, C4<z>; HiZ drive
v0x557cf47ca930_0 .net "x1", 0 0, o0x7f484279f018;  0 drivers
o0x7f484279fe58 .functor BUFZ 1, C4<z>; HiZ drive
v0x557cf47ca9d0_0 .net "x2", 0 0, o0x7f484279fe58;  0 drivers
o0x7f48427a02a8 .functor BUFZ 1, C4<z>; HiZ drive
v0x557cf47cab00_0 .net "x3", 0 0, o0x7f48427a02a8;  0 drivers
o0x7f48427a06f8 .functor BUFZ 1, C4<z>; HiZ drive
v0x557cf47caba0_0 .net "x4", 0 0, o0x7f48427a06f8;  0 drivers
S_0x557cf479db90 .scope module, "one11" "one1" 2 9, 3 4 0, S_0x557cf479dea0;
 .timescale 0 0;
    .port_info 0 /INPUT 1 "x1";
    .port_info 1 /INPUT 1 "x2";
    .port_info 2 /INPUT 1 "x3";
    .port_info 3 /INPUT 1 "x4";
    .port_info 4 /OUTPUT 1 "out";
v0x557cf47ac670_0 .net "out", 0 0, v0x557cf47a8390_0;  alias, 1 drivers
v0x557cf47ac760_0 .net "t1", 0 0, v0x557cf47a59e0_0;  1 drivers
v0x557cf47ac8b0_0 .net "t2", 0 0, v0x557cf47a6e70_0;  1 drivers
v0x557cf47ac9e0_0 .net "w2", 0 0, v0x557cf47a97d0_0;  1 drivers
v0x557cf47aca80_0 .net "w3", 0 0, v0x557cf47aac30_0;  1 drivers
v0x557cf47acbb0_0 .net "w4", 0 0, v0x557cf47ac090_0;  1 drivers
v0x557cf47acc50_0 .net "x1", 0 0, o0x7f484279f018;  alias, 0 drivers
v0x557cf47accf0_0 .net "x2", 0 0, o0x7f484279fe58;  alias, 0 drivers
v0x557cf47acd90_0 .net "x3", 0 0, o0x7f48427a02a8;  alias, 0 drivers
v0x557cf47acec0_0 .net "x4", 0 0, o0x7f48427a06f8;  alias, 0 drivers
S_0x557cf479d850 .scope module, "and1" "fpga_and" 3 12, 4 3 0, S_0x557cf479db90;
 .timescale 0 0;
    .port_info 0 /INPUT 1 "A0";
    .port_info 1 /INPUT 1 "B0";
    .port_info 2 /OUTPUT 1 "out";
v0x557cf47a5e20_0 .net "A0", 0 0, o0x7f484279f018;  alias, 0 drivers
v0x557cf47a5ee0_0 .net "B0", 0 0, v0x557cf47a97d0_0;  alias, 1 drivers
v0x557cf47a5f80_0 .net "out", 0 0, v0x557cf47a59e0_0;  alias, 1 drivers
S_0x557cf479ae20 .scope module, "c2_instance" "c2" 4 5, 5 1 0, S_0x557cf479d850;
 .timescale 0 0;
    .port_info 0 /INPUT 1 "d0";
    .port_info 1 /INPUT 1 "d1";
    .port_info 2 /INPUT 1 "d2";
    .port_info 3 /INPUT 1 "d3";
    .port_info 4 /INPUT 1 "A0";
    .port_info 5 /INPUT 1 "A1";
    .port_info 6 /INPUT 1 "B0";
    .port_info 7 /INPUT 1 "B1";
    .port_info 8 /OUTPUT 1 "out";
L_0x7f4842756648 .functor BUFT 1, C4<1>, C4<0>, C4<0>, C4<0>;
L_0x7f4842756690 .functor BUFT 1, C4<0>, C4<0>, C4<0>, C4<0>;
L_0x557cf47cc2d0 .functor OR 1, L_0x7f4842756648, L_0x7f4842756690, C4<0>, C4<0>;
L_0x557cf47cc370 .functor AND 1, o0x7f484279f018, v0x557cf47a97d0_0, C4<1>, C4<1>;
L_0x557cf47cc620 .functor BUFZ 1, L_0x557cf47cc370, C4<0>, C4<0>, C4<0>;
L_0x557cf47cc830 .functor BUFZ 1, L_0x557cf47cc2d0, C4<0>, C4<0>, C4<0>;
v0x557cf471c4c0_0 .net "A0", 0 0, o0x7f484279f018;  alias, 0 drivers
v0x557cf47a5220_0 .net "A1", 0 0, L_0x7f4842756648;  1 drivers
v0x557cf47a52e0_0 .net "B0", 0 0, v0x557cf47a97d0_0;  alias, 1 drivers
v0x557cf47a5380_0 .net "B1", 0 0, L_0x7f4842756690;  1 drivers
v0x557cf47a5440_0 .net *"_ivl_12", 0 0, L_0x557cf47cc830;  1 drivers
v0x557cf47a5570_0 .net *"_ivl_7", 0 0, L_0x557cf47cc620;  1 drivers
L_0x7f4842756528 .functor BUFT 1, C4<0>, C4<0>, C4<0>, C4<0>;
v0x557cf47a5650_0 .net "d0", 0 0, L_0x7f4842756528;  1 drivers
L_0x7f4842756570 .functor BUFT 1, C4<0>, C4<0>, C4<0>, C4<0>;
v0x557cf47a5710_0 .net "d1", 0 0, L_0x7f4842756570;  1 drivers
L_0x7f48427565b8 .functor BUFT 1, C4<1>, C4<0>, C4<0>, C4<0>;
v0x557cf47a57d0_0 .net "d2", 0 0, L_0x7f48427565b8;  1 drivers
L_0x7f4842756600 .functor BUFT 1, C4<1>, C4<0>, C4<0>, C4<0>;
v0x557cf47a5920_0 .net "d3", 0 0, L_0x7f4842756600;  1 drivers
v0x557cf47a59e0_0 .var "out", 0 0;
v0x557cf47a5aa0_0 .net "s0", 0 0, L_0x557cf47cc370;  1 drivers
v0x557cf47a5b60_0 .net "s1", 0 0, L_0x557cf47cc2d0;  1 drivers
v0x557cf47a5c20_0 .net "sel", 1 0, L_0x557cf47cc710;  1 drivers
E_0x557cf471b7a0 .event edge, v0x557cf47a5c20_0;
L_0x557cf47cc710 .concat8 [ 1 1 0 0], L_0x557cf47cc830, L_0x557cf47cc620;
S_0x557cf47a6050 .scope module, "and2" "fpga_and" 3 13, 4 3 0, S_0x557cf479db90;
 .timescale 0 0;
    .port_info 0 /INPUT 1 "A0";
    .port_info 1 /INPUT 1 "B0";
    .port_info 2 /OUTPUT 1 "out";
v0x557cf47a72b0_0 .net "A0", 0 0, v0x557cf47a97d0_0;  alias, 1 drivers
v0x557cf47a7370_0 .net "B0", 0 0, v0x557cf47aac30_0;  alias, 1 drivers
v0x557cf47a7430_0 .net "out", 0 0, v0x557cf47a6e70_0;  alias, 1 drivers
S_0x557cf47a6230 .scope module, "c2_instance" "c2" 4 5, 5 1 0, S_0x557cf47a6050;
 .timescale 0 0;
    .port_info 0 /INPUT 1 "d0";
    .port_info 1 /INPUT 1 "d1";
    .port_info 2 /INPUT 1 "d2";
    .port_info 3 /INPUT 1 "d3";
    .port_info 4 /INPUT 1 "A0";
    .port_info 5 /INPUT 1 "A1";
    .port_info 6 /INPUT 1 "B0";
    .port_info 7 /INPUT 1 "B1";
    .port_info 8 /OUTPUT 1 "out";
L_0x7f48427567f8 .functor BUFT 1, C4<1>, C4<0>, C4<0>, C4<0>;
L_0x7f4842756840 .functor BUFT 1, C4<0>, C4<0>, C4<0>, C4<0>;
L_0x557cf47cca40 .functor OR 1, L_0x7f48427567f8, L_0x7f4842756840, C4<0>, C4<0>;
L_0x557cf47ccae0 .functor AND 1, v0x557cf47a97d0_0, v0x557cf47aac30_0, C4<1>, C4<1>;
L_0x557cf47ccb80 .functor BUFZ 1, L_0x557cf47ccae0, C4<0>, C4<0>, C4<0>;
L_0x557cf47ccd90 .functor BUFZ 1, L_0x557cf47cca40, C4<0>, C4<0>, C4<0>;
v0x557cf47a65a0_0 .net "A0", 0 0, v0x557cf47a97d0_0;  alias, 1 drivers
v0x557cf47a66b0_0 .net "A1", 0 0, L_0x7f48427567f8;  1 drivers
v0x557cf47a6770_0 .net "B0", 0 0, v0x557cf47aac30_0;  alias, 1 drivers
v0x557cf47a6810_0 .net "B1", 0 0, L_0x7f4842756840;  1 drivers
v0x557cf47a68d0_0 .net *"_ivl_12", 0 0, L_0x557cf47ccd90;  1 drivers
v0x557cf47a6a00_0 .net *"_ivl_7", 0 0, L_0x557cf47ccb80;  1 drivers
L_0x7f48427566d8 .functor BUFT 1, C4<0>, C4<0>, C4<0>, C4<0>;
v0x557cf47a6ae0_0 .net "d0", 0 0, L_0x7f48427566d8;  1 drivers
L_0x7f4842756720 .functor BUFT 1, C4<0>, C4<0>, C4<0>, C4<0>;
v0x557cf47a6ba0_0 .net "d1", 0 0, L_0x7f4842756720;  1 drivers
L_0x7f4842756768 .functor BUFT 1, C4<1>, C4<0>, C4<0>, C4<0>;
v0x557cf47a6c60_0 .net "d2", 0 0, L_0x7f4842756768;  1 drivers
L_0x7f48427567b0 .functor BUFT 1, C4<1>, C4<0>, C4<0>, C4<0>;
v0x557cf47a6db0_0 .net "d3", 0 0, L_0x7f48427567b0;  1 drivers
v0x557cf47a6e70_0 .var "out", 0 0;
v0x557cf47a6f30_0 .net "s0", 0 0, L_0x557cf47ccae0;  1 drivers
v0x557cf47a6ff0_0 .net "s1", 0 0, L_0x557cf47cca40;  1 drivers
v0x557cf47a70b0_0 .net "sel", 1 0, L_0x557cf47ccc70;  1 drivers
E_0x557cf471b9d0 .event edge, v0x557cf47a70b0_0;
L_0x557cf47ccc70 .concat8 [ 1 1 0 0], L_0x557cf47ccd90, L_0x557cf47ccb80;
S_0x557cf47a7530 .scope module, "and3" "fpga_and" 3 15, 4 3 0, S_0x557cf479db90;
 .timescale 0 0;
    .port_info 0 /INPUT 1 "A0";
    .port_info 1 /INPUT 1 "B0";
    .port_info 2 /OUTPUT 1 "out";
v0x557cf47a87d0_0 .net "A0", 0 0, v0x557cf47a59e0_0;  alias, 1 drivers
v0x557cf47a8890_0 .net "B0", 0 0, v0x557cf47a6e70_0;  alias, 1 drivers
v0x557cf47a8950_0 .net "out", 0 0, v0x557cf47a8390_0;  alias, 1 drivers
S_0x557cf47a7740 .scope module, "c2_instance" "c2" 4 5, 5 1 0, S_0x557cf47a7530;
 .timescale 0 0;
    .port_info 0 /INPUT 1 "d0";
    .port_info 1 /INPUT 1 "d1";
    .port_info 2 /INPUT 1 "d2";
    .port_info 3 /INPUT 1 "d3";
    .port_info 4 /INPUT 1 "A0";
    .port_info 5 /INPUT 1 "A1";
    .port_info 6 /INPUT 1 "B0";
    .port_info 7 /INPUT 1 "B1";
    .port_info 8 /OUTPUT 1 "out";
L_0x7f48427569a8 .functor BUFT 1, C4<1>, C4<0>, C4<0>, C4<0>;
L_0x7f48427569f0 .functor BUFT 1, C4<0>, C4<0>, C4<0>, C4<0>;
L_0x557cf47ccfa0 .functor OR 1, L_0x7f48427569a8, L_0x7f48427569f0, C4<0>, C4<0>;
L_0x557cf47cd040 .functor AND 1, v0x557cf47a59e0_0, v0x557cf47a6e70_0, C4<1>, C4<1>;
L_0x557cf47cd0e0 .functor BUFZ 1, L_0x557cf47cd040, C4<0>, C4<0>, C4<0>;
L_0x557cf47cd2f0 .functor BUFZ 1, L_0x557cf47ccfa0, C4<0>, C4<0>, C4<0>;
v0x557cf47a7a90_0 .net "A0", 0 0, v0x557cf47a59e0_0;  alias, 1 drivers
v0x557cf47a7ba0_0 .net "A1", 0 0, L_0x7f48427569a8;  1 drivers
v0x557cf47a7c60_0 .net "B0", 0 0, v0x557cf47a6e70_0;  alias, 1 drivers
v0x557cf47a7d50_0 .net "B1", 0 0, L_0x7f48427569f0;  1 drivers
v0x557cf47a7df0_0 .net *"_ivl_12", 0 0, L_0x557cf47cd2f0;  1 drivers
v0x557cf47a7f20_0 .net *"_ivl_7", 0 0, L_0x557cf47cd0e0;  1 drivers
L_0x7f4842756888 .functor BUFT 1, C4<0>, C4<0>, C4<0>, C4<0>;
v0x557cf47a8000_0 .net "d0", 0 0, L_0x7f4842756888;  1 drivers
L_0x7f48427568d0 .functor BUFT 1, C4<0>, C4<0>, C4<0>, C4<0>;
v0x557cf47a80c0_0 .net "d1", 0 0, L_0x7f48427568d0;  1 drivers
L_0x7f4842756918 .functor BUFT 1, C4<1>, C4<0>, C4<0>, C4<0>;
v0x557cf47a8180_0 .net "d2", 0 0, L_0x7f4842756918;  1 drivers
L_0x7f4842756960 .functor BUFT 1, C4<1>, C4<0>, C4<0>, C4<0>;
v0x557cf47a82d0_0 .net "d3", 0 0, L_0x7f4842756960;  1 drivers
v0x557cf47a8390_0 .var "out", 0 0;
v0x557cf47a8450_0 .net "s0", 0 0, L_0x557cf47cd040;  1 drivers
v0x557cf47a8510_0 .net "s1", 0 0, L_0x557cf47ccfa0;  1 drivers
v0x557cf47a85d0_0 .net "sel", 1 0, L_0x557cf47cd1d0;  1 drivers
E_0x557cf46fcaf0 .event edge, v0x557cf47a85d0_0;
L_0x557cf47cd1d0 .concat8 [ 1 1 0 0], L_0x557cf47cd2f0, L_0x557cf47cd0e0;
S_0x557cf47a8a10 .scope module, "not2" "fpga_not" 3 8, 6 3 0, S_0x557cf479db90;
 .timescale 0 0;
    .port_info 0 /INPUT 1 "A1";
    .port_info 1 /OUTPUT 1 "out";
v0x557cf47a9c80_0 .net "A1", 0 0, o0x7f484279fe58;  alias, 0 drivers
v0x557cf47a9d40_0 .net "out", 0 0, v0x557cf47a97d0_0;  alias, 1 drivers
S_0x557cf47a8ba0 .scope module, "c2_instance" "c2" 6 5, 5 1 0, S_0x557cf47a8a10;
 .timescale 0 0;
    .port_info 0 /INPUT 1 "d0";
    .port_info 1 /INPUT 1 "d1";
    .port_info 2 /INPUT 1 "d2";
    .port_info 3 /INPUT 1 "d3";
    .port_info 4 /INPUT 1 "A0";
    .port_info 5 /INPUT 1 "A1";
    .port_info 6 /INPUT 1 "B0";
    .port_info 7 /INPUT 1 "B1";
    .port_info 8 /OUTPUT 1 "out";
L_0x557cf47caca0 .functor OR 1, o0x7f484279fe58, o0x7f484279fe58, C4<0>, C4<0>;
L_0x7f4842756138 .functor BUFT 1, C4<0>, C4<0>, C4<0>, C4<0>;
L_0x7f4842756180 .functor BUFT 1, C4<0>, C4<0>, C4<0>, C4<0>;
L_0x557cf47caf40 .functor AND 1, L_0x7f4842756138, L_0x7f4842756180, C4<1>, C4<1>;
L_0x557cf47cb030 .functor BUFZ 1, L_0x557cf47caf40, C4<0>, C4<0>, C4<0>;
L_0x557cf47cb1a0 .functor BUFZ 1, L_0x557cf47caca0, C4<0>, C4<0>, C4<0>;
v0x557cf47a8f10_0 .net "A0", 0 0, L_0x7f4842756138;  1 drivers
v0x557cf47a8ff0_0 .net "A1", 0 0, o0x7f484279fe58;  alias, 0 drivers
v0x557cf47a90b0_0 .net "B0", 0 0, L_0x7f4842756180;  1 drivers
v0x557cf47a9180_0 .net "B1", 0 0, o0x7f484279fe58;  alias, 0 drivers
v0x557cf47a9250_0 .net *"_ivl_12", 0 0, L_0x557cf47cb1a0;  1 drivers
v0x557cf47a9360_0 .net *"_ivl_7", 0 0, L_0x557cf47cb030;  1 drivers
L_0x7f4842756018 .functor BUFT 1, C4<1>, C4<0>, C4<0>, C4<0>;
v0x557cf47a9440_0 .net "d0", 0 0, L_0x7f4842756018;  1 drivers
L_0x7f4842756060 .functor BUFT 1, C4<0>, C4<0>, C4<0>, C4<0>;
v0x557cf47a9500_0 .net "d1", 0 0, L_0x7f4842756060;  1 drivers
L_0x7f48427560a8 .functor BUFT 1, C4<1>, C4<0>, C4<0>, C4<0>;
v0x557cf47a95c0_0 .net "d2", 0 0, L_0x7f48427560a8;  1 drivers
L_0x7f48427560f0 .functor BUFT 1, C4<0>, C4<0>, C4<0>, C4<0>;
v0x557cf47a9710_0 .net "d3", 0 0, L_0x7f48427560f0;  1 drivers
v0x557cf47a97d0_0 .var "out", 0 0;
v0x557cf47a9900_0 .net "s0", 0 0, L_0x557cf47caf40;  1 drivers
v0x557cf47a99c0_0 .net "s1", 0 0, L_0x557cf47caca0;  1 drivers
v0x557cf47a9a80_0 .net "sel", 1 0, L_0x557cf47cb0d0;  1 drivers
E_0x557cf479e1a0 .event edge, v0x557cf47a9a80_0;
L_0x557cf47cb0d0 .concat8 [ 1 1 0 0], L_0x557cf47cb1a0, L_0x557cf47cb030;
S_0x557cf47a9e40 .scope module, "not3" "fpga_not" 3 9, 6 3 0, S_0x557cf479db90;
 .timescale 0 0;
    .port_info 0 /INPUT 1 "A1";
    .port_info 1 /OUTPUT 1 "out";
v0x557cf47ab0a0_0 .net "A1", 0 0, o0x7f48427a02a8;  alias, 0 drivers
v0x557cf47ab160_0 .net "out", 0 0, v0x557cf47aac30_0;  alias, 1 drivers
S_0x557cf47aa020 .scope module, "c2_instance" "c2" 6 5, 5 1 0, S_0x557cf47a9e40;
 .timescale 0 0;
    .port_info 0 /INPUT 1 "d0";
    .port_info 1 /INPUT 1 "d1";
    .port_info 2 /INPUT 1 "d2";
    .port_info 3 /INPUT 1 "d3";
    .port_info 4 /INPUT 1 "A0";
    .port_info 5 /INPUT 1 "A1";
    .port_info 6 /INPUT 1 "B0";
    .port_info 7 /INPUT 1 "B1";
    .port_info 8 /OUTPUT 1 "out";
L_0x557cf47cb3e0 .functor OR 1, o0x7f48427a02a8, o0x7f48427a02a8, C4<0>, C4<0>;
L_0x7f48427562e8 .functor BUFT 1, C4<0>, C4<0>, C4<0>, C4<0>;
L_0x7f4842756330 .functor BUFT 1, C4<0>, C4<0>, C4<0>, C4<0>;
L_0x557cf47cb660 .functor AND 1, L_0x7f48427562e8, L_0x7f4842756330, C4<1>, C4<1>;
L_0x557cf47cb700 .functor BUFZ 1, L_0x557cf47cb660, C4<0>, C4<0>, C4<0>;
L_0x557cf47cb910 .functor BUFZ 1, L_0x557cf47cb3e0, C4<0>, C4<0>, C4<0>;
v0x557cf47aa3d0_0 .net "A0", 0 0, L_0x7f48427562e8;  1 drivers
v0x557cf47aa4b0_0 .net "A1", 0 0, o0x7f48427a02a8;  alias, 0 drivers
v0x557cf47aa570_0 .net "B0", 0 0, L_0x7f4842756330;  1 drivers
v0x557cf47aa610_0 .net "B1", 0 0, o0x7f48427a02a8;  alias, 0 drivers
v0x557cf47aa6b0_0 .net *"_ivl_12", 0 0, L_0x557cf47cb910;  1 drivers
v0x557cf47aa7c0_0 .net *"_ivl_7", 0 0, L_0x557cf47cb700;  1 drivers
L_0x7f48427561c8 .functor BUFT 1, C4<1>, C4<0>, C4<0>, C4<0>;
v0x557cf47aa8a0_0 .net "d0", 0 0, L_0x7f48427561c8;  1 drivers
L_0x7f4842756210 .functor BUFT 1, C4<0>, C4<0>, C4<0>, C4<0>;
v0x557cf47aa960_0 .net "d1", 0 0, L_0x7f4842756210;  1 drivers
L_0x7f4842756258 .functor BUFT 1, C4<1>, C4<0>, C4<0>, C4<0>;
v0x557cf47aaa20_0 .net "d2", 0 0, L_0x7f4842756258;  1 drivers
L_0x7f48427562a0 .functor BUFT 1, C4<0>, C4<0>, C4<0>, C4<0>;
v0x557cf47aab70_0 .net "d3", 0 0, L_0x7f48427562a0;  1 drivers
v0x557cf47aac30_0 .var "out", 0 0;
v0x557cf47aacd0_0 .net "s0", 0 0, L_0x557cf47cb660;  1 drivers
v0x557cf47aad90_0 .net "s1", 0 0, L_0x557cf47cb3e0;  1 drivers
v0x557cf47aae50_0 .net "sel", 1 0, L_0x557cf47cb7f0;  1 drivers
E_0x557cf47aa350 .event edge, v0x557cf47aae50_0;
L_0x557cf47cb7f0 .concat8 [ 1 1 0 0], L_0x557cf47cb910, L_0x557cf47cb700;
S_0x557cf47ab260 .scope module, "not4" "fpga_not" 3 10, 6 3 0, S_0x557cf479db90;
 .timescale 0 0;
    .port_info 0 /INPUT 1 "A1";
    .port_info 1 /OUTPUT 1 "out";
v0x557cf47ac4d0_0 .net "A1", 0 0, o0x7f48427a06f8;  alias, 0 drivers
v0x557cf47ac590_0 .net "out", 0 0, v0x557cf47ac090_0;  alias, 1 drivers
S_0x557cf47ab480 .scope module, "c2_instance" "c2" 6 5, 5 1 0, S_0x557cf47ab260;
 .timescale 0 0;
    .port_info 0 /INPUT 1 "d0";
    .port_info 1 /INPUT 1 "d1";
    .port_info 2 /INPUT 1 "d2";
    .port_info 3 /INPUT 1 "d3";
    .port_info 4 /INPUT 1 "A0";
    .port_info 5 /INPUT 1 "A1";
    .port_info 6 /INPUT 1 "B0";
    .port_info 7 /INPUT 1 "B1";
    .port_info 8 /OUTPUT 1 "out";
L_0x557cf47cbb60 .functor OR 1, o0x7f48427a06f8, o0x7f48427a06f8, C4<0>, C4<0>;
L_0x7f4842756498 .functor BUFT 1, C4<0>, C4<0>, C4<0>, C4<0>;
L_0x7f48427564e0 .functor BUFT 1, C4<0>, C4<0>, C4<0>, C4<0>;
L_0x557cf47cbde0 .functor AND 1, L_0x7f4842756498, L_0x7f48427564e0, C4<1>, C4<1>;
L_0x557cf47cbeb0 .functor BUFZ 1, L_0x557cf47cbde0, C4<0>, C4<0>, C4<0>;
L_0x557cf47cc0c0 .functor BUFZ 1, L_0x557cf47cbb60, C4<0>, C4<0>, C4<0>;
v0x557cf47ab830_0 .net "A0", 0 0, L_0x7f4842756498;  1 drivers
v0x557cf47ab910_0 .net "A1", 0 0, o0x7f48427a06f8;  alias, 0 drivers
v0x557cf47ab9d0_0 .net "B0", 0 0, L_0x7f48427564e0;  1 drivers
v0x557cf47aba70_0 .net "B1", 0 0, o0x7f48427a06f8;  alias, 0 drivers
v0x557cf47abb10_0 .net *"_ivl_12", 0 0, L_0x557cf47cc0c0;  1 drivers
v0x557cf47abc20_0 .net *"_ivl_7", 0 0, L_0x557cf47cbeb0;  1 drivers
L_0x7f4842756378 .functor BUFT 1, C4<1>, C4<0>, C4<0>, C4<0>;
v0x557cf47abd00_0 .net "d0", 0 0, L_0x7f4842756378;  1 drivers
L_0x7f48427563c0 .functor BUFT 1, C4<0>, C4<0>, C4<0>, C4<0>;
v0x557cf47abdc0_0 .net "d1", 0 0, L_0x7f48427563c0;  1 drivers
L_0x7f4842756408 .functor BUFT 1, C4<1>, C4<0>, C4<0>, C4<0>;
v0x557cf47abe80_0 .net "d2", 0 0, L_0x7f4842756408;  1 drivers
L_0x7f4842756450 .functor BUFT 1, C4<0>, C4<0>, C4<0>, C4<0>;
v0x557cf47abfd0_0 .net "d3", 0 0, L_0x7f4842756450;  1 drivers
v0x557cf47ac090_0 .var "out", 0 0;
v0x557cf47ac150_0 .net "s0", 0 0, L_0x557cf47cbde0;  1 drivers
v0x557cf47ac210_0 .net "s1", 0 0, L_0x557cf47cbb60;  1 drivers
v0x557cf47ac2d0_0 .net "sel", 1 0, L_0x557cf47cbfa0;  1 drivers
E_0x557cf47ab7b0 .event edge, v0x557cf47ac2d0_0;
L_0x557cf47cbfa0 .concat8 [ 1 1 0 0], L_0x557cf47cc0c0, L_0x557cf47cbeb0;
S_0x557cf47acfc0 .scope module, "one12" "one1" 2 10, 3 4 0, S_0x557cf479dea0;
 .timescale 0 0;
    .port_info 0 /INPUT 1 "x1";
    .port_info 1 /INPUT 1 "x2";
    .port_info 2 /INPUT 1 "x3";
    .port_info 3 /INPUT 1 "x4";
    .port_info 4 /OUTPUT 1 "out";
v0x557cf47b4d80_0 .net "out", 0 0, v0x557cf47b09f0_0;  alias, 1 drivers
v0x557cf47b4e20_0 .net "t1", 0 0, v0x557cf47ae030_0;  1 drivers
v0x557cf47b4f70_0 .net "t2", 0 0, v0x557cf47af4f0_0;  1 drivers
v0x557cf47b50a0_0 .net "w2", 0 0, v0x557cf47b1ec0_0;  1 drivers
v0x557cf47b5140_0 .net "w3", 0 0, v0x557cf47b3350_0;  1 drivers
v0x557cf47b5270_0 .net "w4", 0 0, v0x557cf47b47a0_0;  1 drivers
v0x557cf47b5310_0 .net "x1", 0 0, o0x7f484279fe58;  alias, 0 drivers
v0x557cf47b53b0_0 .net "x2", 0 0, o0x7f484279f018;  alias, 0 drivers
v0x557cf47b5450_0 .net "x3", 0 0, o0x7f48427a02a8;  alias, 0 drivers
v0x557cf47b5580_0 .net "x4", 0 0, o0x7f48427a06f8;  alias, 0 drivers
S_0x557cf47ad170 .scope module, "and1" "fpga_and" 3 12, 4 3 0, S_0x557cf47acfc0;
 .timescale 0 0;
    .port_info 0 /INPUT 1 "A0";
    .port_info 1 /INPUT 1 "B0";
    .port_info 2 /OUTPUT 1 "out";
v0x557cf47ae470_0 .net "A0", 0 0, o0x7f484279fe58;  alias, 0 drivers
v0x557cf47ae530_0 .net "B0", 0 0, v0x557cf47b1ec0_0;  alias, 1 drivers
v0x557cf47ae5f0_0 .net "out", 0 0, v0x557cf47ae030_0;  alias, 1 drivers
S_0x557cf47ad3c0 .scope module, "c2_instance" "c2" 4 5, 5 1 0, S_0x557cf47ad170;
 .timescale 0 0;
    .port_info 0 /INPUT 1 "d0";
    .port_info 1 /INPUT 1 "d1";
    .port_info 2 /INPUT 1 "d2";
    .port_info 3 /INPUT 1 "d3";
    .port_info 4 /INPUT 1 "A0";
    .port_info 5 /INPUT 1 "A1";
    .port_info 6 /INPUT 1 "B0";
    .port_info 7 /INPUT 1 "B1";
    .port_info 8 /OUTPUT 1 "out";
L_0x7f4842757068 .functor BUFT 1, C4<1>, C4<0>, C4<0>, C4<0>;
L_0x7f48427570b0 .functor BUFT 1, C4<0>, C4<0>, C4<0>, C4<0>;
L_0x557cf47ce730 .functor OR 1, L_0x7f4842757068, L_0x7f48427570b0, C4<0>, C4<0>;
L_0x557cf47ce7d0 .functor AND 1, o0x7f484279fe58, v0x557cf47b1ec0_0, C4<1>, C4<1>;
L_0x557cf47ce870 .functor BUFZ 1, L_0x557cf47ce7d0, C4<0>, C4<0>, C4<0>;
L_0x557cf47cea80 .functor BUFZ 1, L_0x557cf47ce730, C4<0>, C4<0>, C4<0>;
v0x557cf47ad770_0 .net "A0", 0 0, o0x7f484279fe58;  alias, 0 drivers
v0x557cf47ad8c0_0 .net "A1", 0 0, L_0x7f4842757068;  1 drivers
v0x557cf47ad980_0 .net "B0", 0 0, v0x557cf47b1ec0_0;  alias, 1 drivers
v0x557cf47ada20_0 .net "B1", 0 0, L_0x7f48427570b0;  1 drivers
v0x557cf47adae0_0 .net *"_ivl_12", 0 0, L_0x557cf47cea80;  1 drivers
v0x557cf47adbc0_0 .net *"_ivl_7", 0 0, L_0x557cf47ce870;  1 drivers
L_0x7f4842756f48 .functor BUFT 1, C4<0>, C4<0>, C4<0>, C4<0>;
v0x557cf47adca0_0 .net "d0", 0 0, L_0x7f4842756f48;  1 drivers
L_0x7f4842756f90 .functor BUFT 1, C4<0>, C4<0>, C4<0>, C4<0>;
v0x557cf47add60_0 .net "d1", 0 0, L_0x7f4842756f90;  1 drivers
L_0x7f4842756fd8 .functor BUFT 1, C4<1>, C4<0>, C4<0>, C4<0>;
v0x557cf47ade20_0 .net "d2", 0 0, L_0x7f4842756fd8;  1 drivers
L_0x7f4842757020 .functor BUFT 1, C4<1>, C4<0>, C4<0>, C4<0>;
v0x557cf47adf70_0 .net "d3", 0 0, L_0x7f4842757020;  1 drivers
v0x557cf47ae030_0 .var "out", 0 0;
v0x557cf47ae0f0_0 .net "s0", 0 0, L_0x557cf47ce7d0;  1 drivers
v0x557cf47ae1b0_0 .net "s1", 0 0, L_0x557cf47ce730;  1 drivers
v0x557cf47ae270_0 .net "sel", 1 0, L_0x557cf47ce960;  1 drivers
E_0x557cf47ad6f0 .event edge, v0x557cf47ae270_0;
L_0x557cf47ce960 .concat8 [ 1 1 0 0], L_0x557cf47cea80, L_0x557cf47ce870;
S_0x557cf47ae690 .scope module, "and2" "fpga_and" 3 13, 4 3 0, S_0x557cf47acfc0;
 .timescale 0 0;
    .port_info 0 /INPUT 1 "A0";
    .port_info 1 /INPUT 1 "B0";
    .port_info 2 /OUTPUT 1 "out";
v0x557cf47af930_0 .net "A0", 0 0, v0x557cf47b1ec0_0;  alias, 1 drivers
v0x557cf47af9f0_0 .net "B0", 0 0, v0x557cf47b3350_0;  alias, 1 drivers
v0x557cf47afab0_0 .net "out", 0 0, v0x557cf47af4f0_0;  alias, 1 drivers
S_0x557cf47ae870 .scope module, "c2_instance" "c2" 4 5, 5 1 0, S_0x557cf47ae690;
 .timescale 0 0;
    .port_info 0 /INPUT 1 "d0";
    .port_info 1 /INPUT 1 "d1";
    .port_info 2 /INPUT 1 "d2";
    .port_info 3 /INPUT 1 "d3";
    .port_info 4 /INPUT 1 "A0";
    .port_info 5 /INPUT 1 "A1";
    .port_info 6 /INPUT 1 "B0";
    .port_info 7 /INPUT 1 "B1";
    .port_info 8 /OUTPUT 1 "out";
L_0x7f4842757218 .functor BUFT 1, C4<1>, C4<0>, C4<0>, C4<0>;
L_0x7f4842757260 .functor BUFT 1, C4<0>, C4<0>, C4<0>, C4<0>;
L_0x557cf47cec90 .functor OR 1, L_0x7f4842757218, L_0x7f4842757260, C4<0>, C4<0>;
L_0x557cf47ced30 .functor AND 1, v0x557cf47b1ec0_0, v0x557cf47b3350_0, C4<1>, C4<1>;
L_0x557cf47cedd0 .functor BUFZ 1, L_0x557cf47ced30, C4<0>, C4<0>, C4<0>;
L_0x557cf47cefe0 .functor BUFZ 1, L_0x557cf47cec90, C4<0>, C4<0>, C4<0>;
v0x557cf47aec20_0 .net "A0", 0 0, v0x557cf47b1ec0_0;  alias, 1 drivers
v0x557cf47aed30_0 .net "A1", 0 0, L_0x7f4842757218;  1 drivers
v0x557cf47aedf0_0 .net "B0", 0 0, v0x557cf47b3350_0;  alias, 1 drivers
v0x557cf47aee90_0 .net "B1", 0 0, L_0x7f4842757260;  1 drivers
v0x557cf47aef50_0 .net *"_ivl_12", 0 0, L_0x557cf47cefe0;  1 drivers
v0x557cf47af080_0 .net *"_ivl_7", 0 0, L_0x557cf47cedd0;  1 drivers
L_0x7f48427570f8 .functor BUFT 1, C4<0>, C4<0>, C4<0>, C4<0>;
v0x557cf47af160_0 .net "d0", 0 0, L_0x7f48427570f8;  1 drivers
L_0x7f4842757140 .functor BUFT 1, C4<0>, C4<0>, C4<0>, C4<0>;
v0x557cf47af220_0 .net "d1", 0 0, L_0x7f4842757140;  1 drivers
L_0x7f4842757188 .functor BUFT 1, C4<1>, C4<0>, C4<0>, C4<0>;
v0x557cf47af2e0_0 .net "d2", 0 0, L_0x7f4842757188;  1 drivers
L_0x7f48427571d0 .functor BUFT 1, C4<1>, C4<0>, C4<0>, C4<0>;
v0x557cf47af430_0 .net "d3", 0 0, L_0x7f48427571d0;  1 drivers
v0x557cf47af4f0_0 .var "out", 0 0;
v0x557cf47af5b0_0 .net "s0", 0 0, L_0x557cf47ced30;  1 drivers
v0x557cf47af670_0 .net "s1", 0 0, L_0x557cf47cec90;  1 drivers
v0x557cf47af730_0 .net "sel", 1 0, L_0x557cf47ceec0;  1 drivers
E_0x557cf47aeba0 .event edge, v0x557cf47af730_0;
L_0x557cf47ceec0 .concat8 [ 1 1 0 0], L_0x557cf47cefe0, L_0x557cf47cedd0;
S_0x557cf47afb50 .scope module, "and3" "fpga_and" 3 15, 4 3 0, S_0x557cf47acfc0;
 .timescale 0 0;
    .port_info 0 /INPUT 1 "A0";
    .port_info 1 /INPUT 1 "B0";
    .port_info 2 /OUTPUT 1 "out";
v0x557cf47b0e30_0 .net "A0", 0 0, v0x557cf47ae030_0;  alias, 1 drivers
v0x557cf47b0ef0_0 .net "B0", 0 0, v0x557cf47af4f0_0;  alias, 1 drivers
v0x557cf47b0fb0_0 .net "out", 0 0, v0x557cf47b09f0_0;  alias, 1 drivers
S_0x557cf47afd60 .scope module, "c2_instance" "c2" 4 5, 5 1 0, S_0x557cf47afb50;
 .timescale 0 0;
    .port_info 0 /INPUT 1 "d0";
    .port_info 1 /INPUT 1 "d1";
    .port_info 2 /INPUT 1 "d2";
    .port_info 3 /INPUT 1 "d3";
    .port_info 4 /INPUT 1 "A0";
    .port_info 5 /INPUT 1 "A1";
    .port_info 6 /INPUT 1 "B0";
    .port_info 7 /INPUT 1 "B1";
    .port_info 8 /OUTPUT 1 "out";
L_0x7f48427573c8 .functor BUFT 1, C4<1>, C4<0>, C4<0>, C4<0>;
L_0x7f4842757410 .functor BUFT 1, C4<0>, C4<0>, C4<0>, C4<0>;
L_0x557cf47cf600 .functor OR 1, L_0x7f48427573c8, L_0x7f4842757410, C4<0>, C4<0>;
L_0x557cf47cf6a0 .functor AND 1, v0x557cf47ae030_0, v0x557cf47af4f0_0, C4<1>, C4<1>;
L_0x557cf47cf740 .functor BUFZ 1, L_0x557cf47cf6a0, C4<0>, C4<0>, C4<0>;
L_0x557cf47cf950 .functor BUFZ 1, L_0x557cf47cf600, C4<0>, C4<0>, C4<0>;
v0x557cf47b00f0_0 .net "A0", 0 0, v0x557cf47ae030_0;  alias, 1 drivers
v0x557cf47b0200_0 .net "A1", 0 0, L_0x7f48427573c8;  1 drivers
v0x557cf47b02c0_0 .net "B0", 0 0, v0x557cf47af4f0_0;  alias, 1 drivers
v0x557cf47b03b0_0 .net "B1", 0 0, L_0x7f4842757410;  1 drivers
v0x557cf47b0450_0 .net *"_ivl_12", 0 0, L_0x557cf47cf950;  1 drivers
v0x557cf47b0580_0 .net *"_ivl_7", 0 0, L_0x557cf47cf740;  1 drivers
L_0x7f48427572a8 .functor BUFT 1, C4<0>, C4<0>, C4<0>, C4<0>;
v0x557cf47b0660_0 .net "d0", 0 0, L_0x7f48427572a8;  1 drivers
L_0x7f48427572f0 .functor BUFT 1, C4<0>, C4<0>, C4<0>, C4<0>;
v0x557cf47b0720_0 .net "d1", 0 0, L_0x7f48427572f0;  1 drivers
L_0x7f4842757338 .functor BUFT 1, C4<1>, C4<0>, C4<0>, C4<0>;
v0x557cf47b07e0_0 .net "d2", 0 0, L_0x7f4842757338;  1 drivers
L_0x7f4842757380 .functor BUFT 1, C4<1>, C4<0>, C4<0>, C4<0>;
v0x557cf47b0930_0 .net "d3", 0 0, L_0x7f4842757380;  1 drivers
v0x557cf47b09f0_0 .var "out", 0 0;
v0x557cf47b0ab0_0 .net "s0", 0 0, L_0x557cf47cf6a0;  1 drivers
v0x557cf47b0b70_0 .net "s1", 0 0, L_0x557cf47cf600;  1 drivers
v0x557cf47b0c30_0 .net "sel", 1 0, L_0x557cf47cf830;  1 drivers
E_0x557cf47b0070 .event edge, v0x557cf47b0c30_0;
L_0x557cf47cf830 .concat8 [ 1 1 0 0], L_0x557cf47cf950, L_0x557cf47cf740;
S_0x557cf47b1070 .scope module, "not2" "fpga_not" 3 8, 6 3 0, S_0x557cf47acfc0;
 .timescale 0 0;
    .port_info 0 /INPUT 1 "A1";
    .port_info 1 /OUTPUT 1 "out";
v0x557cf47b2370_0 .net "A1", 0 0, o0x7f484279f018;  alias, 0 drivers
v0x557cf47b2430_0 .net "out", 0 0, v0x557cf47b1ec0_0;  alias, 1 drivers
S_0x557cf47b1240 .scope module, "c2_instance" "c2" 6 5, 5 1 0, S_0x557cf47b1070;
 .timescale 0 0;
    .port_info 0 /INPUT 1 "d0";
    .port_info 1 /INPUT 1 "d1";
    .port_info 2 /INPUT 1 "d2";
    .port_info 3 /INPUT 1 "d3";
    .port_info 4 /INPUT 1 "A0";
    .port_info 5 /INPUT 1 "A1";
    .port_info 6 /INPUT 1 "B0";
    .port_info 7 /INPUT 1 "B1";
    .port_info 8 /OUTPUT 1 "out";
L_0x557cf47cd710 .functor OR 1, o0x7f484279f018, o0x7f484279f018, C4<0>, C4<0>;
L_0x7f4842756b58 .functor BUFT 1, C4<0>, C4<0>, C4<0>, C4<0>;
L_0x7f4842756ba0 .functor BUFT 1, C4<0>, C4<0>, C4<0>, C4<0>;
L_0x557cf47cd780 .functor AND 1, L_0x7f4842756b58, L_0x7f4842756ba0, C4<1>, C4<1>;
L_0x557cf47cd850 .functor BUFZ 1, L_0x557cf47cd780, C4<0>, C4<0>, C4<0>;
L_0x557cf47cda60 .functor BUFZ 1, L_0x557cf47cd710, C4<0>, C4<0>, C4<0>;
v0x557cf47b15f0_0 .net "A0", 0 0, L_0x7f4842756b58;  1 drivers
v0x557cf47b16d0_0 .net "A1", 0 0, o0x7f484279f018;  alias, 0 drivers
v0x557cf47b1790_0 .net "B0", 0 0, L_0x7f4842756ba0;  1 drivers
v0x557cf47b1860_0 .net "B1", 0 0, o0x7f484279f018;  alias, 0 drivers
v0x557cf47b1990_0 .net *"_ivl_12", 0 0, L_0x557cf47cda60;  1 drivers
v0x557cf47b1a50_0 .net *"_ivl_7", 0 0, L_0x557cf47cd850;  1 drivers
L_0x7f4842756a38 .functor BUFT 1, C4<1>, C4<0>, C4<0>, C4<0>;
v0x557cf47b1b30_0 .net "d0", 0 0, L_0x7f4842756a38;  1 drivers
L_0x7f4842756a80 .functor BUFT 1, C4<0>, C4<0>, C4<0>, C4<0>;
v0x557cf47b1bf0_0 .net "d1", 0 0, L_0x7f4842756a80;  1 drivers
L_0x7f4842756ac8 .functor BUFT 1, C4<1>, C4<0>, C4<0>, C4<0>;
v0x557cf47b1cb0_0 .net "d2", 0 0, L_0x7f4842756ac8;  1 drivers
L_0x7f4842756b10 .functor BUFT 1, C4<0>, C4<0>, C4<0>, C4<0>;
v0x557cf47b1e00_0 .net "d3", 0 0, L_0x7f4842756b10;  1 drivers
v0x557cf47b1ec0_0 .var "out", 0 0;
v0x557cf47b1ff0_0 .net "s0", 0 0, L_0x557cf47cd780;  1 drivers
v0x557cf47b20b0_0 .net "s1", 0 0, L_0x557cf47cd710;  1 drivers
v0x557cf47b2170_0 .net "sel", 1 0, L_0x557cf47cd940;  1 drivers
E_0x557cf47b1570 .event edge, v0x557cf47b2170_0;
L_0x557cf47cd940 .concat8 [ 1 1 0 0], L_0x557cf47cda60, L_0x557cf47cd850;
S_0x557cf47b2530 .scope module, "not3" "fpga_not" 3 9, 6 3 0, S_0x557cf47acfc0;
 .timescale 0 0;
    .port_info 0 /INPUT 1 "A1";
    .port_info 1 /OUTPUT 1 "out";
v0x557cf47b37c0_0 .net "A1", 0 0, o0x7f48427a02a8;  alias, 0 drivers
v0x557cf47b3880_0 .net "out", 0 0, v0x557cf47b3350_0;  alias, 1 drivers
S_0x557cf47b2700 .scope module, "c2_instance" "c2" 6 5, 5 1 0, S_0x557cf47b2530;
 .timescale 0 0;
    .port_info 0 /INPUT 1 "d0";
    .port_info 1 /INPUT 1 "d1";
    .port_info 2 /INPUT 1 "d2";
    .port_info 3 /INPUT 1 "d3";
    .port_info 4 /INPUT 1 "A0";
    .port_info 5 /INPUT 1 "A1";
    .port_info 6 /INPUT 1 "B0";
    .port_info 7 /INPUT 1 "B1";
    .port_info 8 /OUTPUT 1 "out";
L_0x557cf47cdc70 .functor OR 1, o0x7f48427a02a8, o0x7f48427a02a8, C4<0>, C4<0>;
L_0x7f4842756d08 .functor BUFT 1, C4<0>, C4<0>, C4<0>, C4<0>;
L_0x7f4842756d50 .functor BUFT 1, C4<0>, C4<0>, C4<0>, C4<0>;
L_0x557cf47cdce0 .functor AND 1, L_0x7f4842756d08, L_0x7f4842756d50, C4<1>, C4<1>;
L_0x557cf47cddb0 .functor BUFZ 1, L_0x557cf47cdce0, C4<0>, C4<0>, C4<0>;
L_0x557cf47cdfc0 .functor BUFZ 1, L_0x557cf47cdc70, C4<0>, C4<0>, C4<0>;
v0x557cf47b2ab0_0 .net "A0", 0 0, L_0x7f4842756d08;  1 drivers
v0x557cf47b2b90_0 .net "A1", 0 0, o0x7f48427a02a8;  alias, 0 drivers
v0x557cf47b2ce0_0 .net "B0", 0 0, L_0x7f4842756d50;  1 drivers
v0x557cf47b2d80_0 .net "B1", 0 0, o0x7f48427a02a8;  alias, 0 drivers
v0x557cf47b2e20_0 .net *"_ivl_12", 0 0, L_0x557cf47cdfc0;  1 drivers
v0x557cf47b2ee0_0 .net *"_ivl_7", 0 0, L_0x557cf47cddb0;  1 drivers
L_0x7f4842756be8 .functor BUFT 1, C4<1>, C4<0>, C4<0>, C4<0>;
v0x557cf47b2fc0_0 .net "d0", 0 0, L_0x7f4842756be8;  1 drivers
L_0x7f4842756c30 .functor BUFT 1, C4<0>, C4<0>, C4<0>, C4<0>;
v0x557cf47b3080_0 .net "d1", 0 0, L_0x7f4842756c30;  1 drivers
L_0x7f4842756c78 .functor BUFT 1, C4<1>, C4<0>, C4<0>, C4<0>;
v0x557cf47b3140_0 .net "d2", 0 0, L_0x7f4842756c78;  1 drivers
L_0x7f4842756cc0 .functor BUFT 1, C4<0>, C4<0>, C4<0>, C4<0>;
v0x557cf47b3290_0 .net "d3", 0 0, L_0x7f4842756cc0;  1 drivers
v0x557cf47b3350_0 .var "out", 0 0;
v0x557cf47b33f0_0 .net "s0", 0 0, L_0x557cf47cdce0;  1 drivers
v0x557cf47b34b0_0 .net "s1", 0 0, L_0x557cf47cdc70;  1 drivers
v0x557cf47b3570_0 .net "sel", 1 0, L_0x557cf47cdea0;  1 drivers
E_0x557cf47b2a30 .event edge, v0x557cf47b3570_0;
L_0x557cf47cdea0 .concat8 [ 1 1 0 0], L_0x557cf47cdfc0, L_0x557cf47cddb0;
S_0x557cf47b3980 .scope module, "not4" "fpga_not" 3 10, 6 3 0, S_0x557cf47acfc0;
 .timescale 0 0;
    .port_info 0 /INPUT 1 "A1";
    .port_info 1 /OUTPUT 1 "out";
v0x557cf47b4be0_0 .net "A1", 0 0, o0x7f48427a06f8;  alias, 0 drivers
v0x557cf47b4ca0_0 .net "out", 0 0, v0x557cf47b47a0_0;  alias, 1 drivers
S_0x557cf47b3b50 .scope module, "c2_instance" "c2" 6 5, 5 1 0, S_0x557cf47b3980;
 .timescale 0 0;
    .port_info 0 /INPUT 1 "d0";
    .port_info 1 /INPUT 1 "d1";
    .port_info 2 /INPUT 1 "d2";
    .port_info 3 /INPUT 1 "d3";
    .port_info 4 /INPUT 1 "A0";
    .port_info 5 /INPUT 1 "A1";
    .port_info 6 /INPUT 1 "B0";
    .port_info 7 /INPUT 1 "B1";
    .port_info 8 /OUTPUT 1 "out";
L_0x557cf47ce1d0 .functor OR 1, o0x7f48427a06f8, o0x7f48427a06f8, C4<0>, C4<0>;
L_0x7f4842756eb8 .functor BUFT 1, C4<0>, C4<0>, C4<0>, C4<0>;
L_0x7f4842756f00 .functor BUFT 1, C4<0>, C4<0>, C4<0>, C4<0>;
L_0x557cf47ce240 .functor AND 1, L_0x7f4842756eb8, L_0x7f4842756f00, C4<1>, C4<1>;
L_0x557cf47ce310 .functor BUFZ 1, L_0x557cf47ce240, C4<0>, C4<0>, C4<0>;
L_0x557cf47ce520 .functor BUFZ 1, L_0x557cf47ce1d0, C4<0>, C4<0>, C4<0>;
v0x557cf47b3f00_0 .net "A0", 0 0, L_0x7f4842756eb8;  1 drivers
v0x557cf47b3fe0_0 .net "A1", 0 0, o0x7f48427a06f8;  alias, 0 drivers
v0x557cf47b4130_0 .net "B0", 0 0, L_0x7f4842756f00;  1 drivers
v0x557cf47b41d0_0 .net "B1", 0 0, o0x7f48427a06f8;  alias, 0 drivers
v0x557cf47b4270_0 .net *"_ivl_12", 0 0, L_0x557cf47ce520;  1 drivers
v0x557cf47b4330_0 .net *"_ivl_7", 0 0, L_0x557cf47ce310;  1 drivers
L_0x7f4842756d98 .functor BUFT 1, C4<1>, C4<0>, C4<0>, C4<0>;
v0x557cf47b4410_0 .net "d0", 0 0, L_0x7f4842756d98;  1 drivers
L_0x7f4842756de0 .functor BUFT 1, C4<0>, C4<0>, C4<0>, C4<0>;
v0x557cf47b44d0_0 .net "d1", 0 0, L_0x7f4842756de0;  1 drivers
L_0x7f4842756e28 .functor BUFT 1, C4<1>, C4<0>, C4<0>, C4<0>;
v0x557cf47b4590_0 .net "d2", 0 0, L_0x7f4842756e28;  1 drivers
L_0x7f4842756e70 .functor BUFT 1, C4<0>, C4<0>, C4<0>, C4<0>;
v0x557cf47b46e0_0 .net "d3", 0 0, L_0x7f4842756e70;  1 drivers
v0x557cf47b47a0_0 .var "out", 0 0;
v0x557cf47b4860_0 .net "s0", 0 0, L_0x557cf47ce240;  1 drivers
v0x557cf47b4920_0 .net "s1", 0 0, L_0x557cf47ce1d0;  1 drivers
v0x557cf47b49e0_0 .net "sel", 1 0, L_0x557cf47ce400;  1 drivers
E_0x557cf47b3e80 .event edge, v0x557cf47b49e0_0;
L_0x557cf47ce400 .concat8 [ 1 1 0 0], L_0x557cf47ce520, L_0x557cf47ce310;
S_0x557cf47b5680 .scope module, "one13" "one1" 2 11, 3 4 0, S_0x557cf479dea0;
 .timescale 0 0;
    .port_info 0 /INPUT 1 "x1";
    .port_info 1 /INPUT 1 "x2";
    .port_info 2 /INPUT 1 "x3";
    .port_info 3 /INPUT 1 "x4";
    .port_info 4 /OUTPUT 1 "out";
v0x557cf47bd560_0 .net "out", 0 0, v0x557cf47b9110_0;  alias, 1 drivers
v0x557cf47bd600_0 .net "t1", 0 0, v0x557cf47b66c0_0;  1 drivers
v0x557cf47bd750_0 .net "t2", 0 0, v0x557cf47b7bb0_0;  1 drivers
v0x557cf47bd880_0 .net "w2", 0 0, v0x557cf47ba620_0;  1 drivers
v0x557cf47bd920_0 .net "w3", 0 0, v0x557cf47bbaf0_0;  1 drivers
v0x557cf47bda50_0 .net "w4", 0 0, v0x557cf47bcf80_0;  1 drivers
v0x557cf47bdaf0_0 .net "x1", 0 0, o0x7f48427a02a8;  alias, 0 drivers
v0x557cf47bdb90_0 .net "x2", 0 0, o0x7f484279fe58;  alias, 0 drivers
v0x557cf47bdc30_0 .net "x3", 0 0, o0x7f484279f018;  alias, 0 drivers
v0x557cf47bdd60_0 .net "x4", 0 0, o0x7f48427a06f8;  alias, 0 drivers
S_0x557cf47b5810 .scope module, "and1" "fpga_and" 3 12, 4 3 0, S_0x557cf47b5680;
 .timescale 0 0;
    .port_info 0 /INPUT 1 "A0";
    .port_info 1 /INPUT 1 "B0";
    .port_info 2 /OUTPUT 1 "out";
v0x557cf47b6b00_0 .net "A0", 0 0, o0x7f48427a02a8;  alias, 0 drivers
v0x557cf47b6bc0_0 .net "B0", 0 0, v0x557cf47ba620_0;  alias, 1 drivers
v0x557cf47b6c80_0 .net "out", 0 0, v0x557cf47b66c0_0;  alias, 1 drivers
S_0x557cf47b5a10 .scope module, "c2_instance" "c2" 4 5, 5 1 0, S_0x557cf47b5810;
 .timescale 0 0;
    .port_info 0 /INPUT 1 "d0";
    .port_info 1 /INPUT 1 "d1";
    .port_info 2 /INPUT 1 "d2";
    .port_info 3 /INPUT 1 "d3";
    .port_info 4 /INPUT 1 "A0";
    .port_info 5 /INPUT 1 "A1";
    .port_info 6 /INPUT 1 "B0";
    .port_info 7 /INPUT 1 "B1";
    .port_info 8 /OUTPUT 1 "out";
L_0x7f4842757a88 .functor BUFT 1, C4<1>, C4<0>, C4<0>, C4<0>;
L_0x7f4842757ad0 .functor BUFT 1, C4<0>, C4<0>, C4<0>, C4<0>;
L_0x557cf47d0b80 .functor OR 1, L_0x7f4842757a88, L_0x7f4842757ad0, C4<0>, C4<0>;
L_0x557cf47d0c20 .functor AND 1, o0x7f48427a02a8, v0x557cf47ba620_0, C4<1>, C4<1>;
L_0x557cf47d0cc0 .functor BUFZ 1, L_0x557cf47d0c20, C4<0>, C4<0>, C4<0>;
L_0x557cf47d0ed0 .functor BUFZ 1, L_0x557cf47d0b80, C4<0>, C4<0>, C4<0>;
v0x557cf47b5dc0_0 .net "A0", 0 0, o0x7f48427a02a8;  alias, 0 drivers
v0x557cf47b5f90_0 .net "A1", 0 0, L_0x7f4842757a88;  1 drivers
v0x557cf47b6050_0 .net "B0", 0 0, v0x557cf47ba620_0;  alias, 1 drivers
v0x557cf47b60f0_0 .net "B1", 0 0, L_0x7f4842757ad0;  1 drivers
v0x557cf47b61b0_0 .net *"_ivl_12", 0 0, L_0x557cf47d0ed0;  1 drivers
v0x557cf47b62e0_0 .net *"_ivl_7", 0 0, L_0x557cf47d0cc0;  1 drivers
L_0x7f4842757968 .functor BUFT 1, C4<0>, C4<0>, C4<0>, C4<0>;
v0x557cf47b63c0_0 .net "d0", 0 0, L_0x7f4842757968;  1 drivers
L_0x7f48427579b0 .functor BUFT 1, C4<0>, C4<0>, C4<0>, C4<0>;
v0x557cf47b6480_0 .net "d1", 0 0, L_0x7f48427579b0;  1 drivers
L_0x7f48427579f8 .functor BUFT 1, C4<1>, C4<0>, C4<0>, C4<0>;
v0x557cf47b6540_0 .net "d2", 0 0, L_0x7f48427579f8;  1 drivers
L_0x7f4842757a40 .functor BUFT 1, C4<1>, C4<0>, C4<0>, C4<0>;
v0x557cf47b6600_0 .net "d3", 0 0, L_0x7f4842757a40;  1 drivers
v0x557cf47b66c0_0 .var "out", 0 0;
v0x557cf47b6780_0 .net "s0", 0 0, L_0x557cf47d0c20;  1 drivers
v0x557cf47b6840_0 .net "s1", 0 0, L_0x557cf47d0b80;  1 drivers
v0x557cf47b6900_0 .net "sel", 1 0, L_0x557cf47d0db0;  1 drivers
E_0x557cf47b5d40 .event edge, v0x557cf47b6900_0;
L_0x557cf47d0db0 .concat8 [ 1 1 0 0], L_0x557cf47d0ed0, L_0x557cf47d0cc0;
S_0x557cf47b6d50 .scope module, "and2" "fpga_and" 3 13, 4 3 0, S_0x557cf47b5680;
 .timescale 0 0;
    .port_info 0 /INPUT 1 "A0";
    .port_info 1 /INPUT 1 "B0";
    .port_info 2 /OUTPUT 1 "out";
v0x557cf47b7ff0_0 .net "A0", 0 0, v0x557cf47ba620_0;  alias, 1 drivers
v0x557cf47b80b0_0 .net "B0", 0 0, v0x557cf47bbaf0_0;  alias, 1 drivers
v0x557cf47b8170_0 .net "out", 0 0, v0x557cf47b7bb0_0;  alias, 1 drivers
S_0x557cf47b6f30 .scope module, "c2_instance" "c2" 4 5, 5 1 0, S_0x557cf47b6d50;
 .timescale 0 0;
    .port_info 0 /INPUT 1 "d0";
    .port_info 1 /INPUT 1 "d1";
    .port_info 2 /INPUT 1 "d2";
    .port_info 3 /INPUT 1 "d3";
    .port_info 4 /INPUT 1 "A0";
    .port_info 5 /INPUT 1 "A1";
    .port_info 6 /INPUT 1 "B0";
    .port_info 7 /INPUT 1 "B1";
    .port_info 8 /OUTPUT 1 "out";
L_0x7f4842757c38 .functor BUFT 1, C4<1>, C4<0>, C4<0>, C4<0>;
L_0x7f4842757c80 .functor BUFT 1, C4<0>, C4<0>, C4<0>, C4<0>;
L_0x557cf47d10e0 .functor OR 1, L_0x7f4842757c38, L_0x7f4842757c80, C4<0>, C4<0>;
L_0x557cf47d1180 .functor AND 1, v0x557cf47ba620_0, v0x557cf47bbaf0_0, C4<1>, C4<1>;
L_0x557cf47d1220 .functor BUFZ 1, L_0x557cf47d1180, C4<0>, C4<0>, C4<0>;
L_0x557cf47d1430 .functor BUFZ 1, L_0x557cf47d10e0, C4<0>, C4<0>, C4<0>;
v0x557cf47b72e0_0 .net "A0", 0 0, v0x557cf47ba620_0;  alias, 1 drivers
v0x557cf47b73f0_0 .net "A1", 0 0, L_0x7f4842757c38;  1 drivers
v0x557cf47b74b0_0 .net "B0", 0 0, v0x557cf47bbaf0_0;  alias, 1 drivers
v0x557cf47b7550_0 .net "B1", 0 0, L_0x7f4842757c80;  1 drivers
v0x557cf47b7610_0 .net *"_ivl_12", 0 0, L_0x557cf47d1430;  1 drivers
v0x557cf47b7740_0 .net *"_ivl_7", 0 0, L_0x557cf47d1220;  1 drivers
L_0x7f4842757b18 .functor BUFT 1, C4<0>, C4<0>, C4<0>, C4<0>;
v0x557cf47b7820_0 .net "d0", 0 0, L_0x7f4842757b18;  1 drivers
L_0x7f4842757b60 .functor BUFT 1, C4<0>, C4<0>, C4<0>, C4<0>;
v0x557cf47b78e0_0 .net "d1", 0 0, L_0x7f4842757b60;  1 drivers
L_0x7f4842757ba8 .functor BUFT 1, C4<1>, C4<0>, C4<0>, C4<0>;
v0x557cf47b79a0_0 .net "d2", 0 0, L_0x7f4842757ba8;  1 drivers
L_0x7f4842757bf0 .functor BUFT 1, C4<1>, C4<0>, C4<0>, C4<0>;
v0x557cf47b7af0_0 .net "d3", 0 0, L_0x7f4842757bf0;  1 drivers
v0x557cf47b7bb0_0 .var "out", 0 0;
v0x557cf47b7c70_0 .net "s0", 0 0, L_0x557cf47d1180;  1 drivers
v0x557cf47b7d30_0 .net "s1", 0 0, L_0x557cf47d10e0;  1 drivers
v0x557cf47b7df0_0 .net "sel", 1 0, L_0x557cf47d1310;  1 drivers
E_0x557cf47b7260 .event edge, v0x557cf47b7df0_0;
L_0x557cf47d1310 .concat8 [ 1 1 0 0], L_0x557cf47d1430, L_0x557cf47d1220;
S_0x557cf47b8270 .scope module, "and3" "fpga_and" 3 15, 4 3 0, S_0x557cf47b5680;
 .timescale 0 0;
    .port_info 0 /INPUT 1 "A0";
    .port_info 1 /INPUT 1 "B0";
    .port_info 2 /OUTPUT 1 "out";
v0x557cf47b9550_0 .net "A0", 0 0, v0x557cf47b66c0_0;  alias, 1 drivers
v0x557cf47b9610_0 .net "B0", 0 0, v0x557cf47b7bb0_0;  alias, 1 drivers
v0x557cf47b96d0_0 .net "out", 0 0, v0x557cf47b9110_0;  alias, 1 drivers
S_0x557cf47b8480 .scope module, "c2_instance" "c2" 4 5, 5 1 0, S_0x557cf47b8270;
 .timescale 0 0;
    .port_info 0 /INPUT 1 "d0";
    .port_info 1 /INPUT 1 "d1";
    .port_info 2 /INPUT 1 "d2";
    .port_info 3 /INPUT 1 "d3";
    .port_info 4 /INPUT 1 "A0";
    .port_info 5 /INPUT 1 "A1";
    .port_info 6 /INPUT 1 "B0";
    .port_info 7 /INPUT 1 "B1";
    .port_info 8 /OUTPUT 1 "out";
L_0x7f4842757de8 .functor BUFT 1, C4<1>, C4<0>, C4<0>, C4<0>;
L_0x7f4842757e30 .functor BUFT 1, C4<0>, C4<0>, C4<0>, C4<0>;
L_0x557cf47d1640 .functor OR 1, L_0x7f4842757de8, L_0x7f4842757e30, C4<0>, C4<0>;
L_0x557cf47d16e0 .functor AND 1, v0x557cf47b66c0_0, v0x557cf47b7bb0_0, C4<1>, C4<1>;
L_0x557cf47d1780 .functor BUFZ 1, L_0x557cf47d16e0, C4<0>, C4<0>, C4<0>;
L_0x557cf47d1990 .functor BUFZ 1, L_0x557cf47d1640, C4<0>, C4<0>, C4<0>;
v0x557cf47b8810_0 .net "A0", 0 0, v0x557cf47b66c0_0;  alias, 1 drivers
v0x557cf47b8920_0 .net "A1", 0 0, L_0x7f4842757de8;  1 drivers
v0x557cf47b89e0_0 .net "B0", 0 0, v0x557cf47b7bb0_0;  alias, 1 drivers
v0x557cf47b8ad0_0 .net "B1", 0 0, L_0x7f4842757e30;  1 drivers
v0x557cf47b8b70_0 .net *"_ivl_12", 0 0, L_0x557cf47d1990;  1 drivers
v0x557cf47b8ca0_0 .net *"_ivl_7", 0 0, L_0x557cf47d1780;  1 drivers
L_0x7f4842757cc8 .functor BUFT 1, C4<0>, C4<0>, C4<0>, C4<0>;
v0x557cf47b8d80_0 .net "d0", 0 0, L_0x7f4842757cc8;  1 drivers
L_0x7f4842757d10 .functor BUFT 1, C4<0>, C4<0>, C4<0>, C4<0>;
v0x557cf47b8e40_0 .net "d1", 0 0, L_0x7f4842757d10;  1 drivers
L_0x7f4842757d58 .functor BUFT 1, C4<1>, C4<0>, C4<0>, C4<0>;
v0x557cf47b8f00_0 .net "d2", 0 0, L_0x7f4842757d58;  1 drivers
L_0x7f4842757da0 .functor BUFT 1, C4<1>, C4<0>, C4<0>, C4<0>;
v0x557cf47b9050_0 .net "d3", 0 0, L_0x7f4842757da0;  1 drivers
v0x557cf47b9110_0 .var "out", 0 0;
v0x557cf47b91d0_0 .net "s0", 0 0, L_0x557cf47d16e0;  1 drivers
v0x557cf47b9290_0 .net "s1", 0 0, L_0x557cf47d1640;  1 drivers
v0x557cf47b9350_0 .net "sel", 1 0, L_0x557cf47d1870;  1 drivers
E_0x557cf47b8790 .event edge, v0x557cf47b9350_0;
L_0x557cf47d1870 .concat8 [ 1 1 0 0], L_0x557cf47d1990, L_0x557cf47d1780;
S_0x557cf47b9790 .scope module, "not2" "fpga_not" 3 8, 6 3 0, S_0x557cf47b5680;
 .timescale 0 0;
    .port_info 0 /INPUT 1 "A1";
    .port_info 1 /OUTPUT 1 "out";
v0x557cf47baad0_0 .net "A1", 0 0, o0x7f484279fe58;  alias, 0 drivers
v0x557cf47bab90_0 .net "out", 0 0, v0x557cf47ba620_0;  alias, 1 drivers
S_0x557cf47b9960 .scope module, "c2_instance" "c2" 6 5, 5 1 0, S_0x557cf47b9790;
 .timescale 0 0;
    .port_info 0 /INPUT 1 "d0";
    .port_info 1 /INPUT 1 "d1";
    .port_info 2 /INPUT 1 "d2";
    .port_info 3 /INPUT 1 "d3";
    .port_info 4 /INPUT 1 "A0";
    .port_info 5 /INPUT 1 "A1";
    .port_info 6 /INPUT 1 "B0";
    .port_info 7 /INPUT 1 "B1";
    .port_info 8 /OUTPUT 1 "out";
L_0x557cf47cfb60 .functor OR 1, o0x7f484279fe58, o0x7f484279fe58, C4<0>, C4<0>;
L_0x7f4842757578 .functor BUFT 1, C4<0>, C4<0>, C4<0>, C4<0>;
L_0x7f48427575c0 .functor BUFT 1, C4<0>, C4<0>, C4<0>, C4<0>;
L_0x557cf47cfbd0 .functor AND 1, L_0x7f4842757578, L_0x7f48427575c0, C4<1>, C4<1>;
L_0x557cf47cfca0 .functor BUFZ 1, L_0x557cf47cfbd0, C4<0>, C4<0>, C4<0>;
L_0x557cf47cfeb0 .functor BUFZ 1, L_0x557cf47cfb60, C4<0>, C4<0>, C4<0>;
v0x557cf47b9d10_0 .net "A0", 0 0, L_0x7f4842757578;  1 drivers
v0x557cf47b9df0_0 .net "A1", 0 0, o0x7f484279fe58;  alias, 0 drivers
v0x557cf47b9eb0_0 .net "B0", 0 0, L_0x7f48427575c0;  1 drivers
v0x557cf47b9f80_0 .net "B1", 0 0, o0x7f484279fe58;  alias, 0 drivers
v0x557cf47ba130_0 .net *"_ivl_12", 0 0, L_0x557cf47cfeb0;  1 drivers
v0x557cf47ba240_0 .net *"_ivl_7", 0 0, L_0x557cf47cfca0;  1 drivers
L_0x7f4842757458 .functor BUFT 1, C4<1>, C4<0>, C4<0>, C4<0>;
v0x557cf47ba320_0 .net "d0", 0 0, L_0x7f4842757458;  1 drivers
L_0x7f48427574a0 .functor BUFT 1, C4<0>, C4<0>, C4<0>, C4<0>;
v0x557cf47ba3e0_0 .net "d1", 0 0, L_0x7f48427574a0;  1 drivers
L_0x7f48427574e8 .functor BUFT 1, C4<1>, C4<0>, C4<0>, C4<0>;
v0x557cf47ba4a0_0 .net "d2", 0 0, L_0x7f48427574e8;  1 drivers
L_0x7f4842757530 .functor BUFT 1, C4<0>, C4<0>, C4<0>, C4<0>;
v0x557cf47ba560_0 .net "d3", 0 0, L_0x7f4842757530;  1 drivers
v0x557cf47ba620_0 .var "out", 0 0;
v0x557cf47ba750_0 .net "s0", 0 0, L_0x557cf47cfbd0;  1 drivers
v0x557cf47ba810_0 .net "s1", 0 0, L_0x557cf47cfb60;  1 drivers
v0x557cf47ba8d0_0 .net "sel", 1 0, L_0x557cf47cfd90;  1 drivers
E_0x557cf47b9c90 .event edge, v0x557cf47ba8d0_0;
L_0x557cf47cfd90 .concat8 [ 1 1 0 0], L_0x557cf47cfeb0, L_0x557cf47cfca0;
S_0x557cf47bac90 .scope module, "not3" "fpga_not" 3 9, 6 3 0, S_0x557cf47b5680;
 .timescale 0 0;
    .port_info 0 /INPUT 1 "A1";
    .port_info 1 /OUTPUT 1 "out";
v0x557cf47bbf60_0 .net "A1", 0 0, o0x7f484279f018;  alias, 0 drivers
v0x557cf47bc020_0 .net "out", 0 0, v0x557cf47bbaf0_0;  alias, 1 drivers
S_0x557cf47bae60 .scope module, "c2_instance" "c2" 6 5, 5 1 0, S_0x557cf47bac90;
 .timescale 0 0;
    .port_info 0 /INPUT 1 "d0";
    .port_info 1 /INPUT 1 "d1";
    .port_info 2 /INPUT 1 "d2";
    .port_info 3 /INPUT 1 "d3";
    .port_info 4 /INPUT 1 "A0";
    .port_info 5 /INPUT 1 "A1";
    .port_info 6 /INPUT 1 "B0";
    .port_info 7 /INPUT 1 "B1";
    .port_info 8 /OUTPUT 1 "out";
L_0x557cf47d00c0 .functor OR 1, o0x7f484279f018, o0x7f484279f018, C4<0>, C4<0>;
L_0x7f4842757728 .functor BUFT 1, C4<0>, C4<0>, C4<0>, C4<0>;
L_0x7f4842757770 .functor BUFT 1, C4<0>, C4<0>, C4<0>, C4<0>;
L_0x557cf47d0130 .functor AND 1, L_0x7f4842757728, L_0x7f4842757770, C4<1>, C4<1>;
L_0x557cf47d0200 .functor BUFZ 1, L_0x557cf47d0130, C4<0>, C4<0>, C4<0>;
L_0x557cf47d0410 .functor BUFZ 1, L_0x557cf47d00c0, C4<0>, C4<0>, C4<0>;
v0x557cf47bb210_0 .net "A0", 0 0, L_0x7f4842757728;  1 drivers
v0x557cf47bb2f0_0 .net "A1", 0 0, o0x7f484279f018;  alias, 0 drivers
v0x557cf47bb3b0_0 .net "B0", 0 0, L_0x7f4842757770;  1 drivers
v0x557cf47bb450_0 .net "B1", 0 0, o0x7f484279f018;  alias, 0 drivers
v0x557cf47bb600_0 .net *"_ivl_12", 0 0, L_0x557cf47d0410;  1 drivers
v0x557cf47bb710_0 .net *"_ivl_7", 0 0, L_0x557cf47d0200;  1 drivers
L_0x7f4842757608 .functor BUFT 1, C4<1>, C4<0>, C4<0>, C4<0>;
v0x557cf47bb7f0_0 .net "d0", 0 0, L_0x7f4842757608;  1 drivers
L_0x7f4842757650 .functor BUFT 1, C4<0>, C4<0>, C4<0>, C4<0>;
v0x557cf47bb8b0_0 .net "d1", 0 0, L_0x7f4842757650;  1 drivers
L_0x7f4842757698 .functor BUFT 1, C4<1>, C4<0>, C4<0>, C4<0>;
v0x557cf47bb970_0 .net "d2", 0 0, L_0x7f4842757698;  1 drivers
L_0x7f48427576e0 .functor BUFT 1, C4<0>, C4<0>, C4<0>, C4<0>;
v0x557cf47bba30_0 .net "d3", 0 0, L_0x7f48427576e0;  1 drivers
v0x557cf47bbaf0_0 .var "out", 0 0;
v0x557cf47bbb90_0 .net "s0", 0 0, L_0x557cf47d0130;  1 drivers
v0x557cf47bbc50_0 .net "s1", 0 0, L_0x557cf47d00c0;  1 drivers
v0x557cf47bbd10_0 .net "sel", 1 0, L_0x557cf47d02f0;  1 drivers
E_0x557cf47bb190 .event edge, v0x557cf47bbd10_0;
L_0x557cf47d02f0 .concat8 [ 1 1 0 0], L_0x557cf47d0410, L_0x557cf47d0200;
S_0x557cf47bc120 .scope module, "not4" "fpga_not" 3 10, 6 3 0, S_0x557cf47b5680;
 .timescale 0 0;
    .port_info 0 /INPUT 1 "A1";
    .port_info 1 /OUTPUT 1 "out";
v0x557cf47bd3c0_0 .net "A1", 0 0, o0x7f48427a06f8;  alias, 0 drivers
v0x557cf47bd480_0 .net "out", 0 0, v0x557cf47bcf80_0;  alias, 1 drivers
S_0x557cf47bc2f0 .scope module, "c2_instance" "c2" 6 5, 5 1 0, S_0x557cf47bc120;
 .timescale 0 0;
    .port_info 0 /INPUT 1 "d0";
    .port_info 1 /INPUT 1 "d1";
    .port_info 2 /INPUT 1 "d2";
    .port_info 3 /INPUT 1 "d3";
    .port_info 4 /INPUT 1 "A0";
    .port_info 5 /INPUT 1 "A1";
    .port_info 6 /INPUT 1 "B0";
    .port_info 7 /INPUT 1 "B1";
    .port_info 8 /OUTPUT 1 "out";
L_0x557cf47d0620 .functor OR 1, o0x7f48427a06f8, o0x7f48427a06f8, C4<0>, C4<0>;
L_0x7f48427578d8 .functor BUFT 1, C4<0>, C4<0>, C4<0>, C4<0>;
L_0x7f4842757920 .functor BUFT 1, C4<0>, C4<0>, C4<0>, C4<0>;
L_0x557cf47d0690 .functor AND 1, L_0x7f48427578d8, L_0x7f4842757920, C4<1>, C4<1>;
L_0x557cf47d0760 .functor BUFZ 1, L_0x557cf47d0690, C4<0>, C4<0>, C4<0>;
L_0x557cf47d0970 .functor BUFZ 1, L_0x557cf47d0620, C4<0>, C4<0>, C4<0>;
v0x557cf47bc6a0_0 .net "A0", 0 0, L_0x7f48427578d8;  1 drivers
v0x557cf47bc780_0 .net "A1", 0 0, o0x7f48427a06f8;  alias, 0 drivers
v0x557cf47bc950_0 .net "B0", 0 0, L_0x7f4842757920;  1 drivers
v0x557cf47bc9f0_0 .net "B1", 0 0, o0x7f48427a06f8;  alias, 0 drivers
v0x557cf47bca90_0 .net *"_ivl_12", 0 0, L_0x557cf47d0970;  1 drivers
v0x557cf47bcba0_0 .net *"_ivl_7", 0 0, L_0x557cf47d0760;  1 drivers
L_0x7f48427577b8 .functor BUFT 1, C4<1>, C4<0>, C4<0>, C4<0>;
v0x557cf47bcc80_0 .net "d0", 0 0, L_0x7f48427577b8;  1 drivers
L_0x7f4842757800 .functor BUFT 1, C4<0>, C4<0>, C4<0>, C4<0>;
v0x557cf47bcd40_0 .net "d1", 0 0, L_0x7f4842757800;  1 drivers
L_0x7f4842757848 .functor BUFT 1, C4<1>, C4<0>, C4<0>, C4<0>;
v0x557cf47bce00_0 .net "d2", 0 0, L_0x7f4842757848;  1 drivers
L_0x7f4842757890 .functor BUFT 1, C4<0>, C4<0>, C4<0>, C4<0>;
v0x557cf47bcec0_0 .net "d3", 0 0, L_0x7f4842757890;  1 drivers
v0x557cf47bcf80_0 .var "out", 0 0;
v0x557cf47bd040_0 .net "s0", 0 0, L_0x557cf47d0690;  1 drivers
v0x557cf47bd100_0 .net "s1", 0 0, L_0x557cf47d0620;  1 drivers
v0x557cf47bd1c0_0 .net "sel", 1 0, L_0x557cf47d0850;  1 drivers
E_0x557cf47bc620 .event edge, v0x557cf47bd1c0_0;
L_0x557cf47d0850 .concat8 [ 1 1 0 0], L_0x557cf47d0970, L_0x557cf47d0760;
S_0x557cf47bde60 .scope module, "one14" "one1" 2 12, 3 4 0, S_0x557cf479dea0;
 .timescale 0 0;
    .port_info 0 /INPUT 1 "x1";
    .port_info 1 /INPUT 1 "x2";
    .port_info 2 /INPUT 1 "x3";
    .port_info 3 /INPUT 1 "x4";
    .port_info 4 /OUTPUT 1 "out";
v0x557cf47c5b30_0 .net "out", 0 0, v0x557cf47c1860_0;  alias, 1 drivers
v0x557cf47c5bd0_0 .net "t1", 0 0, v0x557cf47bee40_0;  1 drivers
v0x557cf47c5d20_0 .net "t2", 0 0, v0x557cf47c0300_0;  1 drivers
v0x557cf47c5e50_0 .net "w2", 0 0, v0x557cf47c2cf0_0;  1 drivers
v0x557cf47c5ef0_0 .net "w3", 0 0, v0x557cf47c4140_0;  1 drivers
v0x557cf47c6020_0 .net "w4", 0 0, v0x557cf47c5550_0;  1 drivers
v0x557cf47c60c0_0 .net "x1", 0 0, o0x7f48427a06f8;  alias, 0 drivers
v0x557cf47c6160_0 .net "x2", 0 0, o0x7f484279fe58;  alias, 0 drivers
v0x557cf47c6200_0 .net "x3", 0 0, o0x7f48427a02a8;  alias, 0 drivers
v0x557cf47c6330_0 .net "x4", 0 0, o0x7f484279f018;  alias, 0 drivers
S_0x557cf47bdff0 .scope module, "and1" "fpga_and" 3 12, 4 3 0, S_0x557cf47bde60;
 .timescale 0 0;
    .port_info 0 /INPUT 1 "A0";
    .port_info 1 /INPUT 1 "B0";
    .port_info 2 /OUTPUT 1 "out";
v0x557cf47bf280_0 .net "A0", 0 0, o0x7f48427a06f8;  alias, 0 drivers
v0x557cf47bf340_0 .net "B0", 0 0, v0x557cf47c2cf0_0;  alias, 1 drivers
v0x557cf47bf400_0 .net "out", 0 0, v0x557cf47bee40_0;  alias, 1 drivers
S_0x557cf47be210 .scope module, "c2_instance" "c2" 4 5, 5 1 0, S_0x557cf47bdff0;
 .timescale 0 0;
    .port_info 0 /INPUT 1 "d0";
    .port_info 1 /INPUT 1 "d1";
    .port_info 2 /INPUT 1 "d2";
    .port_info 3 /INPUT 1 "d3";
    .port_info 4 /INPUT 1 "A0";
    .port_info 5 /INPUT 1 "A1";
    .port_info 6 /INPUT 1 "B0";
    .port_info 7 /INPUT 1 "B1";
    .port_info 8 /OUTPUT 1 "out";
L_0x7f48427584a8 .functor BUFT 1, C4<1>, C4<0>, C4<0>, C4<0>;
L_0x7f48427584f0 .functor BUFT 1, C4<0>, C4<0>, C4<0>, C4<0>;
L_0x557cf47d2bc0 .functor OR 1, L_0x7f48427584a8, L_0x7f48427584f0, C4<0>, C4<0>;
L_0x557cf47d2c60 .functor AND 1, o0x7f48427a06f8, v0x557cf47c2cf0_0, C4<1>, C4<1>;
L_0x557cf47d2d00 .functor BUFZ 1, L_0x557cf47d2c60, C4<0>, C4<0>, C4<0>;
L_0x557cf47d2f10 .functor BUFZ 1, L_0x557cf47d2bc0, C4<0>, C4<0>, C4<0>;
v0x557cf47be5c0_0 .net "A0", 0 0, o0x7f48427a06f8;  alias, 0 drivers
v0x557cf47be680_0 .net "A1", 0 0, L_0x7f48427584a8;  1 drivers
v0x557cf47be740_0 .net "B0", 0 0, v0x557cf47c2cf0_0;  alias, 1 drivers
v0x557cf47be7e0_0 .net "B1", 0 0, L_0x7f48427584f0;  1 drivers
v0x557cf47be8a0_0 .net *"_ivl_12", 0 0, L_0x557cf47d2f10;  1 drivers
v0x557cf47be9d0_0 .net *"_ivl_7", 0 0, L_0x557cf47d2d00;  1 drivers
L_0x7f4842758388 .functor BUFT 1, C4<0>, C4<0>, C4<0>, C4<0>;
v0x557cf47beab0_0 .net "d0", 0 0, L_0x7f4842758388;  1 drivers
L_0x7f48427583d0 .functor BUFT 1, C4<0>, C4<0>, C4<0>, C4<0>;
v0x557cf47beb70_0 .net "d1", 0 0, L_0x7f48427583d0;  1 drivers
L_0x7f4842758418 .functor BUFT 1, C4<1>, C4<0>, C4<0>, C4<0>;
v0x557cf47bec30_0 .net "d2", 0 0, L_0x7f4842758418;  1 drivers
L_0x7f4842758460 .functor BUFT 1, C4<1>, C4<0>, C4<0>, C4<0>;
v0x557cf47bed80_0 .net "d3", 0 0, L_0x7f4842758460;  1 drivers
v0x557cf47bee40_0 .var "out", 0 0;
v0x557cf47bef00_0 .net "s0", 0 0, L_0x557cf47d2c60;  1 drivers
v0x557cf47befc0_0 .net "s1", 0 0, L_0x557cf47d2bc0;  1 drivers
v0x557cf47bf080_0 .net "sel", 1 0, L_0x557cf47d2df0;  1 drivers
E_0x557cf47be540 .event edge, v0x557cf47bf080_0;
L_0x557cf47d2df0 .concat8 [ 1 1 0 0], L_0x557cf47d2f10, L_0x557cf47d2d00;
S_0x557cf47bf4a0 .scope module, "and2" "fpga_and" 3 13, 4 3 0, S_0x557cf47bde60;
 .timescale 0 0;
    .port_info 0 /INPUT 1 "A0";
    .port_info 1 /INPUT 1 "B0";
    .port_info 2 /OUTPUT 1 "out";
v0x557cf47c0740_0 .net "A0", 0 0, v0x557cf47c2cf0_0;  alias, 1 drivers
v0x557cf47c0800_0 .net "B0", 0 0, v0x557cf47c4140_0;  alias, 1 drivers
v0x557cf47c08c0_0 .net "out", 0 0, v0x557cf47c0300_0;  alias, 1 drivers
S_0x557cf47bf680 .scope module, "c2_instance" "c2" 4 5, 5 1 0, S_0x557cf47bf4a0;
 .timescale 0 0;
    .port_info 0 /INPUT 1 "d0";
    .port_info 1 /INPUT 1 "d1";
    .port_info 2 /INPUT 1 "d2";
    .port_info 3 /INPUT 1 "d3";
    .port_info 4 /INPUT 1 "A0";
    .port_info 5 /INPUT 1 "A1";
    .port_info 6 /INPUT 1 "B0";
    .port_info 7 /INPUT 1 "B1";
    .port_info 8 /OUTPUT 1 "out";
L_0x7f4842758658 .functor BUFT 1, C4<1>, C4<0>, C4<0>, C4<0>;
L_0x7f48427586a0 .functor BUFT 1, C4<0>, C4<0>, C4<0>, C4<0>;
L_0x557cf47d3930 .functor OR 1, L_0x7f4842758658, L_0x7f48427586a0, C4<0>, C4<0>;
L_0x557cf47d39d0 .functor AND 1, v0x557cf47c2cf0_0, v0x557cf47c4140_0, C4<1>, C4<1>;
L_0x557cf47d3a70 .functor BUFZ 1, L_0x557cf47d39d0, C4<0>, C4<0>, C4<0>;
L_0x557cf47d3c80 .functor BUFZ 1, L_0x557cf47d3930, C4<0>, C4<0>, C4<0>;
v0x557cf47bfa30_0 .net "A0", 0 0, v0x557cf47c2cf0_0;  alias, 1 drivers
v0x557cf47bfb40_0 .net "A1", 0 0, L_0x7f4842758658;  1 drivers
v0x557cf47bfc00_0 .net "B0", 0 0, v0x557cf47c4140_0;  alias, 1 drivers
v0x557cf47bfca0_0 .net "B1", 0 0, L_0x7f48427586a0;  1 drivers
v0x557cf47bfd60_0 .net *"_ivl_12", 0 0, L_0x557cf47d3c80;  1 drivers
v0x557cf47bfe90_0 .net *"_ivl_7", 0 0, L_0x557cf47d3a70;  1 drivers
L_0x7f4842758538 .functor BUFT 1, C4<0>, C4<0>, C4<0>, C4<0>;
v0x557cf47bff70_0 .net "d0", 0 0, L_0x7f4842758538;  1 drivers
L_0x7f4842758580 .functor BUFT 1, C4<0>, C4<0>, C4<0>, C4<0>;
v0x557cf47c0030_0 .net "d1", 0 0, L_0x7f4842758580;  1 drivers
L_0x7f48427585c8 .functor BUFT 1, C4<1>, C4<0>, C4<0>, C4<0>;
v0x557cf47c00f0_0 .net "d2", 0 0, L_0x7f48427585c8;  1 drivers
L_0x7f4842758610 .functor BUFT 1, C4<1>, C4<0>, C4<0>, C4<0>;
v0x557cf47c0240_0 .net "d3", 0 0, L_0x7f4842758610;  1 drivers
v0x557cf47c0300_0 .var "out", 0 0;
v0x557cf47c03c0_0 .net "s0", 0 0, L_0x557cf47d39d0;  1 drivers
v0x557cf47c0480_0 .net "s1", 0 0, L_0x557cf47d3930;  1 drivers
v0x557cf47c0540_0 .net "sel", 1 0, L_0x557cf47d3b60;  1 drivers
E_0x557cf47bf9b0 .event edge, v0x557cf47c0540_0;
L_0x557cf47d3b60 .concat8 [ 1 1 0 0], L_0x557cf47d3c80, L_0x557cf47d3a70;
S_0x557cf47c09c0 .scope module, "and3" "fpga_and" 3 15, 4 3 0, S_0x557cf47bde60;
 .timescale 0 0;
    .port_info 0 /INPUT 1 "A0";
    .port_info 1 /INPUT 1 "B0";
    .port_info 2 /OUTPUT 1 "out";
v0x557cf47c1ca0_0 .net "A0", 0 0, v0x557cf47bee40_0;  alias, 1 drivers
v0x557cf47c1d60_0 .net "B0", 0 0, v0x557cf47c0300_0;  alias, 1 drivers
v0x557cf47c1e20_0 .net "out", 0 0, v0x557cf47c1860_0;  alias, 1 drivers
S_0x557cf47c0bd0 .scope module, "c2_instance" "c2" 4 5, 5 1 0, S_0x557cf47c09c0;
 .timescale 0 0;
    .port_info 0 /INPUT 1 "d0";
    .port_info 1 /INPUT 1 "d1";
    .port_info 2 /INPUT 1 "d2";
    .port_info 3 /INPUT 1 "d3";
    .port_info 4 /INPUT 1 "A0";
    .port_info 5 /INPUT 1 "A1";
    .port_info 6 /INPUT 1 "B0";
    .port_info 7 /INPUT 1 "B1";
    .port_info 8 /OUTPUT 1 "out";
L_0x7f4842758808 .functor BUFT 1, C4<1>, C4<0>, C4<0>, C4<0>;
L_0x7f4842758850 .functor BUFT 1, C4<0>, C4<0>, C4<0>, C4<0>;
L_0x557cf47d3e90 .functor OR 1, L_0x7f4842758808, L_0x7f4842758850, C4<0>, C4<0>;
L_0x557cf47d3f30 .functor AND 1, v0x557cf47bee40_0, v0x557cf47c0300_0, C4<1>, C4<1>;
L_0x557cf47d3fd0 .functor BUFZ 1, L_0x557cf47d3f30, C4<0>, C4<0>, C4<0>;
L_0x557cf47d41e0 .functor BUFZ 1, L_0x557cf47d3e90, C4<0>, C4<0>, C4<0>;
v0x557cf47c0f60_0 .net "A0", 0 0, v0x557cf47bee40_0;  alias, 1 drivers
v0x557cf47c1070_0 .net "A1", 0 0, L_0x7f4842758808;  1 drivers
v0x557cf47c1130_0 .net "B0", 0 0, v0x557cf47c0300_0;  alias, 1 drivers
v0x557cf47c1220_0 .net "B1", 0 0, L_0x7f4842758850;  1 drivers
v0x557cf47c12c0_0 .net *"_ivl_12", 0 0, L_0x557cf47d41e0;  1 drivers
v0x557cf47c13f0_0 .net *"_ivl_7", 0 0, L_0x557cf47d3fd0;  1 drivers
L_0x7f48427586e8 .functor BUFT 1, C4<0>, C4<0>, C4<0>, C4<0>;
v0x557cf47c14d0_0 .net "d0", 0 0, L_0x7f48427586e8;  1 drivers
L_0x7f4842758730 .functor BUFT 1, C4<0>, C4<0>, C4<0>, C4<0>;
v0x557cf47c1590_0 .net "d1", 0 0, L_0x7f4842758730;  1 drivers
L_0x7f4842758778 .functor BUFT 1, C4<1>, C4<0>, C4<0>, C4<0>;
v0x557cf47c1650_0 .net "d2", 0 0, L_0x7f4842758778;  1 drivers
L_0x7f48427587c0 .functor BUFT 1, C4<1>, C4<0>, C4<0>, C4<0>;
v0x557cf47c17a0_0 .net "d3", 0 0, L_0x7f48427587c0;  1 drivers
v0x557cf47c1860_0 .var "out", 0 0;
v0x557cf47c1920_0 .net "s0", 0 0, L_0x557cf47d3f30;  1 drivers
v0x557cf47c19e0_0 .net "s1", 0 0, L_0x557cf47d3e90;  1 drivers
v0x557cf47c1aa0_0 .net "sel", 1 0, L_0x557cf47d40c0;  1 drivers
E_0x557cf47c0ee0 .event edge, v0x557cf47c1aa0_0;
L_0x557cf47d40c0 .concat8 [ 1 1 0 0], L_0x557cf47d41e0, L_0x557cf47d3fd0;
S_0x557cf47c1ee0 .scope module, "not2" "fpga_not" 3 8, 6 3 0, S_0x557cf47bde60;
 .timescale 0 0;
    .port_info 0 /INPUT 1 "A1";
    .port_info 1 /OUTPUT 1 "out";
v0x557cf47c31a0_0 .net "A1", 0 0, o0x7f484279fe58;  alias, 0 drivers
v0x557cf47c3260_0 .net "out", 0 0, v0x557cf47c2cf0_0;  alias, 1 drivers
S_0x557cf47c20b0 .scope module, "c2_instance" "c2" 6 5, 5 1 0, S_0x557cf47c1ee0;
 .timescale 0 0;
    .port_info 0 /INPUT 1 "d0";
    .port_info 1 /INPUT 1 "d1";
    .port_info 2 /INPUT 1 "d2";
    .port_info 3 /INPUT 1 "d3";
    .port_info 4 /INPUT 1 "A0";
    .port_info 5 /INPUT 1 "A1";
    .port_info 6 /INPUT 1 "B0";
    .port_info 7 /INPUT 1 "B1";
    .port_info 8 /OUTPUT 1 "out";
L_0x557cf47d1ba0 .functor OR 1, o0x7f484279fe58, o0x7f484279fe58, C4<0>, C4<0>;
L_0x7f4842757f98 .functor BUFT 1, C4<0>, C4<0>, C4<0>, C4<0>;
L_0x7f4842757fe0 .functor BUFT 1, C4<0>, C4<0>, C4<0>, C4<0>;
L_0x557cf47d1c10 .functor AND 1, L_0x7f4842757f98, L_0x7f4842757fe0, C4<1>, C4<1>;
L_0x557cf47d1ce0 .functor BUFZ 1, L_0x557cf47d1c10, C4<0>, C4<0>, C4<0>;
L_0x557cf47d1ef0 .functor BUFZ 1, L_0x557cf47d1ba0, C4<0>, C4<0>, C4<0>;
v0x557cf47c2460_0 .net "A0", 0 0, L_0x7f4842757f98;  1 drivers
v0x557cf47c2540_0 .net "A1", 0 0, o0x7f484279fe58;  alias, 0 drivers
v0x557cf47c2600_0 .net "B0", 0 0, L_0x7f4842757fe0;  1 drivers
v0x557cf47c26d0_0 .net "B1", 0 0, o0x7f484279fe58;  alias, 0 drivers
v0x557cf47c2770_0 .net *"_ivl_12", 0 0, L_0x557cf47d1ef0;  1 drivers
v0x557cf47c2880_0 .net *"_ivl_7", 0 0, L_0x557cf47d1ce0;  1 drivers
L_0x7f4842757e78 .functor BUFT 1, C4<1>, C4<0>, C4<0>, C4<0>;
v0x557cf47c2960_0 .net "d0", 0 0, L_0x7f4842757e78;  1 drivers
L_0x7f4842757ec0 .functor BUFT 1, C4<0>, C4<0>, C4<0>, C4<0>;
v0x557cf47c2a20_0 .net "d1", 0 0, L_0x7f4842757ec0;  1 drivers
L_0x7f4842757f08 .functor BUFT 1, C4<1>, C4<0>, C4<0>, C4<0>;
v0x557cf47c2ae0_0 .net "d2", 0 0, L_0x7f4842757f08;  1 drivers
L_0x7f4842757f50 .functor BUFT 1, C4<0>, C4<0>, C4<0>, C4<0>;
v0x557cf47c2c30_0 .net "d3", 0 0, L_0x7f4842757f50;  1 drivers
v0x557cf47c2cf0_0 .var "out", 0 0;
v0x557cf47c2e20_0 .net "s0", 0 0, L_0x557cf47d1c10;  1 drivers
v0x557cf47c2ee0_0 .net "s1", 0 0, L_0x557cf47d1ba0;  1 drivers
v0x557cf47c2fa0_0 .net "sel", 1 0, L_0x557cf47d1dd0;  1 drivers
E_0x557cf47c23e0 .event edge, v0x557cf47c2fa0_0;
L_0x557cf47d1dd0 .concat8 [ 1 1 0 0], L_0x557cf47d1ef0, L_0x557cf47d1ce0;
S_0x557cf47c3360 .scope module, "not3" "fpga_not" 3 9, 6 3 0, S_0x557cf47bde60;
 .timescale 0 0;
    .port_info 0 /INPUT 1 "A1";
    .port_info 1 /OUTPUT 1 "out";
v0x557cf47c45b0_0 .net "A1", 0 0, o0x7f48427a02a8;  alias, 0 drivers
v0x557cf47c4670_0 .net "out", 0 0, v0x557cf47c4140_0;  alias, 1 drivers
S_0x557cf47c3530 .scope module, "c2_instance" "c2" 6 5, 5 1 0, S_0x557cf47c3360;
 .timescale 0 0;
    .port_info 0 /INPUT 1 "d0";
    .port_info 1 /INPUT 1 "d1";
    .port_info 2 /INPUT 1 "d2";
    .port_info 3 /INPUT 1 "d3";
    .port_info 4 /INPUT 1 "A0";
    .port_info 5 /INPUT 1 "A1";
    .port_info 6 /INPUT 1 "B0";
    .port_info 7 /INPUT 1 "B1";
    .port_info 8 /OUTPUT 1 "out";
L_0x557cf47d2100 .functor OR 1, o0x7f48427a02a8, o0x7f48427a02a8, C4<0>, C4<0>;
L_0x7f4842758148 .functor BUFT 1, C4<0>, C4<0>, C4<0>, C4<0>;
L_0x7f4842758190 .functor BUFT 1, C4<0>, C4<0>, C4<0>, C4<0>;
L_0x557cf47d2170 .functor AND 1, L_0x7f4842758148, L_0x7f4842758190, C4<1>, C4<1>;
L_0x557cf47d2240 .functor BUFZ 1, L_0x557cf47d2170, C4<0>, C4<0>, C4<0>;
L_0x557cf47d2450 .functor BUFZ 1, L_0x557cf47d2100, C4<0>, C4<0>, C4<0>;
v0x557cf47c38e0_0 .net "A0", 0 0, L_0x7f4842758148;  1 drivers
v0x557cf47c39c0_0 .net "A1", 0 0, o0x7f48427a02a8;  alias, 0 drivers
v0x557cf47c3a80_0 .net "B0", 0 0, L_0x7f4842758190;  1 drivers
v0x557cf47c3b20_0 .net "B1", 0 0, o0x7f48427a02a8;  alias, 0 drivers
v0x557cf47c3bc0_0 .net *"_ivl_12", 0 0, L_0x557cf47d2450;  1 drivers
v0x557cf47c3cd0_0 .net *"_ivl_7", 0 0, L_0x557cf47d2240;  1 drivers
L_0x7f4842758028 .functor BUFT 1, C4<1>, C4<0>, C4<0>, C4<0>;
v0x557cf47c3db0_0 .net "d0", 0 0, L_0x7f4842758028;  1 drivers
L_0x7f4842758070 .functor BUFT 1, C4<0>, C4<0>, C4<0>, C4<0>;
v0x557cf47c3e70_0 .net "d1", 0 0, L_0x7f4842758070;  1 drivers
L_0x7f48427580b8 .functor BUFT 1, C4<1>, C4<0>, C4<0>, C4<0>;
v0x557cf47c3f30_0 .net "d2", 0 0, L_0x7f48427580b8;  1 drivers
L_0x7f4842758100 .functor BUFT 1, C4<0>, C4<0>, C4<0>, C4<0>;
v0x557cf47c4080_0 .net "d3", 0 0, L_0x7f4842758100;  1 drivers
v0x557cf47c4140_0 .var "out", 0 0;
v0x557cf47c41e0_0 .net "s0", 0 0, L_0x557cf47d2170;  1 drivers
v0x557cf47c42a0_0 .net "s1", 0 0, L_0x557cf47d2100;  1 drivers
v0x557cf47c4360_0 .net "sel", 1 0, L_0x557cf47d2330;  1 drivers
E_0x557cf47c3860 .event edge, v0x557cf47c4360_0;
L_0x557cf47d2330 .concat8 [ 1 1 0 0], L_0x557cf47d2450, L_0x557cf47d2240;
S_0x557cf47c4770 .scope module, "not4" "fpga_not" 3 10, 6 3 0, S_0x557cf47bde60;
 .timescale 0 0;
    .port_info 0 /INPUT 1 "A1";
    .port_info 1 /OUTPUT 1 "out";
v0x557cf47c5990_0 .net "A1", 0 0, o0x7f484279f018;  alias, 0 drivers
v0x557cf47c5a50_0 .net "out", 0 0, v0x557cf47c5550_0;  alias, 1 drivers
S_0x557cf47c4940 .scope module, "c2_instance" "c2" 6 5, 5 1 0, S_0x557cf47c4770;
 .timescale 0 0;
    .port_info 0 /INPUT 1 "d0";
    .port_info 1 /INPUT 1 "d1";
    .port_info 2 /INPUT 1 "d2";
    .port_info 3 /INPUT 1 "d3";
    .port_info 4 /INPUT 1 "A0";
    .port_info 5 /INPUT 1 "A1";
    .port_info 6 /INPUT 1 "B0";
    .port_info 7 /INPUT 1 "B1";
    .port_info 8 /OUTPUT 1 "out";
L_0x557cf47d2660 .functor OR 1, o0x7f484279f018, o0x7f484279f018, C4<0>, C4<0>;
L_0x7f48427582f8 .functor BUFT 1, C4<0>, C4<0>, C4<0>, C4<0>;
L_0x7f4842758340 .functor BUFT 1, C4<0>, C4<0>, C4<0>, C4<0>;
L_0x557cf47d26d0 .functor AND 1, L_0x7f48427582f8, L_0x7f4842758340, C4<1>, C4<1>;
L_0x557cf47d27a0 .functor BUFZ 1, L_0x557cf47d26d0, C4<0>, C4<0>, C4<0>;
L_0x557cf47d29b0 .functor BUFZ 1, L_0x557cf47d2660, C4<0>, C4<0>, C4<0>;
v0x557cf47c4cf0_0 .net "A0", 0 0, L_0x7f48427582f8;  1 drivers
v0x557cf47c4dd0_0 .net "A1", 0 0, o0x7f484279f018;  alias, 0 drivers
v0x557cf47c4e90_0 .net "B0", 0 0, L_0x7f4842758340;  1 drivers
v0x557cf47c4f30_0 .net "B1", 0 0, o0x7f484279f018;  alias, 0 drivers
v0x557cf47c4fd0_0 .net *"_ivl_12", 0 0, L_0x557cf47d29b0;  1 drivers
v0x557cf47c50e0_0 .net *"_ivl_7", 0 0, L_0x557cf47d27a0;  1 drivers
L_0x7f48427581d8 .functor BUFT 1, C4<1>, C4<0>, C4<0>, C4<0>;
v0x557cf47c51c0_0 .net "d0", 0 0, L_0x7f48427581d8;  1 drivers
L_0x7f4842758220 .functor BUFT 1, C4<0>, C4<0>, C4<0>, C4<0>;
v0x557cf47c5280_0 .net "d1", 0 0, L_0x7f4842758220;  1 drivers
L_0x7f4842758268 .functor BUFT 1, C4<1>, C4<0>, C4<0>, C4<0>;
v0x557cf47c5340_0 .net "d2", 0 0, L_0x7f4842758268;  1 drivers
L_0x7f48427582b0 .functor BUFT 1, C4<0>, C4<0>, C4<0>, C4<0>;
v0x557cf47c5490_0 .net "d3", 0 0, L_0x7f48427582b0;  1 drivers
v0x557cf47c5550_0 .var "out", 0 0;
v0x557cf47c5610_0 .net "s0", 0 0, L_0x557cf47d26d0;  1 drivers
v0x557cf47c56d0_0 .net "s1", 0 0, L_0x557cf47d2660;  1 drivers
v0x557cf47c5790_0 .net "sel", 1 0, L_0x557cf47d2890;  1 drivers
E_0x557cf47c4c70 .event edge, v0x557cf47c5790_0;
L_0x557cf47d2890 .concat8 [ 1 1 0 0], L_0x557cf47d29b0, L_0x557cf47d27a0;
S_0x557cf47c6430 .scope module, "or0" "fpga_or" 2 14, 7 3 0, S_0x557cf479dea0;
 .timescale 0 0;
    .port_info 0 /INPUT 1 "A1";
    .port_info 1 /INPUT 1 "B1";
    .port_info 2 /OUTPUT 1 "out";
v0x557cf47c7680_0 .net "A1", 0 0, v0x557cf47a8390_0;  alias, 1 drivers
v0x557cf47c77d0_0 .net "B1", 0 0, v0x557cf47b09f0_0;  alias, 1 drivers
v0x557cf47c7920_0 .net "out", 0 0, v0x557cf47c7240_0;  alias, 1 drivers
S_0x557cf47c6630 .scope module, "c2_instance" "c2" 7 5, 5 1 0, S_0x557cf47c6430;
 .timescale 0 0;
    .port_info 0 /INPUT 1 "d0";
    .port_info 1 /INPUT 1 "d1";
    .port_info 2 /INPUT 1 "d2";
    .port_info 3 /INPUT 1 "d3";
    .port_info 4 /INPUT 1 "A0";
    .port_info 5 /INPUT 1 "A1";
    .port_info 6 /INPUT 1 "B0";
    .port_info 7 /INPUT 1 "B1";
    .port_info 8 /OUTPUT 1 "out";
L_0x557cf47d43f0 .functor OR 1, v0x557cf47a8390_0, v0x557cf47b09f0_0, C4<0>, C4<0>;
L_0x7f48427589b8 .functor BUFT 1, C4<0>, C4<0>, C4<0>, C4<0>;
L_0x7f4842758a00 .functor BUFT 1, C4<0>, C4<0>, C4<0>, C4<0>;
L_0x557cf47d4460 .functor AND 1, L_0x7f48427589b8, L_0x7f4842758a00, C4<1>, C4<1>;
L_0x557cf47d4530 .functor BUFZ 1, L_0x557cf47d4460, C4<0>, C4<0>, C4<0>;
L_0x557cf47d4740 .functor BUFZ 1, L_0x557cf47d43f0, C4<0>, C4<0>, C4<0>;
v0x557cf47c69e0_0 .net "A0", 0 0, L_0x7f48427589b8;  1 drivers
v0x557cf47c6ac0_0 .net "A1", 0 0, v0x557cf47a8390_0;  alias, 1 drivers
v0x557cf47c6b80_0 .net "B0", 0 0, L_0x7f4842758a00;  1 drivers
v0x557cf47c6c20_0 .net "B1", 0 0, v0x557cf47b09f0_0;  alias, 1 drivers
v0x557cf47c6cc0_0 .net *"_ivl_12", 0 0, L_0x557cf47d4740;  1 drivers
v0x557cf47c6dd0_0 .net *"_ivl_7", 0 0, L_0x557cf47d4530;  1 drivers
L_0x7f4842758898 .functor BUFT 1, C4<0>, C4<0>, C4<0>, C4<0>;
v0x557cf47c6eb0_0 .net "d0", 0 0, L_0x7f4842758898;  1 drivers
L_0x7f48427588e0 .functor BUFT 1, C4<1>, C4<0>, C4<0>, C4<0>;
v0x557cf47c6f70_0 .net "d1", 0 0, L_0x7f48427588e0;  1 drivers
L_0x7f4842758928 .functor BUFT 1, C4<0>, C4<0>, C4<0>, C4<0>;
v0x557cf47c7030_0 .net "d2", 0 0, L_0x7f4842758928;  1 drivers
L_0x7f4842758970 .functor BUFT 1, C4<1>, C4<0>, C4<0>, C4<0>;
v0x557cf47c7180_0 .net "d3", 0 0, L_0x7f4842758970;  1 drivers
v0x557cf47c7240_0 .var "out", 0 0;
v0x557cf47c7300_0 .net "s0", 0 0, L_0x557cf47d4460;  1 drivers
v0x557cf47c73c0_0 .net "s1", 0 0, L_0x557cf47d43f0;  1 drivers
v0x557cf47c7480_0 .net "sel", 1 0, L_0x557cf47d4620;  1 drivers
E_0x557cf47c6960 .event edge, v0x557cf47c7480_0;
L_0x557cf47d4620 .concat8 [ 1 1 0 0], L_0x557cf47d4740, L_0x557cf47d4530;
S_0x557cf47c79e0 .scope module, "or1" "fpga_or" 2 15, 7 3 0, S_0x557cf479dea0;
 .timescale 0 0;
    .port_info 0 /INPUT 1 "A1";
    .port_info 1 /INPUT 1 "B1";
    .port_info 2 /OUTPUT 1 "out";
v0x557cf47c8b70_0 .net "A1", 0 0, v0x557cf47b9110_0;  alias, 1 drivers
v0x557cf47c8cc0_0 .net "B1", 0 0, v0x557cf47c1860_0;  alias, 1 drivers
v0x557cf47c8e10_0 .net "out", 0 0, v0x557cf47c8730_0;  alias, 1 drivers
S_0x557cf47c7b70 .scope module, "c2_instance" "c2" 7 5, 5 1 0, S_0x557cf47c79e0;
 .timescale 0 0;
    .port_info 0 /INPUT 1 "d0";
    .port_info 1 /INPUT 1 "d1";
    .port_info 2 /INPUT 1 "d2";
    .port_info 3 /INPUT 1 "d3";
    .port_info 4 /INPUT 1 "A0";
    .port_info 5 /INPUT 1 "A1";
    .port_info 6 /INPUT 1 "B0";
    .port_info 7 /INPUT 1 "B1";
    .port_info 8 /OUTPUT 1 "out";
L_0x557cf47d4950 .functor OR 1, v0x557cf47b9110_0, v0x557cf47c1860_0, C4<0>, C4<0>;
L_0x7f4842758b68 .functor BUFT 1, C4<0>, C4<0>, C4<0>, C4<0>;
L_0x7f4842758bb0 .functor BUFT 1, C4<0>, C4<0>, C4<0>, C4<0>;
L_0x557cf47d49c0 .functor AND 1, L_0x7f4842758b68, L_0x7f4842758bb0, C4<1>, C4<1>;
L_0x557cf47d4a90 .functor BUFZ 1, L_0x557cf47d49c0, C4<0>, C4<0>, C4<0>;
L_0x557cf47d4ca0 .functor BUFZ 1, L_0x557cf47d4950, C4<0>, C4<0>, C4<0>;
v0x557cf47c7ed0_0 .net "A0", 0 0, L_0x7f4842758b68;  1 drivers
v0x557cf47c7fb0_0 .net "A1", 0 0, v0x557cf47b9110_0;  alias, 1 drivers
v0x557cf47c8070_0 .net "B0", 0 0, L_0x7f4842758bb0;  1 drivers
v0x557cf47c8110_0 .net "B1", 0 0, v0x557cf47c1860_0;  alias, 1 drivers
v0x557cf47c81b0_0 .net *"_ivl_12", 0 0, L_0x557cf47d4ca0;  1 drivers
v0x557cf47c82c0_0 .net *"_ivl_7", 0 0, L_0x557cf47d4a90;  1 drivers
L_0x7f4842758a48 .functor BUFT 1, C4<0>, C4<0>, C4<0>, C4<0>;
v0x557cf47c83a0_0 .net "d0", 0 0, L_0x7f4842758a48;  1 drivers
L_0x7f4842758a90 .functor BUFT 1, C4<1>, C4<0>, C4<0>, C4<0>;
v0x557cf47c8460_0 .net "d1", 0 0, L_0x7f4842758a90;  1 drivers
L_0x7f4842758ad8 .functor BUFT 1, C4<0>, C4<0>, C4<0>, C4<0>;
v0x557cf47c8520_0 .net "d2", 0 0, L_0x7f4842758ad8;  1 drivers
L_0x7f4842758b20 .functor BUFT 1, C4<1>, C4<0>, C4<0>, C4<0>;
v0x557cf47c8670_0 .net "d3", 0 0, L_0x7f4842758b20;  1 drivers
v0x557cf47c8730_0 .var "out", 0 0;
v0x557cf47c87f0_0 .net "s0", 0 0, L_0x557cf47d49c0;  1 drivers
v0x557cf47c88b0_0 .net "s1", 0 0, L_0x557cf47d4950;  1 drivers
v0x557cf47c8970_0 .net "sel", 1 0, L_0x557cf47d4b80;  1 drivers
E_0x557cf47c7e50 .event edge, v0x557cf47c8970_0;
L_0x557cf47d4b80 .concat8 [ 1 1 0 0], L_0x557cf47d4ca0, L_0x557cf47d4a90;
S_0x557cf47c8ed0 .scope module, "or2" "fpga_or" 2 17, 7 3 0, S_0x557cf479dea0;
 .timescale 0 0;
    .port_info 0 /INPUT 1 "A1";
    .port_info 1 /INPUT 1 "B1";
    .port_info 2 /OUTPUT 1 "out";
v0x557cf47ca100_0 .net "A1", 0 0, v0x557cf47c7240_0;  alias, 1 drivers
v0x557cf47ca1c0_0 .net "B1", 0 0, v0x557cf47c8730_0;  alias, 1 drivers
v0x557cf47ca280_0 .net "out", 0 0, v0x557cf47c9cc0_0;  alias, 1 drivers
S_0x557cf47c9060 .scope module, "c2_instance" "c2" 7 5, 5 1 0, S_0x557cf47c8ed0;
 .timescale 0 0;
    .port_info 0 /INPUT 1 "d0";
    .port_info 1 /INPUT 1 "d1";
    .port_info 2 /INPUT 1 "d2";
    .port_info 3 /INPUT 1 "d3";
    .port_info 4 /INPUT 1 "A0";
    .port_info 5 /INPUT 1 "A1";
    .port_info 6 /INPUT 1 "B0";
    .port_info 7 /INPUT 1 "B1";
    .port_info 8 /OUTPUT 1 "out";
L_0x557cf47d4eb0 .functor OR 1, v0x557cf47c7240_0, v0x557cf47c8730_0, C4<0>, C4<0>;
L_0x7f4842758d18 .functor BUFT 1, C4<0>, C4<0>, C4<0>, C4<0>;
L_0x7f4842758d60 .functor BUFT 1, C4<0>, C4<0>, C4<0>, C4<0>;
L_0x557cf47d4f20 .functor AND 1, L_0x7f4842758d18, L_0x7f4842758d60, C4<1>, C4<1>;
L_0x557cf47d4ff0 .functor BUFZ 1, L_0x557cf47d4f20, C4<0>, C4<0>, C4<0>;
L_0x557cf47d5200 .functor BUFZ 1, L_0x557cf47d4eb0, C4<0>, C4<0>, C4<0>;
v0x557cf47c93c0_0 .net "A0", 0 0, L_0x7f4842758d18;  1 drivers
v0x557cf47c94a0_0 .net "A1", 0 0, v0x557cf47c7240_0;  alias, 1 drivers
v0x557cf47c95b0_0 .net "B0", 0 0, L_0x7f4842758d60;  1 drivers
v0x557cf47c9650_0 .net "B1", 0 0, v0x557cf47c8730_0;  alias, 1 drivers
v0x557cf47c9740_0 .net *"_ivl_12", 0 0, L_0x557cf47d5200;  1 drivers
v0x557cf47c9850_0 .net *"_ivl_7", 0 0, L_0x557cf47d4ff0;  1 drivers
L_0x7f4842758bf8 .functor BUFT 1, C4<0>, C4<0>, C4<0>, C4<0>;
v0x557cf47c9930_0 .net "d0", 0 0, L_0x7f4842758bf8;  1 drivers
L_0x7f4842758c40 .functor BUFT 1, C4<1>, C4<0>, C4<0>, C4<0>;
v0x557cf47c99f0_0 .net "d1", 0 0, L_0x7f4842758c40;  1 drivers
L_0x7f4842758c88 .functor BUFT 1, C4<0>, C4<0>, C4<0>, C4<0>;
v0x557cf47c9ab0_0 .net "d2", 0 0, L_0x7f4842758c88;  1 drivers
L_0x7f4842758cd0 .functor BUFT 1, C4<1>, C4<0>, C4<0>, C4<0>;
v0x557cf47c9c00_0 .net "d3", 0 0, L_0x7f4842758cd0;  1 drivers
v0x557cf47c9cc0_0 .var "out", 0 0;
v0x557cf47c9d80_0 .net "s0", 0 0, L_0x557cf47d4f20;  1 drivers
v0x557cf47c9e40_0 .net "s1", 0 0, L_0x557cf47d4eb0;  1 drivers
v0x557cf47c9f00_0 .net "sel", 1 0, L_0x557cf47d50e0;  1 drivers
E_0x557cf47c9340 .event edge, v0x557cf47c9f00_0;
L_0x557cf47d50e0 .concat8 [ 1 1 0 0], L_0x557cf47d5200, L_0x557cf47d4ff0;
    .scope S_0x557cf47a8ba0;
T_0 ;
    %wait E_0x557cf479e1a0;
    %load/vec4 v0x557cf47a9a80_0;
    %dup/vec4;
    %pushi/vec4 0, 0, 2;
    %cmp/u;
    %jmp/1 T_0.0, 6;
    %dup/vec4;
    %pushi/vec4 1, 0, 2;
    %cmp/u;
    %jmp/1 T_0.1, 6;
    %dup/vec4;
    %pushi/vec4 2, 0, 2;
    %cmp/u;
    %jmp/1 T_0.2, 6;
    %dup/vec4;
    %pushi/vec4 3, 0, 2;
    %cmp/u;
    %jmp/1 T_0.3, 6;
    %jmp T_0.4;
T_0.0 ;
    %load/vec4 v0x557cf47a9440_0;
    %assign/vec4 v0x557cf47a97d0_0, 0;
    %jmp T_0.4;
T_0.1 ;
    %load/vec4 v0x557cf47a9500_0;
    %assign/vec4 v0x557cf47a97d0_0, 0;
    %jmp T_0.4;
T_0.2 ;
    %load/vec4 v0x557cf47a95c0_0;
    %assign/vec4 v0x557cf47a97d0_0, 0;
    %jmp T_0.4;
T_0.3 ;
    %load/vec4 v0x557cf47a9710_0;
    %assign/vec4 v0x557cf47a97d0_0, 0;
    %jmp T_0.4;
T_0.4 ;
    %pop/vec4 1;
    %jmp T_0;
    .thread T_0, $push;
    .scope S_0x557cf47aa020;
T_1 ;
    %wait E_0x557cf47aa350;
    %load/vec4 v0x557cf47aae50_0;
    %dup/vec4;
    %pushi/vec4 0, 0, 2;
    %cmp/u;
    %jmp/1 T_1.0, 6;
    %dup/vec4;
    %pushi/vec4 1, 0, 2;
    %cmp/u;
    %jmp/1 T_1.1, 6;
    %dup/vec4;
    %pushi/vec4 2, 0, 2;
    %cmp/u;
    %jmp/1 T_1.2, 6;
    %dup/vec4;
    %pushi/vec4 3, 0, 2;
    %cmp/u;
    %jmp/1 T_1.3, 6;
    %jmp T_1.4;
T_1.0 ;
    %load/vec4 v0x557cf47aa8a0_0;
    %assign/vec4 v0x557cf47aac30_0, 0;
    %jmp T_1.4;
T_1.1 ;
    %load/vec4 v0x557cf47aa960_0;
    %assign/vec4 v0x557cf47aac30_0, 0;
    %jmp T_1.4;
T_1.2 ;
    %load/vec4 v0x557cf47aaa20_0;
    %assign/vec4 v0x557cf47aac30_0, 0;
    %jmp T_1.4;
T_1.3 ;
    %load/vec4 v0x557cf47aab70_0;
    %assign/vec4 v0x557cf47aac30_0, 0;
    %jmp T_1.4;
T_1.4 ;
    %pop/vec4 1;
    %jmp T_1;
    .thread T_1, $push;
    .scope S_0x557cf47ab480;
T_2 ;
    %wait E_0x557cf47ab7b0;
    %load/vec4 v0x557cf47ac2d0_0;
    %dup/vec4;
    %pushi/vec4 0, 0, 2;
    %cmp/u;
    %jmp/1 T_2.0, 6;
    %dup/vec4;
    %pushi/vec4 1, 0, 2;
    %cmp/u;
    %jmp/1 T_2.1, 6;
    %dup/vec4;
    %pushi/vec4 2, 0, 2;
    %cmp/u;
    %jmp/1 T_2.2, 6;
    %dup/vec4;
    %pushi/vec4 3, 0, 2;
    %cmp/u;
    %jmp/1 T_2.3, 6;
    %jmp T_2.4;
T_2.0 ;
    %load/vec4 v0x557cf47abd00_0;
    %assign/vec4 v0x557cf47ac090_0, 0;
    %jmp T_2.4;
T_2.1 ;
    %load/vec4 v0x557cf47abdc0_0;
    %assign/vec4 v0x557cf47ac090_0, 0;
    %jmp T_2.4;
T_2.2 ;
    %load/vec4 v0x557cf47abe80_0;
    %assign/vec4 v0x557cf47ac090_0, 0;
    %jmp T_2.4;
T_2.3 ;
    %load/vec4 v0x557cf47abfd0_0;
    %assign/vec4 v0x557cf47ac090_0, 0;
    %jmp T_2.4;
T_2.4 ;
    %pop/vec4 1;
    %jmp T_2;
    .thread T_2, $push;
    .scope S_0x557cf479ae20;
T_3 ;
    %wait E_0x557cf471b7a0;
    %load/vec4 v0x557cf47a5c20_0;
    %dup/vec4;
    %pushi/vec4 0, 0, 2;
    %cmp/u;
    %jmp/1 T_3.0, 6;
    %dup/vec4;
    %pushi/vec4 1, 0, 2;
    %cmp/u;
    %jmp/1 T_3.1, 6;
    %dup/vec4;
    %pushi/vec4 2, 0, 2;
    %cmp/u;
    %jmp/1 T_3.2, 6;
    %dup/vec4;
    %pushi/vec4 3, 0, 2;
    %cmp/u;
    %jmp/1 T_3.3, 6;
    %jmp T_3.4;
T_3.0 ;
    %load/vec4 v0x557cf47a5650_0;
    %assign/vec4 v0x557cf47a59e0_0, 0;
    %jmp T_3.4;
T_3.1 ;
    %load/vec4 v0x557cf47a5710_0;
    %assign/vec4 v0x557cf47a59e0_0, 0;
    %jmp T_3.4;
T_3.2 ;
    %load/vec4 v0x557cf47a57d0_0;
    %assign/vec4 v0x557cf47a59e0_0, 0;
    %jmp T_3.4;
T_3.3 ;
    %load/vec4 v0x557cf47a5920_0;
    %assign/vec4 v0x557cf47a59e0_0, 0;
    %jmp T_3.4;
T_3.4 ;
    %pop/vec4 1;
    %jmp T_3;
    .thread T_3, $push;
    .scope S_0x557cf47a6230;
T_4 ;
    %wait E_0x557cf471b9d0;
    %load/vec4 v0x557cf47a70b0_0;
    %dup/vec4;
    %pushi/vec4 0, 0, 2;
    %cmp/u;
    %jmp/1 T_4.0, 6;
    %dup/vec4;
    %pushi/vec4 1, 0, 2;
    %cmp/u;
    %jmp/1 T_4.1, 6;
    %dup/vec4;
    %pushi/vec4 2, 0, 2;
    %cmp/u;
    %jmp/1 T_4.2, 6;
    %dup/vec4;
    %pushi/vec4 3, 0, 2;
    %cmp/u;
    %jmp/1 T_4.3, 6;
    %jmp T_4.4;
T_4.0 ;
    %load/vec4 v0x557cf47a6ae0_0;
    %assign/vec4 v0x557cf47a6e70_0, 0;
    %jmp T_4.4;
T_4.1 ;
    %load/vec4 v0x557cf47a6ba0_0;
    %assign/vec4 v0x557cf47a6e70_0, 0;
    %jmp T_4.4;
T_4.2 ;
    %load/vec4 v0x557cf47a6c60_0;
    %assign/vec4 v0x557cf47a6e70_0, 0;
    %jmp T_4.4;
T_4.3 ;
    %load/vec4 v0x557cf47a6db0_0;
    %assign/vec4 v0x557cf47a6e70_0, 0;
    %jmp T_4.4;
T_4.4 ;
    %pop/vec4 1;
    %jmp T_4;
    .thread T_4, $push;
    .scope S_0x557cf47a7740;
T_5 ;
    %wait E_0x557cf46fcaf0;
    %load/vec4 v0x557cf47a85d0_0;
    %dup/vec4;
    %pushi/vec4 0, 0, 2;
    %cmp/u;
    %jmp/1 T_5.0, 6;
    %dup/vec4;
    %pushi/vec4 1, 0, 2;
    %cmp/u;
    %jmp/1 T_5.1, 6;
    %dup/vec4;
    %pushi/vec4 2, 0, 2;
    %cmp/u;
    %jmp/1 T_5.2, 6;
    %dup/vec4;
    %pushi/vec4 3, 0, 2;
    %cmp/u;
    %jmp/1 T_5.3, 6;
    %jmp T_5.4;
T_5.0 ;
    %load/vec4 v0x557cf47a8000_0;
    %assign/vec4 v0x557cf47a8390_0, 0;
    %jmp T_5.4;
T_5.1 ;
    %load/vec4 v0x557cf47a80c0_0;
    %assign/vec4 v0x557cf47a8390_0, 0;
    %jmp T_5.4;
T_5.2 ;
    %load/vec4 v0x557cf47a8180_0;
    %assign/vec4 v0x557cf47a8390_0, 0;
    %jmp T_5.4;
T_5.3 ;
    %load/vec4 v0x557cf47a82d0_0;
    %assign/vec4 v0x557cf47a8390_0, 0;
    %jmp T_5.4;
T_5.4 ;
    %pop/vec4 1;
    %jmp T_5;
    .thread T_5, $push;
    .scope S_0x557cf47b1240;
T_6 ;
    %wait E_0x557cf47b1570;
    %load/vec4 v0x557cf47b2170_0;
    %dup/vec4;
    %pushi/vec4 0, 0, 2;
    %cmp/u;
    %jmp/1 T_6.0, 6;
    %dup/vec4;
    %pushi/vec4 1, 0, 2;
    %cmp/u;
    %jmp/1 T_6.1, 6;
    %dup/vec4;
    %pushi/vec4 2, 0, 2;
    %cmp/u;
    %jmp/1 T_6.2, 6;
    %dup/vec4;
    %pushi/vec4 3, 0, 2;
    %cmp/u;
    %jmp/1 T_6.3, 6;
    %jmp T_6.4;
T_6.0 ;
    %load/vec4 v0x557cf47b1b30_0;
    %assign/vec4 v0x557cf47b1ec0_0, 0;
    %jmp T_6.4;
T_6.1 ;
    %load/vec4 v0x557cf47b1bf0_0;
    %assign/vec4 v0x557cf47b1ec0_0, 0;
    %jmp T_6.4;
T_6.2 ;
    %load/vec4 v0x557cf47b1cb0_0;
    %assign/vec4 v0x557cf47b1ec0_0, 0;
    %jmp T_6.4;
T_6.3 ;
    %load/vec4 v0x557cf47b1e00_0;
    %assign/vec4 v0x557cf47b1ec0_0, 0;
    %jmp T_6.4;
T_6.4 ;
    %pop/vec4 1;
    %jmp T_6;
    .thread T_6, $push;
    .scope S_0x557cf47b2700;
T_7 ;
    %wait E_0x557cf47b2a30;
    %load/vec4 v0x557cf47b3570_0;
    %dup/vec4;
    %pushi/vec4 0, 0, 2;
    %cmp/u;
    %jmp/1 T_7.0, 6;
    %dup/vec4;
    %pushi/vec4 1, 0, 2;
    %cmp/u;
    %jmp/1 T_7.1, 6;
    %dup/vec4;
    %pushi/vec4 2, 0, 2;
    %cmp/u;
    %jmp/1 T_7.2, 6;
    %dup/vec4;
    %pushi/vec4 3, 0, 2;
    %cmp/u;
    %jmp/1 T_7.3, 6;
    %jmp T_7.4;
T_7.0 ;
    %load/vec4 v0x557cf47b2fc0_0;
    %assign/vec4 v0x557cf47b3350_0, 0;
    %jmp T_7.4;
T_7.1 ;
    %load/vec4 v0x557cf47b3080_0;
    %assign/vec4 v0x557cf47b3350_0, 0;
    %jmp T_7.4;
T_7.2 ;
    %load/vec4 v0x557cf47b3140_0;
    %assign/vec4 v0x557cf47b3350_0, 0;
    %jmp T_7.4;
T_7.3 ;
    %load/vec4 v0x557cf47b3290_0;
    %assign/vec4 v0x557cf47b3350_0, 0;
    %jmp T_7.4;
T_7.4 ;
    %pop/vec4 1;
    %jmp T_7;
    .thread T_7, $push;
    .scope S_0x557cf47b3b50;
T_8 ;
    %wait E_0x557cf47b3e80;
    %load/vec4 v0x557cf47b49e0_0;
    %dup/vec4;
    %pushi/vec4 0, 0, 2;
    %cmp/u;
    %jmp/1 T_8.0, 6;
    %dup/vec4;
    %pushi/vec4 1, 0, 2;
    %cmp/u;
    %jmp/1 T_8.1, 6;
    %dup/vec4;
    %pushi/vec4 2, 0, 2;
    %cmp/u;
    %jmp/1 T_8.2, 6;
    %dup/vec4;
    %pushi/vec4 3, 0, 2;
    %cmp/u;
    %jmp/1 T_8.3, 6;
    %jmp T_8.4;
T_8.0 ;
    %load/vec4 v0x557cf47b4410_0;
    %assign/vec4 v0x557cf47b47a0_0, 0;
    %jmp T_8.4;
T_8.1 ;
    %load/vec4 v0x557cf47b44d0_0;
    %assign/vec4 v0x557cf47b47a0_0, 0;
    %jmp T_8.4;
T_8.2 ;
    %load/vec4 v0x557cf47b4590_0;
    %assign/vec4 v0x557cf47b47a0_0, 0;
    %jmp T_8.4;
T_8.3 ;
    %load/vec4 v0x557cf47b46e0_0;
    %assign/vec4 v0x557cf47b47a0_0, 0;
    %jmp T_8.4;
T_8.4 ;
    %pop/vec4 1;
    %jmp T_8;
    .thread T_8, $push;
    .scope S_0x557cf47ad3c0;
T_9 ;
    %wait E_0x557cf47ad6f0;
    %load/vec4 v0x557cf47ae270_0;
    %dup/vec4;
    %pushi/vec4 0, 0, 2;
    %cmp/u;
    %jmp/1 T_9.0, 6;
    %dup/vec4;
    %pushi/vec4 1, 0, 2;
    %cmp/u;
    %jmp/1 T_9.1, 6;
    %dup/vec4;
    %pushi/vec4 2, 0, 2;
    %cmp/u;
    %jmp/1 T_9.2, 6;
    %dup/vec4;
    %pushi/vec4 3, 0, 2;
    %cmp/u;
    %jmp/1 T_9.3, 6;
    %jmp T_9.4;
T_9.0 ;
    %load/vec4 v0x557cf47adca0_0;
    %assign/vec4 v0x557cf47ae030_0, 0;
    %jmp T_9.4;
T_9.1 ;
    %load/vec4 v0x557cf47add60_0;
    %assign/vec4 v0x557cf47ae030_0, 0;
    %jmp T_9.4;
T_9.2 ;
    %load/vec4 v0x557cf47ade20_0;
    %assign/vec4 v0x557cf47ae030_0, 0;
    %jmp T_9.4;
T_9.3 ;
    %load/vec4 v0x557cf47adf70_0;
    %assign/vec4 v0x557cf47ae030_0, 0;
    %jmp T_9.4;
T_9.4 ;
    %pop/vec4 1;
    %jmp T_9;
    .thread T_9, $push;
    .scope S_0x557cf47ae870;
T_10 ;
    %wait E_0x557cf47aeba0;
    %load/vec4 v0x557cf47af730_0;
    %dup/vec4;
    %pushi/vec4 0, 0, 2;
    %cmp/u;
    %jmp/1 T_10.0, 6;
    %dup/vec4;
    %pushi/vec4 1, 0, 2;
    %cmp/u;
    %jmp/1 T_10.1, 6;
    %dup/vec4;
    %pushi/vec4 2, 0, 2;
    %cmp/u;
    %jmp/1 T_10.2, 6;
    %dup/vec4;
    %pushi/vec4 3, 0, 2;
    %cmp/u;
    %jmp/1 T_10.3, 6;
    %jmp T_10.4;
T_10.0 ;
    %load/vec4 v0x557cf47af160_0;
    %assign/vec4 v0x557cf47af4f0_0, 0;
    %jmp T_10.4;
T_10.1 ;
    %load/vec4 v0x557cf47af220_0;
    %assign/vec4 v0x557cf47af4f0_0, 0;
    %jmp T_10.4;
T_10.2 ;
    %load/vec4 v0x557cf47af2e0_0;
    %assign/vec4 v0x557cf47af4f0_0, 0;
    %jmp T_10.4;
T_10.3 ;
    %load/vec4 v0x557cf47af430_0;
    %assign/vec4 v0x557cf47af4f0_0, 0;
    %jmp T_10.4;
T_10.4 ;
    %pop/vec4 1;
    %jmp T_10;
    .thread T_10, $push;
    .scope S_0x557cf47afd60;
T_11 ;
    %wait E_0x557cf47b0070;
    %load/vec4 v0x557cf47b0c30_0;
    %dup/vec4;
    %pushi/vec4 0, 0, 2;
    %cmp/u;
    %jmp/1 T_11.0, 6;
    %dup/vec4;
    %pushi/vec4 1, 0, 2;
    %cmp/u;
    %jmp/1 T_11.1, 6;
    %dup/vec4;
    %pushi/vec4 2, 0, 2;
    %cmp/u;
    %jmp/1 T_11.2, 6;
    %dup/vec4;
    %pushi/vec4 3, 0, 2;
    %cmp/u;
    %jmp/1 T_11.3, 6;
    %jmp T_11.4;
T_11.0 ;
    %load/vec4 v0x557cf47b0660_0;
    %assign/vec4 v0x557cf47b09f0_0, 0;
    %jmp T_11.4;
T_11.1 ;
    %load/vec4 v0x557cf47b0720_0;
    %assign/vec4 v0x557cf47b09f0_0, 0;
    %jmp T_11.4;
T_11.2 ;
    %load/vec4 v0x557cf47b07e0_0;
    %assign/vec4 v0x557cf47b09f0_0, 0;
    %jmp T_11.4;
T_11.3 ;
    %load/vec4 v0x557cf47b0930_0;
    %assign/vec4 v0x557cf47b09f0_0, 0;
    %jmp T_11.4;
T_11.4 ;
    %pop/vec4 1;
    %jmp T_11;
    .thread T_11, $push;
    .scope S_0x557cf47b9960;
T_12 ;
    %wait E_0x557cf47b9c90;
    %load/vec4 v0x557cf47ba8d0_0;
    %dup/vec4;
    %pushi/vec4 0, 0, 2;
    %cmp/u;
    %jmp/1 T_12.0, 6;
    %dup/vec4;
    %pushi/vec4 1, 0, 2;
    %cmp/u;
    %jmp/1 T_12.1, 6;
    %dup/vec4;
    %pushi/vec4 2, 0, 2;
    %cmp/u;
    %jmp/1 T_12.2, 6;
    %dup/vec4;
    %pushi/vec4 3, 0, 2;
    %cmp/u;
    %jmp/1 T_12.3, 6;
    %jmp T_12.4;
T_12.0 ;
    %load/vec4 v0x557cf47ba320_0;
    %assign/vec4 v0x557cf47ba620_0, 0;
    %jmp T_12.4;
T_12.1 ;
    %load/vec4 v0x557cf47ba3e0_0;
    %assign/vec4 v0x557cf47ba620_0, 0;
    %jmp T_12.4;
T_12.2 ;
    %load/vec4 v0x557cf47ba4a0_0;
    %assign/vec4 v0x557cf47ba620_0, 0;
    %jmp T_12.4;
T_12.3 ;
    %load/vec4 v0x557cf47ba560_0;
    %assign/vec4 v0x557cf47ba620_0, 0;
    %jmp T_12.4;
T_12.4 ;
    %pop/vec4 1;
    %jmp T_12;
    .thread T_12, $push;
    .scope S_0x557cf47bae60;
T_13 ;
    %wait E_0x557cf47bb190;
    %load/vec4 v0x557cf47bbd10_0;
    %dup/vec4;
    %pushi/vec4 0, 0, 2;
    %cmp/u;
    %jmp/1 T_13.0, 6;
    %dup/vec4;
    %pushi/vec4 1, 0, 2;
    %cmp/u;
    %jmp/1 T_13.1, 6;
    %dup/vec4;
    %pushi/vec4 2, 0, 2;
    %cmp/u;
    %jmp/1 T_13.2, 6;
    %dup/vec4;
    %pushi/vec4 3, 0, 2;
    %cmp/u;
    %jmp/1 T_13.3, 6;
    %jmp T_13.4;
T_13.0 ;
    %load/vec4 v0x557cf47bb7f0_0;
    %assign/vec4 v0x557cf47bbaf0_0, 0;
    %jmp T_13.4;
T_13.1 ;
    %load/vec4 v0x557cf47bb8b0_0;
    %assign/vec4 v0x557cf47bbaf0_0, 0;
    %jmp T_13.4;
T_13.2 ;
    %load/vec4 v0x557cf47bb970_0;
    %assign/vec4 v0x557cf47bbaf0_0, 0;
    %jmp T_13.4;
T_13.3 ;
    %load/vec4 v0x557cf47bba30_0;
    %assign/vec4 v0x557cf47bbaf0_0, 0;
    %jmp T_13.4;
T_13.4 ;
    %pop/vec4 1;
    %jmp T_13;
    .thread T_13, $push;
    .scope S_0x557cf47bc2f0;
T_14 ;
    %wait E_0x557cf47bc620;
    %load/vec4 v0x557cf47bd1c0_0;
    %dup/vec4;
    %pushi/vec4 0, 0, 2;
    %cmp/u;
    %jmp/1 T_14.0, 6;
    %dup/vec4;
    %pushi/vec4 1, 0, 2;
    %cmp/u;
    %jmp/1 T_14.1, 6;
    %dup/vec4;
    %pushi/vec4 2, 0, 2;
    %cmp/u;
    %jmp/1 T_14.2, 6;
    %dup/vec4;
    %pushi/vec4 3, 0, 2;
    %cmp/u;
    %jmp/1 T_14.3, 6;
    %jmp T_14.4;
T_14.0 ;
    %load/vec4 v0x557cf47bcc80_0;
    %assign/vec4 v0x557cf47bcf80_0, 0;
    %jmp T_14.4;
T_14.1 ;
    %load/vec4 v0x557cf47bcd40_0;
    %assign/vec4 v0x557cf47bcf80_0, 0;
    %jmp T_14.4;
T_14.2 ;
    %load/vec4 v0x557cf47bce00_0;
    %assign/vec4 v0x557cf47bcf80_0, 0;
    %jmp T_14.4;
T_14.3 ;
    %load/vec4 v0x557cf47bcec0_0;
    %assign/vec4 v0x557cf47bcf80_0, 0;
    %jmp T_14.4;
T_14.4 ;
    %pop/vec4 1;
    %jmp T_14;
    .thread T_14, $push;
    .scope S_0x557cf47b5a10;
T_15 ;
    %wait E_0x557cf47b5d40;
    %load/vec4 v0x557cf47b6900_0;
    %dup/vec4;
    %pushi/vec4 0, 0, 2;
    %cmp/u;
    %jmp/1 T_15.0, 6;
    %dup/vec4;
    %pushi/vec4 1, 0, 2;
    %cmp/u;
    %jmp/1 T_15.1, 6;
    %dup/vec4;
    %pushi/vec4 2, 0, 2;
    %cmp/u;
    %jmp/1 T_15.2, 6;
    %dup/vec4;
    %pushi/vec4 3, 0, 2;
    %cmp/u;
    %jmp/1 T_15.3, 6;
    %jmp T_15.4;
T_15.0 ;
    %load/vec4 v0x557cf47b63c0_0;
    %assign/vec4 v0x557cf47b66c0_0, 0;
    %jmp T_15.4;
T_15.1 ;
    %load/vec4 v0x557cf47b6480_0;
    %assign/vec4 v0x557cf47b66c0_0, 0;
    %jmp T_15.4;
T_15.2 ;
    %load/vec4 v0x557cf47b6540_0;
    %assign/vec4 v0x557cf47b66c0_0, 0;
    %jmp T_15.4;
T_15.3 ;
    %load/vec4 v0x557cf47b6600_0;
    %assign/vec4 v0x557cf47b66c0_0, 0;
    %jmp T_15.4;
T_15.4 ;
    %pop/vec4 1;
    %jmp T_15;
    .thread T_15, $push;
    .scope S_0x557cf47b6f30;
T_16 ;
    %wait E_0x557cf47b7260;
    %load/vec4 v0x557cf47b7df0_0;
    %dup/vec4;
    %pushi/vec4 0, 0, 2;
    %cmp/u;
    %jmp/1 T_16.0, 6;
    %dup/vec4;
    %pushi/vec4 1, 0, 2;
    %cmp/u;
    %jmp/1 T_16.1, 6;
    %dup/vec4;
    %pushi/vec4 2, 0, 2;
    %cmp/u;
    %jmp/1 T_16.2, 6;
    %dup/vec4;
    %pushi/vec4 3, 0, 2;
    %cmp/u;
    %jmp/1 T_16.3, 6;
    %jmp T_16.4;
T_16.0 ;
    %load/vec4 v0x557cf47b7820_0;
    %assign/vec4 v0x557cf47b7bb0_0, 0;
    %jmp T_16.4;
T_16.1 ;
    %load/vec4 v0x557cf47b78e0_0;
    %assign/vec4 v0x557cf47b7bb0_0, 0;
    %jmp T_16.4;
T_16.2 ;
    %load/vec4 v0x557cf47b79a0_0;
    %assign/vec4 v0x557cf47b7bb0_0, 0;
    %jmp T_16.4;
T_16.3 ;
    %load/vec4 v0x557cf47b7af0_0;
    %assign/vec4 v0x557cf47b7bb0_0, 0;
    %jmp T_16.4;
T_16.4 ;
    %pop/vec4 1;
    %jmp T_16;
    .thread T_16, $push;
    .scope S_0x557cf47b8480;
T_17 ;
    %wait E_0x557cf47b8790;
    %load/vec4 v0x557cf47b9350_0;
    %dup/vec4;
    %pushi/vec4 0, 0, 2;
    %cmp/u;
    %jmp/1 T_17.0, 6;
    %dup/vec4;
    %pushi/vec4 1, 0, 2;
    %cmp/u;
    %jmp/1 T_17.1, 6;
    %dup/vec4;
    %pushi/vec4 2, 0, 2;
    %cmp/u;
    %jmp/1 T_17.2, 6;
    %dup/vec4;
    %pushi/vec4 3, 0, 2;
    %cmp/u;
    %jmp/1 T_17.3, 6;
    %jmp T_17.4;
T_17.0 ;
    %load/vec4 v0x557cf47b8d80_0;
    %assign/vec4 v0x557cf47b9110_0, 0;
    %jmp T_17.4;
T_17.1 ;
    %load/vec4 v0x557cf47b8e40_0;
    %assign/vec4 v0x557cf47b9110_0, 0;
    %jmp T_17.4;
T_17.2 ;
    %load/vec4 v0x557cf47b8f00_0;
    %assign/vec4 v0x557cf47b9110_0, 0;
    %jmp T_17.4;
T_17.3 ;
    %load/vec4 v0x557cf47b9050_0;
    %assign/vec4 v0x557cf47b9110_0, 0;
    %jmp T_17.4;
T_17.4 ;
    %pop/vec4 1;
    %jmp T_17;
    .thread T_17, $push;
    .scope S_0x557cf47c20b0;
T_18 ;
    %wait E_0x557cf47c23e0;
    %load/vec4 v0x557cf47c2fa0_0;
    %dup/vec4;
    %pushi/vec4 0, 0, 2;
    %cmp/u;
    %jmp/1 T_18.0, 6;
    %dup/vec4;
    %pushi/vec4 1, 0, 2;
    %cmp/u;
    %jmp/1 T_18.1, 6;
    %dup/vec4;
    %pushi/vec4 2, 0, 2;
    %cmp/u;
    %jmp/1 T_18.2, 6;
    %dup/vec4;
    %pushi/vec4 3, 0, 2;
    %cmp/u;
    %jmp/1 T_18.3, 6;
    %jmp T_18.4;
T_18.0 ;
    %load/vec4 v0x557cf47c2960_0;
    %assign/vec4 v0x557cf47c2cf0_0, 0;
    %jmp T_18.4;
T_18.1 ;
    %load/vec4 v0x557cf47c2a20_0;
    %assign/vec4 v0x557cf47c2cf0_0, 0;
    %jmp T_18.4;
T_18.2 ;
    %load/vec4 v0x557cf47c2ae0_0;
    %assign/vec4 v0x557cf47c2cf0_0, 0;
    %jmp T_18.4;
T_18.3 ;
    %load/vec4 v0x557cf47c2c30_0;
    %assign/vec4 v0x557cf47c2cf0_0, 0;
    %jmp T_18.4;
T_18.4 ;
    %pop/vec4 1;
    %jmp T_18;
    .thread T_18, $push;
    .scope S_0x557cf47c3530;
T_19 ;
    %wait E_0x557cf47c3860;
    %load/vec4 v0x557cf47c4360_0;
    %dup/vec4;
    %pushi/vec4 0, 0, 2;
    %cmp/u;
    %jmp/1 T_19.0, 6;
    %dup/vec4;
    %pushi/vec4 1, 0, 2;
    %cmp/u;
    %jmp/1 T_19.1, 6;
    %dup/vec4;
    %pushi/vec4 2, 0, 2;
    %cmp/u;
    %jmp/1 T_19.2, 6;
    %dup/vec4;
    %pushi/vec4 3, 0, 2;
    %cmp/u;
    %jmp/1 T_19.3, 6;
    %jmp T_19.4;
T_19.0 ;
    %load/vec4 v0x557cf47c3db0_0;
    %assign/vec4 v0x557cf47c4140_0, 0;
    %jmp T_19.4;
T_19.1 ;
    %load/vec4 v0x557cf47c3e70_0;
    %assign/vec4 v0x557cf47c4140_0, 0;
    %jmp T_19.4;
T_19.2 ;
    %load/vec4 v0x557cf47c3f30_0;
    %assign/vec4 v0x557cf47c4140_0, 0;
    %jmp T_19.4;
T_19.3 ;
    %load/vec4 v0x557cf47c4080_0;
    %assign/vec4 v0x557cf47c4140_0, 0;
    %jmp T_19.4;
T_19.4 ;
    %pop/vec4 1;
    %jmp T_19;
    .thread T_19, $push;
    .scope S_0x557cf47c4940;
T_20 ;
    %wait E_0x557cf47c4c70;
    %load/vec4 v0x557cf47c5790_0;
    %dup/vec4;
    %pushi/vec4 0, 0, 2;
    %cmp/u;
    %jmp/1 T_20.0, 6;
    %dup/vec4;
    %pushi/vec4 1, 0, 2;
    %cmp/u;
    %jmp/1 T_20.1, 6;
    %dup/vec4;
    %pushi/vec4 2, 0, 2;
    %cmp/u;
    %jmp/1 T_20.2, 6;
    %dup/vec4;
    %pushi/vec4 3, 0, 2;
    %cmp/u;
    %jmp/1 T_20.3, 6;
    %jmp T_20.4;
T_20.0 ;
    %load/vec4 v0x557cf47c51c0_0;
    %assign/vec4 v0x557cf47c5550_0, 0;
    %jmp T_20.4;
T_20.1 ;
    %load/vec4 v0x557cf47c5280_0;
    %assign/vec4 v0x557cf47c5550_0, 0;
    %jmp T_20.4;
T_20.2 ;
    %load/vec4 v0x557cf47c5340_0;
    %assign/vec4 v0x557cf47c5550_0, 0;
    %jmp T_20.4;
T_20.3 ;
    %load/vec4 v0x557cf47c5490_0;
    %assign/vec4 v0x557cf47c5550_0, 0;
    %jmp T_20.4;
T_20.4 ;
    %pop/vec4 1;
    %jmp T_20;
    .thread T_20, $push;
    .scope S_0x557cf47be210;
T_21 ;
    %wait E_0x557cf47be540;
    %load/vec4 v0x557cf47bf080_0;
    %dup/vec4;
    %pushi/vec4 0, 0, 2;
    %cmp/u;
    %jmp/1 T_21.0, 6;
    %dup/vec4;
    %pushi/vec4 1, 0, 2;
    %cmp/u;
    %jmp/1 T_21.1, 6;
    %dup/vec4;
    %pushi/vec4 2, 0, 2;
    %cmp/u;
    %jmp/1 T_21.2, 6;
    %dup/vec4;
    %pushi/vec4 3, 0, 2;
    %cmp/u;
    %jmp/1 T_21.3, 6;
    %jmp T_21.4;
T_21.0 ;
    %load/vec4 v0x557cf47beab0_0;
    %assign/vec4 v0x557cf47bee40_0, 0;
    %jmp T_21.4;
T_21.1 ;
    %load/vec4 v0x557cf47beb70_0;
    %assign/vec4 v0x557cf47bee40_0, 0;
    %jmp T_21.4;
T_21.2 ;
    %load/vec4 v0x557cf47bec30_0;
    %assign/vec4 v0x557cf47bee40_0, 0;
    %jmp T_21.4;
T_21.3 ;
    %load/vec4 v0x557cf47bed80_0;
    %assign/vec4 v0x557cf47bee40_0, 0;
    %jmp T_21.4;
T_21.4 ;
    %pop/vec4 1;
    %jmp T_21;
    .thread T_21, $push;
    .scope S_0x557cf47bf680;
T_22 ;
    %wait E_0x557cf47bf9b0;
    %load/vec4 v0x557cf47c0540_0;
    %dup/vec4;
    %pushi/vec4 0, 0, 2;
    %cmp/u;
    %jmp/1 T_22.0, 6;
    %dup/vec4;
    %pushi/vec4 1, 0, 2;
    %cmp/u;
    %jmp/1 T_22.1, 6;
    %dup/vec4;
    %pushi/vec4 2, 0, 2;
    %cmp/u;
    %jmp/1 T_22.2, 6;
    %dup/vec4;
    %pushi/vec4 3, 0, 2;
    %cmp/u;
    %jmp/1 T_22.3, 6;
    %jmp T_22.4;
T_22.0 ;
    %load/vec4 v0x557cf47bff70_0;
    %assign/vec4 v0x557cf47c0300_0, 0;
    %jmp T_22.4;
T_22.1 ;
    %load/vec4 v0x557cf47c0030_0;
    %assign/vec4 v0x557cf47c0300_0, 0;
    %jmp T_22.4;
T_22.2 ;
    %load/vec4 v0x557cf47c00f0_0;
    %assign/vec4 v0x557cf47c0300_0, 0;
    %jmp T_22.4;
T_22.3 ;
    %load/vec4 v0x557cf47c0240_0;
    %assign/vec4 v0x557cf47c0300_0, 0;
    %jmp T_22.4;
T_22.4 ;
    %pop/vec4 1;
    %jmp T_22;
    .thread T_22, $push;
    .scope S_0x557cf47c0bd0;
T_23 ;
    %wait E_0x557cf47c0ee0;
    %load/vec4 v0x557cf47c1aa0_0;
    %dup/vec4;
    %pushi/vec4 0, 0, 2;
    %cmp/u;
    %jmp/1 T_23.0, 6;
    %dup/vec4;
    %pushi/vec4 1, 0, 2;
    %cmp/u;
    %jmp/1 T_23.1, 6;
    %dup/vec4;
    %pushi/vec4 2, 0, 2;
    %cmp/u;
    %jmp/1 T_23.2, 6;
    %dup/vec4;
    %pushi/vec4 3, 0, 2;
    %cmp/u;
    %jmp/1 T_23.3, 6;
    %jmp T_23.4;
T_23.0 ;
    %load/vec4 v0x557cf47c14d0_0;
    %assign/vec4 v0x557cf47c1860_0, 0;
    %jmp T_23.4;
T_23.1 ;
    %load/vec4 v0x557cf47c1590_0;
    %assign/vec4 v0x557cf47c1860_0, 0;
    %jmp T_23.4;
T_23.2 ;
    %load/vec4 v0x557cf47c1650_0;
    %assign/vec4 v0x557cf47c1860_0, 0;
    %jmp T_23.4;
T_23.3 ;
    %load/vec4 v0x557cf47c17a0_0;
    %assign/vec4 v0x557cf47c1860_0, 0;
    %jmp T_23.4;
T_23.4 ;
    %pop/vec4 1;
    %jmp T_23;
    .thread T_23, $push;
    .scope S_0x557cf47c6630;
T_24 ;
    %wait E_0x557cf47c6960;
    %load/vec4 v0x557cf47c7480_0;
    %dup/vec4;
    %pushi/vec4 0, 0, 2;
    %cmp/u;
    %jmp/1 T_24.0, 6;
    %dup/vec4;
    %pushi/vec4 1, 0, 2;
    %cmp/u;
    %jmp/1 T_24.1, 6;
    %dup/vec4;
    %pushi/vec4 2, 0, 2;
    %cmp/u;
    %jmp/1 T_24.2, 6;
    %dup/vec4;
    %pushi/vec4 3, 0, 2;
    %cmp/u;
    %jmp/1 T_24.3, 6;
    %jmp T_24.4;
T_24.0 ;
    %load/vec4 v0x557cf47c6eb0_0;
    %assign/vec4 v0x557cf47c7240_0, 0;
    %jmp T_24.4;
T_24.1 ;
    %load/vec4 v0x557cf47c6f70_0;
    %assign/vec4 v0x557cf47c7240_0, 0;
    %jmp T_24.4;
T_24.2 ;
    %load/vec4 v0x557cf47c7030_0;
    %assign/vec4 v0x557cf47c7240_0, 0;
    %jmp T_24.4;
T_24.3 ;
    %load/vec4 v0x557cf47c7180_0;
    %assign/vec4 v0x557cf47c7240_0, 0;
    %jmp T_24.4;
T_24.4 ;
    %pop/vec4 1;
    %jmp T_24;
    .thread T_24, $push;
    .scope S_0x557cf47c7b70;
T_25 ;
    %wait E_0x557cf47c7e50;
    %load/vec4 v0x557cf47c8970_0;
    %dup/vec4;
    %pushi/vec4 0, 0, 2;
    %cmp/u;
    %jmp/1 T_25.0, 6;
    %dup/vec4;
    %pushi/vec4 1, 0, 2;
    %cmp/u;
    %jmp/1 T_25.1, 6;
    %dup/vec4;
    %pushi/vec4 2, 0, 2;
    %cmp/u;
    %jmp/1 T_25.2, 6;
    %dup/vec4;
    %pushi/vec4 3, 0, 2;
    %cmp/u;
    %jmp/1 T_25.3, 6;
    %jmp T_25.4;
T_25.0 ;
    %load/vec4 v0x557cf47c83a0_0;
    %assign/vec4 v0x557cf47c8730_0, 0;
    %jmp T_25.4;
T_25.1 ;
    %load/vec4 v0x557cf47c8460_0;
    %assign/vec4 v0x557cf47c8730_0, 0;
    %jmp T_25.4;
T_25.2 ;
    %load/vec4 v0x557cf47c8520_0;
    %assign/vec4 v0x557cf47c8730_0, 0;
    %jmp T_25.4;
T_25.3 ;
    %load/vec4 v0x557cf47c8670_0;
    %assign/vec4 v0x557cf47c8730_0, 0;
    %jmp T_25.4;
T_25.4 ;
    %pop/vec4 1;
    %jmp T_25;
    .thread T_25, $push;
    .scope S_0x557cf47c9060;
T_26 ;
    %wait E_0x557cf47c9340;
    %load/vec4 v0x557cf47c9f00_0;
    %dup/vec4;
    %pushi/vec4 0, 0, 2;
    %cmp/u;
    %jmp/1 T_26.0, 6;
    %dup/vec4;
    %pushi/vec4 1, 0, 2;
    %cmp/u;
    %jmp/1 T_26.1, 6;
    %dup/vec4;
    %pushi/vec4 2, 0, 2;
    %cmp/u;
    %jmp/1 T_26.2, 6;
    %dup/vec4;
    %pushi/vec4 3, 0, 2;
    %cmp/u;
    %jmp/1 T_26.3, 6;
    %jmp T_26.4;
T_26.0 ;
    %load/vec4 v0x557cf47c9930_0;
    %assign/vec4 v0x557cf47c9cc0_0, 0;
    %jmp T_26.4;
T_26.1 ;
    %load/vec4 v0x557cf47c99f0_0;
    %assign/vec4 v0x557cf47c9cc0_0, 0;
    %jmp T_26.4;
T_26.2 ;
    %load/vec4 v0x557cf47c9ab0_0;
    %assign/vec4 v0x557cf47c9cc0_0, 0;
    %jmp T_26.4;
T_26.3 ;
    %load/vec4 v0x557cf47c9c00_0;
    %assign/vec4 v0x557cf47c9cc0_0, 0;
    %jmp T_26.4;
T_26.4 ;
    %pop/vec4 1;
    %jmp T_26;
    .thread T_26, $push;
# The file index is used to find the file name in the following table.
:file_names 8;
    "N/A";
    "<interactive>";
    "all1.v";
    "./one1.v";
    "./and.v";
    "./c2.v";
    "./not.v";
    "./or.v";
