#! /usr/bin/vvp
:ivl_version "11.0 (stable)";
:ivl_delay_selection "TYPICAL";
:vpi_time_precision + 0;
:vpi_module "/usr/lib/x86_64-linux-gnu/ivl/system.vpi";
:vpi_module "/usr/lib/x86_64-linux-gnu/ivl/vhdl_sys.vpi";
:vpi_module "/usr/lib/x86_64-linux-gnu/ivl/vhdl_textio.vpi";
:vpi_module "/usr/lib/x86_64-linux-gnu/ivl/v2005_math.vpi";
:vpi_module "/usr/lib/x86_64-linux-gnu/ivl/va_math.vpi";
S_0x5611c3cdeb90 .scope module, "all1_tb" "all1_tb" 2 3;
 .timescale 0 0;
v0x5611c3d0d650_0 .net "out", 0 0, v0x5611c3d0c670_0;  1 drivers
v0x5611c3d0d710_0 .var "x1", 0 0;
v0x5611c3d0d9e0_0 .var "x2", 0 0;
v0x5611c3d0dc90_0 .var "x3", 0 0;
v0x5611c3d0df40_0 .var "x4", 0 0;
S_0x5611c3cde880 .scope module, "all10" "all1" 2 7, 3 4 0, S_0x5611c3cdeb90;
 .timescale 0 0;
    .port_info 0 /INPUT 1 "x1";
    .port_info 1 /INPUT 1 "x2";
    .port_info 2 /INPUT 1 "x3";
    .port_info 3 /INPUT 1 "x4";
    .port_info 4 /OUTPUT 1 "out";
v0x5611c3d0ccf0_0 .net "out", 0 0, v0x5611c3d0c670_0;  alias, 1 drivers
v0x5611c3d0cd90_0 .net "out1", 0 0, v0x5611c3ceaf60_0;  1 drivers
v0x5611c3d0ce50_0 .net "out2", 0 0, v0x5611c3cf35c0_0;  1 drivers
v0x5611c3d0cef0_0 .net "out3", 0 0, v0x5611c3cfbbd0_0;  1 drivers
v0x5611c3d0cf90_0 .net "out4", 0 0, v0x5611c3d04210_0;  1 drivers
v0x5611c3d0d080_0 .net "t1", 0 0, v0x5611c3d09bf0_0;  1 drivers
v0x5611c3d0d1b0_0 .net "t2", 0 0, v0x5611c3d0b0e0_0;  1 drivers
v0x5611c3d0d2e0_0 .net "x1", 0 0, v0x5611c3d0d710_0;  1 drivers
v0x5611c3d0d380_0 .net "x2", 0 0, v0x5611c3d0d9e0_0;  1 drivers
v0x5611c3d0d4b0_0 .net "x3", 0 0, v0x5611c3d0dc90_0;  1 drivers
v0x5611c3d0d550_0 .net "x4", 0 0, v0x5611c3d0df40_0;  1 drivers
S_0x5611c3cde540 .scope module, "one11" "one1" 3 9, 4 4 0, S_0x5611c3cde880;
 .timescale 0 0;
    .port_info 0 /INPUT 1 "x1";
    .port_info 1 /INPUT 1 "x2";
    .port_info 2 /INPUT 1 "x3";
    .port_info 3 /INPUT 1 "x4";
    .port_info 4 /OUTPUT 1 "out";
v0x5611c3cef240_0 .net "out", 0 0, v0x5611c3ceaf60_0;  alias, 1 drivers
v0x5611c3cef330_0 .net "t1", 0 0, v0x5611c3ce8640_0;  1 drivers
v0x5611c3cef480_0 .net "t2", 0 0, v0x5611c3ce9a40_0;  1 drivers
v0x5611c3cef5b0_0 .net "w2", 0 0, v0x5611c3cec3a0_0;  1 drivers
v0x5611c3cef650_0 .net "w3", 0 0, v0x5611c3ced800_0;  1 drivers
v0x5611c3cef780_0 .net "w4", 0 0, v0x5611c3ceec60_0;  1 drivers
v0x5611c3cef820_0 .net "x1", 0 0, v0x5611c3d0d710_0;  alias, 1 drivers
v0x5611c3cef8c0_0 .net "x2", 0 0, v0x5611c3d0d9e0_0;  alias, 1 drivers
v0x5611c3cef960_0 .net "x3", 0 0, v0x5611c3d0dc90_0;  alias, 1 drivers
v0x5611c3cefa90_0 .net "x4", 0 0, v0x5611c3d0df40_0;  alias, 1 drivers
S_0x5611c3cdbb10 .scope module, "and1" "fpga_and" 4 12, 5 3 0, S_0x5611c3cde540;
 .timescale 0 0;
    .port_info 0 /INPUT 1 "A0";
    .port_info 1 /INPUT 1 "B0";
    .port_info 2 /OUTPUT 1 "out";
v0x5611c3ce8a80_0 .net "A0", 0 0, v0x5611c3d0d710_0;  alias, 1 drivers
v0x5611c3ce8b40_0 .net "B0", 0 0, v0x5611c3cec3a0_0;  alias, 1 drivers
v0x5611c3ce8be0_0 .net "out", 0 0, v0x5611c3ce8640_0;  alias, 1 drivers
S_0x5611c3cdb800 .scope module, "c2_instance" "c2" 5 5, 6 1 0, S_0x5611c3cdbb10;
 .timescale 0 0;
    .port_info 0 /INPUT 1 "d0";
    .port_info 1 /INPUT 1 "d1";
    .port_info 2 /INPUT 1 "d2";
    .port_info 3 /INPUT 1 "d3";
    .port_info 4 /INPUT 1 "A0";
    .port_info 5 /INPUT 1 "A1";
    .port_info 6 /INPUT 1 "B0";
    .port_info 7 /INPUT 1 "B1";
    .port_info 8 /OUTPUT 1 "out";
L_0x7f25a1f56648 .functor BUFT 1, C4<1>, C4<0>, C4<0>, C4<0>;
L_0x7f25a1f56690 .functor BUFT 1, C4<0>, C4<0>, C4<0>, C4<0>;
L_0x5611c3d0f200 .functor OR 1, L_0x7f25a1f56648, L_0x7f25a1f56690, C4<0>, C4<0>;
L_0x5611c3d0f2a0 .functor AND 1, v0x5611c3d0d710_0, v0x5611c3cec3a0_0, C4<1>, C4<1>;
L_0x5611c3d0f340 .functor BUFZ 1, L_0x5611c3d0f2a0, C4<0>, C4<0>, C4<0>;
L_0x5611c3d0f550 .functor BUFZ 1, L_0x5611c3d0f200, C4<0>, C4<0>, C4<0>;
v0x5611c3c99fb0_0 .net "A0", 0 0, v0x5611c3d0d710_0;  alias, 1 drivers
v0x5611c3ce7f10_0 .net "A1", 0 0, L_0x7f25a1f56648;  1 drivers
v0x5611c3ce7fd0_0 .net "B0", 0 0, v0x5611c3cec3a0_0;  alias, 1 drivers
v0x5611c3ce8070_0 .net "B1", 0 0, L_0x7f25a1f56690;  1 drivers
v0x5611c3ce8130_0 .net *"_ivl_12", 0 0, L_0x5611c3d0f550;  1 drivers
v0x5611c3ce8260_0 .net *"_ivl_7", 0 0, L_0x5611c3d0f340;  1 drivers
L_0x7f25a1f56528 .functor BUFT 1, C4<0>, C4<0>, C4<0>, C4<0>;
v0x5611c3ce8340_0 .net "d0", 0 0, L_0x7f25a1f56528;  1 drivers
L_0x7f25a1f56570 .functor BUFT 1, C4<0>, C4<0>, C4<0>, C4<0>;
v0x5611c3ce8400_0 .net "d1", 0 0, L_0x7f25a1f56570;  1 drivers
L_0x7f25a1f565b8 .functor BUFT 1, C4<1>, C4<0>, C4<0>, C4<0>;
v0x5611c3ce84c0_0 .net "d2", 0 0, L_0x7f25a1f565b8;  1 drivers
L_0x7f25a1f56600 .functor BUFT 1, C4<1>, C4<0>, C4<0>, C4<0>;
v0x5611c3ce8580_0 .net "d3", 0 0, L_0x7f25a1f56600;  1 drivers
v0x5611c3ce8640_0 .var "out", 0 0;
v0x5611c3ce8700_0 .net "s0", 0 0, L_0x5611c3d0f2a0;  1 drivers
v0x5611c3ce87c0_0 .net "s1", 0 0, L_0x5611c3d0f200;  1 drivers
v0x5611c3ce8880_0 .net "sel", 1 0, L_0x5611c3d0f430;  1 drivers
E_0x5611c3c56580 .event edge, v0x5611c3ce8880_0;
L_0x5611c3d0f430 .concat8 [ 1 1 0 0], L_0x5611c3d0f550, L_0x5611c3d0f340;
S_0x5611c3ce8cb0 .scope module, "and2" "fpga_and" 4 13, 5 3 0, S_0x5611c3cde540;
 .timescale 0 0;
    .port_info 0 /INPUT 1 "A0";
    .port_info 1 /INPUT 1 "B0";
    .port_info 2 /OUTPUT 1 "out";
v0x5611c3ce9e80_0 .net "A0", 0 0, v0x5611c3cec3a0_0;  alias, 1 drivers
v0x5611c3ce9f40_0 .net "B0", 0 0, v0x5611c3ced800_0;  alias, 1 drivers
v0x5611c3cea000_0 .net "out", 0 0, v0x5611c3ce9a40_0;  alias, 1 drivers
S_0x5611c3ce8e90 .scope module, "c2_instance" "c2" 5 5, 6 1 0, S_0x5611c3ce8cb0;
 .timescale 0 0;
    .port_info 0 /INPUT 1 "d0";
    .port_info 1 /INPUT 1 "d1";
    .port_info 2 /INPUT 1 "d2";
    .port_info 3 /INPUT 1 "d3";
    .port_info 4 /INPUT 1 "A0";
    .port_info 5 /INPUT 1 "A1";
    .port_info 6 /INPUT 1 "B0";
    .port_info 7 /INPUT 1 "B1";
    .port_info 8 /OUTPUT 1 "out";
L_0x7f25a1f567f8 .functor BUFT 1, C4<1>, C4<0>, C4<0>, C4<0>;
L_0x7f25a1f56840 .functor BUFT 1, C4<0>, C4<0>, C4<0>, C4<0>;
L_0x5611c3d0f760 .functor OR 1, L_0x7f25a1f567f8, L_0x7f25a1f56840, C4<0>, C4<0>;
L_0x5611c3d0f800 .functor AND 1, v0x5611c3cec3a0_0, v0x5611c3ced800_0, C4<1>, C4<1>;
L_0x5611c3d0f8a0 .functor BUFZ 1, L_0x5611c3d0f800, C4<0>, C4<0>, C4<0>;
L_0x5611c3d0fab0 .functor BUFZ 1, L_0x5611c3d0f760, C4<0>, C4<0>, C4<0>;
v0x5611c3ce9200_0 .net "A0", 0 0, v0x5611c3cec3a0_0;  alias, 1 drivers
v0x5611c3ce9310_0 .net "A1", 0 0, L_0x7f25a1f567f8;  1 drivers
v0x5611c3ce93d0_0 .net "B0", 0 0, v0x5611c3ced800_0;  alias, 1 drivers
v0x5611c3ce9470_0 .net "B1", 0 0, L_0x7f25a1f56840;  1 drivers
v0x5611c3ce9530_0 .net *"_ivl_12", 0 0, L_0x5611c3d0fab0;  1 drivers
v0x5611c3ce9660_0 .net *"_ivl_7", 0 0, L_0x5611c3d0f8a0;  1 drivers
L_0x7f25a1f566d8 .functor BUFT 1, C4<0>, C4<0>, C4<0>, C4<0>;
v0x5611c3ce9740_0 .net "d0", 0 0, L_0x7f25a1f566d8;  1 drivers
L_0x7f25a1f56720 .functor BUFT 1, C4<0>, C4<0>, C4<0>, C4<0>;
v0x5611c3ce9800_0 .net "d1", 0 0, L_0x7f25a1f56720;  1 drivers
L_0x7f25a1f56768 .functor BUFT 1, C4<1>, C4<0>, C4<0>, C4<0>;
v0x5611c3ce98c0_0 .net "d2", 0 0, L_0x7f25a1f56768;  1 drivers
L_0x7f25a1f567b0 .functor BUFT 1, C4<1>, C4<0>, C4<0>, C4<0>;
v0x5611c3ce9980_0 .net "d3", 0 0, L_0x7f25a1f567b0;  1 drivers
v0x5611c3ce9a40_0 .var "out", 0 0;
v0x5611c3ce9b00_0 .net "s0", 0 0, L_0x5611c3d0f800;  1 drivers
v0x5611c3ce9bc0_0 .net "s1", 0 0, L_0x5611c3d0f760;  1 drivers
v0x5611c3ce9c80_0 .net "sel", 1 0, L_0x5611c3d0f990;  1 drivers
E_0x5611c3c567e0 .event edge, v0x5611c3ce9c80_0;
L_0x5611c3d0f990 .concat8 [ 1 1 0 0], L_0x5611c3d0fab0, L_0x5611c3d0f8a0;
S_0x5611c3cea100 .scope module, "and3" "fpga_and" 4 15, 5 3 0, S_0x5611c3cde540;
 .timescale 0 0;
    .port_info 0 /INPUT 1 "A0";
    .port_info 1 /INPUT 1 "B0";
    .port_info 2 /OUTPUT 1 "out";
v0x5611c3ceb3a0_0 .net "A0", 0 0, v0x5611c3ce8640_0;  alias, 1 drivers
v0x5611c3ceb460_0 .net "B0", 0 0, v0x5611c3ce9a40_0;  alias, 1 drivers
v0x5611c3ceb520_0 .net "out", 0 0, v0x5611c3ceaf60_0;  alias, 1 drivers
S_0x5611c3cea310 .scope module, "c2_instance" "c2" 5 5, 6 1 0, S_0x5611c3cea100;
 .timescale 0 0;
    .port_info 0 /INPUT 1 "d0";
    .port_info 1 /INPUT 1 "d1";
    .port_info 2 /INPUT 1 "d2";
    .port_info 3 /INPUT 1 "d3";
    .port_info 4 /INPUT 1 "A0";
    .port_info 5 /INPUT 1 "A1";
    .port_info 6 /INPUT 1 "B0";
    .port_info 7 /INPUT 1 "B1";
    .port_info 8 /OUTPUT 1 "out";
L_0x7f25a1f569a8 .functor BUFT 1, C4<1>, C4<0>, C4<0>, C4<0>;
L_0x7f25a1f569f0 .functor BUFT 1, C4<0>, C4<0>, C4<0>, C4<0>;
L_0x5611c3d0fcc0 .functor OR 1, L_0x7f25a1f569a8, L_0x7f25a1f569f0, C4<0>, C4<0>;
L_0x5611c3d0fd60 .functor AND 1, v0x5611c3ce8640_0, v0x5611c3ce9a40_0, C4<1>, C4<1>;
L_0x5611c3d0fe00 .functor BUFZ 1, L_0x5611c3d0fd60, C4<0>, C4<0>, C4<0>;
L_0x5611c3d10010 .functor BUFZ 1, L_0x5611c3d0fcc0, C4<0>, C4<0>, C4<0>;
v0x5611c3cea660_0 .net "A0", 0 0, v0x5611c3ce8640_0;  alias, 1 drivers
v0x5611c3cea770_0 .net "A1", 0 0, L_0x7f25a1f569a8;  1 drivers
v0x5611c3cea830_0 .net "B0", 0 0, v0x5611c3ce9a40_0;  alias, 1 drivers
v0x5611c3cea920_0 .net "B1", 0 0, L_0x7f25a1f569f0;  1 drivers
v0x5611c3cea9c0_0 .net *"_ivl_12", 0 0, L_0x5611c3d10010;  1 drivers
v0x5611c3ceaaf0_0 .net *"_ivl_7", 0 0, L_0x5611c3d0fe00;  1 drivers
L_0x7f25a1f56888 .functor BUFT 1, C4<0>, C4<0>, C4<0>, C4<0>;
v0x5611c3ceabd0_0 .net "d0", 0 0, L_0x7f25a1f56888;  1 drivers
L_0x7f25a1f568d0 .functor BUFT 1, C4<0>, C4<0>, C4<0>, C4<0>;
v0x5611c3ceac90_0 .net "d1", 0 0, L_0x7f25a1f568d0;  1 drivers
L_0x7f25a1f56918 .functor BUFT 1, C4<1>, C4<0>, C4<0>, C4<0>;
v0x5611c3cead50_0 .net "d2", 0 0, L_0x7f25a1f56918;  1 drivers
L_0x7f25a1f56960 .functor BUFT 1, C4<1>, C4<0>, C4<0>, C4<0>;
v0x5611c3ceaea0_0 .net "d3", 0 0, L_0x7f25a1f56960;  1 drivers
v0x5611c3ceaf60_0 .var "out", 0 0;
v0x5611c3ceb020_0 .net "s0", 0 0, L_0x5611c3d0fd60;  1 drivers
v0x5611c3ceb0e0_0 .net "s1", 0 0, L_0x5611c3d0fcc0;  1 drivers
v0x5611c3ceb1a0_0 .net "sel", 1 0, L_0x5611c3d0fef0;  1 drivers
E_0x5611c3c56a10 .event edge, v0x5611c3ceb1a0_0;
L_0x5611c3d0fef0 .concat8 [ 1 1 0 0], L_0x5611c3d10010, L_0x5611c3d0fe00;
S_0x5611c3ceb5e0 .scope module, "not2" "fpga_not" 4 8, 7 3 0, S_0x5611c3cde540;
 .timescale 0 0;
    .port_info 0 /INPUT 1 "A1";
    .port_info 1 /OUTPUT 1 "out";
v0x5611c3cec850_0 .net "A1", 0 0, v0x5611c3d0d9e0_0;  alias, 1 drivers
v0x5611c3cec910_0 .net "out", 0 0, v0x5611c3cec3a0_0;  alias, 1 drivers
S_0x5611c3ceb770 .scope module, "c2_instance" "c2" 7 5, 6 1 0, S_0x5611c3ceb5e0;
 .timescale 0 0;
    .port_info 0 /INPUT 1 "d0";
    .port_info 1 /INPUT 1 "d1";
    .port_info 2 /INPUT 1 "d2";
    .port_info 3 /INPUT 1 "d3";
    .port_info 4 /INPUT 1 "A0";
    .port_info 5 /INPUT 1 "A1";
    .port_info 6 /INPUT 1 "B0";
    .port_info 7 /INPUT 1 "B1";
    .port_info 8 /OUTPUT 1 "out";
L_0x5611c3d0e1f0 .functor OR 1, v0x5611c3d0d9e0_0, v0x5611c3d0d9e0_0, C4<0>, C4<0>;
L_0x7f25a1f56138 .functor BUFT 1, C4<0>, C4<0>, C4<0>, C4<0>;
L_0x7f25a1f56180 .functor BUFT 1, C4<0>, C4<0>, C4<0>, C4<0>;
L_0x5611c3d0e260 .functor AND 1, L_0x7f25a1f56138, L_0x7f25a1f56180, C4<1>, C4<1>;
L_0x5611c3d0e330 .functor BUFZ 1, L_0x5611c3d0e260, C4<0>, C4<0>, C4<0>;
L_0x5611c3d0e4a0 .functor BUFZ 1, L_0x5611c3d0e1f0, C4<0>, C4<0>, C4<0>;
v0x5611c3cebae0_0 .net "A0", 0 0, L_0x7f25a1f56138;  1 drivers
v0x5611c3cebbc0_0 .net "A1", 0 0, v0x5611c3d0d9e0_0;  alias, 1 drivers
v0x5611c3cebc80_0 .net "B0", 0 0, L_0x7f25a1f56180;  1 drivers
v0x5611c3cebd50_0 .net "B1", 0 0, v0x5611c3d0d9e0_0;  alias, 1 drivers
v0x5611c3cebe20_0 .net *"_ivl_12", 0 0, L_0x5611c3d0e4a0;  1 drivers
v0x5611c3cebf30_0 .net *"_ivl_7", 0 0, L_0x5611c3d0e330;  1 drivers
L_0x7f25a1f56018 .functor BUFT 1, C4<1>, C4<0>, C4<0>, C4<0>;
v0x5611c3cec010_0 .net "d0", 0 0, L_0x7f25a1f56018;  1 drivers
L_0x7f25a1f56060 .functor BUFT 1, C4<0>, C4<0>, C4<0>, C4<0>;
v0x5611c3cec0d0_0 .net "d1", 0 0, L_0x7f25a1f56060;  1 drivers
L_0x7f25a1f560a8 .functor BUFT 1, C4<1>, C4<0>, C4<0>, C4<0>;
v0x5611c3cec190_0 .net "d2", 0 0, L_0x7f25a1f560a8;  1 drivers
L_0x7f25a1f560f0 .functor BUFT 1, C4<0>, C4<0>, C4<0>, C4<0>;
v0x5611c3cec2e0_0 .net "d3", 0 0, L_0x7f25a1f560f0;  1 drivers
v0x5611c3cec3a0_0 .var "out", 0 0;
v0x5611c3cec4d0_0 .net "s0", 0 0, L_0x5611c3d0e260;  1 drivers
v0x5611c3cec590_0 .net "s1", 0 0, L_0x5611c3d0e1f0;  1 drivers
v0x5611c3cec650_0 .net "sel", 1 0, L_0x5611c3d0e3d0;  1 drivers
E_0x5611c3ce14b0 .event edge, v0x5611c3cec650_0;
L_0x5611c3d0e3d0 .concat8 [ 1 1 0 0], L_0x5611c3d0e4a0, L_0x5611c3d0e330;
S_0x5611c3ceca10 .scope module, "not3" "fpga_not" 4 9, 7 3 0, S_0x5611c3cde540;
 .timescale 0 0;
    .port_info 0 /INPUT 1 "A1";
    .port_info 1 /OUTPUT 1 "out";
v0x5611c3cedc70_0 .net "A1", 0 0, v0x5611c3d0dc90_0;  alias, 1 drivers
v0x5611c3cedd30_0 .net "out", 0 0, v0x5611c3ced800_0;  alias, 1 drivers
S_0x5611c3cecbf0 .scope module, "c2_instance" "c2" 7 5, 6 1 0, S_0x5611c3ceca10;
 .timescale 0 0;
    .port_info 0 /INPUT 1 "d0";
    .port_info 1 /INPUT 1 "d1";
    .port_info 2 /INPUT 1 "d2";
    .port_info 3 /INPUT 1 "d3";
    .port_info 4 /INPUT 1 "A0";
    .port_info 5 /INPUT 1 "A1";
    .port_info 6 /INPUT 1 "B0";
    .port_info 7 /INPUT 1 "B1";
    .port_info 8 /OUTPUT 1 "out";
L_0x5611c3d0e730 .functor OR 1, v0x5611c3d0dc90_0, v0x5611c3d0dc90_0, C4<0>, C4<0>;
L_0x7f25a1f562e8 .functor BUFT 1, C4<0>, C4<0>, C4<0>, C4<0>;
L_0x7f25a1f56330 .functor BUFT 1, C4<0>, C4<0>, C4<0>, C4<0>;
L_0x5611c3d0e7a0 .functor AND 1, L_0x7f25a1f562e8, L_0x7f25a1f56330, C4<1>, C4<1>;
L_0x5611c3d0e840 .functor BUFZ 1, L_0x5611c3d0e7a0, C4<0>, C4<0>, C4<0>;
L_0x5611c3d0ea50 .functor BUFZ 1, L_0x5611c3d0e730, C4<0>, C4<0>, C4<0>;
v0x5611c3cecfa0_0 .net "A0", 0 0, L_0x7f25a1f562e8;  1 drivers
v0x5611c3ced080_0 .net "A1", 0 0, v0x5611c3d0dc90_0;  alias, 1 drivers
v0x5611c3ced140_0 .net "B0", 0 0, L_0x7f25a1f56330;  1 drivers
v0x5611c3ced1e0_0 .net "B1", 0 0, v0x5611c3d0dc90_0;  alias, 1 drivers
v0x5611c3ced280_0 .net *"_ivl_12", 0 0, L_0x5611c3d0ea50;  1 drivers
v0x5611c3ced390_0 .net *"_ivl_7", 0 0, L_0x5611c3d0e840;  1 drivers
L_0x7f25a1f561c8 .functor BUFT 1, C4<1>, C4<0>, C4<0>, C4<0>;
v0x5611c3ced470_0 .net "d0", 0 0, L_0x7f25a1f561c8;  1 drivers
L_0x7f25a1f56210 .functor BUFT 1, C4<0>, C4<0>, C4<0>, C4<0>;
v0x5611c3ced530_0 .net "d1", 0 0, L_0x7f25a1f56210;  1 drivers
L_0x7f25a1f56258 .functor BUFT 1, C4<1>, C4<0>, C4<0>, C4<0>;
v0x5611c3ced5f0_0 .net "d2", 0 0, L_0x7f25a1f56258;  1 drivers
L_0x7f25a1f562a0 .functor BUFT 1, C4<0>, C4<0>, C4<0>, C4<0>;
v0x5611c3ced740_0 .net "d3", 0 0, L_0x7f25a1f562a0;  1 drivers
v0x5611c3ced800_0 .var "out", 0 0;
v0x5611c3ced8a0_0 .net "s0", 0 0, L_0x5611c3d0e7a0;  1 drivers
v0x5611c3ced960_0 .net "s1", 0 0, L_0x5611c3d0e730;  1 drivers
v0x5611c3ceda20_0 .net "sel", 1 0, L_0x5611c3d0e930;  1 drivers
E_0x5611c3cecf20 .event edge, v0x5611c3ceda20_0;
L_0x5611c3d0e930 .concat8 [ 1 1 0 0], L_0x5611c3d0ea50, L_0x5611c3d0e840;
S_0x5611c3cede30 .scope module, "not4" "fpga_not" 4 10, 7 3 0, S_0x5611c3cde540;
 .timescale 0 0;
    .port_info 0 /INPUT 1 "A1";
    .port_info 1 /OUTPUT 1 "out";
v0x5611c3cef0a0_0 .net "A1", 0 0, v0x5611c3d0df40_0;  alias, 1 drivers
v0x5611c3cef160_0 .net "out", 0 0, v0x5611c3ceec60_0;  alias, 1 drivers
S_0x5611c3cee050 .scope module, "c2_instance" "c2" 7 5, 6 1 0, S_0x5611c3cede30;
 .timescale 0 0;
    .port_info 0 /INPUT 1 "d0";
    .port_info 1 /INPUT 1 "d1";
    .port_info 2 /INPUT 1 "d2";
    .port_info 3 /INPUT 1 "d3";
    .port_info 4 /INPUT 1 "A0";
    .port_info 5 /INPUT 1 "A1";
    .port_info 6 /INPUT 1 "B0";
    .port_info 7 /INPUT 1 "B1";
    .port_info 8 /OUTPUT 1 "out";
L_0x5611c3d0eca0 .functor OR 1, v0x5611c3d0df40_0, v0x5611c3d0df40_0, C4<0>, C4<0>;
L_0x7f25a1f56498 .functor BUFT 1, C4<0>, C4<0>, C4<0>, C4<0>;
L_0x7f25a1f564e0 .functor BUFT 1, C4<0>, C4<0>, C4<0>, C4<0>;
L_0x5611c3d0ed10 .functor AND 1, L_0x7f25a1f56498, L_0x7f25a1f564e0, C4<1>, C4<1>;
L_0x5611c3d0ede0 .functor BUFZ 1, L_0x5611c3d0ed10, C4<0>, C4<0>, C4<0>;
L_0x5611c3d0eff0 .functor BUFZ 1, L_0x5611c3d0eca0, C4<0>, C4<0>, C4<0>;
v0x5611c3cee400_0 .net "A0", 0 0, L_0x7f25a1f56498;  1 drivers
v0x5611c3cee4e0_0 .net "A1", 0 0, v0x5611c3d0df40_0;  alias, 1 drivers
v0x5611c3cee5a0_0 .net "B0", 0 0, L_0x7f25a1f564e0;  1 drivers
v0x5611c3cee640_0 .net "B1", 0 0, v0x5611c3d0df40_0;  alias, 1 drivers
v0x5611c3cee6e0_0 .net *"_ivl_12", 0 0, L_0x5611c3d0eff0;  1 drivers
v0x5611c3cee7f0_0 .net *"_ivl_7", 0 0, L_0x5611c3d0ede0;  1 drivers
L_0x7f25a1f56378 .functor BUFT 1, C4<1>, C4<0>, C4<0>, C4<0>;
v0x5611c3cee8d0_0 .net "d0", 0 0, L_0x7f25a1f56378;  1 drivers
L_0x7f25a1f563c0 .functor BUFT 1, C4<0>, C4<0>, C4<0>, C4<0>;
v0x5611c3cee990_0 .net "d1", 0 0, L_0x7f25a1f563c0;  1 drivers
L_0x7f25a1f56408 .functor BUFT 1, C4<1>, C4<0>, C4<0>, C4<0>;
v0x5611c3ceea50_0 .net "d2", 0 0, L_0x7f25a1f56408;  1 drivers
L_0x7f25a1f56450 .functor BUFT 1, C4<0>, C4<0>, C4<0>, C4<0>;
v0x5611c3ceeba0_0 .net "d3", 0 0, L_0x7f25a1f56450;  1 drivers
v0x5611c3ceec60_0 .var "out", 0 0;
v0x5611c3ceed20_0 .net "s0", 0 0, L_0x5611c3d0ed10;  1 drivers
v0x5611c3ceede0_0 .net "s1", 0 0, L_0x5611c3d0eca0;  1 drivers
v0x5611c3ceeea0_0 .net "sel", 1 0, L_0x5611c3d0eed0;  1 drivers
E_0x5611c3cee380 .event edge, v0x5611c3ceeea0_0;
L_0x5611c3d0eed0 .concat8 [ 1 1 0 0], L_0x5611c3d0eff0, L_0x5611c3d0ede0;
S_0x5611c3cefb90 .scope module, "one12" "one1" 3 10, 4 4 0, S_0x5611c3cde880;
 .timescale 0 0;
    .port_info 0 /INPUT 1 "x1";
    .port_info 1 /INPUT 1 "x2";
    .port_info 2 /INPUT 1 "x3";
    .port_info 3 /INPUT 1 "x4";
    .port_info 4 /OUTPUT 1 "out";
v0x5611c3cf7950_0 .net "out", 0 0, v0x5611c3cf35c0_0;  alias, 1 drivers
v0x5611c3cf79f0_0 .net "t1", 0 0, v0x5611c3cf0c00_0;  1 drivers
v0x5611c3cf7b40_0 .net "t2", 0 0, v0x5611c3cf20c0_0;  1 drivers
v0x5611c3cf7c70_0 .net "w2", 0 0, v0x5611c3cf4a90_0;  1 drivers
v0x5611c3cf7d10_0 .net "w3", 0 0, v0x5611c3cf5f20_0;  1 drivers
v0x5611c3cf7e40_0 .net "w4", 0 0, v0x5611c3cf7370_0;  1 drivers
v0x5611c3cf7ee0_0 .net "x1", 0 0, v0x5611c3d0d9e0_0;  alias, 1 drivers
v0x5611c3cf7f80_0 .net "x2", 0 0, v0x5611c3d0d710_0;  alias, 1 drivers
v0x5611c3cf8020_0 .net "x3", 0 0, v0x5611c3d0dc90_0;  alias, 1 drivers
v0x5611c3cf8150_0 .net "x4", 0 0, v0x5611c3d0df40_0;  alias, 1 drivers
S_0x5611c3cefd40 .scope module, "and1" "fpga_and" 4 12, 5 3 0, S_0x5611c3cefb90;
 .timescale 0 0;
    .port_info 0 /INPUT 1 "A0";
    .port_info 1 /INPUT 1 "B0";
    .port_info 2 /OUTPUT 1 "out";
v0x5611c3cf1040_0 .net "A0", 0 0, v0x5611c3d0d9e0_0;  alias, 1 drivers
v0x5611c3cf1100_0 .net "B0", 0 0, v0x5611c3cf4a90_0;  alias, 1 drivers
v0x5611c3cf11c0_0 .net "out", 0 0, v0x5611c3cf0c00_0;  alias, 1 drivers
S_0x5611c3ceff90 .scope module, "c2_instance" "c2" 5 5, 6 1 0, S_0x5611c3cefd40;
 .timescale 0 0;
    .port_info 0 /INPUT 1 "d0";
    .port_info 1 /INPUT 1 "d1";
    .port_info 2 /INPUT 1 "d2";
    .port_info 3 /INPUT 1 "d3";
    .port_info 4 /INPUT 1 "A0";
    .port_info 5 /INPUT 1 "A1";
    .port_info 6 /INPUT 1 "B0";
    .port_info 7 /INPUT 1 "B1";
    .port_info 8 /OUTPUT 1 "out";
L_0x7f25a1f57068 .functor BUFT 1, C4<1>, C4<0>, C4<0>, C4<0>;
L_0x7f25a1f570b0 .functor BUFT 1, C4<0>, C4<0>, C4<0>, C4<0>;
L_0x5611c3d11450 .functor OR 1, L_0x7f25a1f57068, L_0x7f25a1f570b0, C4<0>, C4<0>;
L_0x5611c3d114f0 .functor AND 1, v0x5611c3d0d9e0_0, v0x5611c3cf4a90_0, C4<1>, C4<1>;
L_0x5611c3d11590 .functor BUFZ 1, L_0x5611c3d114f0, C4<0>, C4<0>, C4<0>;
L_0x5611c3d117a0 .functor BUFZ 1, L_0x5611c3d11450, C4<0>, C4<0>, C4<0>;
v0x5611c3cf0340_0 .net "A0", 0 0, v0x5611c3d0d9e0_0;  alias, 1 drivers
v0x5611c3cf0490_0 .net "A1", 0 0, L_0x7f25a1f57068;  1 drivers
v0x5611c3cf0550_0 .net "B0", 0 0, v0x5611c3cf4a90_0;  alias, 1 drivers
v0x5611c3cf05f0_0 .net "B1", 0 0, L_0x7f25a1f570b0;  1 drivers
v0x5611c3cf06b0_0 .net *"_ivl_12", 0 0, L_0x5611c3d117a0;  1 drivers
v0x5611c3cf0790_0 .net *"_ivl_7", 0 0, L_0x5611c3d11590;  1 drivers
L_0x7f25a1f56f48 .functor BUFT 1, C4<0>, C4<0>, C4<0>, C4<0>;
v0x5611c3cf0870_0 .net "d0", 0 0, L_0x7f25a1f56f48;  1 drivers
L_0x7f25a1f56f90 .functor BUFT 1, C4<0>, C4<0>, C4<0>, C4<0>;
v0x5611c3cf0930_0 .net "d1", 0 0, L_0x7f25a1f56f90;  1 drivers
L_0x7f25a1f56fd8 .functor BUFT 1, C4<1>, C4<0>, C4<0>, C4<0>;
v0x5611c3cf09f0_0 .net "d2", 0 0, L_0x7f25a1f56fd8;  1 drivers
L_0x7f25a1f57020 .functor BUFT 1, C4<1>, C4<0>, C4<0>, C4<0>;
v0x5611c3cf0b40_0 .net "d3", 0 0, L_0x7f25a1f57020;  1 drivers
v0x5611c3cf0c00_0 .var "out", 0 0;
v0x5611c3cf0cc0_0 .net "s0", 0 0, L_0x5611c3d114f0;  1 drivers
v0x5611c3cf0d80_0 .net "s1", 0 0, L_0x5611c3d11450;  1 drivers
v0x5611c3cf0e40_0 .net "sel", 1 0, L_0x5611c3d11680;  1 drivers
E_0x5611c3cf02c0 .event edge, v0x5611c3cf0e40_0;
L_0x5611c3d11680 .concat8 [ 1 1 0 0], L_0x5611c3d117a0, L_0x5611c3d11590;
S_0x5611c3cf1260 .scope module, "and2" "fpga_and" 4 13, 5 3 0, S_0x5611c3cefb90;
 .timescale 0 0;
    .port_info 0 /INPUT 1 "A0";
    .port_info 1 /INPUT 1 "B0";
    .port_info 2 /OUTPUT 1 "out";
v0x5611c3cf2500_0 .net "A0", 0 0, v0x5611c3cf4a90_0;  alias, 1 drivers
v0x5611c3cf25c0_0 .net "B0", 0 0, v0x5611c3cf5f20_0;  alias, 1 drivers
v0x5611c3cf2680_0 .net "out", 0 0, v0x5611c3cf20c0_0;  alias, 1 drivers
S_0x5611c3cf1440 .scope module, "c2_instance" "c2" 5 5, 6 1 0, S_0x5611c3cf1260;
 .timescale 0 0;
    .port_info 0 /INPUT 1 "d0";
    .port_info 1 /INPUT 1 "d1";
    .port_info 2 /INPUT 1 "d2";
    .port_info 3 /INPUT 1 "d3";
    .port_info 4 /INPUT 1 "A0";
    .port_info 5 /INPUT 1 "A1";
    .port_info 6 /INPUT 1 "B0";
    .port_info 7 /INPUT 1 "B1";
    .port_info 8 /OUTPUT 1 "out";
L_0x7f25a1f57218 .functor BUFT 1, C4<1>, C4<0>, C4<0>, C4<0>;
L_0x7f25a1f57260 .functor BUFT 1, C4<0>, C4<0>, C4<0>, C4<0>;
L_0x5611c3d119b0 .functor OR 1, L_0x7f25a1f57218, L_0x7f25a1f57260, C4<0>, C4<0>;
L_0x5611c3d11a50 .functor AND 1, v0x5611c3cf4a90_0, v0x5611c3cf5f20_0, C4<1>, C4<1>;
L_0x5611c3d11af0 .functor BUFZ 1, L_0x5611c3d11a50, C4<0>, C4<0>, C4<0>;
L_0x5611c3d11d00 .functor BUFZ 1, L_0x5611c3d119b0, C4<0>, C4<0>, C4<0>;
v0x5611c3cf17f0_0 .net "A0", 0 0, v0x5611c3cf4a90_0;  alias, 1 drivers
v0x5611c3cf1900_0 .net "A1", 0 0, L_0x7f25a1f57218;  1 drivers
v0x5611c3cf19c0_0 .net "B0", 0 0, v0x5611c3cf5f20_0;  alias, 1 drivers
v0x5611c3cf1a60_0 .net "B1", 0 0, L_0x7f25a1f57260;  1 drivers
v0x5611c3cf1b20_0 .net *"_ivl_12", 0 0, L_0x5611c3d11d00;  1 drivers
v0x5611c3cf1c50_0 .net *"_ivl_7", 0 0, L_0x5611c3d11af0;  1 drivers
L_0x7f25a1f570f8 .functor BUFT 1, C4<0>, C4<0>, C4<0>, C4<0>;
v0x5611c3cf1d30_0 .net "d0", 0 0, L_0x7f25a1f570f8;  1 drivers
L_0x7f25a1f57140 .functor BUFT 1, C4<0>, C4<0>, C4<0>, C4<0>;
v0x5611c3cf1df0_0 .net "d1", 0 0, L_0x7f25a1f57140;  1 drivers
L_0x7f25a1f57188 .functor BUFT 1, C4<1>, C4<0>, C4<0>, C4<0>;
v0x5611c3cf1eb0_0 .net "d2", 0 0, L_0x7f25a1f57188;  1 drivers
L_0x7f25a1f571d0 .functor BUFT 1, C4<1>, C4<0>, C4<0>, C4<0>;
v0x5611c3cf2000_0 .net "d3", 0 0, L_0x7f25a1f571d0;  1 drivers
v0x5611c3cf20c0_0 .var "out", 0 0;
v0x5611c3cf2180_0 .net "s0", 0 0, L_0x5611c3d11a50;  1 drivers
v0x5611c3cf2240_0 .net "s1", 0 0, L_0x5611c3d119b0;  1 drivers
v0x5611c3cf2300_0 .net "sel", 1 0, L_0x5611c3d11be0;  1 drivers
E_0x5611c3cf1770 .event edge, v0x5611c3cf2300_0;
L_0x5611c3d11be0 .concat8 [ 1 1 0 0], L_0x5611c3d11d00, L_0x5611c3d11af0;
S_0x5611c3cf2720 .scope module, "and3" "fpga_and" 4 15, 5 3 0, S_0x5611c3cefb90;
 .timescale 0 0;
    .port_info 0 /INPUT 1 "A0";
    .port_info 1 /INPUT 1 "B0";
    .port_info 2 /OUTPUT 1 "out";
v0x5611c3cf3a00_0 .net "A0", 0 0, v0x5611c3cf0c00_0;  alias, 1 drivers
v0x5611c3cf3ac0_0 .net "B0", 0 0, v0x5611c3cf20c0_0;  alias, 1 drivers
v0x5611c3cf3b80_0 .net "out", 0 0, v0x5611c3cf35c0_0;  alias, 1 drivers
S_0x5611c3cf2930 .scope module, "c2_instance" "c2" 5 5, 6 1 0, S_0x5611c3cf2720;
 .timescale 0 0;
    .port_info 0 /INPUT 1 "d0";
    .port_info 1 /INPUT 1 "d1";
    .port_info 2 /INPUT 1 "d2";
    .port_info 3 /INPUT 1 "d3";
    .port_info 4 /INPUT 1 "A0";
    .port_info 5 /INPUT 1 "A1";
    .port_info 6 /INPUT 1 "B0";
    .port_info 7 /INPUT 1 "B1";
    .port_info 8 /OUTPUT 1 "out";
L_0x7f25a1f573c8 .functor BUFT 1, C4<1>, C4<0>, C4<0>, C4<0>;
L_0x7f25a1f57410 .functor BUFT 1, C4<0>, C4<0>, C4<0>, C4<0>;
L_0x5611c3d12320 .functor OR 1, L_0x7f25a1f573c8, L_0x7f25a1f57410, C4<0>, C4<0>;
L_0x5611c3d123c0 .functor AND 1, v0x5611c3cf0c00_0, v0x5611c3cf20c0_0, C4<1>, C4<1>;
L_0x5611c3d12460 .functor BUFZ 1, L_0x5611c3d123c0, C4<0>, C4<0>, C4<0>;
L_0x5611c3d12670 .functor BUFZ 1, L_0x5611c3d12320, C4<0>, C4<0>, C4<0>;
v0x5611c3cf2cc0_0 .net "A0", 0 0, v0x5611c3cf0c00_0;  alias, 1 drivers
v0x5611c3cf2dd0_0 .net "A1", 0 0, L_0x7f25a1f573c8;  1 drivers
v0x5611c3cf2e90_0 .net "B0", 0 0, v0x5611c3cf20c0_0;  alias, 1 drivers
v0x5611c3cf2f80_0 .net "B1", 0 0, L_0x7f25a1f57410;  1 drivers
v0x5611c3cf3020_0 .net *"_ivl_12", 0 0, L_0x5611c3d12670;  1 drivers
v0x5611c3cf3150_0 .net *"_ivl_7", 0 0, L_0x5611c3d12460;  1 drivers
L_0x7f25a1f572a8 .functor BUFT 1, C4<0>, C4<0>, C4<0>, C4<0>;
v0x5611c3cf3230_0 .net "d0", 0 0, L_0x7f25a1f572a8;  1 drivers
L_0x7f25a1f572f0 .functor BUFT 1, C4<0>, C4<0>, C4<0>, C4<0>;
v0x5611c3cf32f0_0 .net "d1", 0 0, L_0x7f25a1f572f0;  1 drivers
L_0x7f25a1f57338 .functor BUFT 1, C4<1>, C4<0>, C4<0>, C4<0>;
v0x5611c3cf33b0_0 .net "d2", 0 0, L_0x7f25a1f57338;  1 drivers
L_0x7f25a1f57380 .functor BUFT 1, C4<1>, C4<0>, C4<0>, C4<0>;
v0x5611c3cf3500_0 .net "d3", 0 0, L_0x7f25a1f57380;  1 drivers
v0x5611c3cf35c0_0 .var "out", 0 0;
v0x5611c3cf3680_0 .net "s0", 0 0, L_0x5611c3d123c0;  1 drivers
v0x5611c3cf3740_0 .net "s1", 0 0, L_0x5611c3d12320;  1 drivers
v0x5611c3cf3800_0 .net "sel", 1 0, L_0x5611c3d12550;  1 drivers
E_0x5611c3cf2c40 .event edge, v0x5611c3cf3800_0;
L_0x5611c3d12550 .concat8 [ 1 1 0 0], L_0x5611c3d12670, L_0x5611c3d12460;
S_0x5611c3cf3c40 .scope module, "not2" "fpga_not" 4 8, 7 3 0, S_0x5611c3cefb90;
 .timescale 0 0;
    .port_info 0 /INPUT 1 "A1";
    .port_info 1 /OUTPUT 1 "out";
v0x5611c3cf4f40_0 .net "A1", 0 0, v0x5611c3d0d710_0;  alias, 1 drivers
v0x5611c3cf5000_0 .net "out", 0 0, v0x5611c3cf4a90_0;  alias, 1 drivers
S_0x5611c3cf3e10 .scope module, "c2_instance" "c2" 7 5, 6 1 0, S_0x5611c3cf3c40;
 .timescale 0 0;
    .port_info 0 /INPUT 1 "d0";
    .port_info 1 /INPUT 1 "d1";
    .port_info 2 /INPUT 1 "d2";
    .port_info 3 /INPUT 1 "d3";
    .port_info 4 /INPUT 1 "A0";
    .port_info 5 /INPUT 1 "A1";
    .port_info 6 /INPUT 1 "B0";
    .port_info 7 /INPUT 1 "B1";
    .port_info 8 /OUTPUT 1 "out";
L_0x5611c3d10430 .functor OR 1, v0x5611c3d0d710_0, v0x5611c3d0d710_0, C4<0>, C4<0>;
L_0x7f25a1f56b58 .functor BUFT 1, C4<0>, C4<0>, C4<0>, C4<0>;
L_0x7f25a1f56ba0 .functor BUFT 1, C4<0>, C4<0>, C4<0>, C4<0>;
L_0x5611c3d104a0 .functor AND 1, L_0x7f25a1f56b58, L_0x7f25a1f56ba0, C4<1>, C4<1>;
L_0x5611c3d10570 .functor BUFZ 1, L_0x5611c3d104a0, C4<0>, C4<0>, C4<0>;
L_0x5611c3d10780 .functor BUFZ 1, L_0x5611c3d10430, C4<0>, C4<0>, C4<0>;
v0x5611c3cf41c0_0 .net "A0", 0 0, L_0x7f25a1f56b58;  1 drivers
v0x5611c3cf42a0_0 .net "A1", 0 0, v0x5611c3d0d710_0;  alias, 1 drivers
v0x5611c3cf4360_0 .net "B0", 0 0, L_0x7f25a1f56ba0;  1 drivers
v0x5611c3cf4430_0 .net "B1", 0 0, v0x5611c3d0d710_0;  alias, 1 drivers
v0x5611c3cf4560_0 .net *"_ivl_12", 0 0, L_0x5611c3d10780;  1 drivers
v0x5611c3cf4620_0 .net *"_ivl_7", 0 0, L_0x5611c3d10570;  1 drivers
L_0x7f25a1f56a38 .functor BUFT 1, C4<1>, C4<0>, C4<0>, C4<0>;
v0x5611c3cf4700_0 .net "d0", 0 0, L_0x7f25a1f56a38;  1 drivers
L_0x7f25a1f56a80 .functor BUFT 1, C4<0>, C4<0>, C4<0>, C4<0>;
v0x5611c3cf47c0_0 .net "d1", 0 0, L_0x7f25a1f56a80;  1 drivers
L_0x7f25a1f56ac8 .functor BUFT 1, C4<1>, C4<0>, C4<0>, C4<0>;
v0x5611c3cf4880_0 .net "d2", 0 0, L_0x7f25a1f56ac8;  1 drivers
L_0x7f25a1f56b10 .functor BUFT 1, C4<0>, C4<0>, C4<0>, C4<0>;
v0x5611c3cf49d0_0 .net "d3", 0 0, L_0x7f25a1f56b10;  1 drivers
v0x5611c3cf4a90_0 .var "out", 0 0;
v0x5611c3cf4bc0_0 .net "s0", 0 0, L_0x5611c3d104a0;  1 drivers
v0x5611c3cf4c80_0 .net "s1", 0 0, L_0x5611c3d10430;  1 drivers
v0x5611c3cf4d40_0 .net "sel", 1 0, L_0x5611c3d10660;  1 drivers
E_0x5611c3cf4140 .event edge, v0x5611c3cf4d40_0;
L_0x5611c3d10660 .concat8 [ 1 1 0 0], L_0x5611c3d10780, L_0x5611c3d10570;
S_0x5611c3cf5100 .scope module, "not3" "fpga_not" 4 9, 7 3 0, S_0x5611c3cefb90;
 .timescale 0 0;
    .port_info 0 /INPUT 1 "A1";
    .port_info 1 /OUTPUT 1 "out";
v0x5611c3cf6390_0 .net "A1", 0 0, v0x5611c3d0dc90_0;  alias, 1 drivers
v0x5611c3cf6450_0 .net "out", 0 0, v0x5611c3cf5f20_0;  alias, 1 drivers
S_0x5611c3cf52d0 .scope module, "c2_instance" "c2" 7 5, 6 1 0, S_0x5611c3cf5100;
 .timescale 0 0;
    .port_info 0 /INPUT 1 "d0";
    .port_info 1 /INPUT 1 "d1";
    .port_info 2 /INPUT 1 "d2";
    .port_info 3 /INPUT 1 "d3";
    .port_info 4 /INPUT 1 "A0";
    .port_info 5 /INPUT 1 "A1";
    .port_info 6 /INPUT 1 "B0";
    .port_info 7 /INPUT 1 "B1";
    .port_info 8 /OUTPUT 1 "out";
L_0x5611c3d10990 .functor OR 1, v0x5611c3d0dc90_0, v0x5611c3d0dc90_0, C4<0>, C4<0>;
L_0x7f25a1f56d08 .functor BUFT 1, C4<0>, C4<0>, C4<0>, C4<0>;
L_0x7f25a1f56d50 .functor BUFT 1, C4<0>, C4<0>, C4<0>, C4<0>;
L_0x5611c3d10a00 .functor AND 1, L_0x7f25a1f56d08, L_0x7f25a1f56d50, C4<1>, C4<1>;
L_0x5611c3d10ad0 .functor BUFZ 1, L_0x5611c3d10a00, C4<0>, C4<0>, C4<0>;
L_0x5611c3d10ce0 .functor BUFZ 1, L_0x5611c3d10990, C4<0>, C4<0>, C4<0>;
v0x5611c3cf5680_0 .net "A0", 0 0, L_0x7f25a1f56d08;  1 drivers
v0x5611c3cf5760_0 .net "A1", 0 0, v0x5611c3d0dc90_0;  alias, 1 drivers
v0x5611c3cf58b0_0 .net "B0", 0 0, L_0x7f25a1f56d50;  1 drivers
v0x5611c3cf5950_0 .net "B1", 0 0, v0x5611c3d0dc90_0;  alias, 1 drivers
v0x5611c3cf59f0_0 .net *"_ivl_12", 0 0, L_0x5611c3d10ce0;  1 drivers
v0x5611c3cf5ab0_0 .net *"_ivl_7", 0 0, L_0x5611c3d10ad0;  1 drivers
L_0x7f25a1f56be8 .functor BUFT 1, C4<1>, C4<0>, C4<0>, C4<0>;
v0x5611c3cf5b90_0 .net "d0", 0 0, L_0x7f25a1f56be8;  1 drivers
L_0x7f25a1f56c30 .functor BUFT 1, C4<0>, C4<0>, C4<0>, C4<0>;
v0x5611c3cf5c50_0 .net "d1", 0 0, L_0x7f25a1f56c30;  1 drivers
L_0x7f25a1f56c78 .functor BUFT 1, C4<1>, C4<0>, C4<0>, C4<0>;
v0x5611c3cf5d10_0 .net "d2", 0 0, L_0x7f25a1f56c78;  1 drivers
L_0x7f25a1f56cc0 .functor BUFT 1, C4<0>, C4<0>, C4<0>, C4<0>;
v0x5611c3cf5e60_0 .net "d3", 0 0, L_0x7f25a1f56cc0;  1 drivers
v0x5611c3cf5f20_0 .var "out", 0 0;
v0x5611c3cf5fc0_0 .net "s0", 0 0, L_0x5611c3d10a00;  1 drivers
v0x5611c3cf6080_0 .net "s1", 0 0, L_0x5611c3d10990;  1 drivers
v0x5611c3cf6140_0 .net "sel", 1 0, L_0x5611c3d10bc0;  1 drivers
E_0x5611c3cf5600 .event edge, v0x5611c3cf6140_0;
L_0x5611c3d10bc0 .concat8 [ 1 1 0 0], L_0x5611c3d10ce0, L_0x5611c3d10ad0;
S_0x5611c3cf6550 .scope module, "not4" "fpga_not" 4 10, 7 3 0, S_0x5611c3cefb90;
 .timescale 0 0;
    .port_info 0 /INPUT 1 "A1";
    .port_info 1 /OUTPUT 1 "out";
v0x5611c3cf77b0_0 .net "A1", 0 0, v0x5611c3d0df40_0;  alias, 1 drivers
v0x5611c3cf7870_0 .net "out", 0 0, v0x5611c3cf7370_0;  alias, 1 drivers
S_0x5611c3cf6720 .scope module, "c2_instance" "c2" 7 5, 6 1 0, S_0x5611c3cf6550;
 .timescale 0 0;
    .port_info 0 /INPUT 1 "d0";
    .port_info 1 /INPUT 1 "d1";
    .port_info 2 /INPUT 1 "d2";
    .port_info 3 /INPUT 1 "d3";
    .port_info 4 /INPUT 1 "A0";
    .port_info 5 /INPUT 1 "A1";
    .port_info 6 /INPUT 1 "B0";
    .port_info 7 /INPUT 1 "B1";
    .port_info 8 /OUTPUT 1 "out";
L_0x5611c3d10ef0 .functor OR 1, v0x5611c3d0df40_0, v0x5611c3d0df40_0, C4<0>, C4<0>;
L_0x7f25a1f56eb8 .functor BUFT 1, C4<0>, C4<0>, C4<0>, C4<0>;
L_0x7f25a1f56f00 .functor BUFT 1, C4<0>, C4<0>, C4<0>, C4<0>;
L_0x5611c3d10f60 .functor AND 1, L_0x7f25a1f56eb8, L_0x7f25a1f56f00, C4<1>, C4<1>;
L_0x5611c3d11030 .functor BUFZ 1, L_0x5611c3d10f60, C4<0>, C4<0>, C4<0>;
L_0x5611c3d11240 .functor BUFZ 1, L_0x5611c3d10ef0, C4<0>, C4<0>, C4<0>;
v0x5611c3cf6ad0_0 .net "A0", 0 0, L_0x7f25a1f56eb8;  1 drivers
v0x5611c3cf6bb0_0 .net "A1", 0 0, v0x5611c3d0df40_0;  alias, 1 drivers
v0x5611c3cf6d00_0 .net "B0", 0 0, L_0x7f25a1f56f00;  1 drivers
v0x5611c3cf6da0_0 .net "B1", 0 0, v0x5611c3d0df40_0;  alias, 1 drivers
v0x5611c3cf6e40_0 .net *"_ivl_12", 0 0, L_0x5611c3d11240;  1 drivers
v0x5611c3cf6f00_0 .net *"_ivl_7", 0 0, L_0x5611c3d11030;  1 drivers
L_0x7f25a1f56d98 .functor BUFT 1, C4<1>, C4<0>, C4<0>, C4<0>;
v0x5611c3cf6fe0_0 .net "d0", 0 0, L_0x7f25a1f56d98;  1 drivers
L_0x7f25a1f56de0 .functor BUFT 1, C4<0>, C4<0>, C4<0>, C4<0>;
v0x5611c3cf70a0_0 .net "d1", 0 0, L_0x7f25a1f56de0;  1 drivers
L_0x7f25a1f56e28 .functor BUFT 1, C4<1>, C4<0>, C4<0>, C4<0>;
v0x5611c3cf7160_0 .net "d2", 0 0, L_0x7f25a1f56e28;  1 drivers
L_0x7f25a1f56e70 .functor BUFT 1, C4<0>, C4<0>, C4<0>, C4<0>;
v0x5611c3cf72b0_0 .net "d3", 0 0, L_0x7f25a1f56e70;  1 drivers
v0x5611c3cf7370_0 .var "out", 0 0;
v0x5611c3cf7430_0 .net "s0", 0 0, L_0x5611c3d10f60;  1 drivers
v0x5611c3cf74f0_0 .net "s1", 0 0, L_0x5611c3d10ef0;  1 drivers
v0x5611c3cf75b0_0 .net "sel", 1 0, L_0x5611c3d11120;  1 drivers
E_0x5611c3cf6a50 .event edge, v0x5611c3cf75b0_0;
L_0x5611c3d11120 .concat8 [ 1 1 0 0], L_0x5611c3d11240, L_0x5611c3d11030;
S_0x5611c3cf8250 .scope module, "one13" "one1" 3 11, 4 4 0, S_0x5611c3cde880;
 .timescale 0 0;
    .port_info 0 /INPUT 1 "x1";
    .port_info 1 /INPUT 1 "x2";
    .port_info 2 /INPUT 1 "x3";
    .port_info 3 /INPUT 1 "x4";
    .port_info 4 /OUTPUT 1 "out";
v0x5611c3cfff10_0 .net "out", 0 0, v0x5611c3cfbbd0_0;  alias, 1 drivers
v0x5611c3cfffb0_0 .net "t1", 0 0, v0x5611c3cf9180_0;  1 drivers
v0x5611c3d00100_0 .net "t2", 0 0, v0x5611c3cfa670_0;  1 drivers
v0x5611c3d00230_0 .net "w2", 0 0, v0x5611c3cfcfd0_0;  1 drivers
v0x5611c3d002d0_0 .net "w3", 0 0, v0x5611c3cfe4a0_0;  1 drivers
v0x5611c3d00400_0 .net "w4", 0 0, v0x5611c3cff930_0;  1 drivers
v0x5611c3d004a0_0 .net "x1", 0 0, v0x5611c3d0dc90_0;  alias, 1 drivers
v0x5611c3d00540_0 .net "x2", 0 0, v0x5611c3d0d9e0_0;  alias, 1 drivers
v0x5611c3d005e0_0 .net "x3", 0 0, v0x5611c3d0d710_0;  alias, 1 drivers
v0x5611c3d00710_0 .net "x4", 0 0, v0x5611c3d0df40_0;  alias, 1 drivers
S_0x5611c3cf83e0 .scope module, "and1" "fpga_and" 4 12, 5 3 0, S_0x5611c3cf8250;
 .timescale 0 0;
    .port_info 0 /INPUT 1 "A0";
    .port_info 1 /INPUT 1 "B0";
    .port_info 2 /OUTPUT 1 "out";
v0x5611c3cf95c0_0 .net "A0", 0 0, v0x5611c3d0dc90_0;  alias, 1 drivers
v0x5611c3cf9680_0 .net "B0", 0 0, v0x5611c3cfcfd0_0;  alias, 1 drivers
v0x5611c3cf9740_0 .net "out", 0 0, v0x5611c3cf9180_0;  alias, 1 drivers
S_0x5611c3cf85e0 .scope module, "c2_instance" "c2" 5 5, 6 1 0, S_0x5611c3cf83e0;
 .timescale 0 0;
    .port_info 0 /INPUT 1 "d0";
    .port_info 1 /INPUT 1 "d1";
    .port_info 2 /INPUT 1 "d2";
    .port_info 3 /INPUT 1 "d3";
    .port_info 4 /INPUT 1 "A0";
    .port_info 5 /INPUT 1 "A1";
    .port_info 6 /INPUT 1 "B0";
    .port_info 7 /INPUT 1 "B1";
    .port_info 8 /OUTPUT 1 "out";
L_0x7f25a1f57a88 .functor BUFT 1, C4<1>, C4<0>, C4<0>, C4<0>;
L_0x7f25a1f57ad0 .functor BUFT 1, C4<0>, C4<0>, C4<0>, C4<0>;
L_0x5611c3d138a0 .functor OR 1, L_0x7f25a1f57a88, L_0x7f25a1f57ad0, C4<0>, C4<0>;
L_0x5611c3d13940 .functor AND 1, v0x5611c3d0dc90_0, v0x5611c3cfcfd0_0, C4<1>, C4<1>;
L_0x5611c3d139e0 .functor BUFZ 1, L_0x5611c3d13940, C4<0>, C4<0>, C4<0>;
L_0x5611c3d13bf0 .functor BUFZ 1, L_0x5611c3d138a0, C4<0>, C4<0>, C4<0>;
v0x5611c3cf8990_0 .net "A0", 0 0, v0x5611c3d0dc90_0;  alias, 1 drivers
v0x5611c3cf8a50_0 .net "A1", 0 0, L_0x7f25a1f57a88;  1 drivers
v0x5611c3cf8b10_0 .net "B0", 0 0, v0x5611c3cfcfd0_0;  alias, 1 drivers
v0x5611c3cf8bb0_0 .net "B1", 0 0, L_0x7f25a1f57ad0;  1 drivers
v0x5611c3cf8c70_0 .net *"_ivl_12", 0 0, L_0x5611c3d13bf0;  1 drivers
v0x5611c3cf8da0_0 .net *"_ivl_7", 0 0, L_0x5611c3d139e0;  1 drivers
L_0x7f25a1f57968 .functor BUFT 1, C4<0>, C4<0>, C4<0>, C4<0>;
v0x5611c3cf8e80_0 .net "d0", 0 0, L_0x7f25a1f57968;  1 drivers
L_0x7f25a1f579b0 .functor BUFT 1, C4<0>, C4<0>, C4<0>, C4<0>;
v0x5611c3cf8f40_0 .net "d1", 0 0, L_0x7f25a1f579b0;  1 drivers
L_0x7f25a1f579f8 .functor BUFT 1, C4<1>, C4<0>, C4<0>, C4<0>;
v0x5611c3cf9000_0 .net "d2", 0 0, L_0x7f25a1f579f8;  1 drivers
L_0x7f25a1f57a40 .functor BUFT 1, C4<1>, C4<0>, C4<0>, C4<0>;
v0x5611c3cf90c0_0 .net "d3", 0 0, L_0x7f25a1f57a40;  1 drivers
v0x5611c3cf9180_0 .var "out", 0 0;
v0x5611c3cf9240_0 .net "s0", 0 0, L_0x5611c3d13940;  1 drivers
v0x5611c3cf9300_0 .net "s1", 0 0, L_0x5611c3d138a0;  1 drivers
v0x5611c3cf93c0_0 .net "sel", 1 0, L_0x5611c3d13ad0;  1 drivers
E_0x5611c3cf8910 .event edge, v0x5611c3cf93c0_0;
L_0x5611c3d13ad0 .concat8 [ 1 1 0 0], L_0x5611c3d13bf0, L_0x5611c3d139e0;
S_0x5611c3cf9810 .scope module, "and2" "fpga_and" 4 13, 5 3 0, S_0x5611c3cf8250;
 .timescale 0 0;
    .port_info 0 /INPUT 1 "A0";
    .port_info 1 /INPUT 1 "B0";
    .port_info 2 /OUTPUT 1 "out";
v0x5611c3cfaab0_0 .net "A0", 0 0, v0x5611c3cfcfd0_0;  alias, 1 drivers
v0x5611c3cfab70_0 .net "B0", 0 0, v0x5611c3cfe4a0_0;  alias, 1 drivers
v0x5611c3cfac30_0 .net "out", 0 0, v0x5611c3cfa670_0;  alias, 1 drivers
S_0x5611c3cf99f0 .scope module, "c2_instance" "c2" 5 5, 6 1 0, S_0x5611c3cf9810;
 .timescale 0 0;
    .port_info 0 /INPUT 1 "d0";
    .port_info 1 /INPUT 1 "d1";
    .port_info 2 /INPUT 1 "d2";
    .port_info 3 /INPUT 1 "d3";
    .port_info 4 /INPUT 1 "A0";
    .port_info 5 /INPUT 1 "A1";
    .port_info 6 /INPUT 1 "B0";
    .port_info 7 /INPUT 1 "B1";
    .port_info 8 /OUTPUT 1 "out";
L_0x7f25a1f57c38 .functor BUFT 1, C4<1>, C4<0>, C4<0>, C4<0>;
L_0x7f25a1f57c80 .functor BUFT 1, C4<0>, C4<0>, C4<0>, C4<0>;
L_0x5611c3d13e00 .functor OR 1, L_0x7f25a1f57c38, L_0x7f25a1f57c80, C4<0>, C4<0>;
L_0x5611c3d13ea0 .functor AND 1, v0x5611c3cfcfd0_0, v0x5611c3cfe4a0_0, C4<1>, C4<1>;
L_0x5611c3d13f40 .functor BUFZ 1, L_0x5611c3d13ea0, C4<0>, C4<0>, C4<0>;
L_0x5611c3d14150 .functor BUFZ 1, L_0x5611c3d13e00, C4<0>, C4<0>, C4<0>;
v0x5611c3cf9da0_0 .net "A0", 0 0, v0x5611c3cfcfd0_0;  alias, 1 drivers
v0x5611c3cf9eb0_0 .net "A1", 0 0, L_0x7f25a1f57c38;  1 drivers
v0x5611c3cf9f70_0 .net "B0", 0 0, v0x5611c3cfe4a0_0;  alias, 1 drivers
v0x5611c3cfa010_0 .net "B1", 0 0, L_0x7f25a1f57c80;  1 drivers
v0x5611c3cfa0d0_0 .net *"_ivl_12", 0 0, L_0x5611c3d14150;  1 drivers
v0x5611c3cfa200_0 .net *"_ivl_7", 0 0, L_0x5611c3d13f40;  1 drivers
L_0x7f25a1f57b18 .functor BUFT 1, C4<0>, C4<0>, C4<0>, C4<0>;
v0x5611c3cfa2e0_0 .net "d0", 0 0, L_0x7f25a1f57b18;  1 drivers
L_0x7f25a1f57b60 .functor BUFT 1, C4<0>, C4<0>, C4<0>, C4<0>;
v0x5611c3cfa3a0_0 .net "d1", 0 0, L_0x7f25a1f57b60;  1 drivers
L_0x7f25a1f57ba8 .functor BUFT 1, C4<1>, C4<0>, C4<0>, C4<0>;
v0x5611c3cfa460_0 .net "d2", 0 0, L_0x7f25a1f57ba8;  1 drivers
L_0x7f25a1f57bf0 .functor BUFT 1, C4<1>, C4<0>, C4<0>, C4<0>;
v0x5611c3cfa5b0_0 .net "d3", 0 0, L_0x7f25a1f57bf0;  1 drivers
v0x5611c3cfa670_0 .var "out", 0 0;
v0x5611c3cfa730_0 .net "s0", 0 0, L_0x5611c3d13ea0;  1 drivers
v0x5611c3cfa7f0_0 .net "s1", 0 0, L_0x5611c3d13e00;  1 drivers
v0x5611c3cfa8b0_0 .net "sel", 1 0, L_0x5611c3d14030;  1 drivers
E_0x5611c3cf9d20 .event edge, v0x5611c3cfa8b0_0;
L_0x5611c3d14030 .concat8 [ 1 1 0 0], L_0x5611c3d14150, L_0x5611c3d13f40;
S_0x5611c3cfad30 .scope module, "and3" "fpga_and" 4 15, 5 3 0, S_0x5611c3cf8250;
 .timescale 0 0;
    .port_info 0 /INPUT 1 "A0";
    .port_info 1 /INPUT 1 "B0";
    .port_info 2 /OUTPUT 1 "out";
v0x5611c3cfc010_0 .net "A0", 0 0, v0x5611c3cf9180_0;  alias, 1 drivers
v0x5611c3cfc0d0_0 .net "B0", 0 0, v0x5611c3cfa670_0;  alias, 1 drivers
v0x5611c3cfc190_0 .net "out", 0 0, v0x5611c3cfbbd0_0;  alias, 1 drivers
S_0x5611c3cfaf40 .scope module, "c2_instance" "c2" 5 5, 6 1 0, S_0x5611c3cfad30;
 .timescale 0 0;
    .port_info 0 /INPUT 1 "d0";
    .port_info 1 /INPUT 1 "d1";
    .port_info 2 /INPUT 1 "d2";
    .port_info 3 /INPUT 1 "d3";
    .port_info 4 /INPUT 1 "A0";
    .port_info 5 /INPUT 1 "A1";
    .port_info 6 /INPUT 1 "B0";
    .port_info 7 /INPUT 1 "B1";
    .port_info 8 /OUTPUT 1 "out";
L_0x7f25a1f57de8 .functor BUFT 1, C4<1>, C4<0>, C4<0>, C4<0>;
L_0x7f25a1f57e30 .functor BUFT 1, C4<0>, C4<0>, C4<0>, C4<0>;
L_0x5611c3d14360 .functor OR 1, L_0x7f25a1f57de8, L_0x7f25a1f57e30, C4<0>, C4<0>;
L_0x5611c3d14400 .functor AND 1, v0x5611c3cf9180_0, v0x5611c3cfa670_0, C4<1>, C4<1>;
L_0x5611c3d144a0 .functor BUFZ 1, L_0x5611c3d14400, C4<0>, C4<0>, C4<0>;
L_0x5611c3d146b0 .functor BUFZ 1, L_0x5611c3d14360, C4<0>, C4<0>, C4<0>;
v0x5611c3cfb2d0_0 .net "A0", 0 0, v0x5611c3cf9180_0;  alias, 1 drivers
v0x5611c3cfb3e0_0 .net "A1", 0 0, L_0x7f25a1f57de8;  1 drivers
v0x5611c3cfb4a0_0 .net "B0", 0 0, v0x5611c3cfa670_0;  alias, 1 drivers
v0x5611c3cfb590_0 .net "B1", 0 0, L_0x7f25a1f57e30;  1 drivers
v0x5611c3cfb630_0 .net *"_ivl_12", 0 0, L_0x5611c3d146b0;  1 drivers
v0x5611c3cfb760_0 .net *"_ivl_7", 0 0, L_0x5611c3d144a0;  1 drivers
L_0x7f25a1f57cc8 .functor BUFT 1, C4<0>, C4<0>, C4<0>, C4<0>;
v0x5611c3cfb840_0 .net "d0", 0 0, L_0x7f25a1f57cc8;  1 drivers
L_0x7f25a1f57d10 .functor BUFT 1, C4<0>, C4<0>, C4<0>, C4<0>;
v0x5611c3cfb900_0 .net "d1", 0 0, L_0x7f25a1f57d10;  1 drivers
L_0x7f25a1f57d58 .functor BUFT 1, C4<1>, C4<0>, C4<0>, C4<0>;
v0x5611c3cfb9c0_0 .net "d2", 0 0, L_0x7f25a1f57d58;  1 drivers
L_0x7f25a1f57da0 .functor BUFT 1, C4<1>, C4<0>, C4<0>, C4<0>;
v0x5611c3cfbb10_0 .net "d3", 0 0, L_0x7f25a1f57da0;  1 drivers
v0x5611c3cfbbd0_0 .var "out", 0 0;
v0x5611c3cfbc90_0 .net "s0", 0 0, L_0x5611c3d14400;  1 drivers
v0x5611c3cfbd50_0 .net "s1", 0 0, L_0x5611c3d14360;  1 drivers
v0x5611c3cfbe10_0 .net "sel", 1 0, L_0x5611c3d14590;  1 drivers
E_0x5611c3cfb250 .event edge, v0x5611c3cfbe10_0;
L_0x5611c3d14590 .concat8 [ 1 1 0 0], L_0x5611c3d146b0, L_0x5611c3d144a0;
S_0x5611c3cfc250 .scope module, "not2" "fpga_not" 4 8, 7 3 0, S_0x5611c3cf8250;
 .timescale 0 0;
    .port_info 0 /INPUT 1 "A1";
    .port_info 1 /OUTPUT 1 "out";
v0x5611c3cfd480_0 .net "A1", 0 0, v0x5611c3d0d9e0_0;  alias, 1 drivers
v0x5611c3cfd540_0 .net "out", 0 0, v0x5611c3cfcfd0_0;  alias, 1 drivers
S_0x5611c3cfc420 .scope module, "c2_instance" "c2" 7 5, 6 1 0, S_0x5611c3cfc250;
 .timescale 0 0;
    .port_info 0 /INPUT 1 "d0";
    .port_info 1 /INPUT 1 "d1";
    .port_info 2 /INPUT 1 "d2";
    .port_info 3 /INPUT 1 "d3";
    .port_info 4 /INPUT 1 "A0";
    .port_info 5 /INPUT 1 "A1";
    .port_info 6 /INPUT 1 "B0";
    .port_info 7 /INPUT 1 "B1";
    .port_info 8 /OUTPUT 1 "out";
L_0x5611c3d12880 .functor OR 1, v0x5611c3d0d9e0_0, v0x5611c3d0d9e0_0, C4<0>, C4<0>;
L_0x7f25a1f57578 .functor BUFT 1, C4<0>, C4<0>, C4<0>, C4<0>;
L_0x7f25a1f575c0 .functor BUFT 1, C4<0>, C4<0>, C4<0>, C4<0>;
L_0x5611c3d128f0 .functor AND 1, L_0x7f25a1f57578, L_0x7f25a1f575c0, C4<1>, C4<1>;
L_0x5611c3d129c0 .functor BUFZ 1, L_0x5611c3d128f0, C4<0>, C4<0>, C4<0>;
L_0x5611c3d12bd0 .functor BUFZ 1, L_0x5611c3d12880, C4<0>, C4<0>, C4<0>;
v0x5611c3cfc7d0_0 .net "A0", 0 0, L_0x7f25a1f57578;  1 drivers
v0x5611c3cfc8b0_0 .net "A1", 0 0, v0x5611c3d0d9e0_0;  alias, 1 drivers
v0x5611c3cfc970_0 .net "B0", 0 0, L_0x7f25a1f575c0;  1 drivers
v0x5611c3cfca40_0 .net "B1", 0 0, v0x5611c3d0d9e0_0;  alias, 1 drivers
v0x5611c3cfcae0_0 .net *"_ivl_12", 0 0, L_0x5611c3d12bd0;  1 drivers
v0x5611c3cfcbf0_0 .net *"_ivl_7", 0 0, L_0x5611c3d129c0;  1 drivers
L_0x7f25a1f57458 .functor BUFT 1, C4<1>, C4<0>, C4<0>, C4<0>;
v0x5611c3cfccd0_0 .net "d0", 0 0, L_0x7f25a1f57458;  1 drivers
L_0x7f25a1f574a0 .functor BUFT 1, C4<0>, C4<0>, C4<0>, C4<0>;
v0x5611c3cfcd90_0 .net "d1", 0 0, L_0x7f25a1f574a0;  1 drivers
L_0x7f25a1f574e8 .functor BUFT 1, C4<1>, C4<0>, C4<0>, C4<0>;
v0x5611c3cfce50_0 .net "d2", 0 0, L_0x7f25a1f574e8;  1 drivers
L_0x7f25a1f57530 .functor BUFT 1, C4<0>, C4<0>, C4<0>, C4<0>;
v0x5611c3cfcf10_0 .net "d3", 0 0, L_0x7f25a1f57530;  1 drivers
v0x5611c3cfcfd0_0 .var "out", 0 0;
v0x5611c3cfd100_0 .net "s0", 0 0, L_0x5611c3d128f0;  1 drivers
v0x5611c3cfd1c0_0 .net "s1", 0 0, L_0x5611c3d12880;  1 drivers
v0x5611c3cfd280_0 .net "sel", 1 0, L_0x5611c3d12ab0;  1 drivers
E_0x5611c3cfc750 .event edge, v0x5611c3cfd280_0;
L_0x5611c3d12ab0 .concat8 [ 1 1 0 0], L_0x5611c3d12bd0, L_0x5611c3d129c0;
S_0x5611c3cfd640 .scope module, "not3" "fpga_not" 4 9, 7 3 0, S_0x5611c3cf8250;
 .timescale 0 0;
    .port_info 0 /INPUT 1 "A1";
    .port_info 1 /OUTPUT 1 "out";
v0x5611c3cfe910_0 .net "A1", 0 0, v0x5611c3d0d710_0;  alias, 1 drivers
v0x5611c3cfe9d0_0 .net "out", 0 0, v0x5611c3cfe4a0_0;  alias, 1 drivers
S_0x5611c3cfd810 .scope module, "c2_instance" "c2" 7 5, 6 1 0, S_0x5611c3cfd640;
 .timescale 0 0;
    .port_info 0 /INPUT 1 "d0";
    .port_info 1 /INPUT 1 "d1";
    .port_info 2 /INPUT 1 "d2";
    .port_info 3 /INPUT 1 "d3";
    .port_info 4 /INPUT 1 "A0";
    .port_info 5 /INPUT 1 "A1";
    .port_info 6 /INPUT 1 "B0";
    .port_info 7 /INPUT 1 "B1";
    .port_info 8 /OUTPUT 1 "out";
L_0x5611c3d12de0 .functor OR 1, v0x5611c3d0d710_0, v0x5611c3d0d710_0, C4<0>, C4<0>;
L_0x7f25a1f57728 .functor BUFT 1, C4<0>, C4<0>, C4<0>, C4<0>;
L_0x7f25a1f57770 .functor BUFT 1, C4<0>, C4<0>, C4<0>, C4<0>;
L_0x5611c3d12e50 .functor AND 1, L_0x7f25a1f57728, L_0x7f25a1f57770, C4<1>, C4<1>;
L_0x5611c3d12f20 .functor BUFZ 1, L_0x5611c3d12e50, C4<0>, C4<0>, C4<0>;
L_0x5611c3d13130 .functor BUFZ 1, L_0x5611c3d12de0, C4<0>, C4<0>, C4<0>;
v0x5611c3cfdbc0_0 .net "A0", 0 0, L_0x7f25a1f57728;  1 drivers
v0x5611c3cfdca0_0 .net "A1", 0 0, v0x5611c3d0d710_0;  alias, 1 drivers
v0x5611c3cfdd60_0 .net "B0", 0 0, L_0x7f25a1f57770;  1 drivers
v0x5611c3cfde00_0 .net "B1", 0 0, v0x5611c3d0d710_0;  alias, 1 drivers
v0x5611c3cfdfb0_0 .net *"_ivl_12", 0 0, L_0x5611c3d13130;  1 drivers
v0x5611c3cfe0c0_0 .net *"_ivl_7", 0 0, L_0x5611c3d12f20;  1 drivers
L_0x7f25a1f57608 .functor BUFT 1, C4<1>, C4<0>, C4<0>, C4<0>;
v0x5611c3cfe1a0_0 .net "d0", 0 0, L_0x7f25a1f57608;  1 drivers
L_0x7f25a1f57650 .functor BUFT 1, C4<0>, C4<0>, C4<0>, C4<0>;
v0x5611c3cfe260_0 .net "d1", 0 0, L_0x7f25a1f57650;  1 drivers
L_0x7f25a1f57698 .functor BUFT 1, C4<1>, C4<0>, C4<0>, C4<0>;
v0x5611c3cfe320_0 .net "d2", 0 0, L_0x7f25a1f57698;  1 drivers
L_0x7f25a1f576e0 .functor BUFT 1, C4<0>, C4<0>, C4<0>, C4<0>;
v0x5611c3cfe3e0_0 .net "d3", 0 0, L_0x7f25a1f576e0;  1 drivers
v0x5611c3cfe4a0_0 .var "out", 0 0;
v0x5611c3cfe540_0 .net "s0", 0 0, L_0x5611c3d12e50;  1 drivers
v0x5611c3cfe600_0 .net "s1", 0 0, L_0x5611c3d12de0;  1 drivers
v0x5611c3cfe6c0_0 .net "sel", 1 0, L_0x5611c3d13010;  1 drivers
E_0x5611c3cfdb40 .event edge, v0x5611c3cfe6c0_0;
L_0x5611c3d13010 .concat8 [ 1 1 0 0], L_0x5611c3d13130, L_0x5611c3d12f20;
S_0x5611c3cfead0 .scope module, "not4" "fpga_not" 4 10, 7 3 0, S_0x5611c3cf8250;
 .timescale 0 0;
    .port_info 0 /INPUT 1 "A1";
    .port_info 1 /OUTPUT 1 "out";
v0x5611c3cffd70_0 .net "A1", 0 0, v0x5611c3d0df40_0;  alias, 1 drivers
v0x5611c3cffe30_0 .net "out", 0 0, v0x5611c3cff930_0;  alias, 1 drivers
S_0x5611c3cfeca0 .scope module, "c2_instance" "c2" 7 5, 6 1 0, S_0x5611c3cfead0;
 .timescale 0 0;
    .port_info 0 /INPUT 1 "d0";
    .port_info 1 /INPUT 1 "d1";
    .port_info 2 /INPUT 1 "d2";
    .port_info 3 /INPUT 1 "d3";
    .port_info 4 /INPUT 1 "A0";
    .port_info 5 /INPUT 1 "A1";
    .port_info 6 /INPUT 1 "B0";
    .port_info 7 /INPUT 1 "B1";
    .port_info 8 /OUTPUT 1 "out";
L_0x5611c3d13340 .functor OR 1, v0x5611c3d0df40_0, v0x5611c3d0df40_0, C4<0>, C4<0>;
L_0x7f25a1f578d8 .functor BUFT 1, C4<0>, C4<0>, C4<0>, C4<0>;
L_0x7f25a1f57920 .functor BUFT 1, C4<0>, C4<0>, C4<0>, C4<0>;
L_0x5611c3d133b0 .functor AND 1, L_0x7f25a1f578d8, L_0x7f25a1f57920, C4<1>, C4<1>;
L_0x5611c3d13480 .functor BUFZ 1, L_0x5611c3d133b0, C4<0>, C4<0>, C4<0>;
L_0x5611c3d13690 .functor BUFZ 1, L_0x5611c3d13340, C4<0>, C4<0>, C4<0>;
v0x5611c3cff050_0 .net "A0", 0 0, L_0x7f25a1f578d8;  1 drivers
v0x5611c3cff130_0 .net "A1", 0 0, v0x5611c3d0df40_0;  alias, 1 drivers
v0x5611c3cff300_0 .net "B0", 0 0, L_0x7f25a1f57920;  1 drivers
v0x5611c3cff3a0_0 .net "B1", 0 0, v0x5611c3d0df40_0;  alias, 1 drivers
v0x5611c3cff440_0 .net *"_ivl_12", 0 0, L_0x5611c3d13690;  1 drivers
v0x5611c3cff550_0 .net *"_ivl_7", 0 0, L_0x5611c3d13480;  1 drivers
L_0x7f25a1f577b8 .functor BUFT 1, C4<1>, C4<0>, C4<0>, C4<0>;
v0x5611c3cff630_0 .net "d0", 0 0, L_0x7f25a1f577b8;  1 drivers
L_0x7f25a1f57800 .functor BUFT 1, C4<0>, C4<0>, C4<0>, C4<0>;
v0x5611c3cff6f0_0 .net "d1", 0 0, L_0x7f25a1f57800;  1 drivers
L_0x7f25a1f57848 .functor BUFT 1, C4<1>, C4<0>, C4<0>, C4<0>;
v0x5611c3cff7b0_0 .net "d2", 0 0, L_0x7f25a1f57848;  1 drivers
L_0x7f25a1f57890 .functor BUFT 1, C4<0>, C4<0>, C4<0>, C4<0>;
v0x5611c3cff870_0 .net "d3", 0 0, L_0x7f25a1f57890;  1 drivers
v0x5611c3cff930_0 .var "out", 0 0;
v0x5611c3cff9f0_0 .net "s0", 0 0, L_0x5611c3d133b0;  1 drivers
v0x5611c3cffab0_0 .net "s1", 0 0, L_0x5611c3d13340;  1 drivers
v0x5611c3cffb70_0 .net "sel", 1 0, L_0x5611c3d13570;  1 drivers
E_0x5611c3cfefd0 .event edge, v0x5611c3cffb70_0;
L_0x5611c3d13570 .concat8 [ 1 1 0 0], L_0x5611c3d13690, L_0x5611c3d13480;
S_0x5611c3d00810 .scope module, "one14" "one1" 3 12, 4 4 0, S_0x5611c3cde880;
 .timescale 0 0;
    .port_info 0 /INPUT 1 "x1";
    .port_info 1 /INPUT 1 "x2";
    .port_info 2 /INPUT 1 "x3";
    .port_info 3 /INPUT 1 "x4";
    .port_info 4 /OUTPUT 1 "out";
v0x5611c3d084e0_0 .net "out", 0 0, v0x5611c3d04210_0;  alias, 1 drivers
v0x5611c3d08580_0 .net "t1", 0 0, v0x5611c3d017f0_0;  1 drivers
v0x5611c3d086d0_0 .net "t2", 0 0, v0x5611c3d02cb0_0;  1 drivers
v0x5611c3d08800_0 .net "w2", 0 0, v0x5611c3d056a0_0;  1 drivers
v0x5611c3d088a0_0 .net "w3", 0 0, v0x5611c3d06af0_0;  1 drivers
v0x5611c3d089d0_0 .net "w4", 0 0, v0x5611c3d07f00_0;  1 drivers
v0x5611c3d08a70_0 .net "x1", 0 0, v0x5611c3d0df40_0;  alias, 1 drivers
v0x5611c3d08b10_0 .net "x2", 0 0, v0x5611c3d0d9e0_0;  alias, 1 drivers
v0x5611c3d08bb0_0 .net "x3", 0 0, v0x5611c3d0dc90_0;  alias, 1 drivers
v0x5611c3d08ce0_0 .net "x4", 0 0, v0x5611c3d0d710_0;  alias, 1 drivers
S_0x5611c3d009a0 .scope module, "and1" "fpga_and" 4 12, 5 3 0, S_0x5611c3d00810;
 .timescale 0 0;
    .port_info 0 /INPUT 1 "A0";
    .port_info 1 /INPUT 1 "B0";
    .port_info 2 /OUTPUT 1 "out";
v0x5611c3d01c30_0 .net "A0", 0 0, v0x5611c3d0df40_0;  alias, 1 drivers
v0x5611c3d01cf0_0 .net "B0", 0 0, v0x5611c3d056a0_0;  alias, 1 drivers
v0x5611c3d01db0_0 .net "out", 0 0, v0x5611c3d017f0_0;  alias, 1 drivers
S_0x5611c3d00bc0 .scope module, "c2_instance" "c2" 5 5, 6 1 0, S_0x5611c3d009a0;
 .timescale 0 0;
    .port_info 0 /INPUT 1 "d0";
    .port_info 1 /INPUT 1 "d1";
    .port_info 2 /INPUT 1 "d2";
    .port_info 3 /INPUT 1 "d3";
    .port_info 4 /INPUT 1 "A0";
    .port_info 5 /INPUT 1 "A1";
    .port_info 6 /INPUT 1 "B0";
    .port_info 7 /INPUT 1 "B1";
    .port_info 8 /OUTPUT 1 "out";
L_0x7f25a1f584a8 .functor BUFT 1, C4<1>, C4<0>, C4<0>, C4<0>;
L_0x7f25a1f584f0 .functor BUFT 1, C4<0>, C4<0>, C4<0>, C4<0>;
L_0x5611c3d158e0 .functor OR 1, L_0x7f25a1f584a8, L_0x7f25a1f584f0, C4<0>, C4<0>;
L_0x5611c3d15980 .functor AND 1, v0x5611c3d0df40_0, v0x5611c3d056a0_0, C4<1>, C4<1>;
L_0x5611c3d15a20 .functor BUFZ 1, L_0x5611c3d15980, C4<0>, C4<0>, C4<0>;
L_0x5611c3d15c30 .functor BUFZ 1, L_0x5611c3d158e0, C4<0>, C4<0>, C4<0>;
v0x5611c3d00f70_0 .net "A0", 0 0, v0x5611c3d0df40_0;  alias, 1 drivers
v0x5611c3d01030_0 .net "A1", 0 0, L_0x7f25a1f584a8;  1 drivers
v0x5611c3d010f0_0 .net "B0", 0 0, v0x5611c3d056a0_0;  alias, 1 drivers
v0x5611c3d01190_0 .net "B1", 0 0, L_0x7f25a1f584f0;  1 drivers
v0x5611c3d01250_0 .net *"_ivl_12", 0 0, L_0x5611c3d15c30;  1 drivers
v0x5611c3d01380_0 .net *"_ivl_7", 0 0, L_0x5611c3d15a20;  1 drivers
L_0x7f25a1f58388 .functor BUFT 1, C4<0>, C4<0>, C4<0>, C4<0>;
v0x5611c3d01460_0 .net "d0", 0 0, L_0x7f25a1f58388;  1 drivers
L_0x7f25a1f583d0 .functor BUFT 1, C4<0>, C4<0>, C4<0>, C4<0>;
v0x5611c3d01520_0 .net "d1", 0 0, L_0x7f25a1f583d0;  1 drivers
L_0x7f25a1f58418 .functor BUFT 1, C4<1>, C4<0>, C4<0>, C4<0>;
v0x5611c3d015e0_0 .net "d2", 0 0, L_0x7f25a1f58418;  1 drivers
L_0x7f25a1f58460 .functor BUFT 1, C4<1>, C4<0>, C4<0>, C4<0>;
v0x5611c3d01730_0 .net "d3", 0 0, L_0x7f25a1f58460;  1 drivers
v0x5611c3d017f0_0 .var "out", 0 0;
v0x5611c3d018b0_0 .net "s0", 0 0, L_0x5611c3d15980;  1 drivers
v0x5611c3d01970_0 .net "s1", 0 0, L_0x5611c3d158e0;  1 drivers
v0x5611c3d01a30_0 .net "sel", 1 0, L_0x5611c3d15b10;  1 drivers
E_0x5611c3d00ef0 .event edge, v0x5611c3d01a30_0;
L_0x5611c3d15b10 .concat8 [ 1 1 0 0], L_0x5611c3d15c30, L_0x5611c3d15a20;
S_0x5611c3d01e50 .scope module, "and2" "fpga_and" 4 13, 5 3 0, S_0x5611c3d00810;
 .timescale 0 0;
    .port_info 0 /INPUT 1 "A0";
    .port_info 1 /INPUT 1 "B0";
    .port_info 2 /OUTPUT 1 "out";
v0x5611c3d030f0_0 .net "A0", 0 0, v0x5611c3d056a0_0;  alias, 1 drivers
v0x5611c3d031b0_0 .net "B0", 0 0, v0x5611c3d06af0_0;  alias, 1 drivers
v0x5611c3d03270_0 .net "out", 0 0, v0x5611c3d02cb0_0;  alias, 1 drivers
S_0x5611c3d02030 .scope module, "c2_instance" "c2" 5 5, 6 1 0, S_0x5611c3d01e50;
 .timescale 0 0;
    .port_info 0 /INPUT 1 "d0";
    .port_info 1 /INPUT 1 "d1";
    .port_info 2 /INPUT 1 "d2";
    .port_info 3 /INPUT 1 "d3";
    .port_info 4 /INPUT 1 "A0";
    .port_info 5 /INPUT 1 "A1";
    .port_info 6 /INPUT 1 "B0";
    .port_info 7 /INPUT 1 "B1";
    .port_info 8 /OUTPUT 1 "out";
L_0x7f25a1f58658 .functor BUFT 1, C4<1>, C4<0>, C4<0>, C4<0>;
L_0x7f25a1f586a0 .functor BUFT 1, C4<0>, C4<0>, C4<0>, C4<0>;
L_0x5611c3d16650 .functor OR 1, L_0x7f25a1f58658, L_0x7f25a1f586a0, C4<0>, C4<0>;
L_0x5611c3d166f0 .functor AND 1, v0x5611c3d056a0_0, v0x5611c3d06af0_0, C4<1>, C4<1>;
L_0x5611c3d16790 .functor BUFZ 1, L_0x5611c3d166f0, C4<0>, C4<0>, C4<0>;
L_0x5611c3d169a0 .functor BUFZ 1, L_0x5611c3d16650, C4<0>, C4<0>, C4<0>;
v0x5611c3d023e0_0 .net "A0", 0 0, v0x5611c3d056a0_0;  alias, 1 drivers
v0x5611c3d024f0_0 .net "A1", 0 0, L_0x7f25a1f58658;  1 drivers
v0x5611c3d025b0_0 .net "B0", 0 0, v0x5611c3d06af0_0;  alias, 1 drivers
v0x5611c3d02650_0 .net "B1", 0 0, L_0x7f25a1f586a0;  1 drivers
v0x5611c3d02710_0 .net *"_ivl_12", 0 0, L_0x5611c3d169a0;  1 drivers
v0x5611c3d02840_0 .net *"_ivl_7", 0 0, L_0x5611c3d16790;  1 drivers
L_0x7f25a1f58538 .functor BUFT 1, C4<0>, C4<0>, C4<0>, C4<0>;
v0x5611c3d02920_0 .net "d0", 0 0, L_0x7f25a1f58538;  1 drivers
L_0x7f25a1f58580 .functor BUFT 1, C4<0>, C4<0>, C4<0>, C4<0>;
v0x5611c3d029e0_0 .net "d1", 0 0, L_0x7f25a1f58580;  1 drivers
L_0x7f25a1f585c8 .functor BUFT 1, C4<1>, C4<0>, C4<0>, C4<0>;
v0x5611c3d02aa0_0 .net "d2", 0 0, L_0x7f25a1f585c8;  1 drivers
L_0x7f25a1f58610 .functor BUFT 1, C4<1>, C4<0>, C4<0>, C4<0>;
v0x5611c3d02bf0_0 .net "d3", 0 0, L_0x7f25a1f58610;  1 drivers
v0x5611c3d02cb0_0 .var "out", 0 0;
v0x5611c3d02d70_0 .net "s0", 0 0, L_0x5611c3d166f0;  1 drivers
v0x5611c3d02e30_0 .net "s1", 0 0, L_0x5611c3d16650;  1 drivers
v0x5611c3d02ef0_0 .net "sel", 1 0, L_0x5611c3d16880;  1 drivers
E_0x5611c3d02360 .event edge, v0x5611c3d02ef0_0;
L_0x5611c3d16880 .concat8 [ 1 1 0 0], L_0x5611c3d169a0, L_0x5611c3d16790;
S_0x5611c3d03370 .scope module, "and3" "fpga_and" 4 15, 5 3 0, S_0x5611c3d00810;
 .timescale 0 0;
    .port_info 0 /INPUT 1 "A0";
    .port_info 1 /INPUT 1 "B0";
    .port_info 2 /OUTPUT 1 "out";
v0x5611c3d04650_0 .net "A0", 0 0, v0x5611c3d017f0_0;  alias, 1 drivers
v0x5611c3d04710_0 .net "B0", 0 0, v0x5611c3d02cb0_0;  alias, 1 drivers
v0x5611c3d047d0_0 .net "out", 0 0, v0x5611c3d04210_0;  alias, 1 drivers
S_0x5611c3d03580 .scope module, "c2_instance" "c2" 5 5, 6 1 0, S_0x5611c3d03370;
 .timescale 0 0;
    .port_info 0 /INPUT 1 "d0";
    .port_info 1 /INPUT 1 "d1";
    .port_info 2 /INPUT 1 "d2";
    .port_info 3 /INPUT 1 "d3";
    .port_info 4 /INPUT 1 "A0";
    .port_info 5 /INPUT 1 "A1";
    .port_info 6 /INPUT 1 "B0";
    .port_info 7 /INPUT 1 "B1";
    .port_info 8 /OUTPUT 1 "out";
L_0x7f25a1f58808 .functor BUFT 1, C4<1>, C4<0>, C4<0>, C4<0>;
L_0x7f25a1f58850 .functor BUFT 1, C4<0>, C4<0>, C4<0>, C4<0>;
L_0x5611c3d16bb0 .functor OR 1, L_0x7f25a1f58808, L_0x7f25a1f58850, C4<0>, C4<0>;
L_0x5611c3d16c50 .functor AND 1, v0x5611c3d017f0_0, v0x5611c3d02cb0_0, C4<1>, C4<1>;
L_0x5611c3d16cf0 .functor BUFZ 1, L_0x5611c3d16c50, C4<0>, C4<0>, C4<0>;
L_0x5611c3d16f00 .functor BUFZ 1, L_0x5611c3d16bb0, C4<0>, C4<0>, C4<0>;
v0x5611c3d03910_0 .net "A0", 0 0, v0x5611c3d017f0_0;  alias, 1 drivers
v0x5611c3d03a20_0 .net "A1", 0 0, L_0x7f25a1f58808;  1 drivers
v0x5611c3d03ae0_0 .net "B0", 0 0, v0x5611c3d02cb0_0;  alias, 1 drivers
v0x5611c3d03bd0_0 .net "B1", 0 0, L_0x7f25a1f58850;  1 drivers
v0x5611c3d03c70_0 .net *"_ivl_12", 0 0, L_0x5611c3d16f00;  1 drivers
v0x5611c3d03da0_0 .net *"_ivl_7", 0 0, L_0x5611c3d16cf0;  1 drivers
L_0x7f25a1f586e8 .functor BUFT 1, C4<0>, C4<0>, C4<0>, C4<0>;
v0x5611c3d03e80_0 .net "d0", 0 0, L_0x7f25a1f586e8;  1 drivers
L_0x7f25a1f58730 .functor BUFT 1, C4<0>, C4<0>, C4<0>, C4<0>;
v0x5611c3d03f40_0 .net "d1", 0 0, L_0x7f25a1f58730;  1 drivers
L_0x7f25a1f58778 .functor BUFT 1, C4<1>, C4<0>, C4<0>, C4<0>;
v0x5611c3d04000_0 .net "d2", 0 0, L_0x7f25a1f58778;  1 drivers
L_0x7f25a1f587c0 .functor BUFT 1, C4<1>, C4<0>, C4<0>, C4<0>;
v0x5611c3d04150_0 .net "d3", 0 0, L_0x7f25a1f587c0;  1 drivers
v0x5611c3d04210_0 .var "out", 0 0;
v0x5611c3d042d0_0 .net "s0", 0 0, L_0x5611c3d16c50;  1 drivers
v0x5611c3d04390_0 .net "s1", 0 0, L_0x5611c3d16bb0;  1 drivers
v0x5611c3d04450_0 .net "sel", 1 0, L_0x5611c3d16de0;  1 drivers
E_0x5611c3d03890 .event edge, v0x5611c3d04450_0;
L_0x5611c3d16de0 .concat8 [ 1 1 0 0], L_0x5611c3d16f00, L_0x5611c3d16cf0;
S_0x5611c3d04890 .scope module, "not2" "fpga_not" 4 8, 7 3 0, S_0x5611c3d00810;
 .timescale 0 0;
    .port_info 0 /INPUT 1 "A1";
    .port_info 1 /OUTPUT 1 "out";
v0x5611c3d05b50_0 .net "A1", 0 0, v0x5611c3d0d9e0_0;  alias, 1 drivers
v0x5611c3d05c10_0 .net "out", 0 0, v0x5611c3d056a0_0;  alias, 1 drivers
S_0x5611c3d04a60 .scope module, "c2_instance" "c2" 7 5, 6 1 0, S_0x5611c3d04890;
 .timescale 0 0;
    .port_info 0 /INPUT 1 "d0";
    .port_info 1 /INPUT 1 "d1";
    .port_info 2 /INPUT 1 "d2";
    .port_info 3 /INPUT 1 "d3";
    .port_info 4 /INPUT 1 "A0";
    .port_info 5 /INPUT 1 "A1";
    .port_info 6 /INPUT 1 "B0";
    .port_info 7 /INPUT 1 "B1";
    .port_info 8 /OUTPUT 1 "out";
L_0x5611c3d148c0 .functor OR 1, v0x5611c3d0d9e0_0, v0x5611c3d0d9e0_0, C4<0>, C4<0>;
L_0x7f25a1f57f98 .functor BUFT 1, C4<0>, C4<0>, C4<0>, C4<0>;
L_0x7f25a1f57fe0 .functor BUFT 1, C4<0>, C4<0>, C4<0>, C4<0>;
L_0x5611c3d14930 .functor AND 1, L_0x7f25a1f57f98, L_0x7f25a1f57fe0, C4<1>, C4<1>;
L_0x5611c3d14a00 .functor BUFZ 1, L_0x5611c3d14930, C4<0>, C4<0>, C4<0>;
L_0x5611c3d14c10 .functor BUFZ 1, L_0x5611c3d148c0, C4<0>, C4<0>, C4<0>;
v0x5611c3d04e10_0 .net "A0", 0 0, L_0x7f25a1f57f98;  1 drivers
v0x5611c3d04ef0_0 .net "A1", 0 0, v0x5611c3d0d9e0_0;  alias, 1 drivers
v0x5611c3d04fb0_0 .net "B0", 0 0, L_0x7f25a1f57fe0;  1 drivers
v0x5611c3d05080_0 .net "B1", 0 0, v0x5611c3d0d9e0_0;  alias, 1 drivers
v0x5611c3d05120_0 .net *"_ivl_12", 0 0, L_0x5611c3d14c10;  1 drivers
v0x5611c3d05230_0 .net *"_ivl_7", 0 0, L_0x5611c3d14a00;  1 drivers
L_0x7f25a1f57e78 .functor BUFT 1, C4<1>, C4<0>, C4<0>, C4<0>;
v0x5611c3d05310_0 .net "d0", 0 0, L_0x7f25a1f57e78;  1 drivers
L_0x7f25a1f57ec0 .functor BUFT 1, C4<0>, C4<0>, C4<0>, C4<0>;
v0x5611c3d053d0_0 .net "d1", 0 0, L_0x7f25a1f57ec0;  1 drivers
L_0x7f25a1f57f08 .functor BUFT 1, C4<1>, C4<0>, C4<0>, C4<0>;
v0x5611c3d05490_0 .net "d2", 0 0, L_0x7f25a1f57f08;  1 drivers
L_0x7f25a1f57f50 .functor BUFT 1, C4<0>, C4<0>, C4<0>, C4<0>;
v0x5611c3d055e0_0 .net "d3", 0 0, L_0x7f25a1f57f50;  1 drivers
v0x5611c3d056a0_0 .var "out", 0 0;
v0x5611c3d057d0_0 .net "s0", 0 0, L_0x5611c3d14930;  1 drivers
v0x5611c3d05890_0 .net "s1", 0 0, L_0x5611c3d148c0;  1 drivers
v0x5611c3d05950_0 .net "sel", 1 0, L_0x5611c3d14af0;  1 drivers
E_0x5611c3d04d90 .event edge, v0x5611c3d05950_0;
L_0x5611c3d14af0 .concat8 [ 1 1 0 0], L_0x5611c3d14c10, L_0x5611c3d14a00;
S_0x5611c3d05d10 .scope module, "not3" "fpga_not" 4 9, 7 3 0, S_0x5611c3d00810;
 .timescale 0 0;
    .port_info 0 /INPUT 1 "A1";
    .port_info 1 /OUTPUT 1 "out";
v0x5611c3d06f60_0 .net "A1", 0 0, v0x5611c3d0dc90_0;  alias, 1 drivers
v0x5611c3d07020_0 .net "out", 0 0, v0x5611c3d06af0_0;  alias, 1 drivers
S_0x5611c3d05ee0 .scope module, "c2_instance" "c2" 7 5, 6 1 0, S_0x5611c3d05d10;
 .timescale 0 0;
    .port_info 0 /INPUT 1 "d0";
    .port_info 1 /INPUT 1 "d1";
    .port_info 2 /INPUT 1 "d2";
    .port_info 3 /INPUT 1 "d3";
    .port_info 4 /INPUT 1 "A0";
    .port_info 5 /INPUT 1 "A1";
    .port_info 6 /INPUT 1 "B0";
    .port_info 7 /INPUT 1 "B1";
    .port_info 8 /OUTPUT 1 "out";
L_0x5611c3d14e20 .functor OR 1, v0x5611c3d0dc90_0, v0x5611c3d0dc90_0, C4<0>, C4<0>;
L_0x7f25a1f58148 .functor BUFT 1, C4<0>, C4<0>, C4<0>, C4<0>;
L_0x7f25a1f58190 .functor BUFT 1, C4<0>, C4<0>, C4<0>, C4<0>;
L_0x5611c3d14e90 .functor AND 1, L_0x7f25a1f58148, L_0x7f25a1f58190, C4<1>, C4<1>;
L_0x5611c3d14f60 .functor BUFZ 1, L_0x5611c3d14e90, C4<0>, C4<0>, C4<0>;
L_0x5611c3d15170 .functor BUFZ 1, L_0x5611c3d14e20, C4<0>, C4<0>, C4<0>;
v0x5611c3d06290_0 .net "A0", 0 0, L_0x7f25a1f58148;  1 drivers
v0x5611c3d06370_0 .net "A1", 0 0, v0x5611c3d0dc90_0;  alias, 1 drivers
v0x5611c3d06430_0 .net "B0", 0 0, L_0x7f25a1f58190;  1 drivers
v0x5611c3d064d0_0 .net "B1", 0 0, v0x5611c3d0dc90_0;  alias, 1 drivers
v0x5611c3d06570_0 .net *"_ivl_12", 0 0, L_0x5611c3d15170;  1 drivers
v0x5611c3d06680_0 .net *"_ivl_7", 0 0, L_0x5611c3d14f60;  1 drivers
L_0x7f25a1f58028 .functor BUFT 1, C4<1>, C4<0>, C4<0>, C4<0>;
v0x5611c3d06760_0 .net "d0", 0 0, L_0x7f25a1f58028;  1 drivers
L_0x7f25a1f58070 .functor BUFT 1, C4<0>, C4<0>, C4<0>, C4<0>;
v0x5611c3d06820_0 .net "d1", 0 0, L_0x7f25a1f58070;  1 drivers
L_0x7f25a1f580b8 .functor BUFT 1, C4<1>, C4<0>, C4<0>, C4<0>;
v0x5611c3d068e0_0 .net "d2", 0 0, L_0x7f25a1f580b8;  1 drivers
L_0x7f25a1f58100 .functor BUFT 1, C4<0>, C4<0>, C4<0>, C4<0>;
v0x5611c3d06a30_0 .net "d3", 0 0, L_0x7f25a1f58100;  1 drivers
v0x5611c3d06af0_0 .var "out", 0 0;
v0x5611c3d06b90_0 .net "s0", 0 0, L_0x5611c3d14e90;  1 drivers
v0x5611c3d06c50_0 .net "s1", 0 0, L_0x5611c3d14e20;  1 drivers
v0x5611c3d06d10_0 .net "sel", 1 0, L_0x5611c3d15050;  1 drivers
E_0x5611c3d06210 .event edge, v0x5611c3d06d10_0;
L_0x5611c3d15050 .concat8 [ 1 1 0 0], L_0x5611c3d15170, L_0x5611c3d14f60;
S_0x5611c3d07120 .scope module, "not4" "fpga_not" 4 10, 7 3 0, S_0x5611c3d00810;
 .timescale 0 0;
    .port_info 0 /INPUT 1 "A1";
    .port_info 1 /OUTPUT 1 "out";
v0x5611c3d08340_0 .net "A1", 0 0, v0x5611c3d0d710_0;  alias, 1 drivers
v0x5611c3d08400_0 .net "out", 0 0, v0x5611c3d07f00_0;  alias, 1 drivers
S_0x5611c3d072f0 .scope module, "c2_instance" "c2" 7 5, 6 1 0, S_0x5611c3d07120;
 .timescale 0 0;
    .port_info 0 /INPUT 1 "d0";
    .port_info 1 /INPUT 1 "d1";
    .port_info 2 /INPUT 1 "d2";
    .port_info 3 /INPUT 1 "d3";
    .port_info 4 /INPUT 1 "A0";
    .port_info 5 /INPUT 1 "A1";
    .port_info 6 /INPUT 1 "B0";
    .port_info 7 /INPUT 1 "B1";
    .port_info 8 /OUTPUT 1 "out";
L_0x5611c3d15380 .functor OR 1, v0x5611c3d0d710_0, v0x5611c3d0d710_0, C4<0>, C4<0>;
L_0x7f25a1f582f8 .functor BUFT 1, C4<0>, C4<0>, C4<0>, C4<0>;
L_0x7f25a1f58340 .functor BUFT 1, C4<0>, C4<0>, C4<0>, C4<0>;
L_0x5611c3d153f0 .functor AND 1, L_0x7f25a1f582f8, L_0x7f25a1f58340, C4<1>, C4<1>;
L_0x5611c3d154c0 .functor BUFZ 1, L_0x5611c3d153f0, C4<0>, C4<0>, C4<0>;
L_0x5611c3d156d0 .functor BUFZ 1, L_0x5611c3d15380, C4<0>, C4<0>, C4<0>;
v0x5611c3d076a0_0 .net "A0", 0 0, L_0x7f25a1f582f8;  1 drivers
v0x5611c3d07780_0 .net "A1", 0 0, v0x5611c3d0d710_0;  alias, 1 drivers
v0x5611c3d07840_0 .net "B0", 0 0, L_0x7f25a1f58340;  1 drivers
v0x5611c3d078e0_0 .net "B1", 0 0, v0x5611c3d0d710_0;  alias, 1 drivers
v0x5611c3d07980_0 .net *"_ivl_12", 0 0, L_0x5611c3d156d0;  1 drivers
v0x5611c3d07a90_0 .net *"_ivl_7", 0 0, L_0x5611c3d154c0;  1 drivers
L_0x7f25a1f581d8 .functor BUFT 1, C4<1>, C4<0>, C4<0>, C4<0>;
v0x5611c3d07b70_0 .net "d0", 0 0, L_0x7f25a1f581d8;  1 drivers
L_0x7f25a1f58220 .functor BUFT 1, C4<0>, C4<0>, C4<0>, C4<0>;
v0x5611c3d07c30_0 .net "d1", 0 0, L_0x7f25a1f58220;  1 drivers
L_0x7f25a1f58268 .functor BUFT 1, C4<1>, C4<0>, C4<0>, C4<0>;
v0x5611c3d07cf0_0 .net "d2", 0 0, L_0x7f25a1f58268;  1 drivers
L_0x7f25a1f582b0 .functor BUFT 1, C4<0>, C4<0>, C4<0>, C4<0>;
v0x5611c3d07e40_0 .net "d3", 0 0, L_0x7f25a1f582b0;  1 drivers
v0x5611c3d07f00_0 .var "out", 0 0;
v0x5611c3d07fc0_0 .net "s0", 0 0, L_0x5611c3d153f0;  1 drivers
v0x5611c3d08080_0 .net "s1", 0 0, L_0x5611c3d15380;  1 drivers
v0x5611c3d08140_0 .net "sel", 1 0, L_0x5611c3d155b0;  1 drivers
E_0x5611c3d07620 .event edge, v0x5611c3d08140_0;
L_0x5611c3d155b0 .concat8 [ 1 1 0 0], L_0x5611c3d156d0, L_0x5611c3d154c0;
S_0x5611c3d08de0 .scope module, "or0" "fpga_or" 3 14, 8 3 0, S_0x5611c3cde880;
 .timescale 0 0;
    .port_info 0 /INPUT 1 "A1";
    .port_info 1 /INPUT 1 "B1";
    .port_info 2 /OUTPUT 1 "out";
v0x5611c3d0a030_0 .net "A1", 0 0, v0x5611c3ceaf60_0;  alias, 1 drivers
v0x5611c3d0a180_0 .net "B1", 0 0, v0x5611c3cf35c0_0;  alias, 1 drivers
v0x5611c3d0a2d0_0 .net "out", 0 0, v0x5611c3d09bf0_0;  alias, 1 drivers
S_0x5611c3d08fe0 .scope module, "c2_instance" "c2" 8 5, 6 1 0, S_0x5611c3d08de0;
 .timescale 0 0;
    .port_info 0 /INPUT 1 "d0";
    .port_info 1 /INPUT 1 "d1";
    .port_info 2 /INPUT 1 "d2";
    .port_info 3 /INPUT 1 "d3";
    .port_info 4 /INPUT 1 "A0";
    .port_info 5 /INPUT 1 "A1";
    .port_info 6 /INPUT 1 "B0";
    .port_info 7 /INPUT 1 "B1";
    .port_info 8 /OUTPUT 1 "out";
L_0x5611c3d17110 .functor OR 1, v0x5611c3ceaf60_0, v0x5611c3cf35c0_0, C4<0>, C4<0>;
L_0x7f25a1f589b8 .functor BUFT 1, C4<0>, C4<0>, C4<0>, C4<0>;
L_0x7f25a1f58a00 .functor BUFT 1, C4<0>, C4<0>, C4<0>, C4<0>;
L_0x5611c3d17180 .functor AND 1, L_0x7f25a1f589b8, L_0x7f25a1f58a00, C4<1>, C4<1>;
L_0x5611c3d17250 .functor BUFZ 1, L_0x5611c3d17180, C4<0>, C4<0>, C4<0>;
L_0x5611c3d17460 .functor BUFZ 1, L_0x5611c3d17110, C4<0>, C4<0>, C4<0>;
v0x5611c3d09390_0 .net "A0", 0 0, L_0x7f25a1f589b8;  1 drivers
v0x5611c3d09470_0 .net "A1", 0 0, v0x5611c3ceaf60_0;  alias, 1 drivers
v0x5611c3d09530_0 .net "B0", 0 0, L_0x7f25a1f58a00;  1 drivers
v0x5611c3d095d0_0 .net "B1", 0 0, v0x5611c3cf35c0_0;  alias, 1 drivers
v0x5611c3d09670_0 .net *"_ivl_12", 0 0, L_0x5611c3d17460;  1 drivers
v0x5611c3d09780_0 .net *"_ivl_7", 0 0, L_0x5611c3d17250;  1 drivers
L_0x7f25a1f58898 .functor BUFT 1, C4<0>, C4<0>, C4<0>, C4<0>;
v0x5611c3d09860_0 .net "d0", 0 0, L_0x7f25a1f58898;  1 drivers
L_0x7f25a1f588e0 .functor BUFT 1, C4<1>, C4<0>, C4<0>, C4<0>;
v0x5611c3d09920_0 .net "d1", 0 0, L_0x7f25a1f588e0;  1 drivers
L_0x7f25a1f58928 .functor BUFT 1, C4<0>, C4<0>, C4<0>, C4<0>;
v0x5611c3d099e0_0 .net "d2", 0 0, L_0x7f25a1f58928;  1 drivers
L_0x7f25a1f58970 .functor BUFT 1, C4<1>, C4<0>, C4<0>, C4<0>;
v0x5611c3d09b30_0 .net "d3", 0 0, L_0x7f25a1f58970;  1 drivers
v0x5611c3d09bf0_0 .var "out", 0 0;
v0x5611c3d09cb0_0 .net "s0", 0 0, L_0x5611c3d17180;  1 drivers
v0x5611c3d09d70_0 .net "s1", 0 0, L_0x5611c3d17110;  1 drivers
v0x5611c3d09e30_0 .net "sel", 1 0, L_0x5611c3d17340;  1 drivers
E_0x5611c3d09310 .event edge, v0x5611c3d09e30_0;
L_0x5611c3d17340 .concat8 [ 1 1 0 0], L_0x5611c3d17460, L_0x5611c3d17250;
S_0x5611c3d0a390 .scope module, "or1" "fpga_or" 3 15, 8 3 0, S_0x5611c3cde880;
 .timescale 0 0;
    .port_info 0 /INPUT 1 "A1";
    .port_info 1 /INPUT 1 "B1";
    .port_info 2 /OUTPUT 1 "out";
v0x5611c3d0b520_0 .net "A1", 0 0, v0x5611c3cfbbd0_0;  alias, 1 drivers
v0x5611c3d0b670_0 .net "B1", 0 0, v0x5611c3d04210_0;  alias, 1 drivers
v0x5611c3d0b7c0_0 .net "out", 0 0, v0x5611c3d0b0e0_0;  alias, 1 drivers
S_0x5611c3d0a520 .scope module, "c2_instance" "c2" 8 5, 6 1 0, S_0x5611c3d0a390;
 .timescale 0 0;
    .port_info 0 /INPUT 1 "d0";
    .port_info 1 /INPUT 1 "d1";
    .port_info 2 /INPUT 1 "d2";
    .port_info 3 /INPUT 1 "d3";
    .port_info 4 /INPUT 1 "A0";
    .port_info 5 /INPUT 1 "A1";
    .port_info 6 /INPUT 1 "B0";
    .port_info 7 /INPUT 1 "B1";
    .port_info 8 /OUTPUT 1 "out";
L_0x5611c3d17670 .functor OR 1, v0x5611c3cfbbd0_0, v0x5611c3d04210_0, C4<0>, C4<0>;
L_0x7f25a1f58b68 .functor BUFT 1, C4<0>, C4<0>, C4<0>, C4<0>;
L_0x7f25a1f58bb0 .functor BUFT 1, C4<0>, C4<0>, C4<0>, C4<0>;
L_0x5611c3d176e0 .functor AND 1, L_0x7f25a1f58b68, L_0x7f25a1f58bb0, C4<1>, C4<1>;
L_0x5611c3d177b0 .functor BUFZ 1, L_0x5611c3d176e0, C4<0>, C4<0>, C4<0>;
L_0x5611c3d179c0 .functor BUFZ 1, L_0x5611c3d17670, C4<0>, C4<0>, C4<0>;
v0x5611c3d0a880_0 .net "A0", 0 0, L_0x7f25a1f58b68;  1 drivers
v0x5611c3d0a960_0 .net "A1", 0 0, v0x5611c3cfbbd0_0;  alias, 1 drivers
v0x5611c3d0aa20_0 .net "B0", 0 0, L_0x7f25a1f58bb0;  1 drivers
v0x5611c3d0aac0_0 .net "B1", 0 0, v0x5611c3d04210_0;  alias, 1 drivers
v0x5611c3d0ab60_0 .net *"_ivl_12", 0 0, L_0x5611c3d179c0;  1 drivers
v0x5611c3d0ac70_0 .net *"_ivl_7", 0 0, L_0x5611c3d177b0;  1 drivers
L_0x7f25a1f58a48 .functor BUFT 1, C4<0>, C4<0>, C4<0>, C4<0>;
v0x5611c3d0ad50_0 .net "d0", 0 0, L_0x7f25a1f58a48;  1 drivers
L_0x7f25a1f58a90 .functor BUFT 1, C4<1>, C4<0>, C4<0>, C4<0>;
v0x5611c3d0ae10_0 .net "d1", 0 0, L_0x7f25a1f58a90;  1 drivers
L_0x7f25a1f58ad8 .functor BUFT 1, C4<0>, C4<0>, C4<0>, C4<0>;
v0x5611c3d0aed0_0 .net "d2", 0 0, L_0x7f25a1f58ad8;  1 drivers
L_0x7f25a1f58b20 .functor BUFT 1, C4<1>, C4<0>, C4<0>, C4<0>;
v0x5611c3d0b020_0 .net "d3", 0 0, L_0x7f25a1f58b20;  1 drivers
v0x5611c3d0b0e0_0 .var "out", 0 0;
v0x5611c3d0b1a0_0 .net "s0", 0 0, L_0x5611c3d176e0;  1 drivers
v0x5611c3d0b260_0 .net "s1", 0 0, L_0x5611c3d17670;  1 drivers
v0x5611c3d0b320_0 .net "sel", 1 0, L_0x5611c3d178a0;  1 drivers
E_0x5611c3d0a800 .event edge, v0x5611c3d0b320_0;
L_0x5611c3d178a0 .concat8 [ 1 1 0 0], L_0x5611c3d179c0, L_0x5611c3d177b0;
S_0x5611c3d0b880 .scope module, "or2" "fpga_or" 3 17, 8 3 0, S_0x5611c3cde880;
 .timescale 0 0;
    .port_info 0 /INPUT 1 "A1";
    .port_info 1 /INPUT 1 "B1";
    .port_info 2 /OUTPUT 1 "out";
v0x5611c3d0cab0_0 .net "A1", 0 0, v0x5611c3d09bf0_0;  alias, 1 drivers
v0x5611c3d0cb70_0 .net "B1", 0 0, v0x5611c3d0b0e0_0;  alias, 1 drivers
v0x5611c3d0cc30_0 .net "out", 0 0, v0x5611c3d0c670_0;  alias, 1 drivers
S_0x5611c3d0ba10 .scope module, "c2_instance" "c2" 8 5, 6 1 0, S_0x5611c3d0b880;
 .timescale 0 0;
    .port_info 0 /INPUT 1 "d0";
    .port_info 1 /INPUT 1 "d1";
    .port_info 2 /INPUT 1 "d2";
    .port_info 3 /INPUT 1 "d3";
    .port_info 4 /INPUT 1 "A0";
    .port_info 5 /INPUT 1 "A1";
    .port_info 6 /INPUT 1 "B0";
    .port_info 7 /INPUT 1 "B1";
    .port_info 8 /OUTPUT 1 "out";
L_0x5611c3d17bd0 .functor OR 1, v0x5611c3d09bf0_0, v0x5611c3d0b0e0_0, C4<0>, C4<0>;
L_0x7f25a1f58d18 .functor BUFT 1, C4<0>, C4<0>, C4<0>, C4<0>;
L_0x7f25a1f58d60 .functor BUFT 1, C4<0>, C4<0>, C4<0>, C4<0>;
L_0x5611c3d17c40 .functor AND 1, L_0x7f25a1f58d18, L_0x7f25a1f58d60, C4<1>, C4<1>;
L_0x5611c3d17d10 .functor BUFZ 1, L_0x5611c3d17c40, C4<0>, C4<0>, C4<0>;
L_0x5611c3d17f20 .functor BUFZ 1, L_0x5611c3d17bd0, C4<0>, C4<0>, C4<0>;
v0x5611c3d0bd70_0 .net "A0", 0 0, L_0x7f25a1f58d18;  1 drivers
v0x5611c3d0be50_0 .net "A1", 0 0, v0x5611c3d09bf0_0;  alias, 1 drivers
v0x5611c3d0bf60_0 .net "B0", 0 0, L_0x7f25a1f58d60;  1 drivers
v0x5611c3d0c000_0 .net "B1", 0 0, v0x5611c3d0b0e0_0;  alias, 1 drivers
v0x5611c3d0c0f0_0 .net *"_ivl_12", 0 0, L_0x5611c3d17f20;  1 drivers
v0x5611c3d0c200_0 .net *"_ivl_7", 0 0, L_0x5611c3d17d10;  1 drivers
L_0x7f25a1f58bf8 .functor BUFT 1, C4<0>, C4<0>, C4<0>, C4<0>;
v0x5611c3d0c2e0_0 .net "d0", 0 0, L_0x7f25a1f58bf8;  1 drivers
L_0x7f25a1f58c40 .functor BUFT 1, C4<1>, C4<0>, C4<0>, C4<0>;
v0x5611c3d0c3a0_0 .net "d1", 0 0, L_0x7f25a1f58c40;  1 drivers
L_0x7f25a1f58c88 .functor BUFT 1, C4<0>, C4<0>, C4<0>, C4<0>;
v0x5611c3d0c460_0 .net "d2", 0 0, L_0x7f25a1f58c88;  1 drivers
L_0x7f25a1f58cd0 .functor BUFT 1, C4<1>, C4<0>, C4<0>, C4<0>;
v0x5611c3d0c5b0_0 .net "d3", 0 0, L_0x7f25a1f58cd0;  1 drivers
v0x5611c3d0c670_0 .var "out", 0 0;
v0x5611c3d0c730_0 .net "s0", 0 0, L_0x5611c3d17c40;  1 drivers
v0x5611c3d0c7f0_0 .net "s1", 0 0, L_0x5611c3d17bd0;  1 drivers
v0x5611c3d0c8b0_0 .net "sel", 1 0, L_0x5611c3d17e00;  1 drivers
E_0x5611c3d0bcf0 .event edge, v0x5611c3d0c8b0_0;
L_0x5611c3d17e00 .concat8 [ 1 1 0 0], L_0x5611c3d17f20, L_0x5611c3d17d10;
    .scope S_0x5611c3ceb770;
T_0 ;
    %wait E_0x5611c3ce14b0;
    %load/vec4 v0x5611c3cec650_0;
    %dup/vec4;
    %pushi/vec4 0, 0, 2;
    %cmp/u;
    %jmp/1 T_0.0, 6;
    %dup/vec4;
    %pushi/vec4 1, 0, 2;
    %cmp/u;
    %jmp/1 T_0.1, 6;
    %dup/vec4;
    %pushi/vec4 2, 0, 2;
    %cmp/u;
    %jmp/1 T_0.2, 6;
    %dup/vec4;
    %pushi/vec4 3, 0, 2;
    %cmp/u;
    %jmp/1 T_0.3, 6;
    %jmp T_0.4;
T_0.0 ;
    %load/vec4 v0x5611c3cec010_0;
    %assign/vec4 v0x5611c3cec3a0_0, 0;
    %jmp T_0.4;
T_0.1 ;
    %load/vec4 v0x5611c3cec0d0_0;
    %assign/vec4 v0x5611c3cec3a0_0, 0;
    %jmp T_0.4;
T_0.2 ;
    %load/vec4 v0x5611c3cec190_0;
    %assign/vec4 v0x5611c3cec3a0_0, 0;
    %jmp T_0.4;
T_0.3 ;
    %load/vec4 v0x5611c3cec2e0_0;
    %assign/vec4 v0x5611c3cec3a0_0, 0;
    %jmp T_0.4;
T_0.4 ;
    %pop/vec4 1;
    %jmp T_0;
    .thread T_0, $push;
    .scope S_0x5611c3cecbf0;
T_1 ;
    %wait E_0x5611c3cecf20;
    %load/vec4 v0x5611c3ceda20_0;
    %dup/vec4;
    %pushi/vec4 0, 0, 2;
    %cmp/u;
    %jmp/1 T_1.0, 6;
    %dup/vec4;
    %pushi/vec4 1, 0, 2;
    %cmp/u;
    %jmp/1 T_1.1, 6;
    %dup/vec4;
    %pushi/vec4 2, 0, 2;
    %cmp/u;
    %jmp/1 T_1.2, 6;
    %dup/vec4;
    %pushi/vec4 3, 0, 2;
    %cmp/u;
    %jmp/1 T_1.3, 6;
    %jmp T_1.4;
T_1.0 ;
    %load/vec4 v0x5611c3ced470_0;
    %assign/vec4 v0x5611c3ced800_0, 0;
    %jmp T_1.4;
T_1.1 ;
    %load/vec4 v0x5611c3ced530_0;
    %assign/vec4 v0x5611c3ced800_0, 0;
    %jmp T_1.4;
T_1.2 ;
    %load/vec4 v0x5611c3ced5f0_0;
    %assign/vec4 v0x5611c3ced800_0, 0;
    %jmp T_1.4;
T_1.3 ;
    %load/vec4 v0x5611c3ced740_0;
    %assign/vec4 v0x5611c3ced800_0, 0;
    %jmp T_1.4;
T_1.4 ;
    %pop/vec4 1;
    %jmp T_1;
    .thread T_1, $push;
    .scope S_0x5611c3cee050;
T_2 ;
    %wait E_0x5611c3cee380;
    %load/vec4 v0x5611c3ceeea0_0;
    %dup/vec4;
    %pushi/vec4 0, 0, 2;
    %cmp/u;
    %jmp/1 T_2.0, 6;
    %dup/vec4;
    %pushi/vec4 1, 0, 2;
    %cmp/u;
    %jmp/1 T_2.1, 6;
    %dup/vec4;
    %pushi/vec4 2, 0, 2;
    %cmp/u;
    %jmp/1 T_2.2, 6;
    %dup/vec4;
    %pushi/vec4 3, 0, 2;
    %cmp/u;
    %jmp/1 T_2.3, 6;
    %jmp T_2.4;
T_2.0 ;
    %load/vec4 v0x5611c3cee8d0_0;
    %assign/vec4 v0x5611c3ceec60_0, 0;
    %jmp T_2.4;
T_2.1 ;
    %load/vec4 v0x5611c3cee990_0;
    %assign/vec4 v0x5611c3ceec60_0, 0;
    %jmp T_2.4;
T_2.2 ;
    %load/vec4 v0x5611c3ceea50_0;
    %assign/vec4 v0x5611c3ceec60_0, 0;
    %jmp T_2.4;
T_2.3 ;
    %load/vec4 v0x5611c3ceeba0_0;
    %assign/vec4 v0x5611c3ceec60_0, 0;
    %jmp T_2.4;
T_2.4 ;
    %pop/vec4 1;
    %jmp T_2;
    .thread T_2, $push;
    .scope S_0x5611c3cdb800;
T_3 ;
    %wait E_0x5611c3c56580;
    %load/vec4 v0x5611c3ce8880_0;
    %dup/vec4;
    %pushi/vec4 0, 0, 2;
    %cmp/u;
    %jmp/1 T_3.0, 6;
    %dup/vec4;
    %pushi/vec4 1, 0, 2;
    %cmp/u;
    %jmp/1 T_3.1, 6;
    %dup/vec4;
    %pushi/vec4 2, 0, 2;
    %cmp/u;
    %jmp/1 T_3.2, 6;
    %dup/vec4;
    %pushi/vec4 3, 0, 2;
    %cmp/u;
    %jmp/1 T_3.3, 6;
    %jmp T_3.4;
T_3.0 ;
    %load/vec4 v0x5611c3ce8340_0;
    %assign/vec4 v0x5611c3ce8640_0, 0;
    %jmp T_3.4;
T_3.1 ;
    %load/vec4 v0x5611c3ce8400_0;
    %assign/vec4 v0x5611c3ce8640_0, 0;
    %jmp T_3.4;
T_3.2 ;
    %load/vec4 v0x5611c3ce84c0_0;
    %assign/vec4 v0x5611c3ce8640_0, 0;
    %jmp T_3.4;
T_3.3 ;
    %load/vec4 v0x5611c3ce8580_0;
    %assign/vec4 v0x5611c3ce8640_0, 0;
    %jmp T_3.4;
T_3.4 ;
    %pop/vec4 1;
    %jmp T_3;
    .thread T_3, $push;
    .scope S_0x5611c3ce8e90;
T_4 ;
    %wait E_0x5611c3c567e0;
    %load/vec4 v0x5611c3ce9c80_0;
    %dup/vec4;
    %pushi/vec4 0, 0, 2;
    %cmp/u;
    %jmp/1 T_4.0, 6;
    %dup/vec4;
    %pushi/vec4 1, 0, 2;
    %cmp/u;
    %jmp/1 T_4.1, 6;
    %dup/vec4;
    %pushi/vec4 2, 0, 2;
    %cmp/u;
    %jmp/1 T_4.2, 6;
    %dup/vec4;
    %pushi/vec4 3, 0, 2;
    %cmp/u;
    %jmp/1 T_4.3, 6;
    %jmp T_4.4;
T_4.0 ;
    %load/vec4 v0x5611c3ce9740_0;
    %assign/vec4 v0x5611c3ce9a40_0, 0;
    %jmp T_4.4;
T_4.1 ;
    %load/vec4 v0x5611c3ce9800_0;
    %assign/vec4 v0x5611c3ce9a40_0, 0;
    %jmp T_4.4;
T_4.2 ;
    %load/vec4 v0x5611c3ce98c0_0;
    %assign/vec4 v0x5611c3ce9a40_0, 0;
    %jmp T_4.4;
T_4.3 ;
    %load/vec4 v0x5611c3ce9980_0;
    %assign/vec4 v0x5611c3ce9a40_0, 0;
    %jmp T_4.4;
T_4.4 ;
    %pop/vec4 1;
    %jmp T_4;
    .thread T_4, $push;
    .scope S_0x5611c3cea310;
T_5 ;
    %wait E_0x5611c3c56a10;
    %load/vec4 v0x5611c3ceb1a0_0;
    %dup/vec4;
    %pushi/vec4 0, 0, 2;
    %cmp/u;
    %jmp/1 T_5.0, 6;
    %dup/vec4;
    %pushi/vec4 1, 0, 2;
    %cmp/u;
    %jmp/1 T_5.1, 6;
    %dup/vec4;
    %pushi/vec4 2, 0, 2;
    %cmp/u;
    %jmp/1 T_5.2, 6;
    %dup/vec4;
    %pushi/vec4 3, 0, 2;
    %cmp/u;
    %jmp/1 T_5.3, 6;
    %jmp T_5.4;
T_5.0 ;
    %load/vec4 v0x5611c3ceabd0_0;
    %assign/vec4 v0x5611c3ceaf60_0, 0;
    %jmp T_5.4;
T_5.1 ;
    %load/vec4 v0x5611c3ceac90_0;
    %assign/vec4 v0x5611c3ceaf60_0, 0;
    %jmp T_5.4;
T_5.2 ;
    %load/vec4 v0x5611c3cead50_0;
    %assign/vec4 v0x5611c3ceaf60_0, 0;
    %jmp T_5.4;
T_5.3 ;
    %load/vec4 v0x5611c3ceaea0_0;
    %assign/vec4 v0x5611c3ceaf60_0, 0;
    %jmp T_5.4;
T_5.4 ;
    %pop/vec4 1;
    %jmp T_5;
    .thread T_5, $push;
    .scope S_0x5611c3cf3e10;
T_6 ;
    %wait E_0x5611c3cf4140;
    %load/vec4 v0x5611c3cf4d40_0;
    %dup/vec4;
    %pushi/vec4 0, 0, 2;
    %cmp/u;
    %jmp/1 T_6.0, 6;
    %dup/vec4;
    %pushi/vec4 1, 0, 2;
    %cmp/u;
    %jmp/1 T_6.1, 6;
    %dup/vec4;
    %pushi/vec4 2, 0, 2;
    %cmp/u;
    %jmp/1 T_6.2, 6;
    %dup/vec4;
    %pushi/vec4 3, 0, 2;
    %cmp/u;
    %jmp/1 T_6.3, 6;
    %jmp T_6.4;
T_6.0 ;
    %load/vec4 v0x5611c3cf4700_0;
    %assign/vec4 v0x5611c3cf4a90_0, 0;
    %jmp T_6.4;
T_6.1 ;
    %load/vec4 v0x5611c3cf47c0_0;
    %assign/vec4 v0x5611c3cf4a90_0, 0;
    %jmp T_6.4;
T_6.2 ;
    %load/vec4 v0x5611c3cf4880_0;
    %assign/vec4 v0x5611c3cf4a90_0, 0;
    %jmp T_6.4;
T_6.3 ;
    %load/vec4 v0x5611c3cf49d0_0;
    %assign/vec4 v0x5611c3cf4a90_0, 0;
    %jmp T_6.4;
T_6.4 ;
    %pop/vec4 1;
    %jmp T_6;
    .thread T_6, $push;
    .scope S_0x5611c3cf52d0;
T_7 ;
    %wait E_0x5611c3cf5600;
    %load/vec4 v0x5611c3cf6140_0;
    %dup/vec4;
    %pushi/vec4 0, 0, 2;
    %cmp/u;
    %jmp/1 T_7.0, 6;
    %dup/vec4;
    %pushi/vec4 1, 0, 2;
    %cmp/u;
    %jmp/1 T_7.1, 6;
    %dup/vec4;
    %pushi/vec4 2, 0, 2;
    %cmp/u;
    %jmp/1 T_7.2, 6;
    %dup/vec4;
    %pushi/vec4 3, 0, 2;
    %cmp/u;
    %jmp/1 T_7.3, 6;
    %jmp T_7.4;
T_7.0 ;
    %load/vec4 v0x5611c3cf5b90_0;
    %assign/vec4 v0x5611c3cf5f20_0, 0;
    %jmp T_7.4;
T_7.1 ;
    %load/vec4 v0x5611c3cf5c50_0;
    %assign/vec4 v0x5611c3cf5f20_0, 0;
    %jmp T_7.4;
T_7.2 ;
    %load/vec4 v0x5611c3cf5d10_0;
    %assign/vec4 v0x5611c3cf5f20_0, 0;
    %jmp T_7.4;
T_7.3 ;
    %load/vec4 v0x5611c3cf5e60_0;
    %assign/vec4 v0x5611c3cf5f20_0, 0;
    %jmp T_7.4;
T_7.4 ;
    %pop/vec4 1;
    %jmp T_7;
    .thread T_7, $push;
    .scope S_0x5611c3cf6720;
T_8 ;
    %wait E_0x5611c3cf6a50;
    %load/vec4 v0x5611c3cf75b0_0;
    %dup/vec4;
    %pushi/vec4 0, 0, 2;
    %cmp/u;
    %jmp/1 T_8.0, 6;
    %dup/vec4;
    %pushi/vec4 1, 0, 2;
    %cmp/u;
    %jmp/1 T_8.1, 6;
    %dup/vec4;
    %pushi/vec4 2, 0, 2;
    %cmp/u;
    %jmp/1 T_8.2, 6;
    %dup/vec4;
    %pushi/vec4 3, 0, 2;
    %cmp/u;
    %jmp/1 T_8.3, 6;
    %jmp T_8.4;
T_8.0 ;
    %load/vec4 v0x5611c3cf6fe0_0;
    %assign/vec4 v0x5611c3cf7370_0, 0;
    %jmp T_8.4;
T_8.1 ;
    %load/vec4 v0x5611c3cf70a0_0;
    %assign/vec4 v0x5611c3cf7370_0, 0;
    %jmp T_8.4;
T_8.2 ;
    %load/vec4 v0x5611c3cf7160_0;
    %assign/vec4 v0x5611c3cf7370_0, 0;
    %jmp T_8.4;
T_8.3 ;
    %load/vec4 v0x5611c3cf72b0_0;
    %assign/vec4 v0x5611c3cf7370_0, 0;
    %jmp T_8.4;
T_8.4 ;
    %pop/vec4 1;
    %jmp T_8;
    .thread T_8, $push;
    .scope S_0x5611c3ceff90;
T_9 ;
    %wait E_0x5611c3cf02c0;
    %load/vec4 v0x5611c3cf0e40_0;
    %dup/vec4;
    %pushi/vec4 0, 0, 2;
    %cmp/u;
    %jmp/1 T_9.0, 6;
    %dup/vec4;
    %pushi/vec4 1, 0, 2;
    %cmp/u;
    %jmp/1 T_9.1, 6;
    %dup/vec4;
    %pushi/vec4 2, 0, 2;
    %cmp/u;
    %jmp/1 T_9.2, 6;
    %dup/vec4;
    %pushi/vec4 3, 0, 2;
    %cmp/u;
    %jmp/1 T_9.3, 6;
    %jmp T_9.4;
T_9.0 ;
    %load/vec4 v0x5611c3cf0870_0;
    %assign/vec4 v0x5611c3cf0c00_0, 0;
    %jmp T_9.4;
T_9.1 ;
    %load/vec4 v0x5611c3cf0930_0;
    %assign/vec4 v0x5611c3cf0c00_0, 0;
    %jmp T_9.4;
T_9.2 ;
    %load/vec4 v0x5611c3cf09f0_0;
    %assign/vec4 v0x5611c3cf0c00_0, 0;
    %jmp T_9.4;
T_9.3 ;
    %load/vec4 v0x5611c3cf0b40_0;
    %assign/vec4 v0x5611c3cf0c00_0, 0;
    %jmp T_9.4;
T_9.4 ;
    %pop/vec4 1;
    %jmp T_9;
    .thread T_9, $push;
    .scope S_0x5611c3cf1440;
T_10 ;
    %wait E_0x5611c3cf1770;
    %load/vec4 v0x5611c3cf2300_0;
    %dup/vec4;
    %pushi/vec4 0, 0, 2;
    %cmp/u;
    %jmp/1 T_10.0, 6;
    %dup/vec4;
    %pushi/vec4 1, 0, 2;
    %cmp/u;
    %jmp/1 T_10.1, 6;
    %dup/vec4;
    %pushi/vec4 2, 0, 2;
    %cmp/u;
    %jmp/1 T_10.2, 6;
    %dup/vec4;
    %pushi/vec4 3, 0, 2;
    %cmp/u;
    %jmp/1 T_10.3, 6;
    %jmp T_10.4;
T_10.0 ;
    %load/vec4 v0x5611c3cf1d30_0;
    %assign/vec4 v0x5611c3cf20c0_0, 0;
    %jmp T_10.4;
T_10.1 ;
    %load/vec4 v0x5611c3cf1df0_0;
    %assign/vec4 v0x5611c3cf20c0_0, 0;
    %jmp T_10.4;
T_10.2 ;
    %load/vec4 v0x5611c3cf1eb0_0;
    %assign/vec4 v0x5611c3cf20c0_0, 0;
    %jmp T_10.4;
T_10.3 ;
    %load/vec4 v0x5611c3cf2000_0;
    %assign/vec4 v0x5611c3cf20c0_0, 0;
    %jmp T_10.4;
T_10.4 ;
    %pop/vec4 1;
    %jmp T_10;
    .thread T_10, $push;
    .scope S_0x5611c3cf2930;
T_11 ;
    %wait E_0x5611c3cf2c40;
    %load/vec4 v0x5611c3cf3800_0;
    %dup/vec4;
    %pushi/vec4 0, 0, 2;
    %cmp/u;
    %jmp/1 T_11.0, 6;
    %dup/vec4;
    %pushi/vec4 1, 0, 2;
    %cmp/u;
    %jmp/1 T_11.1, 6;
    %dup/vec4;
    %pushi/vec4 2, 0, 2;
    %cmp/u;
    %jmp/1 T_11.2, 6;
    %dup/vec4;
    %pushi/vec4 3, 0, 2;
    %cmp/u;
    %jmp/1 T_11.3, 6;
    %jmp T_11.4;
T_11.0 ;
    %load/vec4 v0x5611c3cf3230_0;
    %assign/vec4 v0x5611c3cf35c0_0, 0;
    %jmp T_11.4;
T_11.1 ;
    %load/vec4 v0x5611c3cf32f0_0;
    %assign/vec4 v0x5611c3cf35c0_0, 0;
    %jmp T_11.4;
T_11.2 ;
    %load/vec4 v0x5611c3cf33b0_0;
    %assign/vec4 v0x5611c3cf35c0_0, 0;
    %jmp T_11.4;
T_11.3 ;
    %load/vec4 v0x5611c3cf3500_0;
    %assign/vec4 v0x5611c3cf35c0_0, 0;
    %jmp T_11.4;
T_11.4 ;
    %pop/vec4 1;
    %jmp T_11;
    .thread T_11, $push;
    .scope S_0x5611c3cfc420;
T_12 ;
    %wait E_0x5611c3cfc750;
    %load/vec4 v0x5611c3cfd280_0;
    %dup/vec4;
    %pushi/vec4 0, 0, 2;
    %cmp/u;
    %jmp/1 T_12.0, 6;
    %dup/vec4;
    %pushi/vec4 1, 0, 2;
    %cmp/u;
    %jmp/1 T_12.1, 6;
    %dup/vec4;
    %pushi/vec4 2, 0, 2;
    %cmp/u;
    %jmp/1 T_12.2, 6;
    %dup/vec4;
    %pushi/vec4 3, 0, 2;
    %cmp/u;
    %jmp/1 T_12.3, 6;
    %jmp T_12.4;
T_12.0 ;
    %load/vec4 v0x5611c3cfccd0_0;
    %assign/vec4 v0x5611c3cfcfd0_0, 0;
    %jmp T_12.4;
T_12.1 ;
    %load/vec4 v0x5611c3cfcd90_0;
    %assign/vec4 v0x5611c3cfcfd0_0, 0;
    %jmp T_12.4;
T_12.2 ;
    %load/vec4 v0x5611c3cfce50_0;
    %assign/vec4 v0x5611c3cfcfd0_0, 0;
    %jmp T_12.4;
T_12.3 ;
    %load/vec4 v0x5611c3cfcf10_0;
    %assign/vec4 v0x5611c3cfcfd0_0, 0;
    %jmp T_12.4;
T_12.4 ;
    %pop/vec4 1;
    %jmp T_12;
    .thread T_12, $push;
    .scope S_0x5611c3cfd810;
T_13 ;
    %wait E_0x5611c3cfdb40;
    %load/vec4 v0x5611c3cfe6c0_0;
    %dup/vec4;
    %pushi/vec4 0, 0, 2;
    %cmp/u;
    %jmp/1 T_13.0, 6;
    %dup/vec4;
    %pushi/vec4 1, 0, 2;
    %cmp/u;
    %jmp/1 T_13.1, 6;
    %dup/vec4;
    %pushi/vec4 2, 0, 2;
    %cmp/u;
    %jmp/1 T_13.2, 6;
    %dup/vec4;
    %pushi/vec4 3, 0, 2;
    %cmp/u;
    %jmp/1 T_13.3, 6;
    %jmp T_13.4;
T_13.0 ;
    %load/vec4 v0x5611c3cfe1a0_0;
    %assign/vec4 v0x5611c3cfe4a0_0, 0;
    %jmp T_13.4;
T_13.1 ;
    %load/vec4 v0x5611c3cfe260_0;
    %assign/vec4 v0x5611c3cfe4a0_0, 0;
    %jmp T_13.4;
T_13.2 ;
    %load/vec4 v0x5611c3cfe320_0;
    %assign/vec4 v0x5611c3cfe4a0_0, 0;
    %jmp T_13.4;
T_13.3 ;
    %load/vec4 v0x5611c3cfe3e0_0;
    %assign/vec4 v0x5611c3cfe4a0_0, 0;
    %jmp T_13.4;
T_13.4 ;
    %pop/vec4 1;
    %jmp T_13;
    .thread T_13, $push;
    .scope S_0x5611c3cfeca0;
T_14 ;
    %wait E_0x5611c3cfefd0;
    %load/vec4 v0x5611c3cffb70_0;
    %dup/vec4;
    %pushi/vec4 0, 0, 2;
    %cmp/u;
    %jmp/1 T_14.0, 6;
    %dup/vec4;
    %pushi/vec4 1, 0, 2;
    %cmp/u;
    %jmp/1 T_14.1, 6;
    %dup/vec4;
    %pushi/vec4 2, 0, 2;
    %cmp/u;
    %jmp/1 T_14.2, 6;
    %dup/vec4;
    %pushi/vec4 3, 0, 2;
    %cmp/u;
    %jmp/1 T_14.3, 6;
    %jmp T_14.4;
T_14.0 ;
    %load/vec4 v0x5611c3cff630_0;
    %assign/vec4 v0x5611c3cff930_0, 0;
    %jmp T_14.4;
T_14.1 ;
    %load/vec4 v0x5611c3cff6f0_0;
    %assign/vec4 v0x5611c3cff930_0, 0;
    %jmp T_14.4;
T_14.2 ;
    %load/vec4 v0x5611c3cff7b0_0;
    %assign/vec4 v0x5611c3cff930_0, 0;
    %jmp T_14.4;
T_14.3 ;
    %load/vec4 v0x5611c3cff870_0;
    %assign/vec4 v0x5611c3cff930_0, 0;
    %jmp T_14.4;
T_14.4 ;
    %pop/vec4 1;
    %jmp T_14;
    .thread T_14, $push;
    .scope S_0x5611c3cf85e0;
T_15 ;
    %wait E_0x5611c3cf8910;
    %load/vec4 v0x5611c3cf93c0_0;
    %dup/vec4;
    %pushi/vec4 0, 0, 2;
    %cmp/u;
    %jmp/1 T_15.0, 6;
    %dup/vec4;
    %pushi/vec4 1, 0, 2;
    %cmp/u;
    %jmp/1 T_15.1, 6;
    %dup/vec4;
    %pushi/vec4 2, 0, 2;
    %cmp/u;
    %jmp/1 T_15.2, 6;
    %dup/vec4;
    %pushi/vec4 3, 0, 2;
    %cmp/u;
    %jmp/1 T_15.3, 6;
    %jmp T_15.4;
T_15.0 ;
    %load/vec4 v0x5611c3cf8e80_0;
    %assign/vec4 v0x5611c3cf9180_0, 0;
    %jmp T_15.4;
T_15.1 ;
    %load/vec4 v0x5611c3cf8f40_0;
    %assign/vec4 v0x5611c3cf9180_0, 0;
    %jmp T_15.4;
T_15.2 ;
    %load/vec4 v0x5611c3cf9000_0;
    %assign/vec4 v0x5611c3cf9180_0, 0;
    %jmp T_15.4;
T_15.3 ;
    %load/vec4 v0x5611c3cf90c0_0;
    %assign/vec4 v0x5611c3cf9180_0, 0;
    %jmp T_15.4;
T_15.4 ;
    %pop/vec4 1;
    %jmp T_15;
    .thread T_15, $push;
    .scope S_0x5611c3cf99f0;
T_16 ;
    %wait E_0x5611c3cf9d20;
    %load/vec4 v0x5611c3cfa8b0_0;
    %dup/vec4;
    %pushi/vec4 0, 0, 2;
    %cmp/u;
    %jmp/1 T_16.0, 6;
    %dup/vec4;
    %pushi/vec4 1, 0, 2;
    %cmp/u;
    %jmp/1 T_16.1, 6;
    %dup/vec4;
    %pushi/vec4 2, 0, 2;
    %cmp/u;
    %jmp/1 T_16.2, 6;
    %dup/vec4;
    %pushi/vec4 3, 0, 2;
    %cmp/u;
    %jmp/1 T_16.3, 6;
    %jmp T_16.4;
T_16.0 ;
    %load/vec4 v0x5611c3cfa2e0_0;
    %assign/vec4 v0x5611c3cfa670_0, 0;
    %jmp T_16.4;
T_16.1 ;
    %load/vec4 v0x5611c3cfa3a0_0;
    %assign/vec4 v0x5611c3cfa670_0, 0;
    %jmp T_16.4;
T_16.2 ;
    %load/vec4 v0x5611c3cfa460_0;
    %assign/vec4 v0x5611c3cfa670_0, 0;
    %jmp T_16.4;
T_16.3 ;
    %load/vec4 v0x5611c3cfa5b0_0;
    %assign/vec4 v0x5611c3cfa670_0, 0;
    %jmp T_16.4;
T_16.4 ;
    %pop/vec4 1;
    %jmp T_16;
    .thread T_16, $push;
    .scope S_0x5611c3cfaf40;
T_17 ;
    %wait E_0x5611c3cfb250;
    %load/vec4 v0x5611c3cfbe10_0;
    %dup/vec4;
    %pushi/vec4 0, 0, 2;
    %cmp/u;
    %jmp/1 T_17.0, 6;
    %dup/vec4;
    %pushi/vec4 1, 0, 2;
    %cmp/u;
    %jmp/1 T_17.1, 6;
    %dup/vec4;
    %pushi/vec4 2, 0, 2;
    %cmp/u;
    %jmp/1 T_17.2, 6;
    %dup/vec4;
    %pushi/vec4 3, 0, 2;
    %cmp/u;
    %jmp/1 T_17.3, 6;
    %jmp T_17.4;
T_17.0 ;
    %load/vec4 v0x5611c3cfb840_0;
    %assign/vec4 v0x5611c3cfbbd0_0, 0;
    %jmp T_17.4;
T_17.1 ;
    %load/vec4 v0x5611c3cfb900_0;
    %assign/vec4 v0x5611c3cfbbd0_0, 0;
    %jmp T_17.4;
T_17.2 ;
    %load/vec4 v0x5611c3cfb9c0_0;
    %assign/vec4 v0x5611c3cfbbd0_0, 0;
    %jmp T_17.4;
T_17.3 ;
    %load/vec4 v0x5611c3cfbb10_0;
    %assign/vec4 v0x5611c3cfbbd0_0, 0;
    %jmp T_17.4;
T_17.4 ;
    %pop/vec4 1;
    %jmp T_17;
    .thread T_17, $push;
    .scope S_0x5611c3d04a60;
T_18 ;
    %wait E_0x5611c3d04d90;
    %load/vec4 v0x5611c3d05950_0;
    %dup/vec4;
    %pushi/vec4 0, 0, 2;
    %cmp/u;
    %jmp/1 T_18.0, 6;
    %dup/vec4;
    %pushi/vec4 1, 0, 2;
    %cmp/u;
    %jmp/1 T_18.1, 6;
    %dup/vec4;
    %pushi/vec4 2, 0, 2;
    %cmp/u;
    %jmp/1 T_18.2, 6;
    %dup/vec4;
    %pushi/vec4 3, 0, 2;
    %cmp/u;
    %jmp/1 T_18.3, 6;
    %jmp T_18.4;
T_18.0 ;
    %load/vec4 v0x5611c3d05310_0;
    %assign/vec4 v0x5611c3d056a0_0, 0;
    %jmp T_18.4;
T_18.1 ;
    %load/vec4 v0x5611c3d053d0_0;
    %assign/vec4 v0x5611c3d056a0_0, 0;
    %jmp T_18.4;
T_18.2 ;
    %load/vec4 v0x5611c3d05490_0;
    %assign/vec4 v0x5611c3d056a0_0, 0;
    %jmp T_18.4;
T_18.3 ;
    %load/vec4 v0x5611c3d055e0_0;
    %assign/vec4 v0x5611c3d056a0_0, 0;
    %jmp T_18.4;
T_18.4 ;
    %pop/vec4 1;
    %jmp T_18;
    .thread T_18, $push;
    .scope S_0x5611c3d05ee0;
T_19 ;
    %wait E_0x5611c3d06210;
    %load/vec4 v0x5611c3d06d10_0;
    %dup/vec4;
    %pushi/vec4 0, 0, 2;
    %cmp/u;
    %jmp/1 T_19.0, 6;
    %dup/vec4;
    %pushi/vec4 1, 0, 2;
    %cmp/u;
    %jmp/1 T_19.1, 6;
    %dup/vec4;
    %pushi/vec4 2, 0, 2;
    %cmp/u;
    %jmp/1 T_19.2, 6;
    %dup/vec4;
    %pushi/vec4 3, 0, 2;
    %cmp/u;
    %jmp/1 T_19.3, 6;
    %jmp T_19.4;
T_19.0 ;
    %load/vec4 v0x5611c3d06760_0;
    %assign/vec4 v0x5611c3d06af0_0, 0;
    %jmp T_19.4;
T_19.1 ;
    %load/vec4 v0x5611c3d06820_0;
    %assign/vec4 v0x5611c3d06af0_0, 0;
    %jmp T_19.4;
T_19.2 ;
    %load/vec4 v0x5611c3d068e0_0;
    %assign/vec4 v0x5611c3d06af0_0, 0;
    %jmp T_19.4;
T_19.3 ;
    %load/vec4 v0x5611c3d06a30_0;
    %assign/vec4 v0x5611c3d06af0_0, 0;
    %jmp T_19.4;
T_19.4 ;
    %pop/vec4 1;
    %jmp T_19;
    .thread T_19, $push;
    .scope S_0x5611c3d072f0;
T_20 ;
    %wait E_0x5611c3d07620;
    %load/vec4 v0x5611c3d08140_0;
    %dup/vec4;
    %pushi/vec4 0, 0, 2;
    %cmp/u;
    %jmp/1 T_20.0, 6;
    %dup/vec4;
    %pushi/vec4 1, 0, 2;
    %cmp/u;
    %jmp/1 T_20.1, 6;
    %dup/vec4;
    %pushi/vec4 2, 0, 2;
    %cmp/u;
    %jmp/1 T_20.2, 6;
    %dup/vec4;
    %pushi/vec4 3, 0, 2;
    %cmp/u;
    %jmp/1 T_20.3, 6;
    %jmp T_20.4;
T_20.0 ;
    %load/vec4 v0x5611c3d07b70_0;
    %assign/vec4 v0x5611c3d07f00_0, 0;
    %jmp T_20.4;
T_20.1 ;
    %load/vec4 v0x5611c3d07c30_0;
    %assign/vec4 v0x5611c3d07f00_0, 0;
    %jmp T_20.4;
T_20.2 ;
    %load/vec4 v0x5611c3d07cf0_0;
    %assign/vec4 v0x5611c3d07f00_0, 0;
    %jmp T_20.4;
T_20.3 ;
    %load/vec4 v0x5611c3d07e40_0;
    %assign/vec4 v0x5611c3d07f00_0, 0;
    %jmp T_20.4;
T_20.4 ;
    %pop/vec4 1;
    %jmp T_20;
    .thread T_20, $push;
    .scope S_0x5611c3d00bc0;
T_21 ;
    %wait E_0x5611c3d00ef0;
    %load/vec4 v0x5611c3d01a30_0;
    %dup/vec4;
    %pushi/vec4 0, 0, 2;
    %cmp/u;
    %jmp/1 T_21.0, 6;
    %dup/vec4;
    %pushi/vec4 1, 0, 2;
    %cmp/u;
    %jmp/1 T_21.1, 6;
    %dup/vec4;
    %pushi/vec4 2, 0, 2;
    %cmp/u;
    %jmp/1 T_21.2, 6;
    %dup/vec4;
    %pushi/vec4 3, 0, 2;
    %cmp/u;
    %jmp/1 T_21.3, 6;
    %jmp T_21.4;
T_21.0 ;
    %load/vec4 v0x5611c3d01460_0;
    %assign/vec4 v0x5611c3d017f0_0, 0;
    %jmp T_21.4;
T_21.1 ;
    %load/vec4 v0x5611c3d01520_0;
    %assign/vec4 v0x5611c3d017f0_0, 0;
    %jmp T_21.4;
T_21.2 ;
    %load/vec4 v0x5611c3d015e0_0;
    %assign/vec4 v0x5611c3d017f0_0, 0;
    %jmp T_21.4;
T_21.3 ;
    %load/vec4 v0x5611c3d01730_0;
    %assign/vec4 v0x5611c3d017f0_0, 0;
    %jmp T_21.4;
T_21.4 ;
    %pop/vec4 1;
    %jmp T_21;
    .thread T_21, $push;
    .scope S_0x5611c3d02030;
T_22 ;
    %wait E_0x5611c3d02360;
    %load/vec4 v0x5611c3d02ef0_0;
    %dup/vec4;
    %pushi/vec4 0, 0, 2;
    %cmp/u;
    %jmp/1 T_22.0, 6;
    %dup/vec4;
    %pushi/vec4 1, 0, 2;
    %cmp/u;
    %jmp/1 T_22.1, 6;
    %dup/vec4;
    %pushi/vec4 2, 0, 2;
    %cmp/u;
    %jmp/1 T_22.2, 6;
    %dup/vec4;
    %pushi/vec4 3, 0, 2;
    %cmp/u;
    %jmp/1 T_22.3, 6;
    %jmp T_22.4;
T_22.0 ;
    %load/vec4 v0x5611c3d02920_0;
    %assign/vec4 v0x5611c3d02cb0_0, 0;
    %jmp T_22.4;
T_22.1 ;
    %load/vec4 v0x5611c3d029e0_0;
    %assign/vec4 v0x5611c3d02cb0_0, 0;
    %jmp T_22.4;
T_22.2 ;
    %load/vec4 v0x5611c3d02aa0_0;
    %assign/vec4 v0x5611c3d02cb0_0, 0;
    %jmp T_22.4;
T_22.3 ;
    %load/vec4 v0x5611c3d02bf0_0;
    %assign/vec4 v0x5611c3d02cb0_0, 0;
    %jmp T_22.4;
T_22.4 ;
    %pop/vec4 1;
    %jmp T_22;
    .thread T_22, $push;
    .scope S_0x5611c3d03580;
T_23 ;
    %wait E_0x5611c3d03890;
    %load/vec4 v0x5611c3d04450_0;
    %dup/vec4;
    %pushi/vec4 0, 0, 2;
    %cmp/u;
    %jmp/1 T_23.0, 6;
    %dup/vec4;
    %pushi/vec4 1, 0, 2;
    %cmp/u;
    %jmp/1 T_23.1, 6;
    %dup/vec4;
    %pushi/vec4 2, 0, 2;
    %cmp/u;
    %jmp/1 T_23.2, 6;
    %dup/vec4;
    %pushi/vec4 3, 0, 2;
    %cmp/u;
    %jmp/1 T_23.3, 6;
    %jmp T_23.4;
T_23.0 ;
    %load/vec4 v0x5611c3d03e80_0;
    %assign/vec4 v0x5611c3d04210_0, 0;
    %jmp T_23.4;
T_23.1 ;
    %load/vec4 v0x5611c3d03f40_0;
    %assign/vec4 v0x5611c3d04210_0, 0;
    %jmp T_23.4;
T_23.2 ;
    %load/vec4 v0x5611c3d04000_0;
    %assign/vec4 v0x5611c3d04210_0, 0;
    %jmp T_23.4;
T_23.3 ;
    %load/vec4 v0x5611c3d04150_0;
    %assign/vec4 v0x5611c3d04210_0, 0;
    %jmp T_23.4;
T_23.4 ;
    %pop/vec4 1;
    %jmp T_23;
    .thread T_23, $push;
    .scope S_0x5611c3d08fe0;
T_24 ;
    %wait E_0x5611c3d09310;
    %load/vec4 v0x5611c3d09e30_0;
    %dup/vec4;
    %pushi/vec4 0, 0, 2;
    %cmp/u;
    %jmp/1 T_24.0, 6;
    %dup/vec4;
    %pushi/vec4 1, 0, 2;
    %cmp/u;
    %jmp/1 T_24.1, 6;
    %dup/vec4;
    %pushi/vec4 2, 0, 2;
    %cmp/u;
    %jmp/1 T_24.2, 6;
    %dup/vec4;
    %pushi/vec4 3, 0, 2;
    %cmp/u;
    %jmp/1 T_24.3, 6;
    %jmp T_24.4;
T_24.0 ;
    %load/vec4 v0x5611c3d09860_0;
    %assign/vec4 v0x5611c3d09bf0_0, 0;
    %jmp T_24.4;
T_24.1 ;
    %load/vec4 v0x5611c3d09920_0;
    %assign/vec4 v0x5611c3d09bf0_0, 0;
    %jmp T_24.4;
T_24.2 ;
    %load/vec4 v0x5611c3d099e0_0;
    %assign/vec4 v0x5611c3d09bf0_0, 0;
    %jmp T_24.4;
T_24.3 ;
    %load/vec4 v0x5611c3d09b30_0;
    %assign/vec4 v0x5611c3d09bf0_0, 0;
    %jmp T_24.4;
T_24.4 ;
    %pop/vec4 1;
    %jmp T_24;
    .thread T_24, $push;
    .scope S_0x5611c3d0a520;
T_25 ;
    %wait E_0x5611c3d0a800;
    %load/vec4 v0x5611c3d0b320_0;
    %dup/vec4;
    %pushi/vec4 0, 0, 2;
    %cmp/u;
    %jmp/1 T_25.0, 6;
    %dup/vec4;
    %pushi/vec4 1, 0, 2;
    %cmp/u;
    %jmp/1 T_25.1, 6;
    %dup/vec4;
    %pushi/vec4 2, 0, 2;
    %cmp/u;
    %jmp/1 T_25.2, 6;
    %dup/vec4;
    %pushi/vec4 3, 0, 2;
    %cmp/u;
    %jmp/1 T_25.3, 6;
    %jmp T_25.4;
T_25.0 ;
    %load/vec4 v0x5611c3d0ad50_0;
    %assign/vec4 v0x5611c3d0b0e0_0, 0;
    %jmp T_25.4;
T_25.1 ;
    %load/vec4 v0x5611c3d0ae10_0;
    %assign/vec4 v0x5611c3d0b0e0_0, 0;
    %jmp T_25.4;
T_25.2 ;
    %load/vec4 v0x5611c3d0aed0_0;
    %assign/vec4 v0x5611c3d0b0e0_0, 0;
    %jmp T_25.4;
T_25.3 ;
    %load/vec4 v0x5611c3d0b020_0;
    %assign/vec4 v0x5611c3d0b0e0_0, 0;
    %jmp T_25.4;
T_25.4 ;
    %pop/vec4 1;
    %jmp T_25;
    .thread T_25, $push;
    .scope S_0x5611c3d0ba10;
T_26 ;
    %wait E_0x5611c3d0bcf0;
    %load/vec4 v0x5611c3d0c8b0_0;
    %dup/vec4;
    %pushi/vec4 0, 0, 2;
    %cmp/u;
    %jmp/1 T_26.0, 6;
    %dup/vec4;
    %pushi/vec4 1, 0, 2;
    %cmp/u;
    %jmp/1 T_26.1, 6;
    %dup/vec4;
    %pushi/vec4 2, 0, 2;
    %cmp/u;
    %jmp/1 T_26.2, 6;
    %dup/vec4;
    %pushi/vec4 3, 0, 2;
    %cmp/u;
    %jmp/1 T_26.3, 6;
    %jmp T_26.4;
T_26.0 ;
    %load/vec4 v0x5611c3d0c2e0_0;
    %assign/vec4 v0x5611c3d0c670_0, 0;
    %jmp T_26.4;
T_26.1 ;
    %load/vec4 v0x5611c3d0c3a0_0;
    %assign/vec4 v0x5611c3d0c670_0, 0;
    %jmp T_26.4;
T_26.2 ;
    %load/vec4 v0x5611c3d0c460_0;
    %assign/vec4 v0x5611c3d0c670_0, 0;
    %jmp T_26.4;
T_26.3 ;
    %load/vec4 v0x5611c3d0c5b0_0;
    %assign/vec4 v0x5611c3d0c670_0, 0;
    %jmp T_26.4;
T_26.4 ;
    %pop/vec4 1;
    %jmp T_26;
    .thread T_26, $push;
    .scope S_0x5611c3cdeb90;
T_27 ;
    %vpi_call 2 10 "$dumpfile", "all1.vcd" {0 0 0};
    %vpi_call 2 11 "$dumpvars", 32'sb00000000000000000000000000000000, S_0x5611c3cdeb90 {0 0 0};
    %delay 10, 0;
    %pushi/vec4 0, 0, 1;
    %store/vec4 v0x5611c3d0d710_0, 0, 1;
    %pushi/vec4 0, 0, 1;
    %store/vec4 v0x5611c3d0d9e0_0, 0, 1;
    %pushi/vec4 0, 0, 1;
    %store/vec4 v0x5611c3d0dc90_0, 0, 1;
    %pushi/vec4 1, 0, 1;
    %store/vec4 v0x5611c3d0df40_0, 0, 1;
    %delay 10, 0;
    %pushi/vec4 0, 0, 1;
    %store/vec4 v0x5611c3d0d710_0, 0, 1;
    %pushi/vec4 1, 0, 1;
    %store/vec4 v0x5611c3d0d9e0_0, 0, 1;
    %pushi/vec4 1, 0, 1;
    %store/vec4 v0x5611c3d0dc90_0, 0, 1;
    %pushi/vec4 1, 0, 1;
    %store/vec4 v0x5611c3d0df40_0, 0, 1;
    %delay 10, 0;
    %pushi/vec4 1, 0, 1;
    %store/vec4 v0x5611c3d0d710_0, 0, 1;
    %pushi/vec4 0, 0, 1;
    %store/vec4 v0x5611c3d0d9e0_0, 0, 1;
    %pushi/vec4 0, 0, 1;
    %store/vec4 v0x5611c3d0dc90_0, 0, 1;
    %pushi/vec4 0, 0, 1;
    %store/vec4 v0x5611c3d0df40_0, 0, 1;
    %delay 10, 0;
    %pushi/vec4 0, 0, 1;
    %store/vec4 v0x5611c3d0d710_0, 0, 1;
    %pushi/vec4 1, 0, 1;
    %store/vec4 v0x5611c3d0d9e0_0, 0, 1;
    %pushi/vec4 0, 0, 1;
    %store/vec4 v0x5611c3d0dc90_0, 0, 1;
    %pushi/vec4 1, 0, 1;
    %store/vec4 v0x5611c3d0df40_0, 0, 1;
    %delay 10, 0;
    %pushi/vec4 0, 0, 1;
    %store/vec4 v0x5611c3d0d710_0, 0, 1;
    %pushi/vec4 0, 0, 1;
    %store/vec4 v0x5611c3d0d9e0_0, 0, 1;
    %pushi/vec4 1, 0, 1;
    %store/vec4 v0x5611c3d0dc90_0, 0, 1;
    %pushi/vec4 0, 0, 1;
    %store/vec4 v0x5611c3d0df40_0, 0, 1;
    %delay 10, 0;
    %pushi/vec4 0, 0, 1;
    %store/vec4 v0x5611c3d0d710_0, 0, 1;
    %pushi/vec4 1, 0, 1;
    %store/vec4 v0x5611c3d0d9e0_0, 0, 1;
    %pushi/vec4 1, 0, 1;
    %store/vec4 v0x5611c3d0dc90_0, 0, 1;
    %pushi/vec4 0, 0, 1;
    %store/vec4 v0x5611c3d0df40_0, 0, 1;
    %delay 10, 0;
    %pushi/vec4 0, 0, 1;
    %store/vec4 v0x5611c3d0d710_0, 0, 1;
    %pushi/vec4 1, 0, 1;
    %store/vec4 v0x5611c3d0d9e0_0, 0, 1;
    %pushi/vec4 0, 0, 1;
    %store/vec4 v0x5611c3d0dc90_0, 0, 1;
    %pushi/vec4 0, 0, 1;
    %store/vec4 v0x5611c3d0df40_0, 0, 1;
    %end;
    .thread T_27;
# The file index is used to find the file name in the following table.
:file_names 9;
    "N/A";
    "<interactive>";
    "all1_tb.v";
    "./all1.v";
    "./one1.v";
    "./and.v";
    "./c2.v";
    "./not.v";
    "./or.v";
