#! /usr/bin/vvp
:ivl_version "11.0 (stable)";
:ivl_delay_selection "TYPICAL";
:vpi_time_precision + 0;
:vpi_module "/usr/lib/x86_64-linux-gnu/ivl/system.vpi";
:vpi_module "/usr/lib/x86_64-linux-gnu/ivl/vhdl_sys.vpi";
:vpi_module "/usr/lib/x86_64-linux-gnu/ivl/vhdl_textio.vpi";
:vpi_module "/usr/lib/x86_64-linux-gnu/ivl/v2005_math.vpi";
:vpi_module "/usr/lib/x86_64-linux-gnu/ivl/va_math.vpi";
S_0x55bc40545790 .scope module, "fpga_and" "fpga_and" 2 3;
 .timescale 0 0;
    .port_info 0 /INPUT 1 "A0";
    .port_info 1 /INPUT 1 "B0";
    .port_info 2 /OUTPUT 1 "out";
o0x7f9ce37cf018 .functor BUFZ 1, C4<z>; HiZ drive
v0x55bc405583e0_0 .net "A0", 0 0, o0x7f9ce37cf018;  0 drivers
o0x7f9ce37cf078 .functor BUFZ 1, C4<z>; HiZ drive
v0x55bc405584a0_0 .net "B0", 0 0, o0x7f9ce37cf078;  0 drivers
v0x55bc40558540_0 .net "out", 0 0, v0x55bc40557fa0_0;  1 drivers
S_0x55bc40545920 .scope module, "c2_instance" "c2" 2 5, 3 1 0, S_0x55bc40545790;
 .timescale 0 0;
    .port_info 0 /INPUT 1 "d0";
    .port_info 1 /INPUT 1 "d1";
    .port_info 2 /INPUT 1 "d2";
    .port_info 3 /INPUT 1 "d3";
    .port_info 4 /INPUT 1 "A0";
    .port_info 5 /INPUT 1 "A1";
    .port_info 6 /INPUT 1 "B0";
    .port_info 7 /INPUT 1 "B1";
    .port_info 8 /OUTPUT 1 "out";
L_0x7f9ce3786138 .functor BUFT 1, C4<1>, C4<0>, C4<0>, C4<0>;
L_0x7f9ce3786180 .functor BUFT 1, C4<0>, C4<0>, C4<0>, C4<0>;
L_0x55bc405585e0 .functor OR 1, L_0x7f9ce3786138, L_0x7f9ce3786180, C4<0>, C4<0>;
L_0x55bc405586b0 .functor AND 1, o0x7f9ce37cf018, o0x7f9ce37cf078, C4<1>, C4<1>;
L_0x55bc405587a0 .functor BUFZ 1, L_0x55bc405586b0, C4<0>, C4<0>, C4<0>;
L_0x55bc40558950 .functor BUFZ 1, L_0x55bc405585e0, C4<0>, C4<0>, C4<0>;
v0x55bc405328a0_0 .net "A0", 0 0, o0x7f9ce37cf018;  alias, 0 drivers
v0x55bc405577e0_0 .net "A1", 0 0, L_0x7f9ce3786138;  1 drivers
v0x55bc405578a0_0 .net "B0", 0 0, o0x7f9ce37cf078;  alias, 0 drivers
v0x55bc40557940_0 .net "B1", 0 0, L_0x7f9ce3786180;  1 drivers
v0x55bc40557a00_0 .net *"_ivl_12", 0 0, L_0x55bc40558950;  1 drivers
v0x55bc40557b30_0 .net *"_ivl_7", 0 0, L_0x55bc405587a0;  1 drivers
L_0x7f9ce3786018 .functor BUFT 1, C4<0>, C4<0>, C4<0>, C4<0>;
v0x55bc40557c10_0 .net "d0", 0 0, L_0x7f9ce3786018;  1 drivers
L_0x7f9ce3786060 .functor BUFT 1, C4<0>, C4<0>, C4<0>, C4<0>;
v0x55bc40557cd0_0 .net "d1", 0 0, L_0x7f9ce3786060;  1 drivers
L_0x7f9ce37860a8 .functor BUFT 1, C4<1>, C4<0>, C4<0>, C4<0>;
v0x55bc40557d90_0 .net "d2", 0 0, L_0x7f9ce37860a8;  1 drivers
L_0x7f9ce37860f0 .functor BUFT 1, C4<1>, C4<0>, C4<0>, C4<0>;
v0x55bc40557ee0_0 .net "d3", 0 0, L_0x7f9ce37860f0;  1 drivers
v0x55bc40557fa0_0 .var "out", 0 0;
v0x55bc40558060_0 .net "s0", 0 0, L_0x55bc405586b0;  1 drivers
v0x55bc40558120_0 .net "s1", 0 0, L_0x55bc405585e0;  1 drivers
v0x55bc405581e0_0 .net "sel", 1 0, L_0x55bc40558860;  1 drivers
E_0x55bc40543940 .event edge, v0x55bc405581e0_0;
L_0x55bc40558860 .concat8 [ 1 1 0 0], L_0x55bc40558950, L_0x55bc405587a0;
    .scope S_0x55bc40545920;
T_0 ;
    %wait E_0x55bc40543940;
    %load/vec4 v0x55bc405581e0_0;
    %dup/vec4;
    %pushi/vec4 0, 0, 2;
    %cmp/u;
    %jmp/1 T_0.0, 6;
    %dup/vec4;
    %pushi/vec4 1, 0, 2;
    %cmp/u;
    %jmp/1 T_0.1, 6;
    %dup/vec4;
    %pushi/vec4 2, 0, 2;
    %cmp/u;
    %jmp/1 T_0.2, 6;
    %dup/vec4;
    %pushi/vec4 3, 0, 2;
    %cmp/u;
    %jmp/1 T_0.3, 6;
    %jmp T_0.4;
T_0.0 ;
    %load/vec4 v0x55bc40557c10_0;
    %assign/vec4 v0x55bc40557fa0_0, 0;
    %jmp T_0.4;
T_0.1 ;
    %load/vec4 v0x55bc40557cd0_0;
    %assign/vec4 v0x55bc40557fa0_0, 0;
    %jmp T_0.4;
T_0.2 ;
    %load/vec4 v0x55bc40557d90_0;
    %assign/vec4 v0x55bc40557fa0_0, 0;
    %jmp T_0.4;
T_0.3 ;
    %load/vec4 v0x55bc40557ee0_0;
    %assign/vec4 v0x55bc40557fa0_0, 0;
    %jmp T_0.4;
T_0.4 ;
    %pop/vec4 1;
    %jmp T_0;
    .thread T_0, $push;
# The file index is used to find the file name in the following table.
:file_names 4;
    "N/A";
    "<interactive>";
    "and.v";
    "./c2.v";
