#! /usr/bin/vvp
:ivl_version "11.0 (stable)";
:ivl_delay_selection "TYPICAL";
:vpi_time_precision + 0;
:vpi_module "/usr/lib/x86_64-linux-gnu/ivl/system.vpi";
:vpi_module "/usr/lib/x86_64-linux-gnu/ivl/vhdl_sys.vpi";
:vpi_module "/usr/lib/x86_64-linux-gnu/ivl/vhdl_textio.vpi";
:vpi_module "/usr/lib/x86_64-linux-gnu/ivl/v2005_math.vpi";
:vpi_module "/usr/lib/x86_64-linux-gnu/ivl/va_math.vpi";
S_0x55c3dad05c50 .scope module, "c1" "c1" 2 1;
 .timescale 0 0;
    .port_info 0 /INPUT 1 "A0";
    .port_info 1 /INPUT 1 "A1";
    .port_info 2 /INPUT 1 "B0";
    .port_info 3 /INPUT 1 "B1";
    .port_info 4 /INPUT 1 "S0";
    .port_info 5 /INPUT 1 "S1";
    .port_info 6 /INPUT 1 "SA";
    .port_info 7 /INPUT 1 "SB";
    .port_info 8 /OUTPUT 1 "f";
o0x7f508c5cf0d8 .functor BUFZ 1, C4<z>; HiZ drive
o0x7f508c5cf108 .functor BUFZ 1, C4<z>; HiZ drive
L_0x55c3dad29250 .functor OR 1, o0x7f508c5cf0d8, o0x7f508c5cf108, C4<0>, C4<0>;
o0x7f508c5cf018 .functor BUFZ 1, C4<z>; HiZ drive
v0x55c3dad05ec0_0 .net "A0", 0 0, o0x7f508c5cf018;  0 drivers
o0x7f508c5cf048 .functor BUFZ 1, C4<z>; HiZ drive
v0x55c3dad28610_0 .net "A1", 0 0, o0x7f508c5cf048;  0 drivers
o0x7f508c5cf078 .functor BUFZ 1, C4<z>; HiZ drive
v0x55c3dad286d0_0 .net "B0", 0 0, o0x7f508c5cf078;  0 drivers
o0x7f508c5cf0a8 .functor BUFZ 1, C4<z>; HiZ drive
v0x55c3dad28770_0 .net "B1", 0 0, o0x7f508c5cf0a8;  0 drivers
v0x55c3dad28830_0 .net "S0", 0 0, o0x7f508c5cf0d8;  0 drivers
v0x55c3dad28940_0 .net "S1", 0 0, o0x7f508c5cf108;  0 drivers
o0x7f508c5cf138 .functor BUFZ 1, C4<z>; HiZ drive
v0x55c3dad28a00_0 .net "SA", 0 0, o0x7f508c5cf138;  0 drivers
o0x7f508c5cf168 .functor BUFZ 1, C4<z>; HiZ drive
v0x55c3dad28ac0_0 .net "SB", 0 0, o0x7f508c5cf168;  0 drivers
v0x55c3dad28b80_0 .net "f", 0 0, L_0x55c3dad29350;  1 drivers
v0x55c3dad28cd0_0 .net "f1", 0 0, L_0x55c3dad29030;  1 drivers
v0x55c3dad28d90_0 .net "f2", 0 0, L_0x55c3dad29120;  1 drivers
v0x55c3dad28e50_0 .net "s2", 0 0, L_0x55c3dad29250;  1 drivers
L_0x55c3dad29030 .functor MUXZ 1, o0x7f508c5cf048, o0x7f508c5cf048, o0x7f508c5cf138, C4<>;
L_0x55c3dad29120 .functor MUXZ 1, o0x7f508c5cf078, o0x7f508c5cf0a8, o0x7f508c5cf168, C4<>;
L_0x55c3dad29350 .functor MUXZ 1, L_0x55c3dad29120, L_0x55c3dad29030, L_0x55c3dad29250, C4<>;
# The file index is used to find the file name in the following table.
:file_names 3;
    "N/A";
    "<interactive>";
    "c1.v";
