#! /usr/bin/vvp
:ivl_version "11.0 (stable)";
:ivl_delay_selection "TYPICAL";
:vpi_time_precision + 0;
:vpi_module "/usr/lib/x86_64-linux-gnu/ivl/system.vpi";
:vpi_module "/usr/lib/x86_64-linux-gnu/ivl/vhdl_sys.vpi";
:vpi_module "/usr/lib/x86_64-linux-gnu/ivl/vhdl_textio.vpi";
:vpi_module "/usr/lib/x86_64-linux-gnu/ivl/v2005_math.vpi";
:vpi_module "/usr/lib/x86_64-linux-gnu/ivl/va_math.vpi";
S_0x55576a85c850 .scope module, "c1_tb" "c1_tb" 2 3;
 .timescale 0 0;
v0x55576a8723a0_0 .var "A0", 0 0;
v0x55576a872460_0 .var "A1", 0 0;
v0x55576a872500_0 .var "B0", 0 0;
v0x55576a872600_0 .var "B1", 0 0;
v0x55576a8726d0_0 .var "S0", 0 0;
v0x55576a872770_0 .var "S1", 0 0;
v0x55576a872840_0 .var "SA", 0 0;
v0x55576a872910_0 .var "SB", 0 0;
v0x55576a8729e0_0 .net "f", 0 0, L_0x55576a872e70;  1 drivers
S_0x55576a85c9e0 .scope module, "c1_instance" "c1" 2 7, 3 1 0, S_0x55576a85c850;
 .timescale 0 0;
    .port_info 0 /INPUT 1 "A0";
    .port_info 1 /INPUT 1 "A1";
    .port_info 2 /INPUT 1 "B0";
    .port_info 3 /INPUT 1 "B1";
    .port_info 4 /INPUT 1 "S0";
    .port_info 5 /INPUT 1 "S1";
    .port_info 6 /INPUT 1 "SA";
    .port_info 7 /INPUT 1 "SB";
    .port_info 8 /OUTPUT 1 "f";
L_0x55576a872d60 .functor OR 1, v0x55576a8726d0_0, v0x55576a872770_0, C4<0>, C4<0>;
v0x55576a821dd0_0 .net "A0", 0 0, v0x55576a8723a0_0;  1 drivers
v0x55576a871a10_0 .net "A1", 0 0, v0x55576a872460_0;  1 drivers
v0x55576a871ad0_0 .net "B0", 0 0, v0x55576a872500_0;  1 drivers
v0x55576a871b70_0 .net "B1", 0 0, v0x55576a872600_0;  1 drivers
v0x55576a871c30_0 .net "S0", 0 0, v0x55576a8726d0_0;  1 drivers
v0x55576a871d40_0 .net "S1", 0 0, v0x55576a872770_0;  1 drivers
v0x55576a871e00_0 .net "SA", 0 0, v0x55576a872840_0;  1 drivers
v0x55576a871ec0_0 .net "SB", 0 0, v0x55576a872910_0;  1 drivers
v0x55576a871f80_0 .net "f", 0 0, L_0x55576a872e70;  alias, 1 drivers
v0x55576a872040_0 .net "f1", 0 0, L_0x55576a872ab0;  1 drivers
v0x55576a872100_0 .net "f2", 0 0, L_0x55576a872bd0;  1 drivers
v0x55576a8721c0_0 .net "s2", 0 0, L_0x55576a872d60;  1 drivers
L_0x55576a872ab0 .functor MUXZ 1, v0x55576a872460_0, v0x55576a872460_0, v0x55576a872840_0, C4<>;
L_0x55576a872bd0 .functor MUXZ 1, v0x55576a872500_0, v0x55576a872600_0, v0x55576a872910_0, C4<>;
L_0x55576a872e70 .functor MUXZ 1, L_0x55576a872bd0, L_0x55576a872ab0, L_0x55576a872d60, C4<>;
    .scope S_0x55576a85c850;
T_0 ;
    %vpi_call 2 10 "$dumpfile", "c1.vcd" {0 0 0};
    %vpi_call 2 11 "$dumpvars", 32'sb00000000000000000000000000000000, S_0x55576a85c850 {0 0 0};
    %delay 20, 0;
    %pushi/vec4 0, 0, 1;
    %store/vec4 v0x55576a8723a0_0, 0, 1;
    %pushi/vec4 1, 0, 1;
    %store/vec4 v0x55576a872460_0, 0, 1;
    %pushi/vec4 1, 0, 1;
    %store/vec4 v0x55576a872840_0, 0, 1;
    %pushi/vec4 0, 0, 1;
    %store/vec4 v0x55576a872500_0, 0, 1;
    %pushi/vec4 1, 0, 1;
    %store/vec4 v0x55576a872600_0, 0, 1;
    %pushi/vec4 0, 0, 1;
    %store/vec4 v0x55576a872910_0, 0, 1;
    %pushi/vec4 1, 0, 1;
    %store/vec4 v0x55576a8726d0_0, 0, 1;
    %pushi/vec4 1, 0, 1;
    %store/vec4 v0x55576a872770_0, 0, 1;
    %delay 20, 0;
    %pushi/vec4 0, 0, 1;
    %store/vec4 v0x55576a8723a0_0, 0, 1;
    %pushi/vec4 1, 0, 1;
    %store/vec4 v0x55576a872460_0, 0, 1;
    %pushi/vec4 1, 0, 1;
    %store/vec4 v0x55576a872840_0, 0, 1;
    %pushi/vec4 0, 0, 1;
    %store/vec4 v0x55576a872500_0, 0, 1;
    %pushi/vec4 1, 0, 1;
    %store/vec4 v0x55576a872600_0, 0, 1;
    %pushi/vec4 0, 0, 1;
    %store/vec4 v0x55576a872910_0, 0, 1;
    %pushi/vec4 0, 0, 1;
    %store/vec4 v0x55576a8726d0_0, 0, 1;
    %pushi/vec4 0, 0, 1;
    %store/vec4 v0x55576a872770_0, 0, 1;
    %delay 30, 0;
    %end;
    .thread T_0;
# The file index is used to find the file name in the following table.
:file_names 4;
    "N/A";
    "<interactive>";
    "c1_tb.v";
    "./c1.v";
