#! /usr/bin/vvp
:ivl_version "11.0 (stable)";
:ivl_delay_selection "TYPICAL";
:vpi_time_precision + 0;
:vpi_module "/usr/lib/x86_64-linux-gnu/ivl/system.vpi";
:vpi_module "/usr/lib/x86_64-linux-gnu/ivl/vhdl_sys.vpi";
:vpi_module "/usr/lib/x86_64-linux-gnu/ivl/vhdl_textio.vpi";
:vpi_module "/usr/lib/x86_64-linux-gnu/ivl/v2005_math.vpi";
:vpi_module "/usr/lib/x86_64-linux-gnu/ivl/va_math.vpi";
S_0x55a7e2f1c720 .scope module, "c2" "c2" 2 1;
 .timescale 0 0;
    .port_info 0 /INPUT 1 "d0";
    .port_info 1 /INPUT 1 "d1";
    .port_info 2 /INPUT 1 "d2";
    .port_info 3 /INPUT 1 "d3";
    .port_info 4 /INPUT 1 "A0";
    .port_info 5 /INPUT 1 "A1";
    .port_info 6 /INPUT 1 "B0";
    .port_info 7 /INPUT 1 "B1";
    .port_info 8 /OUTPUT 1 "out";
o0x7f13490b8048 .functor BUFZ 1, C4<z>; HiZ drive
o0x7f13490b80a8 .functor BUFZ 1, C4<z>; HiZ drive
L_0x55a7e2f40d30 .functor OR 1, o0x7f13490b8048, o0x7f13490b80a8, C4<0>, C4<0>;
o0x7f13490b8018 .functor BUFZ 1, C4<z>; HiZ drive
o0x7f13490b8078 .functor BUFZ 1, C4<z>; HiZ drive
L_0x55a7e2f40e20 .functor AND 1, o0x7f13490b8018, o0x7f13490b8078, C4<1>, C4<1>;
L_0x55a7e2f40f20 .functor BUFZ 1, L_0x55a7e2f40e20, C4<0>, C4<0>, C4<0>;
L_0x55a7e2f410e0 .functor BUFZ 1, L_0x55a7e2f40d30, C4<0>, C4<0>, C4<0>;
v0x55a7e2f1b7e0_0 .net "A0", 0 0, o0x7f13490b8018;  0 drivers
v0x55a7e2f40130_0 .net "A1", 0 0, o0x7f13490b8048;  0 drivers
v0x55a7e2f401f0_0 .net "B0", 0 0, o0x7f13490b8078;  0 drivers
v0x55a7e2f40290_0 .net "B1", 0 0, o0x7f13490b80a8;  0 drivers
v0x55a7e2f40350_0 .net *"_ivl_12", 0 0, L_0x55a7e2f410e0;  1 drivers
v0x55a7e2f40480_0 .net *"_ivl_7", 0 0, L_0x55a7e2f40f20;  1 drivers
o0x7f13490b8138 .functor BUFZ 1, C4<z>; HiZ drive
v0x55a7e2f40560_0 .net "d0", 0 0, o0x7f13490b8138;  0 drivers
o0x7f13490b8168 .functor BUFZ 1, C4<z>; HiZ drive
v0x55a7e2f40620_0 .net "d1", 0 0, o0x7f13490b8168;  0 drivers
o0x7f13490b8198 .functor BUFZ 1, C4<z>; HiZ drive
v0x55a7e2f406e0_0 .net "d2", 0 0, o0x7f13490b8198;  0 drivers
o0x7f13490b81c8 .functor BUFZ 1, C4<z>; HiZ drive
v0x55a7e2f40830_0 .net "d3", 0 0, o0x7f13490b81c8;  0 drivers
v0x55a7e2f408f0_0 .var "out", 0 0;
v0x55a7e2f409b0_0 .net "s0", 0 0, L_0x55a7e2f40e20;  1 drivers
v0x55a7e2f40a70_0 .net "s1", 0 0, L_0x55a7e2f40d30;  1 drivers
v0x55a7e2f40b30_0 .net "sel", 1 0, L_0x55a7e2f40fc0;  1 drivers
E_0x55a7e2f2e780 .event edge, v0x55a7e2f40b30_0;
L_0x55a7e2f40fc0 .concat8 [ 1 1 0 0], L_0x55a7e2f410e0, L_0x55a7e2f40f20;
    .scope S_0x55a7e2f1c720;
T_0 ;
    %wait E_0x55a7e2f2e780;
    %load/vec4 v0x55a7e2f40b30_0;
    %dup/vec4;
    %pushi/vec4 0, 0, 2;
    %cmp/u;
    %jmp/1 T_0.0, 6;
    %dup/vec4;
    %pushi/vec4 1, 0, 2;
    %cmp/u;
    %jmp/1 T_0.1, 6;
    %dup/vec4;
    %pushi/vec4 2, 0, 2;
    %cmp/u;
    %jmp/1 T_0.2, 6;
    %dup/vec4;
    %pushi/vec4 3, 0, 2;
    %cmp/u;
    %jmp/1 T_0.3, 6;
    %jmp T_0.4;
T_0.0 ;
    %load/vec4 v0x55a7e2f40560_0;
    %assign/vec4 v0x55a7e2f408f0_0, 0;
    %jmp T_0.4;
T_0.1 ;
    %load/vec4 v0x55a7e2f40620_0;
    %assign/vec4 v0x55a7e2f408f0_0, 0;
    %jmp T_0.4;
T_0.2 ;
    %load/vec4 v0x55a7e2f406e0_0;
    %assign/vec4 v0x55a7e2f408f0_0, 0;
    %jmp T_0.4;
T_0.3 ;
    %load/vec4 v0x55a7e2f40830_0;
    %assign/vec4 v0x55a7e2f408f0_0, 0;
    %jmp T_0.4;
T_0.4 ;
    %pop/vec4 1;
    %jmp T_0;
    .thread T_0, $push;
# The file index is used to find the file name in the following table.
:file_names 3;
    "N/A";
    "<interactive>";
    "c2.v";
