#! /usr/bin/vvp
:ivl_version "11.0 (stable)";
:ivl_delay_selection "TYPICAL";
:vpi_time_precision + 0;
:vpi_module "/usr/lib/x86_64-linux-gnu/ivl/system.vpi";
:vpi_module "/usr/lib/x86_64-linux-gnu/ivl/vhdl_sys.vpi";
:vpi_module "/usr/lib/x86_64-linux-gnu/ivl/vhdl_textio.vpi";
:vpi_module "/usr/lib/x86_64-linux-gnu/ivl/v2005_math.vpi";
:vpi_module "/usr/lib/x86_64-linux-gnu/ivl/va_math.vpi";
S_0x55cb82eb7830 .scope module, "c2_tb" "c2_tb" 2 3;
 .timescale 0 0;
v0x55cb82ecf970_0 .var "A0", 0 0;
v0x55cb82ecfa30_0 .var "A1", 0 0;
v0x55cb82ecfb00_0 .var "B0", 0 0;
v0x55cb82ecfc00_0 .var "B1", 0 0;
v0x55cb82ecfcd0_0 .var "d0", 0 0;
v0x55cb82ecfd70_0 .var "d1", 0 0;
v0x55cb82ecfe40_0 .var "d2", 0 0;
v0x55cb82ecff10_0 .var "d3", 0 0;
v0x55cb82ecffe0_0 .net "out", 0 0, v0x55cb82ecf530_0;  1 drivers
S_0x55cb82eb79c0 .scope module, "c2_instance" "c2" 2 7, 3 1 0, S_0x55cb82eb7830;
 .timescale 0 0;
    .port_info 0 /INPUT 1 "d0";
    .port_info 1 /INPUT 1 "d1";
    .port_info 2 /INPUT 1 "d2";
    .port_info 3 /INPUT 1 "d3";
    .port_info 4 /INPUT 1 "A0";
    .port_info 5 /INPUT 1 "A1";
    .port_info 6 /INPUT 1 "B0";
    .port_info 7 /INPUT 1 "B1";
    .port_info 8 /OUTPUT 1 "out";
L_0x55cb82ed00b0 .functor OR 1, v0x55cb82ecfa30_0, v0x55cb82ecfc00_0, C4<0>, C4<0>;
L_0x55cb82ed01a0 .functor AND 1, v0x55cb82ecf970_0, v0x55cb82ecfb00_0, C4<1>, C4<1>;
L_0x55cb82ed02b0 .functor BUFZ 1, L_0x55cb82ed00b0, C4<0>, C4<0>, C4<0>;
L_0x55cb82ed0460 .functor BUFZ 1, L_0x55cb82ed01a0, C4<0>, C4<0>, C4<0>;
v0x55cb82ea39a0_0 .net "A0", 0 0, v0x55cb82ecf970_0;  1 drivers
v0x55cb82ecee00_0 .net "A1", 0 0, v0x55cb82ecfa30_0;  1 drivers
v0x55cb82eceec0_0 .net "B0", 0 0, v0x55cb82ecfb00_0;  1 drivers
v0x55cb82ecef60_0 .net "B1", 0 0, v0x55cb82ecfc00_0;  1 drivers
v0x55cb82ecf020_0 .net *"_ivl_12", 0 0, L_0x55cb82ed0460;  1 drivers
v0x55cb82ecf150_0 .net *"_ivl_7", 0 0, L_0x55cb82ed02b0;  1 drivers
v0x55cb82ecf230_0 .net "d0", 0 0, v0x55cb82ecfcd0_0;  1 drivers
v0x55cb82ecf2f0_0 .net "d1", 0 0, v0x55cb82ecfd70_0;  1 drivers
v0x55cb82ecf3b0_0 .net "d2", 0 0, v0x55cb82ecfe40_0;  1 drivers
v0x55cb82ecf470_0 .net "d3", 0 0, v0x55cb82ecff10_0;  1 drivers
v0x55cb82ecf530_0 .var "out", 0 0;
v0x55cb82ecf5f0_0 .net "s0", 0 0, L_0x55cb82ed01a0;  1 drivers
v0x55cb82ecf6b0_0 .net "s1", 0 0, L_0x55cb82ed00b0;  1 drivers
v0x55cb82ecf770_0 .net "sel", 1 0, L_0x55cb82ed0370;  1 drivers
E_0x55cb82eb5940 .event edge, v0x55cb82ecf770_0;
L_0x55cb82ed0370 .concat8 [ 1 1 0 0], L_0x55cb82ed0460, L_0x55cb82ed02b0;
    .scope S_0x55cb82eb79c0;
T_0 ;
    %wait E_0x55cb82eb5940;
    %load/vec4 v0x55cb82ecf770_0;
    %dup/vec4;
    %pushi/vec4 0, 0, 2;
    %cmp/u;
    %jmp/1 T_0.0, 6;
    %dup/vec4;
    %pushi/vec4 1, 0, 2;
    %cmp/u;
    %jmp/1 T_0.1, 6;
    %dup/vec4;
    %pushi/vec4 2, 0, 2;
    %cmp/u;
    %jmp/1 T_0.2, 6;
    %dup/vec4;
    %pushi/vec4 3, 0, 2;
    %cmp/u;
    %jmp/1 T_0.3, 6;
    %jmp T_0.4;
T_0.0 ;
    %load/vec4 v0x55cb82ecf230_0;
    %assign/vec4 v0x55cb82ecf530_0, 0;
    %jmp T_0.4;
T_0.1 ;
    %load/vec4 v0x55cb82ecf2f0_0;
    %assign/vec4 v0x55cb82ecf530_0, 0;
    %jmp T_0.4;
T_0.2 ;
    %load/vec4 v0x55cb82ecf3b0_0;
    %assign/vec4 v0x55cb82ecf530_0, 0;
    %jmp T_0.4;
T_0.3 ;
    %load/vec4 v0x55cb82ecf470_0;
    %assign/vec4 v0x55cb82ecf530_0, 0;
    %jmp T_0.4;
T_0.4 ;
    %pop/vec4 1;
    %jmp T_0;
    .thread T_0, $push;
    .scope S_0x55cb82eb7830;
T_1 ;
    %vpi_call 2 10 "$dumpfile", "c2.vcd" {0 0 0};
    %vpi_call 2 11 "$dumpvars", 32'sb00000000000000000000000000000000, S_0x55cb82eb7830 {0 0 0};
    %delay 20, 0;
    %pushi/vec4 0, 0, 1;
    %store/vec4 v0x55cb82ecfcd0_0, 0, 1;
    %pushi/vec4 1, 0, 1;
    %store/vec4 v0x55cb82ecfd70_0, 0, 1;
    %pushi/vec4 0, 0, 1;
    %store/vec4 v0x55cb82ecfe40_0, 0, 1;
    %pushi/vec4 1, 0, 1;
    %store/vec4 v0x55cb82ecff10_0, 0, 1;
    %pushi/vec4 1, 0, 1;
    %store/vec4 v0x55cb82ecfb00_0, 0, 1;
    %pushi/vec4 1, 0, 1;
    %store/vec4 v0x55cb82ecfc00_0, 0, 1;
    %pushi/vec4 1, 0, 1;
    %store/vec4 v0x55cb82ecf970_0, 0, 1;
    %pushi/vec4 1, 0, 1;
    %store/vec4 v0x55cb82ecfa30_0, 0, 1;
    %delay 20, 0;
    %pushi/vec4 0, 0, 1;
    %store/vec4 v0x55cb82ecfcd0_0, 0, 1;
    %pushi/vec4 1, 0, 1;
    %store/vec4 v0x55cb82ecfd70_0, 0, 1;
    %pushi/vec4 0, 0, 1;
    %store/vec4 v0x55cb82ecfe40_0, 0, 1;
    %pushi/vec4 1, 0, 1;
    %store/vec4 v0x55cb82ecff10_0, 0, 1;
    %pushi/vec4 0, 0, 1;
    %store/vec4 v0x55cb82ecfb00_0, 0, 1;
    %pushi/vec4 0, 0, 1;
    %store/vec4 v0x55cb82ecfc00_0, 0, 1;
    %pushi/vec4 0, 0, 1;
    %store/vec4 v0x55cb82ecf970_0, 0, 1;
    %pushi/vec4 0, 0, 1;
    %store/vec4 v0x55cb82ecfa30_0, 0, 1;
    %delay 20, 0;
    %pushi/vec4 0, 0, 1;
    %store/vec4 v0x55cb82ecfcd0_0, 0, 1;
    %pushi/vec4 1, 0, 1;
    %store/vec4 v0x55cb82ecfd70_0, 0, 1;
    %pushi/vec4 0, 0, 1;
    %store/vec4 v0x55cb82ecfe40_0, 0, 1;
    %pushi/vec4 1, 0, 1;
    %store/vec4 v0x55cb82ecff10_0, 0, 1;
    %pushi/vec4 1, 0, 1;
    %store/vec4 v0x55cb82ecfb00_0, 0, 1;
    %pushi/vec4 0, 0, 1;
    %store/vec4 v0x55cb82ecfc00_0, 0, 1;
    %pushi/vec4 1, 0, 1;
    %store/vec4 v0x55cb82ecf970_0, 0, 1;
    %pushi/vec4 0, 0, 1;
    %store/vec4 v0x55cb82ecfa30_0, 0, 1;
    %delay 30, 0;
    %end;
    .thread T_1;
# The file index is used to find the file name in the following table.
:file_names 4;
    "N/A";
    "<interactive>";
    "c2_tb.v";
    "./c2.v";
