#! /usr/bin/vvp
:ivl_version "11.0 (stable)";
:ivl_delay_selection "TYPICAL";
:vpi_time_precision + 0;
:vpi_module "/usr/lib/x86_64-linux-gnu/ivl/system.vpi";
:vpi_module "/usr/lib/x86_64-linux-gnu/ivl/vhdl_sys.vpi";
:vpi_module "/usr/lib/x86_64-linux-gnu/ivl/vhdl_textio.vpi";
:vpi_module "/usr/lib/x86_64-linux-gnu/ivl/v2005_math.vpi";
:vpi_module "/usr/lib/x86_64-linux-gnu/ivl/va_math.vpi";
S_0x55836379dde0 .scope module, "dff" "dff" 2 1;
 .timescale 0 0;
    .port_info 0 /INPUT 1 "d";
    .port_info 1 /INPUT 1 "clr";
    .port_info 2 /INPUT 1 "clk";
    .port_info 3 /OUTPUT 1 "q";
o0x7f0da38a3018 .functor BUFZ 1, C4<z>; HiZ drive
v0x55836379f7b0_0 .net "clk", 0 0, o0x7f0da38a3018;  0 drivers
o0x7f0da38a3048 .functor BUFZ 1, C4<z>; HiZ drive
v0x55836379fba0_0 .net "clr", 0 0, o0x7f0da38a3048;  0 drivers
o0x7f0da38a3078 .functor BUFZ 1, C4<z>; HiZ drive
v0x5583637e4dd0_0 .net "d", 0 0, o0x7f0da38a3078;  0 drivers
v0x5583637e4ea0_0 .var "q", 0 0;
E_0x55836379e4a0 .event posedge, v0x55836379f7b0_0;
    .scope S_0x55836379dde0;
T_0 ;
    %wait E_0x55836379e4a0;
    %load/vec4 v0x55836379fba0_0;
    %flag_set/vec4 8;
    %jmp/0xz  T_0.0, 8;
    %pushi/vec4 0, 0, 1;
    %assign/vec4 v0x5583637e4ea0_0, 0;
    %jmp T_0.1;
T_0.0 ;
    %load/vec4 v0x5583637e4dd0_0;
    %flag_set/vec4 8;
    %jmp/0xz  T_0.2, 8;
    %pushi/vec4 1, 0, 1;
    %assign/vec4 v0x5583637e4ea0_0, 0;
    %jmp T_0.3;
T_0.2 ;
    %load/vec4 v0x5583637e4dd0_0;
    %inv;
    %flag_set/vec4 8;
    %jmp/0xz  T_0.4, 8;
    %pushi/vec4 0, 0, 1;
    %assign/vec4 v0x5583637e4ea0_0, 0;
T_0.4 ;
T_0.3 ;
T_0.1 ;
    %jmp T_0;
    .thread T_0;
# The file index is used to find the file name in the following table.
:file_names 3;
    "N/A";
    "<interactive>";
    "dff.v";
