#! /usr/bin/vvp
:ivl_version "11.0 (stable)";
:ivl_delay_selection "TYPICAL";
:vpi_time_precision + 0;
:vpi_module "/usr/lib/x86_64-linux-gnu/ivl/system.vpi";
:vpi_module "/usr/lib/x86_64-linux-gnu/ivl/vhdl_sys.vpi";
:vpi_module "/usr/lib/x86_64-linux-gnu/ivl/vhdl_textio.vpi";
:vpi_module "/usr/lib/x86_64-linux-gnu/ivl/v2005_math.vpi";
:vpi_module "/usr/lib/x86_64-linux-gnu/ivl/va_math.vpi";
S_0x55dc13c9c560 .scope module, "dff_tb" "dff_tb" 2 3;
 .timescale 0 0;
v0x55dc13cb1140_0 .var "clk", 0 0;
v0x55dc13cb1200_0 .var "clr", 0 0;
v0x55dc13cb12d0_0 .var "d", 0 0;
v0x55dc13cb13d0_0 .net "q", 0 0, v0x55dc13cb0fd0_0;  1 drivers
S_0x55dc13c9c6f0 .scope module, "dff0" "dff" 2 7, 3 1 0, S_0x55dc13c9c560;
 .timescale 0 0;
    .port_info 0 /INPUT 1 "d";
    .port_info 1 /INPUT 1 "clr";
    .port_info 2 /INPUT 1 "clk";
    .port_info 3 /OUTPUT 1 "q";
v0x55dc13c647b0_0 .net "clk", 0 0, v0x55dc13cb1140_0;  1 drivers
v0x55dc13c64ba0_0 .net "clr", 0 0, v0x55dc13cb1200_0;  1 drivers
v0x55dc13cb0f00_0 .net "d", 0 0, v0x55dc13cb12d0_0;  1 drivers
v0x55dc13cb0fd0_0 .var "q", 0 0;
E_0x55dc13c63580 .event posedge, v0x55dc13c647b0_0;
    .scope S_0x55dc13c9c6f0;
T_0 ;
    %wait E_0x55dc13c63580;
    %load/vec4 v0x55dc13c64ba0_0;
    %flag_set/vec4 8;
    %jmp/0xz  T_0.0, 8;
    %pushi/vec4 0, 0, 1;
    %assign/vec4 v0x55dc13cb0fd0_0, 0;
    %jmp T_0.1;
T_0.0 ;
    %load/vec4 v0x55dc13cb0f00_0;
    %flag_set/vec4 8;
    %jmp/0xz  T_0.2, 8;
    %pushi/vec4 1, 0, 1;
    %assign/vec4 v0x55dc13cb0fd0_0, 0;
    %jmp T_0.3;
T_0.2 ;
    %load/vec4 v0x55dc13cb0f00_0;
    %inv;
    %flag_set/vec4 8;
    %jmp/0xz  T_0.4, 8;
    %pushi/vec4 0, 0, 1;
    %assign/vec4 v0x55dc13cb0fd0_0, 0;
T_0.4 ;
T_0.3 ;
T_0.1 ;
    %jmp T_0;
    .thread T_0;
    .scope S_0x55dc13c9c560;
T_1 ;
    %vpi_call 2 10 "$dumpfile", "dff.vcd" {0 0 0};
    %vpi_call 2 11 "$dumpvars", 32'sb00000000000000000000000000000000, S_0x55dc13c9c560 {0 0 0};
    %delay 10, 0;
    %pushi/vec4 1, 0, 1;
    %store/vec4 v0x55dc13cb1140_0, 0, 1;
    %pushi/vec4 0, 0, 1;
    %store/vec4 v0x55dc13cb12d0_0, 0, 1;
    %pushi/vec4 0, 0, 1;
    %store/vec4 v0x55dc13cb1200_0, 0, 1;
    %delay 10, 0;
    %load/vec4 v0x55dc13cb1140_0;
    %inv;
    %store/vec4 v0x55dc13cb1140_0, 0, 1;
    %pushi/vec4 0, 0, 1;
    %store/vec4 v0x55dc13cb12d0_0, 0, 1;
    %pushi/vec4 0, 0, 1;
    %store/vec4 v0x55dc13cb1200_0, 0, 1;
    %delay 10, 0;
    %load/vec4 v0x55dc13cb1140_0;
    %inv;
    %store/vec4 v0x55dc13cb1140_0, 0, 1;
    %pushi/vec4 1, 0, 1;
    %store/vec4 v0x55dc13cb12d0_0, 0, 1;
    %pushi/vec4 0, 0, 1;
    %store/vec4 v0x55dc13cb1200_0, 0, 1;
    %delay 10, 0;
    %load/vec4 v0x55dc13cb1140_0;
    %inv;
    %store/vec4 v0x55dc13cb1140_0, 0, 1;
    %pushi/vec4 0, 0, 1;
    %store/vec4 v0x55dc13cb12d0_0, 0, 1;
    %pushi/vec4 1, 0, 1;
    %store/vec4 v0x55dc13cb1200_0, 0, 1;
    %delay 10, 0;
    %load/vec4 v0x55dc13cb1140_0;
    %inv;
    %store/vec4 v0x55dc13cb1140_0, 0, 1;
    %pushi/vec4 0, 0, 1;
    %store/vec4 v0x55dc13cb12d0_0, 0, 1;
    %pushi/vec4 1, 0, 1;
    %store/vec4 v0x55dc13cb1200_0, 0, 1;
    %delay 10, 0;
    %load/vec4 v0x55dc13cb1140_0;
    %inv;
    %store/vec4 v0x55dc13cb1140_0, 0, 1;
    %pushi/vec4 1, 0, 1;
    %store/vec4 v0x55dc13cb12d0_0, 0, 1;
    %pushi/vec4 1, 0, 1;
    %store/vec4 v0x55dc13cb1200_0, 0, 1;
    %delay 10, 0;
    %load/vec4 v0x55dc13cb1140_0;
    %inv;
    %store/vec4 v0x55dc13cb1140_0, 0, 1;
    %pushi/vec4 1, 0, 1;
    %store/vec4 v0x55dc13cb12d0_0, 0, 1;
    %pushi/vec4 0, 0, 1;
    %store/vec4 v0x55dc13cb1200_0, 0, 1;
    %delay 10, 0;
    %end;
    .thread T_1;
# The file index is used to find the file name in the following table.
:file_names 4;
    "N/A";
    "<interactive>";
    "dff_tb.v";
    "./dff.v";
