#! /usr/bin/vvp
:ivl_version "11.0 (stable)";
:ivl_delay_selection "TYPICAL";
:vpi_time_precision + 0;
:vpi_module "/usr/lib/x86_64-linux-gnu/ivl/system.vpi";
:vpi_module "/usr/lib/x86_64-linux-gnu/ivl/vhdl_sys.vpi";
:vpi_module "/usr/lib/x86_64-linux-gnu/ivl/vhdl_textio.vpi";
:vpi_module "/usr/lib/x86_64-linux-gnu/ivl/v2005_math.vpi";
:vpi_module "/usr/lib/x86_64-linux-gnu/ivl/va_math.vpi";
S_0x5606be645640 .scope module, "mult_tb" "mult_tb" 2 3;
 .timescale 0 0;
v0x5606be6805c0_0 .var "a", 4 0;
v0x5606be680680_0 .var "b", 4 0;
v0x5606be680720_0 .net "out", 9 0, L_0x5606be689850;  1 drivers
S_0x5606be644960 .scope module, "mult0" "mult" 2 7, 3 3 0, S_0x5606be645640;
 .timescale 0 0;
    .port_info 0 /INPUT 5 "a";
    .port_info 1 /INPUT 5 "b";
    .port_info 2 /OUTPUT 10 "out";
v0x5606be67d7b0_0 .net *"_ivl_13", 3 0, L_0x5606be680e90;  1 drivers
L_0x7f2902155b18 .functor BUFT 1, C4<00000>, C4<0>, C4<0>, C4<0>;
v0x5606be67d890_0 .net/2u *"_ivl_14", 4 0, L_0x7f2902155b18;  1 drivers
L_0x7f2902155b60 .functor BUFT 1, C4<0000>, C4<0>, C4<0>, C4<0>;
v0x5606be67d970_0 .net/2u *"_ivl_18", 3 0, L_0x7f2902155b60;  1 drivers
L_0x7f2902155ba8 .functor BUFT 1, C4<0>, C4<0>, C4<0>, C4<0>;
v0x5606be67da30_0 .net/2u *"_ivl_20", 0 0, L_0x7f2902155ba8;  1 drivers
L_0x7f2902155bf0 .functor BUFT 1, C4<000>, C4<0>, C4<0>, C4<0>;
v0x5606be67db10_0 .net/2u *"_ivl_24", 2 0, L_0x7f2902155bf0;  1 drivers
L_0x7f2902155c38 .functor BUFT 1, C4<00>, C4<0>, C4<0>, C4<0>;
v0x5606be67dbf0_0 .net/2u *"_ivl_26", 1 0, L_0x7f2902155c38;  1 drivers
L_0x7f2902155c80 .functor BUFT 1, C4<00>, C4<0>, C4<0>, C4<0>;
v0x5606be67dcd0_0 .net/2u *"_ivl_30", 1 0, L_0x7f2902155c80;  1 drivers
L_0x7f2902155cc8 .functor BUFT 1, C4<000>, C4<0>, C4<0>, C4<0>;
v0x5606be67ddb0_0 .net/2u *"_ivl_32", 2 0, L_0x7f2902155cc8;  1 drivers
v0x5606be67de90_0 .net *"_ivl_38", 8 0, L_0x5606be686f20;  1 drivers
v0x5606be67e000_0 .net *"_ivl_40", 8 0, L_0x5606be687060;  1 drivers
v0x5606be67e0e0_0 .net *"_ivl_42", 8 0, L_0x5606be687230;  1 drivers
v0x5606be67e1c0_0 .net *"_ivl_6", 3 0, L_0x5606be680a90;  1 drivers
v0x5606be67e2a0_0 .net "a", 4 0, v0x5606be6805c0_0;  1 drivers
v0x5606be67e380_0 .net "a1", 0 0, L_0x5606be6807c0;  1 drivers
v0x5606be67e420_0 .net "a2", 0 0, L_0x5606be680860;  1 drivers
v0x5606be67e5d0_0 .net "a3", 0 0, L_0x5606be680950;  1 drivers
v0x5606be67e780_0 .net "a4", 0 0, L_0x5606be6809f0;  1 drivers
v0x5606be67ea40_0 .net "b", 4 0, v0x5606be680680_0;  1 drivers
v0x5606be67eb20_0 .net "b1", 0 0, L_0x5606be680b30;  1 drivers
v0x5606be67ecd0_0 .net "b2", 0 0, L_0x5606be680c10;  1 drivers
v0x5606be67ee80_0 .net "b3", 0 0, L_0x5606be680d00;  1 drivers
v0x5606be67f030_0 .net "b4", 0 0, L_0x5606be680df0;  1 drivers
v0x5606be67f1e0_0 .net "c1", 0 0, v0x5606be66f610_0;  1 drivers
v0x5606be67f280_0 .net "c2", 0 0, v0x5606be670b80_0;  1 drivers
v0x5606be67f320_0 .net "c3", 0 0, v0x5606be672060_0;  1 drivers
v0x5606be67f3c0_0 .net "c4", 0 0, v0x5606be673530_0;  1 drivers
v0x5606be67f460_0 .net "d1", 0 0, v0x5606be662470_0;  1 drivers
v0x5606be67f500_0 .net "d2", 0 0, v0x5606be663890_0;  1 drivers
v0x5606be67f5f0_0 .net "d3", 0 0, v0x5606be66cc20_0;  1 drivers
v0x5606be67f6e0_0 .net "d4", 0 0, v0x5606be66e0e0_0;  1 drivers
v0x5606be67f7d0_0 .net "e1", 0 0, v0x5606be674a40_0;  1 drivers
v0x5606be67f8c0_0 .net "e2", 0 0, v0x5606be675f10_0;  1 drivers
v0x5606be67f9b0_0 .net "e3", 0 0, v0x5606be664d50_0;  1 drivers
v0x5606be67fcb0_0 .net "e4", 0 0, v0x5606be666270_0;  1 drivers
v0x5606be67fda0_0 .net "f1", 0 0, v0x5606be667770_0;  1 drivers
v0x5606be67fe90_0 .net "f2", 0 0, v0x5606be668c50_0;  1 drivers
v0x5606be67ff80_0 .net "f3", 0 0, v0x5606be66a150_0;  1 drivers
v0x5606be680070_0 .net "f4", 0 0, v0x5606be66b640_0;  1 drivers
v0x5606be680160_0 .net "out", 9 0, L_0x5606be689850;  alias, 1 drivers
v0x5606be680200_0 .net "row1", 8 0, L_0x5606be686800;  1 drivers
v0x5606be6802a0_0 .net "row2", 8 0, L_0x5606be686920;  1 drivers
v0x5606be680380_0 .net "row3", 8 0, L_0x5606be686b40;  1 drivers
v0x5606be680460_0 .net "row4", 8 0, L_0x5606be686cf0;  1 drivers
L_0x5606be6807c0 .part L_0x5606be680a90, 3, 1;
L_0x5606be680860 .part L_0x5606be680a90, 2, 1;
L_0x5606be680950 .part L_0x5606be680a90, 1, 1;
L_0x5606be6809f0 .part L_0x5606be680a90, 0, 1;
L_0x5606be680a90 .part v0x5606be6805c0_0, 0, 4;
L_0x5606be680b30 .part L_0x5606be680e90, 3, 1;
L_0x5606be680c10 .part L_0x5606be680e90, 2, 1;
L_0x5606be680d00 .part L_0x5606be680e90, 1, 1;
L_0x5606be680df0 .part L_0x5606be680e90, 0, 1;
L_0x5606be680e90 .part v0x5606be680680_0, 0, 4;
LS_0x5606be686800_0_0 .concat [ 1 1 1 1], v0x5606be66e0e0_0, v0x5606be66cc20_0, v0x5606be663890_0, v0x5606be662470_0;
LS_0x5606be686800_0_4 .concat [ 5 0 0 0], L_0x7f2902155b18;
L_0x5606be686800 .concat [ 4 5 0 0], LS_0x5606be686800_0_0, LS_0x5606be686800_0_4;
LS_0x5606be686920_0_0 .concat [ 1 1 1 1], L_0x7f2902155ba8, v0x5606be673530_0, v0x5606be672060_0, v0x5606be670b80_0;
LS_0x5606be686920_0_4 .concat [ 1 4 0 0], v0x5606be66f610_0, L_0x7f2902155b60;
L_0x5606be686920 .concat [ 4 5 0 0], LS_0x5606be686920_0_0, LS_0x5606be686920_0_4;
LS_0x5606be686b40_0_0 .concat [ 2 1 1 1], L_0x7f2902155c38, v0x5606be666270_0, v0x5606be664d50_0, v0x5606be675f10_0;
LS_0x5606be686b40_0_4 .concat [ 1 3 0 0], v0x5606be674a40_0, L_0x7f2902155bf0;
L_0x5606be686b40 .concat [ 5 4 0 0], LS_0x5606be686b40_0_0, LS_0x5606be686b40_0_4;
LS_0x5606be686cf0_0_0 .concat [ 3 1 1 1], L_0x7f2902155cc8, v0x5606be66b640_0, v0x5606be66a150_0, v0x5606be668c50_0;
LS_0x5606be686cf0_0_4 .concat [ 1 2 0 0], v0x5606be667770_0, L_0x7f2902155c80;
L_0x5606be686cf0 .concat [ 6 3 0 0], LS_0x5606be686cf0_0_0, LS_0x5606be686cf0_0_4;
L_0x5606be686f20 .arith/sum 9, L_0x5606be686800, L_0x5606be686920;
L_0x5606be687060 .arith/sum 9, L_0x5606be686f20, L_0x5606be686b40;
L_0x5606be687230 .arith/sum 9, L_0x5606be687060, L_0x5606be686cf0;
L_0x5606be689670 .part v0x5606be6805c0_0, 4, 1;
L_0x5606be6897b0 .part v0x5606be680680_0, 4, 1;
L_0x5606be689850 .concat8 [ 9 1 0 0], L_0x5606be687230, v0x5606be67ca30_0;
S_0x5606be643c80 .scope module, "and0" "fpga_and" 3 11, 4 3 0, S_0x5606be644960;
 .timescale 0 0;
    .port_info 0 /INPUT 1 "A0";
    .port_info 1 /INPUT 1 "B0";
    .port_info 2 /OUTPUT 1 "out";
v0x5606be6628b0_0 .net "A0", 0 0, L_0x5606be6807c0;  alias, 1 drivers
v0x5606be662970_0 .net "B0", 0 0, L_0x5606be680df0;  alias, 1 drivers
v0x5606be662a10_0 .net "out", 0 0, v0x5606be662470_0;  alias, 1 drivers
S_0x5606be655750 .scope module, "c2_instance" "c2" 4 5, 5 1 0, S_0x5606be643c80;
 .timescale 0 0;
    .port_info 0 /INPUT 1 "d0";
    .port_info 1 /INPUT 1 "d1";
    .port_info 2 /INPUT 1 "d2";
    .port_info 3 /INPUT 1 "d3";
    .port_info 4 /INPUT 1 "A0";
    .port_info 5 /INPUT 1 "A1";
    .port_info 6 /INPUT 1 "B0";
    .port_info 7 /INPUT 1 "B1";
    .port_info 8 /OUTPUT 1 "out";
L_0x7f2902154138 .functor BUFT 1, C4<1>, C4<0>, C4<0>, C4<0>;
L_0x7f2902154180 .functor BUFT 1, C4<0>, C4<0>, C4<0>, C4<0>;
L_0x5606be680f90 .functor OR 1, L_0x7f2902154138, L_0x7f2902154180, C4<0>, C4<0>;
L_0x5606be681000 .functor AND 1, L_0x5606be6807c0, L_0x5606be680df0, C4<1>, C4<1>;
L_0x5606be681070 .functor BUFZ 1, L_0x5606be681000, C4<0>, C4<0>, C4<0>;
L_0x5606be6811d0 .functor BUFZ 1, L_0x5606be680f90, C4<0>, C4<0>, C4<0>;
v0x5606be5e6130_0 .net "A0", 0 0, L_0x5606be6807c0;  alias, 1 drivers
v0x5606be5e5e30_0 .net "A1", 0 0, L_0x7f2902154138;  1 drivers
v0x5606be6568f0_0 .net "B0", 0 0, L_0x5606be680df0;  alias, 1 drivers
v0x5606be645dc0_0 .net "B1", 0 0, L_0x7f2902154180;  1 drivers
v0x5606be661f60_0 .net *"_ivl_12", 0 0, L_0x5606be6811d0;  1 drivers
v0x5606be662090_0 .net *"_ivl_7", 0 0, L_0x5606be681070;  1 drivers
L_0x7f2902154018 .functor BUFT 1, C4<0>, C4<0>, C4<0>, C4<0>;
v0x5606be662170_0 .net "d0", 0 0, L_0x7f2902154018;  1 drivers
L_0x7f2902154060 .functor BUFT 1, C4<0>, C4<0>, C4<0>, C4<0>;
v0x5606be662230_0 .net "d1", 0 0, L_0x7f2902154060;  1 drivers
L_0x7f29021540a8 .functor BUFT 1, C4<1>, C4<0>, C4<0>, C4<0>;
v0x5606be6622f0_0 .net "d2", 0 0, L_0x7f29021540a8;  1 drivers
L_0x7f29021540f0 .functor BUFT 1, C4<1>, C4<0>, C4<0>, C4<0>;
v0x5606be6623b0_0 .net "d3", 0 0, L_0x7f29021540f0;  1 drivers
v0x5606be662470_0 .var "out", 0 0;
v0x5606be662530_0 .net "s0", 0 0, L_0x5606be681000;  1 drivers
v0x5606be6625f0_0 .net "s1", 0 0, L_0x5606be680f90;  1 drivers
v0x5606be6626b0_0 .net "sel", 1 0, L_0x5606be6810e0;  1 drivers
E_0x5606be5dba00 .event edge, v0x5606be6626b0_0;
L_0x5606be6810e0 .concat8 [ 1 1 0 0], L_0x5606be6811d0, L_0x5606be681070;
S_0x5606be662ab0 .scope module, "and1" "fpga_and" 3 12, 4 3 0, S_0x5606be644960;
 .timescale 0 0;
    .port_info 0 /INPUT 1 "A0";
    .port_info 1 /INPUT 1 "B0";
    .port_info 2 /OUTPUT 1 "out";
v0x5606be663cd0_0 .net "A0", 0 0, L_0x5606be680860;  alias, 1 drivers
v0x5606be663d90_0 .net "B0", 0 0, L_0x5606be680df0;  alias, 1 drivers
v0x5606be663e30_0 .net "out", 0 0, v0x5606be663890_0;  alias, 1 drivers
S_0x5606be662ce0 .scope module, "c2_instance" "c2" 4 5, 5 1 0, S_0x5606be662ab0;
 .timescale 0 0;
    .port_info 0 /INPUT 1 "d0";
    .port_info 1 /INPUT 1 "d1";
    .port_info 2 /INPUT 1 "d2";
    .port_info 3 /INPUT 1 "d3";
    .port_info 4 /INPUT 1 "A0";
    .port_info 5 /INPUT 1 "A1";
    .port_info 6 /INPUT 1 "B0";
    .port_info 7 /INPUT 1 "B1";
    .port_info 8 /OUTPUT 1 "out";
L_0x7f29021542e8 .functor BUFT 1, C4<1>, C4<0>, C4<0>, C4<0>;
L_0x7f2902154330 .functor BUFT 1, C4<0>, C4<0>, C4<0>, C4<0>;
L_0x5606be6813d0 .functor OR 1, L_0x7f29021542e8, L_0x7f2902154330, C4<0>, C4<0>;
L_0x5606be681440 .functor AND 1, L_0x5606be680860, L_0x5606be680df0, C4<1>, C4<1>;
L_0x5606be6814b0 .functor BUFZ 1, L_0x5606be681440, C4<0>, C4<0>, C4<0>;
L_0x5606be681660 .functor BUFZ 1, L_0x5606be6813d0, C4<0>, C4<0>, C4<0>;
v0x5606be663050_0 .net "A0", 0 0, L_0x5606be680860;  alias, 1 drivers
v0x5606be663130_0 .net "A1", 0 0, L_0x7f29021542e8;  1 drivers
v0x5606be6631f0_0 .net "B0", 0 0, L_0x5606be680df0;  alias, 1 drivers
v0x5606be6632e0_0 .net "B1", 0 0, L_0x7f2902154330;  1 drivers
v0x5606be663380_0 .net *"_ivl_12", 0 0, L_0x5606be681660;  1 drivers
v0x5606be6634b0_0 .net *"_ivl_7", 0 0, L_0x5606be6814b0;  1 drivers
L_0x7f29021541c8 .functor BUFT 1, C4<0>, C4<0>, C4<0>, C4<0>;
v0x5606be663590_0 .net "d0", 0 0, L_0x7f29021541c8;  1 drivers
L_0x7f2902154210 .functor BUFT 1, C4<0>, C4<0>, C4<0>, C4<0>;
v0x5606be663650_0 .net "d1", 0 0, L_0x7f2902154210;  1 drivers
L_0x7f2902154258 .functor BUFT 1, C4<1>, C4<0>, C4<0>, C4<0>;
v0x5606be663710_0 .net "d2", 0 0, L_0x7f2902154258;  1 drivers
L_0x7f29021542a0 .functor BUFT 1, C4<1>, C4<0>, C4<0>, C4<0>;
v0x5606be6637d0_0 .net "d3", 0 0, L_0x7f29021542a0;  1 drivers
v0x5606be663890_0 .var "out", 0 0;
v0x5606be663950_0 .net "s0", 0 0, L_0x5606be681440;  1 drivers
v0x5606be663a10_0 .net "s1", 0 0, L_0x5606be6813d0;  1 drivers
v0x5606be663ad0_0 .net "sel", 1 0, L_0x5606be681570;  1 drivers
E_0x5606be5db880 .event edge, v0x5606be663ad0_0;
L_0x5606be681570 .concat8 [ 1 1 0 0], L_0x5606be681660, L_0x5606be6814b0;
S_0x5606be663f20 .scope module, "and10" "fpga_and" 3 23, 4 3 0, S_0x5606be644960;
 .timescale 0 0;
    .port_info 0 /INPUT 1 "A0";
    .port_info 1 /INPUT 1 "B0";
    .port_info 2 /OUTPUT 1 "out";
v0x5606be665190_0 .net "A0", 0 0, L_0x5606be680950;  alias, 1 drivers
v0x5606be665250_0 .net "B0", 0 0, L_0x5606be680c10;  alias, 1 drivers
v0x5606be665320_0 .net "out", 0 0, v0x5606be664d50_0;  alias, 1 drivers
S_0x5606be664130 .scope module, "c2_instance" "c2" 4 5, 5 1 0, S_0x5606be663f20;
 .timescale 0 0;
    .port_info 0 /INPUT 1 "d0";
    .port_info 1 /INPUT 1 "d1";
    .port_info 2 /INPUT 1 "d2";
    .port_info 3 /INPUT 1 "d3";
    .port_info 4 /INPUT 1 "A0";
    .port_info 5 /INPUT 1 "A1";
    .port_info 6 /INPUT 1 "B0";
    .port_info 7 /INPUT 1 "B1";
    .port_info 8 /OUTPUT 1 "out";
L_0x7f2902155218 .functor BUFT 1, C4<1>, C4<0>, C4<0>, C4<0>;
L_0x7f2902155260 .functor BUFT 1, C4<0>, C4<0>, C4<0>, C4<0>;
L_0x5606be6843b0 .functor OR 1, L_0x7f2902155218, L_0x7f2902155260, C4<0>, C4<0>;
L_0x5606be684450 .functor AND 1, L_0x5606be680950, L_0x5606be680c10, C4<1>, C4<1>;
L_0x5606be6844f0 .functor BUFZ 1, L_0x5606be684450, C4<0>, C4<0>, C4<0>;
L_0x5606be684700 .functor BUFZ 1, L_0x5606be6843b0, C4<0>, C4<0>, C4<0>;
v0x5606be664480_0 .net "A0", 0 0, L_0x5606be680950;  alias, 1 drivers
v0x5606be664560_0 .net "A1", 0 0, L_0x7f2902155218;  1 drivers
v0x5606be664620_0 .net "B0", 0 0, L_0x5606be680c10;  alias, 1 drivers
v0x5606be6646f0_0 .net "B1", 0 0, L_0x7f2902155260;  1 drivers
v0x5606be6647b0_0 .net *"_ivl_12", 0 0, L_0x5606be684700;  1 drivers
v0x5606be6648e0_0 .net *"_ivl_7", 0 0, L_0x5606be6844f0;  1 drivers
L_0x7f29021550f8 .functor BUFT 1, C4<0>, C4<0>, C4<0>, C4<0>;
v0x5606be6649c0_0 .net "d0", 0 0, L_0x7f29021550f8;  1 drivers
L_0x7f2902155140 .functor BUFT 1, C4<0>, C4<0>, C4<0>, C4<0>;
v0x5606be664a80_0 .net "d1", 0 0, L_0x7f2902155140;  1 drivers
L_0x7f2902155188 .functor BUFT 1, C4<1>, C4<0>, C4<0>, C4<0>;
v0x5606be664b40_0 .net "d2", 0 0, L_0x7f2902155188;  1 drivers
L_0x7f29021551d0 .functor BUFT 1, C4<1>, C4<0>, C4<0>, C4<0>;
v0x5606be664c90_0 .net "d3", 0 0, L_0x7f29021551d0;  1 drivers
v0x5606be664d50_0 .var "out", 0 0;
v0x5606be664e10_0 .net "s0", 0 0, L_0x5606be684450;  1 drivers
v0x5606be664ed0_0 .net "s1", 0 0, L_0x5606be6843b0;  1 drivers
v0x5606be664f90_0 .net "sel", 1 0, L_0x5606be6845e0;  1 drivers
E_0x5606be5dbd50 .event edge, v0x5606be664f90_0;
L_0x5606be6845e0 .concat8 [ 1 1 0 0], L_0x5606be684700, L_0x5606be6844f0;
S_0x5606be665420 .scope module, "and11" "fpga_and" 3 24, 4 3 0, S_0x5606be644960;
 .timescale 0 0;
    .port_info 0 /INPUT 1 "A0";
    .port_info 1 /INPUT 1 "B0";
    .port_info 2 /OUTPUT 1 "out";
v0x5606be6666b0_0 .net "A0", 0 0, L_0x5606be6809f0;  alias, 1 drivers
v0x5606be666770_0 .net "B0", 0 0, L_0x5606be680c10;  alias, 1 drivers
v0x5606be666810_0 .net "out", 0 0, v0x5606be666270_0;  alias, 1 drivers
S_0x5606be665600 .scope module, "c2_instance" "c2" 4 5, 5 1 0, S_0x5606be665420;
 .timescale 0 0;
    .port_info 0 /INPUT 1 "d0";
    .port_info 1 /INPUT 1 "d1";
    .port_info 2 /INPUT 1 "d2";
    .port_info 3 /INPUT 1 "d3";
    .port_info 4 /INPUT 1 "A0";
    .port_info 5 /INPUT 1 "A1";
    .port_info 6 /INPUT 1 "B0";
    .port_info 7 /INPUT 1 "B1";
    .port_info 8 /OUTPUT 1 "out";
L_0x7f29021553c8 .functor BUFT 1, C4<1>, C4<0>, C4<0>, C4<0>;
L_0x7f2902155410 .functor BUFT 1, C4<0>, C4<0>, C4<0>, C4<0>;
L_0x5606be684d20 .functor OR 1, L_0x7f29021553c8, L_0x7f2902155410, C4<0>, C4<0>;
L_0x5606be684dc0 .functor AND 1, L_0x5606be6809f0, L_0x5606be680c10, C4<1>, C4<1>;
L_0x5606be684e60 .functor BUFZ 1, L_0x5606be684dc0, C4<0>, C4<0>, C4<0>;
L_0x5606be685070 .functor BUFZ 1, L_0x5606be684d20, C4<0>, C4<0>, C4<0>;
v0x5606be665970_0 .net "A0", 0 0, L_0x5606be6809f0;  alias, 1 drivers
v0x5606be665a50_0 .net "A1", 0 0, L_0x7f29021553c8;  1 drivers
v0x5606be665b10_0 .net "B0", 0 0, L_0x5606be680c10;  alias, 1 drivers
v0x5606be665c30_0 .net "B1", 0 0, L_0x7f2902155410;  1 drivers
v0x5606be665cd0_0 .net *"_ivl_12", 0 0, L_0x5606be685070;  1 drivers
v0x5606be665e00_0 .net *"_ivl_7", 0 0, L_0x5606be684e60;  1 drivers
L_0x7f29021552a8 .functor BUFT 1, C4<0>, C4<0>, C4<0>, C4<0>;
v0x5606be665ee0_0 .net "d0", 0 0, L_0x7f29021552a8;  1 drivers
L_0x7f29021552f0 .functor BUFT 1, C4<0>, C4<0>, C4<0>, C4<0>;
v0x5606be665fa0_0 .net "d1", 0 0, L_0x7f29021552f0;  1 drivers
L_0x7f2902155338 .functor BUFT 1, C4<1>, C4<0>, C4<0>, C4<0>;
v0x5606be666060_0 .net "d2", 0 0, L_0x7f2902155338;  1 drivers
L_0x7f2902155380 .functor BUFT 1, C4<1>, C4<0>, C4<0>, C4<0>;
v0x5606be6661b0_0 .net "d3", 0 0, L_0x7f2902155380;  1 drivers
v0x5606be666270_0 .var "out", 0 0;
v0x5606be666330_0 .net "s0", 0 0, L_0x5606be684dc0;  1 drivers
v0x5606be6663f0_0 .net "s1", 0 0, L_0x5606be684d20;  1 drivers
v0x5606be6664b0_0 .net "sel", 1 0, L_0x5606be684f50;  1 drivers
E_0x5606be5c59b0 .event edge, v0x5606be6664b0_0;
L_0x5606be684f50 .concat8 [ 1 1 0 0], L_0x5606be685070, L_0x5606be684e60;
S_0x5606be666900 .scope module, "and12" "fpga_and" 3 26, 4 3 0, S_0x5606be644960;
 .timescale 0 0;
    .port_info 0 /INPUT 1 "A0";
    .port_info 1 /INPUT 1 "B0";
    .port_info 2 /OUTPUT 1 "out";
v0x5606be667bb0_0 .net "A0", 0 0, L_0x5606be6807c0;  alias, 1 drivers
v0x5606be667c70_0 .net "B0", 0 0, L_0x5606be680b30;  alias, 1 drivers
v0x5606be667d30_0 .net "out", 0 0, v0x5606be667770_0;  alias, 1 drivers
S_0x5606be666b30 .scope module, "c2_instance" "c2" 4 5, 5 1 0, S_0x5606be666900;
 .timescale 0 0;
    .port_info 0 /INPUT 1 "d0";
    .port_info 1 /INPUT 1 "d1";
    .port_info 2 /INPUT 1 "d2";
    .port_info 3 /INPUT 1 "d3";
    .port_info 4 /INPUT 1 "A0";
    .port_info 5 /INPUT 1 "A1";
    .port_info 6 /INPUT 1 "B0";
    .port_info 7 /INPUT 1 "B1";
    .port_info 8 /OUTPUT 1 "out";
L_0x7f2902155578 .functor BUFT 1, C4<1>, C4<0>, C4<0>, C4<0>;
L_0x7f29021555c0 .functor BUFT 1, C4<0>, C4<0>, C4<0>, C4<0>;
L_0x5606be685280 .functor OR 1, L_0x7f2902155578, L_0x7f29021555c0, C4<0>, C4<0>;
L_0x5606be685320 .functor AND 1, L_0x5606be6807c0, L_0x5606be680b30, C4<1>, C4<1>;
L_0x5606be6853c0 .functor BUFZ 1, L_0x5606be685320, C4<0>, C4<0>, C4<0>;
L_0x5606be6855d0 .functor BUFZ 1, L_0x5606be685280, C4<0>, C4<0>, C4<0>;
v0x5606be666ea0_0 .net "A0", 0 0, L_0x5606be6807c0;  alias, 1 drivers
v0x5606be666fb0_0 .net "A1", 0 0, L_0x7f2902155578;  1 drivers
v0x5606be667070_0 .net "B0", 0 0, L_0x5606be680b30;  alias, 1 drivers
v0x5606be667110_0 .net "B1", 0 0, L_0x7f29021555c0;  1 drivers
v0x5606be6671d0_0 .net *"_ivl_12", 0 0, L_0x5606be6855d0;  1 drivers
v0x5606be667300_0 .net *"_ivl_7", 0 0, L_0x5606be6853c0;  1 drivers
L_0x7f2902155458 .functor BUFT 1, C4<0>, C4<0>, C4<0>, C4<0>;
v0x5606be6673e0_0 .net "d0", 0 0, L_0x7f2902155458;  1 drivers
L_0x7f29021554a0 .functor BUFT 1, C4<0>, C4<0>, C4<0>, C4<0>;
v0x5606be6674a0_0 .net "d1", 0 0, L_0x7f29021554a0;  1 drivers
L_0x7f29021554e8 .functor BUFT 1, C4<1>, C4<0>, C4<0>, C4<0>;
v0x5606be667560_0 .net "d2", 0 0, L_0x7f29021554e8;  1 drivers
L_0x7f2902155530 .functor BUFT 1, C4<1>, C4<0>, C4<0>, C4<0>;
v0x5606be6676b0_0 .net "d3", 0 0, L_0x7f2902155530;  1 drivers
v0x5606be667770_0 .var "out", 0 0;
v0x5606be667830_0 .net "s0", 0 0, L_0x5606be685320;  1 drivers
v0x5606be6678f0_0 .net "s1", 0 0, L_0x5606be685280;  1 drivers
v0x5606be6679b0_0 .net "sel", 1 0, L_0x5606be6854b0;  1 drivers
E_0x5606be657ca0 .event edge, v0x5606be6679b0_0;
L_0x5606be6854b0 .concat8 [ 1 1 0 0], L_0x5606be6855d0, L_0x5606be6853c0;
S_0x5606be667e00 .scope module, "and13" "fpga_and" 3 27, 4 3 0, S_0x5606be644960;
 .timescale 0 0;
    .port_info 0 /INPUT 1 "A0";
    .port_info 1 /INPUT 1 "B0";
    .port_info 2 /OUTPUT 1 "out";
v0x5606be669090_0 .net "A0", 0 0, L_0x5606be680860;  alias, 1 drivers
v0x5606be669150_0 .net "B0", 0 0, L_0x5606be680b30;  alias, 1 drivers
v0x5606be669210_0 .net "out", 0 0, v0x5606be668c50_0;  alias, 1 drivers
S_0x5606be667fe0 .scope module, "c2_instance" "c2" 4 5, 5 1 0, S_0x5606be667e00;
 .timescale 0 0;
    .port_info 0 /INPUT 1 "d0";
    .port_info 1 /INPUT 1 "d1";
    .port_info 2 /INPUT 1 "d2";
    .port_info 3 /INPUT 1 "d3";
    .port_info 4 /INPUT 1 "A0";
    .port_info 5 /INPUT 1 "A1";
    .port_info 6 /INPUT 1 "B0";
    .port_info 7 /INPUT 1 "B1";
    .port_info 8 /OUTPUT 1 "out";
L_0x7f2902155728 .functor BUFT 1, C4<1>, C4<0>, C4<0>, C4<0>;
L_0x7f2902155770 .functor BUFT 1, C4<0>, C4<0>, C4<0>, C4<0>;
L_0x5606be6857e0 .functor OR 1, L_0x7f2902155728, L_0x7f2902155770, C4<0>, C4<0>;
L_0x5606be685880 .functor AND 1, L_0x5606be680860, L_0x5606be680b30, C4<1>, C4<1>;
L_0x5606be685920 .functor BUFZ 1, L_0x5606be685880, C4<0>, C4<0>, C4<0>;
L_0x5606be685b30 .functor BUFZ 1, L_0x5606be6857e0, C4<0>, C4<0>, C4<0>;
v0x5606be668350_0 .net "A0", 0 0, L_0x5606be680860;  alias, 1 drivers
v0x5606be668460_0 .net "A1", 0 0, L_0x7f2902155728;  1 drivers
v0x5606be668520_0 .net "B0", 0 0, L_0x5606be680b30;  alias, 1 drivers
v0x5606be668610_0 .net "B1", 0 0, L_0x7f2902155770;  1 drivers
v0x5606be6686b0_0 .net *"_ivl_12", 0 0, L_0x5606be685b30;  1 drivers
v0x5606be6687e0_0 .net *"_ivl_7", 0 0, L_0x5606be685920;  1 drivers
L_0x7f2902155608 .functor BUFT 1, C4<0>, C4<0>, C4<0>, C4<0>;
v0x5606be6688c0_0 .net "d0", 0 0, L_0x7f2902155608;  1 drivers
L_0x7f2902155650 .functor BUFT 1, C4<0>, C4<0>, C4<0>, C4<0>;
v0x5606be668980_0 .net "d1", 0 0, L_0x7f2902155650;  1 drivers
L_0x7f2902155698 .functor BUFT 1, C4<1>, C4<0>, C4<0>, C4<0>;
v0x5606be668a40_0 .net "d2", 0 0, L_0x7f2902155698;  1 drivers
L_0x7f29021556e0 .functor BUFT 1, C4<1>, C4<0>, C4<0>, C4<0>;
v0x5606be668b90_0 .net "d3", 0 0, L_0x7f29021556e0;  1 drivers
v0x5606be668c50_0 .var "out", 0 0;
v0x5606be668d10_0 .net "s0", 0 0, L_0x5606be685880;  1 drivers
v0x5606be668dd0_0 .net "s1", 0 0, L_0x5606be6857e0;  1 drivers
v0x5606be668e90_0 .net "sel", 1 0, L_0x5606be685a10;  1 drivers
E_0x5606be657da0 .event edge, v0x5606be668e90_0;
L_0x5606be685a10 .concat8 [ 1 1 0 0], L_0x5606be685b30, L_0x5606be685920;
S_0x5606be6692d0 .scope module, "and14" "fpga_and" 3 28, 4 3 0, S_0x5606be644960;
 .timescale 0 0;
    .port_info 0 /INPUT 1 "A0";
    .port_info 1 /INPUT 1 "B0";
    .port_info 2 /OUTPUT 1 "out";
v0x5606be66a590_0 .net "A0", 0 0, L_0x5606be680950;  alias, 1 drivers
v0x5606be66a650_0 .net "B0", 0 0, L_0x5606be680b30;  alias, 1 drivers
v0x5606be66a710_0 .net "out", 0 0, v0x5606be66a150_0;  alias, 1 drivers
S_0x5606be6694b0 .scope module, "c2_instance" "c2" 4 5, 5 1 0, S_0x5606be6692d0;
 .timescale 0 0;
    .port_info 0 /INPUT 1 "d0";
    .port_info 1 /INPUT 1 "d1";
    .port_info 2 /INPUT 1 "d2";
    .port_info 3 /INPUT 1 "d3";
    .port_info 4 /INPUT 1 "A0";
    .port_info 5 /INPUT 1 "A1";
    .port_info 6 /INPUT 1 "B0";
    .port_info 7 /INPUT 1 "B1";
    .port_info 8 /OUTPUT 1 "out";
L_0x7f29021558d8 .functor BUFT 1, C4<1>, C4<0>, C4<0>, C4<0>;
L_0x7f2902155920 .functor BUFT 1, C4<0>, C4<0>, C4<0>, C4<0>;
L_0x5606be685d40 .functor OR 1, L_0x7f29021558d8, L_0x7f2902155920, C4<0>, C4<0>;
L_0x5606be685de0 .functor AND 1, L_0x5606be680950, L_0x5606be680b30, C4<1>, C4<1>;
L_0x5606be685e80 .functor BUFZ 1, L_0x5606be685de0, C4<0>, C4<0>, C4<0>;
L_0x5606be686090 .functor BUFZ 1, L_0x5606be685d40, C4<0>, C4<0>, C4<0>;
v0x5606be669860_0 .net "A0", 0 0, L_0x5606be680950;  alias, 1 drivers
v0x5606be669970_0 .net "A1", 0 0, L_0x7f29021558d8;  1 drivers
v0x5606be669a30_0 .net "B0", 0 0, L_0x5606be680b30;  alias, 1 drivers
v0x5606be669b60_0 .net "B1", 0 0, L_0x7f2902155920;  1 drivers
v0x5606be669c00_0 .net *"_ivl_12", 0 0, L_0x5606be686090;  1 drivers
v0x5606be669ce0_0 .net *"_ivl_7", 0 0, L_0x5606be685e80;  1 drivers
L_0x7f29021557b8 .functor BUFT 1, C4<0>, C4<0>, C4<0>, C4<0>;
v0x5606be669dc0_0 .net "d0", 0 0, L_0x7f29021557b8;  1 drivers
L_0x7f2902155800 .functor BUFT 1, C4<0>, C4<0>, C4<0>, C4<0>;
v0x5606be669e80_0 .net "d1", 0 0, L_0x7f2902155800;  1 drivers
L_0x7f2902155848 .functor BUFT 1, C4<1>, C4<0>, C4<0>, C4<0>;
v0x5606be669f40_0 .net "d2", 0 0, L_0x7f2902155848;  1 drivers
L_0x7f2902155890 .functor BUFT 1, C4<1>, C4<0>, C4<0>, C4<0>;
v0x5606be66a090_0 .net "d3", 0 0, L_0x7f2902155890;  1 drivers
v0x5606be66a150_0 .var "out", 0 0;
v0x5606be66a210_0 .net "s0", 0 0, L_0x5606be685de0;  1 drivers
v0x5606be66a2d0_0 .net "s1", 0 0, L_0x5606be685d40;  1 drivers
v0x5606be66a390_0 .net "sel", 1 0, L_0x5606be685f70;  1 drivers
E_0x5606be6697e0 .event edge, v0x5606be66a390_0;
L_0x5606be685f70 .concat8 [ 1 1 0 0], L_0x5606be686090, L_0x5606be685e80;
S_0x5606be66a800 .scope module, "and15" "fpga_and" 3 29, 4 3 0, S_0x5606be644960;
 .timescale 0 0;
    .port_info 0 /INPUT 1 "A0";
    .port_info 1 /INPUT 1 "B0";
    .port_info 2 /OUTPUT 1 "out";
v0x5606be66ba80_0 .net "A0", 0 0, L_0x5606be6809f0;  alias, 1 drivers
v0x5606be66bb40_0 .net "B0", 0 0, L_0x5606be680b30;  alias, 1 drivers
v0x5606be66bc00_0 .net "out", 0 0, v0x5606be66b640_0;  alias, 1 drivers
S_0x5606be66a9e0 .scope module, "c2_instance" "c2" 4 5, 5 1 0, S_0x5606be66a800;
 .timescale 0 0;
    .port_info 0 /INPUT 1 "d0";
    .port_info 1 /INPUT 1 "d1";
    .port_info 2 /INPUT 1 "d2";
    .port_info 3 /INPUT 1 "d3";
    .port_info 4 /INPUT 1 "A0";
    .port_info 5 /INPUT 1 "A1";
    .port_info 6 /INPUT 1 "B0";
    .port_info 7 /INPUT 1 "B1";
    .port_info 8 /OUTPUT 1 "out";
L_0x7f2902155a88 .functor BUFT 1, C4<1>, C4<0>, C4<0>, C4<0>;
L_0x7f2902155ad0 .functor BUFT 1, C4<0>, C4<0>, C4<0>, C4<0>;
L_0x5606be6862a0 .functor OR 1, L_0x7f2902155a88, L_0x7f2902155ad0, C4<0>, C4<0>;
L_0x5606be686340 .functor AND 1, L_0x5606be6809f0, L_0x5606be680b30, C4<1>, C4<1>;
L_0x5606be6863e0 .functor BUFZ 1, L_0x5606be686340, C4<0>, C4<0>, C4<0>;
L_0x5606be6865f0 .functor BUFZ 1, L_0x5606be6862a0, C4<0>, C4<0>, C4<0>;
v0x5606be66ad90_0 .net "A0", 0 0, L_0x5606be6809f0;  alias, 1 drivers
v0x5606be66aea0_0 .net "A1", 0 0, L_0x7f2902155a88;  1 drivers
v0x5606be66af60_0 .net "B0", 0 0, L_0x5606be680b30;  alias, 1 drivers
v0x5606be66b000_0 .net "B1", 0 0, L_0x7f2902155ad0;  1 drivers
v0x5606be66b0a0_0 .net *"_ivl_12", 0 0, L_0x5606be6865f0;  1 drivers
v0x5606be66b1d0_0 .net *"_ivl_7", 0 0, L_0x5606be6863e0;  1 drivers
L_0x7f2902155968 .functor BUFT 1, C4<0>, C4<0>, C4<0>, C4<0>;
v0x5606be66b2b0_0 .net "d0", 0 0, L_0x7f2902155968;  1 drivers
L_0x7f29021559b0 .functor BUFT 1, C4<0>, C4<0>, C4<0>, C4<0>;
v0x5606be66b370_0 .net "d1", 0 0, L_0x7f29021559b0;  1 drivers
L_0x7f29021559f8 .functor BUFT 1, C4<1>, C4<0>, C4<0>, C4<0>;
v0x5606be66b430_0 .net "d2", 0 0, L_0x7f29021559f8;  1 drivers
L_0x7f2902155a40 .functor BUFT 1, C4<1>, C4<0>, C4<0>, C4<0>;
v0x5606be66b580_0 .net "d3", 0 0, L_0x7f2902155a40;  1 drivers
v0x5606be66b640_0 .var "out", 0 0;
v0x5606be66b700_0 .net "s0", 0 0, L_0x5606be686340;  1 drivers
v0x5606be66b7c0_0 .net "s1", 0 0, L_0x5606be6862a0;  1 drivers
v0x5606be66b880_0 .net "sel", 1 0, L_0x5606be6864d0;  1 drivers
E_0x5606be66ad10 .event edge, v0x5606be66b880_0;
L_0x5606be6864d0 .concat8 [ 1 1 0 0], L_0x5606be6865f0, L_0x5606be6863e0;
S_0x5606be66bcf0 .scope module, "and2" "fpga_and" 3 13, 4 3 0, S_0x5606be644960;
 .timescale 0 0;
    .port_info 0 /INPUT 1 "A0";
    .port_info 1 /INPUT 1 "B0";
    .port_info 2 /OUTPUT 1 "out";
v0x5606be66d060_0 .net "A0", 0 0, L_0x5606be680950;  alias, 1 drivers
v0x5606be66d120_0 .net "B0", 0 0, L_0x5606be680df0;  alias, 1 drivers
v0x5606be66d1e0_0 .net "out", 0 0, v0x5606be66cc20_0;  alias, 1 drivers
S_0x5606be66bf10 .scope module, "c2_instance" "c2" 4 5, 5 1 0, S_0x5606be66bcf0;
 .timescale 0 0;
    .port_info 0 /INPUT 1 "d0";
    .port_info 1 /INPUT 1 "d1";
    .port_info 2 /INPUT 1 "d2";
    .port_info 3 /INPUT 1 "d3";
    .port_info 4 /INPUT 1 "A0";
    .port_info 5 /INPUT 1 "A1";
    .port_info 6 /INPUT 1 "B0";
    .port_info 7 /INPUT 1 "B1";
    .port_info 8 /OUTPUT 1 "out";
L_0x7f2902154498 .functor BUFT 1, C4<1>, C4<0>, C4<0>, C4<0>;
L_0x7f29021544e0 .functor BUFT 1, C4<0>, C4<0>, C4<0>, C4<0>;
L_0x5606be6817c0 .functor OR 1, L_0x7f2902154498, L_0x7f29021544e0, C4<0>, C4<0>;
L_0x5606be681830 .functor AND 1, L_0x5606be680950, L_0x5606be680df0, C4<1>, C4<1>;
L_0x5606be6818a0 .functor BUFZ 1, L_0x5606be681830, C4<0>, C4<0>, C4<0>;
L_0x5606be681a50 .functor BUFZ 1, L_0x5606be6817c0, C4<0>, C4<0>, C4<0>;
v0x5606be66c2c0_0 .net "A0", 0 0, L_0x5606be680950;  alias, 1 drivers
v0x5606be66c410_0 .net "A1", 0 0, L_0x7f2902154498;  1 drivers
v0x5606be66c4d0_0 .net "B0", 0 0, L_0x5606be680df0;  alias, 1 drivers
v0x5606be66c630_0 .net "B1", 0 0, L_0x7f29021544e0;  1 drivers
v0x5606be66c6d0_0 .net *"_ivl_12", 0 0, L_0x5606be681a50;  1 drivers
v0x5606be66c7b0_0 .net *"_ivl_7", 0 0, L_0x5606be6818a0;  1 drivers
L_0x7f2902154378 .functor BUFT 1, C4<0>, C4<0>, C4<0>, C4<0>;
v0x5606be66c890_0 .net "d0", 0 0, L_0x7f2902154378;  1 drivers
L_0x7f29021543c0 .functor BUFT 1, C4<0>, C4<0>, C4<0>, C4<0>;
v0x5606be66c950_0 .net "d1", 0 0, L_0x7f29021543c0;  1 drivers
L_0x7f2902154408 .functor BUFT 1, C4<1>, C4<0>, C4<0>, C4<0>;
v0x5606be66ca10_0 .net "d2", 0 0, L_0x7f2902154408;  1 drivers
L_0x7f2902154450 .functor BUFT 1, C4<1>, C4<0>, C4<0>, C4<0>;
v0x5606be66cb60_0 .net "d3", 0 0, L_0x7f2902154450;  1 drivers
v0x5606be66cc20_0 .var "out", 0 0;
v0x5606be66cce0_0 .net "s0", 0 0, L_0x5606be681830;  1 drivers
v0x5606be66cda0_0 .net "s1", 0 0, L_0x5606be6817c0;  1 drivers
v0x5606be66ce60_0 .net "sel", 1 0, L_0x5606be681960;  1 drivers
E_0x5606be66c240 .event edge, v0x5606be66ce60_0;
L_0x5606be681960 .concat8 [ 1 1 0 0], L_0x5606be681a50, L_0x5606be6818a0;
S_0x5606be66d2d0 .scope module, "and3" "fpga_and" 3 14, 4 3 0, S_0x5606be644960;
 .timescale 0 0;
    .port_info 0 /INPUT 1 "A0";
    .port_info 1 /INPUT 1 "B0";
    .port_info 2 /OUTPUT 1 "out";
v0x5606be66e520_0 .net "A0", 0 0, L_0x5606be6809f0;  alias, 1 drivers
v0x5606be66e5e0_0 .net "B0", 0 0, L_0x5606be680df0;  alias, 1 drivers
v0x5606be66e6a0_0 .net "out", 0 0, v0x5606be66e0e0_0;  alias, 1 drivers
S_0x5606be66d460 .scope module, "c2_instance" "c2" 4 5, 5 1 0, S_0x5606be66d2d0;
 .timescale 0 0;
    .port_info 0 /INPUT 1 "d0";
    .port_info 1 /INPUT 1 "d1";
    .port_info 2 /INPUT 1 "d2";
    .port_info 3 /INPUT 1 "d3";
    .port_info 4 /INPUT 1 "A0";
    .port_info 5 /INPUT 1 "A1";
    .port_info 6 /INPUT 1 "B0";
    .port_info 7 /INPUT 1 "B1";
    .port_info 8 /OUTPUT 1 "out";
L_0x7f2902154648 .functor BUFT 1, C4<1>, C4<0>, C4<0>, C4<0>;
L_0x7f2902154690 .functor BUFT 1, C4<0>, C4<0>, C4<0>, C4<0>;
L_0x5606be681c00 .functor OR 1, L_0x7f2902154648, L_0x7f2902154690, C4<0>, C4<0>;
L_0x5606be681ca0 .functor AND 1, L_0x5606be6809f0, L_0x5606be680df0, C4<1>, C4<1>;
L_0x5606be681d40 .functor BUFZ 1, L_0x5606be681ca0, C4<0>, C4<0>, C4<0>;
L_0x5606be681f50 .functor BUFZ 1, L_0x5606be681c00, C4<0>, C4<0>, C4<0>;
v0x5606be66d810_0 .net "A0", 0 0, L_0x5606be6809f0;  alias, 1 drivers
v0x5606be66d960_0 .net "A1", 0 0, L_0x7f2902154648;  1 drivers
v0x5606be66da20_0 .net "B0", 0 0, L_0x5606be680df0;  alias, 1 drivers
v0x5606be66daf0_0 .net "B1", 0 0, L_0x7f2902154690;  1 drivers
v0x5606be66db90_0 .net *"_ivl_12", 0 0, L_0x5606be681f50;  1 drivers
v0x5606be66dc70_0 .net *"_ivl_7", 0 0, L_0x5606be681d40;  1 drivers
L_0x7f2902154528 .functor BUFT 1, C4<0>, C4<0>, C4<0>, C4<0>;
v0x5606be66dd50_0 .net "d0", 0 0, L_0x7f2902154528;  1 drivers
L_0x7f2902154570 .functor BUFT 1, C4<0>, C4<0>, C4<0>, C4<0>;
v0x5606be66de10_0 .net "d1", 0 0, L_0x7f2902154570;  1 drivers
L_0x7f29021545b8 .functor BUFT 1, C4<1>, C4<0>, C4<0>, C4<0>;
v0x5606be66ded0_0 .net "d2", 0 0, L_0x7f29021545b8;  1 drivers
L_0x7f2902154600 .functor BUFT 1, C4<1>, C4<0>, C4<0>, C4<0>;
v0x5606be66e020_0 .net "d3", 0 0, L_0x7f2902154600;  1 drivers
v0x5606be66e0e0_0 .var "out", 0 0;
v0x5606be66e1a0_0 .net "s0", 0 0, L_0x5606be681ca0;  1 drivers
v0x5606be66e260_0 .net "s1", 0 0, L_0x5606be681c00;  1 drivers
v0x5606be66e320_0 .net "sel", 1 0, L_0x5606be681e30;  1 drivers
E_0x5606be66d790 .event edge, v0x5606be66e320_0;
L_0x5606be681e30 .concat8 [ 1 1 0 0], L_0x5606be681f50, L_0x5606be681d40;
S_0x5606be66e790 .scope module, "and4" "fpga_and" 3 16, 4 3 0, S_0x5606be644960;
 .timescale 0 0;
    .port_info 0 /INPUT 1 "A0";
    .port_info 1 /INPUT 1 "B0";
    .port_info 2 /OUTPUT 1 "out";
v0x5606be66fa50_0 .net "A0", 0 0, L_0x5606be6807c0;  alias, 1 drivers
v0x5606be66fb10_0 .net "B0", 0 0, L_0x5606be680d00;  alias, 1 drivers
v0x5606be66fbd0_0 .net "out", 0 0, v0x5606be66f610_0;  alias, 1 drivers
S_0x5606be66e970 .scope module, "c2_instance" "c2" 4 5, 5 1 0, S_0x5606be66e790;
 .timescale 0 0;
    .port_info 0 /INPUT 1 "d0";
    .port_info 1 /INPUT 1 "d1";
    .port_info 2 /INPUT 1 "d2";
    .port_info 3 /INPUT 1 "d3";
    .port_info 4 /INPUT 1 "A0";
    .port_info 5 /INPUT 1 "A1";
    .port_info 6 /INPUT 1 "B0";
    .port_info 7 /INPUT 1 "B1";
    .port_info 8 /OUTPUT 1 "out";
L_0x7f29021547f8 .functor BUFT 1, C4<1>, C4<0>, C4<0>, C4<0>;
L_0x7f2902154840 .functor BUFT 1, C4<0>, C4<0>, C4<0>, C4<0>;
L_0x5606be682160 .functor OR 1, L_0x7f29021547f8, L_0x7f2902154840, C4<0>, C4<0>;
L_0x5606be682200 .functor AND 1, L_0x5606be6807c0, L_0x5606be680d00, C4<1>, C4<1>;
L_0x5606be6822a0 .functor BUFZ 1, L_0x5606be682200, C4<0>, C4<0>, C4<0>;
L_0x5606be6824b0 .functor BUFZ 1, L_0x5606be682160, C4<0>, C4<0>, C4<0>;
v0x5606be66ed20_0 .net "A0", 0 0, L_0x5606be6807c0;  alias, 1 drivers
v0x5606be66ee70_0 .net "A1", 0 0, L_0x7f29021547f8;  1 drivers
v0x5606be66ef30_0 .net "B0", 0 0, L_0x5606be680d00;  alias, 1 drivers
v0x5606be66f000_0 .net "B1", 0 0, L_0x7f2902154840;  1 drivers
v0x5606be66f0c0_0 .net *"_ivl_12", 0 0, L_0x5606be6824b0;  1 drivers
v0x5606be66f1a0_0 .net *"_ivl_7", 0 0, L_0x5606be6822a0;  1 drivers
L_0x7f29021546d8 .functor BUFT 1, C4<0>, C4<0>, C4<0>, C4<0>;
v0x5606be66f280_0 .net "d0", 0 0, L_0x7f29021546d8;  1 drivers
L_0x7f2902154720 .functor BUFT 1, C4<0>, C4<0>, C4<0>, C4<0>;
v0x5606be66f340_0 .net "d1", 0 0, L_0x7f2902154720;  1 drivers
L_0x7f2902154768 .functor BUFT 1, C4<1>, C4<0>, C4<0>, C4<0>;
v0x5606be66f400_0 .net "d2", 0 0, L_0x7f2902154768;  1 drivers
L_0x7f29021547b0 .functor BUFT 1, C4<1>, C4<0>, C4<0>, C4<0>;
v0x5606be66f550_0 .net "d3", 0 0, L_0x7f29021547b0;  1 drivers
v0x5606be66f610_0 .var "out", 0 0;
v0x5606be66f6d0_0 .net "s0", 0 0, L_0x5606be682200;  1 drivers
v0x5606be66f790_0 .net "s1", 0 0, L_0x5606be682160;  1 drivers
v0x5606be66f850_0 .net "sel", 1 0, L_0x5606be682390;  1 drivers
E_0x5606be66eca0 .event edge, v0x5606be66f850_0;
L_0x5606be682390 .concat8 [ 1 1 0 0], L_0x5606be6824b0, L_0x5606be6822a0;
S_0x5606be66fcd0 .scope module, "and5" "fpga_and" 3 17, 4 3 0, S_0x5606be644960;
 .timescale 0 0;
    .port_info 0 /INPUT 1 "A0";
    .port_info 1 /INPUT 1 "B0";
    .port_info 2 /OUTPUT 1 "out";
v0x5606be670fc0_0 .net "A0", 0 0, L_0x5606be680860;  alias, 1 drivers
v0x5606be671080_0 .net "B0", 0 0, L_0x5606be680d00;  alias, 1 drivers
v0x5606be671140_0 .net "out", 0 0, v0x5606be670b80_0;  alias, 1 drivers
S_0x5606be66feb0 .scope module, "c2_instance" "c2" 4 5, 5 1 0, S_0x5606be66fcd0;
 .timescale 0 0;
    .port_info 0 /INPUT 1 "d0";
    .port_info 1 /INPUT 1 "d1";
    .port_info 2 /INPUT 1 "d2";
    .port_info 3 /INPUT 1 "d3";
    .port_info 4 /INPUT 1 "A0";
    .port_info 5 /INPUT 1 "A1";
    .port_info 6 /INPUT 1 "B0";
    .port_info 7 /INPUT 1 "B1";
    .port_info 8 /OUTPUT 1 "out";
L_0x7f29021549a8 .functor BUFT 1, C4<1>, C4<0>, C4<0>, C4<0>;
L_0x7f29021549f0 .functor BUFT 1, C4<0>, C4<0>, C4<0>, C4<0>;
L_0x5606be6826c0 .functor OR 1, L_0x7f29021549a8, L_0x7f29021549f0, C4<0>, C4<0>;
L_0x5606be682760 .functor AND 1, L_0x5606be680860, L_0x5606be680d00, C4<1>, C4<1>;
L_0x5606be682800 .functor BUFZ 1, L_0x5606be682760, C4<0>, C4<0>, C4<0>;
L_0x5606be682a10 .functor BUFZ 1, L_0x5606be6826c0, C4<0>, C4<0>, C4<0>;
v0x5606be670260_0 .net "A0", 0 0, L_0x5606be680860;  alias, 1 drivers
v0x5606be6703b0_0 .net "A1", 0 0, L_0x7f29021549a8;  1 drivers
v0x5606be670470_0 .net "B0", 0 0, L_0x5606be680d00;  alias, 1 drivers
v0x5606be670540_0 .net "B1", 0 0, L_0x7f29021549f0;  1 drivers
v0x5606be6705e0_0 .net *"_ivl_12", 0 0, L_0x5606be682a10;  1 drivers
v0x5606be670710_0 .net *"_ivl_7", 0 0, L_0x5606be682800;  1 drivers
L_0x7f2902154888 .functor BUFT 1, C4<0>, C4<0>, C4<0>, C4<0>;
v0x5606be6707f0_0 .net "d0", 0 0, L_0x7f2902154888;  1 drivers
L_0x7f29021548d0 .functor BUFT 1, C4<0>, C4<0>, C4<0>, C4<0>;
v0x5606be6708b0_0 .net "d1", 0 0, L_0x7f29021548d0;  1 drivers
L_0x7f2902154918 .functor BUFT 1, C4<1>, C4<0>, C4<0>, C4<0>;
v0x5606be670970_0 .net "d2", 0 0, L_0x7f2902154918;  1 drivers
L_0x7f2902154960 .functor BUFT 1, C4<1>, C4<0>, C4<0>, C4<0>;
v0x5606be670ac0_0 .net "d3", 0 0, L_0x7f2902154960;  1 drivers
v0x5606be670b80_0 .var "out", 0 0;
v0x5606be670c40_0 .net "s0", 0 0, L_0x5606be682760;  1 drivers
v0x5606be670d00_0 .net "s1", 0 0, L_0x5606be6826c0;  1 drivers
v0x5606be670dc0_0 .net "sel", 1 0, L_0x5606be6828f0;  1 drivers
E_0x5606be6701e0 .event edge, v0x5606be670dc0_0;
L_0x5606be6828f0 .concat8 [ 1 1 0 0], L_0x5606be682a10, L_0x5606be682800;
S_0x5606be671200 .scope module, "and6" "fpga_and" 3 18, 4 3 0, S_0x5606be644960;
 .timescale 0 0;
    .port_info 0 /INPUT 1 "A0";
    .port_info 1 /INPUT 1 "B0";
    .port_info 2 /OUTPUT 1 "out";
v0x5606be6724a0_0 .net "A0", 0 0, L_0x5606be680950;  alias, 1 drivers
v0x5606be672560_0 .net "B0", 0 0, L_0x5606be680d00;  alias, 1 drivers
v0x5606be672620_0 .net "out", 0 0, v0x5606be672060_0;  alias, 1 drivers
S_0x5606be6713e0 .scope module, "c2_instance" "c2" 4 5, 5 1 0, S_0x5606be671200;
 .timescale 0 0;
    .port_info 0 /INPUT 1 "d0";
    .port_info 1 /INPUT 1 "d1";
    .port_info 2 /INPUT 1 "d2";
    .port_info 3 /INPUT 1 "d3";
    .port_info 4 /INPUT 1 "A0";
    .port_info 5 /INPUT 1 "A1";
    .port_info 6 /INPUT 1 "B0";
    .port_info 7 /INPUT 1 "B1";
    .port_info 8 /OUTPUT 1 "out";
L_0x7f2902154b58 .functor BUFT 1, C4<1>, C4<0>, C4<0>, C4<0>;
L_0x7f2902154ba0 .functor BUFT 1, C4<0>, C4<0>, C4<0>, C4<0>;
L_0x5606be682e30 .functor OR 1, L_0x7f2902154b58, L_0x7f2902154ba0, C4<0>, C4<0>;
L_0x5606be682ed0 .functor AND 1, L_0x5606be680950, L_0x5606be680d00, C4<1>, C4<1>;
L_0x5606be682f70 .functor BUFZ 1, L_0x5606be682ed0, C4<0>, C4<0>, C4<0>;
L_0x5606be683180 .functor BUFZ 1, L_0x5606be682e30, C4<0>, C4<0>, C4<0>;
v0x5606be671790_0 .net "A0", 0 0, L_0x5606be680950;  alias, 1 drivers
v0x5606be671850_0 .net "A1", 0 0, L_0x7f2902154b58;  1 drivers
v0x5606be671910_0 .net "B0", 0 0, L_0x5606be680d00;  alias, 1 drivers
v0x5606be671a70_0 .net "B1", 0 0, L_0x7f2902154ba0;  1 drivers
v0x5606be671b10_0 .net *"_ivl_12", 0 0, L_0x5606be683180;  1 drivers
v0x5606be671bf0_0 .net *"_ivl_7", 0 0, L_0x5606be682f70;  1 drivers
L_0x7f2902154a38 .functor BUFT 1, C4<0>, C4<0>, C4<0>, C4<0>;
v0x5606be671cd0_0 .net "d0", 0 0, L_0x7f2902154a38;  1 drivers
L_0x7f2902154a80 .functor BUFT 1, C4<0>, C4<0>, C4<0>, C4<0>;
v0x5606be671d90_0 .net "d1", 0 0, L_0x7f2902154a80;  1 drivers
L_0x7f2902154ac8 .functor BUFT 1, C4<1>, C4<0>, C4<0>, C4<0>;
v0x5606be671e50_0 .net "d2", 0 0, L_0x7f2902154ac8;  1 drivers
L_0x7f2902154b10 .functor BUFT 1, C4<1>, C4<0>, C4<0>, C4<0>;
v0x5606be671fa0_0 .net "d3", 0 0, L_0x7f2902154b10;  1 drivers
v0x5606be672060_0 .var "out", 0 0;
v0x5606be672120_0 .net "s0", 0 0, L_0x5606be682ed0;  1 drivers
v0x5606be6721e0_0 .net "s1", 0 0, L_0x5606be682e30;  1 drivers
v0x5606be6722a0_0 .net "sel", 1 0, L_0x5606be683060;  1 drivers
E_0x5606be671710 .event edge, v0x5606be6722a0_0;
L_0x5606be683060 .concat8 [ 1 1 0 0], L_0x5606be683180, L_0x5606be682f70;
S_0x5606be672710 .scope module, "and7" "fpga_and" 3 19, 4 3 0, S_0x5606be644960;
 .timescale 0 0;
    .port_info 0 /INPUT 1 "A0";
    .port_info 1 /INPUT 1 "B0";
    .port_info 2 /OUTPUT 1 "out";
v0x5606be673970_0 .net "A0", 0 0, L_0x5606be6809f0;  alias, 1 drivers
v0x5606be673a30_0 .net "B0", 0 0, L_0x5606be680d00;  alias, 1 drivers
v0x5606be673af0_0 .net "out", 0 0, v0x5606be673530_0;  alias, 1 drivers
S_0x5606be6728f0 .scope module, "c2_instance" "c2" 4 5, 5 1 0, S_0x5606be672710;
 .timescale 0 0;
    .port_info 0 /INPUT 1 "d0";
    .port_info 1 /INPUT 1 "d1";
    .port_info 2 /INPUT 1 "d2";
    .port_info 3 /INPUT 1 "d3";
    .port_info 4 /INPUT 1 "A0";
    .port_info 5 /INPUT 1 "A1";
    .port_info 6 /INPUT 1 "B0";
    .port_info 7 /INPUT 1 "B1";
    .port_info 8 /OUTPUT 1 "out";
L_0x7f2902154d08 .functor BUFT 1, C4<1>, C4<0>, C4<0>, C4<0>;
L_0x7f2902154d50 .functor BUFT 1, C4<0>, C4<0>, C4<0>, C4<0>;
L_0x5606be683390 .functor OR 1, L_0x7f2902154d08, L_0x7f2902154d50, C4<0>, C4<0>;
L_0x5606be683430 .functor AND 1, L_0x5606be6809f0, L_0x5606be680d00, C4<1>, C4<1>;
L_0x5606be6834d0 .functor BUFZ 1, L_0x5606be683430, C4<0>, C4<0>, C4<0>;
L_0x5606be6836e0 .functor BUFZ 1, L_0x5606be683390, C4<0>, C4<0>, C4<0>;
v0x5606be672ca0_0 .net "A0", 0 0, L_0x5606be6809f0;  alias, 1 drivers
v0x5606be672d60_0 .net "A1", 0 0, L_0x7f2902154d08;  1 drivers
v0x5606be672e20_0 .net "B0", 0 0, L_0x5606be680d00;  alias, 1 drivers
v0x5606be672ef0_0 .net "B1", 0 0, L_0x7f2902154d50;  1 drivers
v0x5606be672f90_0 .net *"_ivl_12", 0 0, L_0x5606be6836e0;  1 drivers
v0x5606be6730c0_0 .net *"_ivl_7", 0 0, L_0x5606be6834d0;  1 drivers
L_0x7f2902154be8 .functor BUFT 1, C4<0>, C4<0>, C4<0>, C4<0>;
v0x5606be6731a0_0 .net "d0", 0 0, L_0x7f2902154be8;  1 drivers
L_0x7f2902154c30 .functor BUFT 1, C4<0>, C4<0>, C4<0>, C4<0>;
v0x5606be673260_0 .net "d1", 0 0, L_0x7f2902154c30;  1 drivers
L_0x7f2902154c78 .functor BUFT 1, C4<1>, C4<0>, C4<0>, C4<0>;
v0x5606be673320_0 .net "d2", 0 0, L_0x7f2902154c78;  1 drivers
L_0x7f2902154cc0 .functor BUFT 1, C4<1>, C4<0>, C4<0>, C4<0>;
v0x5606be673470_0 .net "d3", 0 0, L_0x7f2902154cc0;  1 drivers
v0x5606be673530_0 .var "out", 0 0;
v0x5606be6735f0_0 .net "s0", 0 0, L_0x5606be683430;  1 drivers
v0x5606be6736b0_0 .net "s1", 0 0, L_0x5606be683390;  1 drivers
v0x5606be673770_0 .net "sel", 1 0, L_0x5606be6835c0;  1 drivers
E_0x5606be672c20 .event edge, v0x5606be673770_0;
L_0x5606be6835c0 .concat8 [ 1 1 0 0], L_0x5606be6836e0, L_0x5606be6834d0;
S_0x5606be673be0 .scope module, "and8" "fpga_and" 3 21, 4 3 0, S_0x5606be644960;
 .timescale 0 0;
    .port_info 0 /INPUT 1 "A0";
    .port_info 1 /INPUT 1 "B0";
    .port_info 2 /OUTPUT 1 "out";
v0x5606be674e80_0 .net "A0", 0 0, L_0x5606be6807c0;  alias, 1 drivers
v0x5606be674f40_0 .net "B0", 0 0, L_0x5606be680c10;  alias, 1 drivers
v0x5606be675000_0 .net "out", 0 0, v0x5606be674a40_0;  alias, 1 drivers
S_0x5606be673dc0 .scope module, "c2_instance" "c2" 4 5, 5 1 0, S_0x5606be673be0;
 .timescale 0 0;
    .port_info 0 /INPUT 1 "d0";
    .port_info 1 /INPUT 1 "d1";
    .port_info 2 /INPUT 1 "d2";
    .port_info 3 /INPUT 1 "d3";
    .port_info 4 /INPUT 1 "A0";
    .port_info 5 /INPUT 1 "A1";
    .port_info 6 /INPUT 1 "B0";
    .port_info 7 /INPUT 1 "B1";
    .port_info 8 /OUTPUT 1 "out";
L_0x7f2902154eb8 .functor BUFT 1, C4<1>, C4<0>, C4<0>, C4<0>;
L_0x7f2902154f00 .functor BUFT 1, C4<0>, C4<0>, C4<0>, C4<0>;
L_0x5606be6838f0 .functor OR 1, L_0x7f2902154eb8, L_0x7f2902154f00, C4<0>, C4<0>;
L_0x5606be683990 .functor AND 1, L_0x5606be6807c0, L_0x5606be680c10, C4<1>, C4<1>;
L_0x5606be683a30 .functor BUFZ 1, L_0x5606be683990, C4<0>, C4<0>, C4<0>;
L_0x5606be683c40 .functor BUFZ 1, L_0x5606be6838f0, C4<0>, C4<0>, C4<0>;
v0x5606be674170_0 .net "A0", 0 0, L_0x5606be6807c0;  alias, 1 drivers
v0x5606be674230_0 .net "A1", 0 0, L_0x7f2902154eb8;  1 drivers
v0x5606be6742f0_0 .net "B0", 0 0, L_0x5606be680c10;  alias, 1 drivers
v0x5606be674450_0 .net "B1", 0 0, L_0x7f2902154f00;  1 drivers
v0x5606be6744f0_0 .net *"_ivl_12", 0 0, L_0x5606be683c40;  1 drivers
v0x5606be6745d0_0 .net *"_ivl_7", 0 0, L_0x5606be683a30;  1 drivers
L_0x7f2902154d98 .functor BUFT 1, C4<0>, C4<0>, C4<0>, C4<0>;
v0x5606be6746b0_0 .net "d0", 0 0, L_0x7f2902154d98;  1 drivers
L_0x7f2902154de0 .functor BUFT 1, C4<0>, C4<0>, C4<0>, C4<0>;
v0x5606be674770_0 .net "d1", 0 0, L_0x7f2902154de0;  1 drivers
L_0x7f2902154e28 .functor BUFT 1, C4<1>, C4<0>, C4<0>, C4<0>;
v0x5606be674830_0 .net "d2", 0 0, L_0x7f2902154e28;  1 drivers
L_0x7f2902154e70 .functor BUFT 1, C4<1>, C4<0>, C4<0>, C4<0>;
v0x5606be674980_0 .net "d3", 0 0, L_0x7f2902154e70;  1 drivers
v0x5606be674a40_0 .var "out", 0 0;
v0x5606be674b00_0 .net "s0", 0 0, L_0x5606be683990;  1 drivers
v0x5606be674bc0_0 .net "s1", 0 0, L_0x5606be6838f0;  1 drivers
v0x5606be674c80_0 .net "sel", 1 0, L_0x5606be683b20;  1 drivers
E_0x5606be6740f0 .event edge, v0x5606be674c80_0;
L_0x5606be683b20 .concat8 [ 1 1 0 0], L_0x5606be683c40, L_0x5606be683a30;
S_0x5606be6750f0 .scope module, "and9" "fpga_and" 3 22, 4 3 0, S_0x5606be644960;
 .timescale 0 0;
    .port_info 0 /INPUT 1 "A0";
    .port_info 1 /INPUT 1 "B0";
    .port_info 2 /OUTPUT 1 "out";
v0x5606be676350_0 .net "A0", 0 0, L_0x5606be680860;  alias, 1 drivers
v0x5606be676410_0 .net "B0", 0 0, L_0x5606be680c10;  alias, 1 drivers
v0x5606be6764d0_0 .net "out", 0 0, v0x5606be675f10_0;  alias, 1 drivers
S_0x5606be6752d0 .scope module, "c2_instance" "c2" 4 5, 5 1 0, S_0x5606be6750f0;
 .timescale 0 0;
    .port_info 0 /INPUT 1 "d0";
    .port_info 1 /INPUT 1 "d1";
    .port_info 2 /INPUT 1 "d2";
    .port_info 3 /INPUT 1 "d3";
    .port_info 4 /INPUT 1 "A0";
    .port_info 5 /INPUT 1 "A1";
    .port_info 6 /INPUT 1 "B0";
    .port_info 7 /INPUT 1 "B1";
    .port_info 8 /OUTPUT 1 "out";
L_0x7f2902155068 .functor BUFT 1, C4<1>, C4<0>, C4<0>, C4<0>;
L_0x7f29021550b0 .functor BUFT 1, C4<0>, C4<0>, C4<0>, C4<0>;
L_0x5606be683e50 .functor OR 1, L_0x7f2902155068, L_0x7f29021550b0, C4<0>, C4<0>;
L_0x5606be683ef0 .functor AND 1, L_0x5606be680860, L_0x5606be680c10, C4<1>, C4<1>;
L_0x5606be683f90 .functor BUFZ 1, L_0x5606be683ef0, C4<0>, C4<0>, C4<0>;
L_0x5606be6841a0 .functor BUFZ 1, L_0x5606be683e50, C4<0>, C4<0>, C4<0>;
v0x5606be675680_0 .net "A0", 0 0, L_0x5606be680860;  alias, 1 drivers
v0x5606be675740_0 .net "A1", 0 0, L_0x7f2902155068;  1 drivers
v0x5606be675800_0 .net "B0", 0 0, L_0x5606be680c10;  alias, 1 drivers
v0x5606be6758d0_0 .net "B1", 0 0, L_0x7f29021550b0;  1 drivers
v0x5606be675970_0 .net *"_ivl_12", 0 0, L_0x5606be6841a0;  1 drivers
v0x5606be675aa0_0 .net *"_ivl_7", 0 0, L_0x5606be683f90;  1 drivers
L_0x7f2902154f48 .functor BUFT 1, C4<0>, C4<0>, C4<0>, C4<0>;
v0x5606be675b80_0 .net "d0", 0 0, L_0x7f2902154f48;  1 drivers
L_0x7f2902154f90 .functor BUFT 1, C4<0>, C4<0>, C4<0>, C4<0>;
v0x5606be675c40_0 .net "d1", 0 0, L_0x7f2902154f90;  1 drivers
L_0x7f2902154fd8 .functor BUFT 1, C4<1>, C4<0>, C4<0>, C4<0>;
v0x5606be675d00_0 .net "d2", 0 0, L_0x7f2902154fd8;  1 drivers
L_0x7f2902155020 .functor BUFT 1, C4<1>, C4<0>, C4<0>, C4<0>;
v0x5606be675e50_0 .net "d3", 0 0, L_0x7f2902155020;  1 drivers
v0x5606be675f10_0 .var "out", 0 0;
v0x5606be675fd0_0 .net "s0", 0 0, L_0x5606be683ef0;  1 drivers
v0x5606be676090_0 .net "s1", 0 0, L_0x5606be683e50;  1 drivers
v0x5606be676150_0 .net "sel", 1 0, L_0x5606be684080;  1 drivers
E_0x5606be675600 .event edge, v0x5606be676150_0;
L_0x5606be684080 .concat8 [ 1 1 0 0], L_0x5606be6841a0, L_0x5606be683f90;
S_0x5606be6765c0 .scope module, "xor0" "fpga_xor" 3 37, 6 5 0, S_0x5606be644960;
 .timescale 0 0;
    .port_info 0 /INPUT 1 "a";
    .port_info 1 /INPUT 1 "b";
    .port_info 2 /OUTPUT 1 "out";
v0x5606be67d0b0_0 .net "a", 0 0, L_0x5606be689670;  1 drivers
v0x5606be67d150_0 .net "anot", 0 0, v0x5606be67a040_0;  1 drivers
v0x5606be67d2a0_0 .net "b", 0 0, L_0x5606be6897b0;  1 drivers
v0x5606be67d340_0 .net "bnot", 0 0, v0x5606be67b4e0_0;  1 drivers
v0x5606be67d470_0 .net "out", 0 0, v0x5606be67ca30_0;  1 drivers
v0x5606be67d510_0 .net "w1", 0 0, v0x5606be677600_0;  1 drivers
v0x5606be67d640_0 .net "w2", 0 0, v0x5606be678b30_0;  1 drivers
S_0x5606be6767a0 .scope module, "and0" "fpga_and" 6 11, 4 3 0, S_0x5606be6765c0;
 .timescale 0 0;
    .port_info 0 /INPUT 1 "A0";
    .port_info 1 /INPUT 1 "B0";
    .port_info 2 /OUTPUT 1 "out";
v0x5606be677a40_0 .net "A0", 0 0, L_0x5606be689670;  alias, 1 drivers
v0x5606be677b00_0 .net "B0", 0 0, v0x5606be67b4e0_0;  alias, 1 drivers
v0x5606be677bd0_0 .net "out", 0 0, v0x5606be677600_0;  alias, 1 drivers
S_0x5606be676a10 .scope module, "c2_instance" "c2" 4 5, 5 1 0, S_0x5606be6767a0;
 .timescale 0 0;
    .port_info 0 /INPUT 1 "d0";
    .port_info 1 /INPUT 1 "d1";
    .port_info 2 /INPUT 1 "d2";
    .port_info 3 /INPUT 1 "d3";
    .port_info 4 /INPUT 1 "A0";
    .port_info 5 /INPUT 1 "A1";
    .port_info 6 /INPUT 1 "B0";
    .port_info 7 /INPUT 1 "B1";
    .port_info 8 /OUTPUT 1 "out";
L_0x7f2902156190 .functor BUFT 1, C4<1>, C4<0>, C4<0>, C4<0>;
L_0x7f29021561d8 .functor BUFT 1, C4<0>, C4<0>, C4<0>, C4<0>;
L_0x5606be687d30 .functor OR 1, L_0x7f2902156190, L_0x7f29021561d8, C4<0>, C4<0>;
L_0x5606be687dd0 .functor AND 1, L_0x5606be689670, v0x5606be67b4e0_0, C4<1>, C4<1>;
L_0x5606be687e70 .functor BUFZ 1, L_0x5606be687dd0, C4<0>, C4<0>, C4<0>;
L_0x5606be688080 .functor BUFZ 1, L_0x5606be687d30, C4<0>, C4<0>, C4<0>;
v0x5606be676dc0_0 .net "A0", 0 0, L_0x5606be689670;  alias, 1 drivers
v0x5606be676ea0_0 .net "A1", 0 0, L_0x7f2902156190;  1 drivers
v0x5606be676f60_0 .net "B0", 0 0, v0x5606be67b4e0_0;  alias, 1 drivers
v0x5606be677030_0 .net "B1", 0 0, L_0x7f29021561d8;  1 drivers
v0x5606be6770f0_0 .net *"_ivl_12", 0 0, L_0x5606be688080;  1 drivers
v0x5606be677220_0 .net *"_ivl_7", 0 0, L_0x5606be687e70;  1 drivers
L_0x7f2902156070 .functor BUFT 1, C4<0>, C4<0>, C4<0>, C4<0>;
v0x5606be677300_0 .net "d0", 0 0, L_0x7f2902156070;  1 drivers
L_0x7f29021560b8 .functor BUFT 1, C4<0>, C4<0>, C4<0>, C4<0>;
v0x5606be6773c0_0 .net "d1", 0 0, L_0x7f29021560b8;  1 drivers
L_0x7f2902156100 .functor BUFT 1, C4<1>, C4<0>, C4<0>, C4<0>;
v0x5606be677480_0 .net "d2", 0 0, L_0x7f2902156100;  1 drivers
L_0x7f2902156148 .functor BUFT 1, C4<1>, C4<0>, C4<0>, C4<0>;
v0x5606be677540_0 .net "d3", 0 0, L_0x7f2902156148;  1 drivers
v0x5606be677600_0 .var "out", 0 0;
v0x5606be6776c0_0 .net "s0", 0 0, L_0x5606be687dd0;  1 drivers
v0x5606be677780_0 .net "s1", 0 0, L_0x5606be687d30;  1 drivers
v0x5606be677840_0 .net "sel", 1 0, L_0x5606be687f60;  1 drivers
E_0x5606be676d40 .event edge, v0x5606be677840_0;
L_0x5606be687f60 .concat8 [ 1 1 0 0], L_0x5606be688080, L_0x5606be687e70;
S_0x5606be677cd0 .scope module, "and1" "fpga_and" 6 12, 4 3 0, S_0x5606be6765c0;
 .timescale 0 0;
    .port_info 0 /INPUT 1 "A0";
    .port_info 1 /INPUT 1 "B0";
    .port_info 2 /OUTPUT 1 "out";
v0x5606be678f70_0 .net "A0", 0 0, L_0x5606be6897b0;  alias, 1 drivers
v0x5606be679030_0 .net "B0", 0 0, v0x5606be67a040_0;  alias, 1 drivers
v0x5606be679100_0 .net "out", 0 0, v0x5606be678b30_0;  alias, 1 drivers
S_0x5606be677eb0 .scope module, "c2_instance" "c2" 4 5, 5 1 0, S_0x5606be677cd0;
 .timescale 0 0;
    .port_info 0 /INPUT 1 "d0";
    .port_info 1 /INPUT 1 "d1";
    .port_info 2 /INPUT 1 "d2";
    .port_info 3 /INPUT 1 "d3";
    .port_info 4 /INPUT 1 "A0";
    .port_info 5 /INPUT 1 "A1";
    .port_info 6 /INPUT 1 "B0";
    .port_info 7 /INPUT 1 "B1";
    .port_info 8 /OUTPUT 1 "out";
L_0x7f2902156340 .functor BUFT 1, C4<1>, C4<0>, C4<0>, C4<0>;
L_0x7f2902156388 .functor BUFT 1, C4<0>, C4<0>, C4<0>, C4<0>;
L_0x5606be688290 .functor OR 1, L_0x7f2902156340, L_0x7f2902156388, C4<0>, C4<0>;
L_0x5606be688330 .functor AND 1, L_0x5606be6897b0, v0x5606be67a040_0, C4<1>, C4<1>;
L_0x5606be6884e0 .functor BUFZ 1, L_0x5606be688330, C4<0>, C4<0>, C4<0>;
L_0x5606be6886f0 .functor BUFZ 1, L_0x5606be688290, C4<0>, C4<0>, C4<0>;
v0x5606be678260_0 .net "A0", 0 0, L_0x5606be6897b0;  alias, 1 drivers
v0x5606be678340_0 .net "A1", 0 0, L_0x7f2902156340;  1 drivers
v0x5606be678400_0 .net "B0", 0 0, v0x5606be67a040_0;  alias, 1 drivers
v0x5606be6784d0_0 .net "B1", 0 0, L_0x7f2902156388;  1 drivers
v0x5606be678590_0 .net *"_ivl_12", 0 0, L_0x5606be6886f0;  1 drivers
v0x5606be6786c0_0 .net *"_ivl_7", 0 0, L_0x5606be6884e0;  1 drivers
L_0x7f2902156220 .functor BUFT 1, C4<0>, C4<0>, C4<0>, C4<0>;
v0x5606be6787a0_0 .net "d0", 0 0, L_0x7f2902156220;  1 drivers
L_0x7f2902156268 .functor BUFT 1, C4<0>, C4<0>, C4<0>, C4<0>;
v0x5606be678860_0 .net "d1", 0 0, L_0x7f2902156268;  1 drivers
L_0x7f29021562b0 .functor BUFT 1, C4<1>, C4<0>, C4<0>, C4<0>;
v0x5606be678920_0 .net "d2", 0 0, L_0x7f29021562b0;  1 drivers
L_0x7f29021562f8 .functor BUFT 1, C4<1>, C4<0>, C4<0>, C4<0>;
v0x5606be678a70_0 .net "d3", 0 0, L_0x7f29021562f8;  1 drivers
v0x5606be678b30_0 .var "out", 0 0;
v0x5606be678bf0_0 .net "s0", 0 0, L_0x5606be688330;  1 drivers
v0x5606be678cb0_0 .net "s1", 0 0, L_0x5606be688290;  1 drivers
v0x5606be678d70_0 .net "sel", 1 0, L_0x5606be6885d0;  1 drivers
E_0x5606be6781e0 .event edge, v0x5606be678d70_0;
L_0x5606be6885d0 .concat8 [ 1 1 0 0], L_0x5606be6886f0, L_0x5606be6884e0;
S_0x5606be679200 .scope module, "not0" "fpga_not" 6 8, 7 3 0, S_0x5606be6765c0;
 .timescale 0 0;
    .port_info 0 /INPUT 1 "A1";
    .port_info 1 /OUTPUT 1 "out";
v0x5606be67a4b0_0 .net "A1", 0 0, L_0x5606be689670;  alias, 1 drivers
v0x5606be67a600_0 .net "out", 0 0, v0x5606be67a040_0;  alias, 1 drivers
S_0x5606be679400 .scope module, "c2_instance" "c2" 7 5, 5 1 0, S_0x5606be679200;
 .timescale 0 0;
    .port_info 0 /INPUT 1 "d0";
    .port_info 1 /INPUT 1 "d1";
    .port_info 2 /INPUT 1 "d2";
    .port_info 3 /INPUT 1 "d3";
    .port_info 4 /INPUT 1 "A0";
    .port_info 5 /INPUT 1 "A1";
    .port_info 6 /INPUT 1 "B0";
    .port_info 7 /INPUT 1 "B1";
    .port_info 8 /OUTPUT 1 "out";
L_0x5606be686ad0 .functor OR 1, L_0x5606be689670, L_0x5606be689670, C4<0>, C4<0>;
L_0x7f2902155e30 .functor BUFT 1, C4<0>, C4<0>, C4<0>, C4<0>;
L_0x7f2902155e78 .functor BUFT 1, C4<0>, C4<0>, C4<0>, C4<0>;
L_0x5606be687370 .functor AND 1, L_0x7f2902155e30, L_0x7f2902155e78, C4<1>, C4<1>;
L_0x5606be6873e0 .functor BUFZ 1, L_0x5606be687370, C4<0>, C4<0>, C4<0>;
L_0x5606be6875c0 .functor BUFZ 1, L_0x5606be686ad0, C4<0>, C4<0>, C4<0>;
v0x5606be679790_0 .net "A0", 0 0, L_0x7f2902155e30;  1 drivers
v0x5606be679870_0 .net "A1", 0 0, L_0x5606be689670;  alias, 1 drivers
v0x5606be679980_0 .net "B0", 0 0, L_0x7f2902155e78;  1 drivers
v0x5606be679a20_0 .net "B1", 0 0, L_0x5606be689670;  alias, 1 drivers
v0x5606be679ac0_0 .net *"_ivl_12", 0 0, L_0x5606be6875c0;  1 drivers
v0x5606be679bd0_0 .net *"_ivl_7", 0 0, L_0x5606be6873e0;  1 drivers
L_0x7f2902155d10 .functor BUFT 1, C4<1>, C4<0>, C4<0>, C4<0>;
v0x5606be679cb0_0 .net "d0", 0 0, L_0x7f2902155d10;  1 drivers
L_0x7f2902155d58 .functor BUFT 1, C4<0>, C4<0>, C4<0>, C4<0>;
v0x5606be679d70_0 .net "d1", 0 0, L_0x7f2902155d58;  1 drivers
L_0x7f2902155da0 .functor BUFT 1, C4<1>, C4<0>, C4<0>, C4<0>;
v0x5606be679e30_0 .net "d2", 0 0, L_0x7f2902155da0;  1 drivers
L_0x7f2902155de8 .functor BUFT 1, C4<0>, C4<0>, C4<0>, C4<0>;
v0x5606be679f80_0 .net "d3", 0 0, L_0x7f2902155de8;  1 drivers
v0x5606be67a040_0 .var "out", 0 0;
v0x5606be67a0e0_0 .net "s0", 0 0, L_0x5606be687370;  1 drivers
v0x5606be67a1a0_0 .net "s1", 0 0, L_0x5606be686ad0;  1 drivers
v0x5606be67a260_0 .net "sel", 1 0, L_0x5606be6874a0;  1 drivers
E_0x5606be679710 .event edge, v0x5606be67a260_0;
L_0x5606be6874a0 .concat8 [ 1 1 0 0], L_0x5606be6875c0, L_0x5606be6873e0;
S_0x5606be67a700 .scope module, "not1" "fpga_not" 6 9, 7 3 0, S_0x5606be6765c0;
 .timescale 0 0;
    .port_info 0 /INPUT 1 "A1";
    .port_info 1 /OUTPUT 1 "out";
v0x5606be67b950_0 .net "A1", 0 0, L_0x5606be6897b0;  alias, 1 drivers
v0x5606be67baa0_0 .net "out", 0 0, v0x5606be67b4e0_0;  alias, 1 drivers
S_0x5606be67a8d0 .scope module, "c2_instance" "c2" 7 5, 5 1 0, S_0x5606be67a700;
 .timescale 0 0;
    .port_info 0 /INPUT 1 "d0";
    .port_info 1 /INPUT 1 "d1";
    .port_info 2 /INPUT 1 "d2";
    .port_info 3 /INPUT 1 "d3";
    .port_info 4 /INPUT 1 "A0";
    .port_info 5 /INPUT 1 "A1";
    .port_info 6 /INPUT 1 "B0";
    .port_info 7 /INPUT 1 "B1";
    .port_info 8 /OUTPUT 1 "out";
L_0x5606be6877d0 .functor OR 1, L_0x5606be6897b0, L_0x5606be6897b0, C4<0>, C4<0>;
L_0x7f2902155fe0 .functor BUFT 1, C4<0>, C4<0>, C4<0>, C4<0>;
L_0x7f2902156028 .functor BUFT 1, C4<0>, C4<0>, C4<0>, C4<0>;
L_0x5606be687840 .functor AND 1, L_0x7f2902155fe0, L_0x7f2902156028, C4<1>, C4<1>;
L_0x5606be687910 .functor BUFZ 1, L_0x5606be687840, C4<0>, C4<0>, C4<0>;
L_0x5606be687b20 .functor BUFZ 1, L_0x5606be6877d0, C4<0>, C4<0>, C4<0>;
v0x5606be67ac30_0 .net "A0", 0 0, L_0x7f2902155fe0;  1 drivers
v0x5606be67ad10_0 .net "A1", 0 0, L_0x5606be6897b0;  alias, 1 drivers
v0x5606be67ae20_0 .net "B0", 0 0, L_0x7f2902156028;  1 drivers
v0x5606be67aec0_0 .net "B1", 0 0, L_0x5606be6897b0;  alias, 1 drivers
v0x5606be67af60_0 .net *"_ivl_12", 0 0, L_0x5606be687b20;  1 drivers
v0x5606be67b070_0 .net *"_ivl_7", 0 0, L_0x5606be687910;  1 drivers
L_0x7f2902155ec0 .functor BUFT 1, C4<1>, C4<0>, C4<0>, C4<0>;
v0x5606be67b150_0 .net "d0", 0 0, L_0x7f2902155ec0;  1 drivers
L_0x7f2902155f08 .functor BUFT 1, C4<0>, C4<0>, C4<0>, C4<0>;
v0x5606be67b210_0 .net "d1", 0 0, L_0x7f2902155f08;  1 drivers
L_0x7f2902155f50 .functor BUFT 1, C4<1>, C4<0>, C4<0>, C4<0>;
v0x5606be67b2d0_0 .net "d2", 0 0, L_0x7f2902155f50;  1 drivers
L_0x7f2902155f98 .functor BUFT 1, C4<0>, C4<0>, C4<0>, C4<0>;
v0x5606be67b420_0 .net "d3", 0 0, L_0x7f2902155f98;  1 drivers
v0x5606be67b4e0_0 .var "out", 0 0;
v0x5606be67b580_0 .net "s0", 0 0, L_0x5606be687840;  1 drivers
v0x5606be67b640_0 .net "s1", 0 0, L_0x5606be6877d0;  1 drivers
v0x5606be67b700_0 .net "sel", 1 0, L_0x5606be687a00;  1 drivers
E_0x5606be67abb0 .event edge, v0x5606be67b700_0;
L_0x5606be687a00 .concat8 [ 1 1 0 0], L_0x5606be687b20, L_0x5606be687910;
S_0x5606be67bba0 .scope module, "or0" "fpga_or" 6 14, 8 3 0, S_0x5606be6765c0;
 .timescale 0 0;
    .port_info 0 /INPUT 1 "A1";
    .port_info 1 /INPUT 1 "B1";
    .port_info 2 /OUTPUT 1 "out";
v0x5606be67ce70_0 .net "A1", 0 0, v0x5606be677600_0;  alias, 1 drivers
v0x5606be67cf30_0 .net "B1", 0 0, v0x5606be678b30_0;  alias, 1 drivers
v0x5606be67cff0_0 .net "out", 0 0, v0x5606be67ca30_0;  alias, 1 drivers
S_0x5606be67bd80 .scope module, "c2_instance" "c2" 8 5, 5 1 0, S_0x5606be67bba0;
 .timescale 0 0;
    .port_info 0 /INPUT 1 "d0";
    .port_info 1 /INPUT 1 "d1";
    .port_info 2 /INPUT 1 "d2";
    .port_info 3 /INPUT 1 "d3";
    .port_info 4 /INPUT 1 "A0";
    .port_info 5 /INPUT 1 "A1";
    .port_info 6 /INPUT 1 "B0";
    .port_info 7 /INPUT 1 "B1";
    .port_info 8 /OUTPUT 1 "out";
L_0x5606be688900 .functor OR 1, v0x5606be677600_0, v0x5606be678b30_0, C4<0>, C4<0>;
L_0x7f29021564f0 .functor BUFT 1, C4<0>, C4<0>, C4<0>, C4<0>;
L_0x7f2902156538 .functor BUFT 1, C4<0>, C4<0>, C4<0>, C4<0>;
L_0x5606be688970 .functor AND 1, L_0x7f29021564f0, L_0x7f2902156538, C4<1>, C4<1>;
L_0x5606be688a40 .functor BUFZ 1, L_0x5606be688970, C4<0>, C4<0>, C4<0>;
L_0x5606be688c50 .functor BUFZ 1, L_0x5606be688900, C4<0>, C4<0>, C4<0>;
v0x5606be67c130_0 .net "A0", 0 0, L_0x7f29021564f0;  1 drivers
v0x5606be67c210_0 .net "A1", 0 0, v0x5606be677600_0;  alias, 1 drivers
v0x5606be67c320_0 .net "B0", 0 0, L_0x7f2902156538;  1 drivers
v0x5606be67c3c0_0 .net "B1", 0 0, v0x5606be678b30_0;  alias, 1 drivers
v0x5606be67c4b0_0 .net *"_ivl_12", 0 0, L_0x5606be688c50;  1 drivers
v0x5606be67c5c0_0 .net *"_ivl_7", 0 0, L_0x5606be688a40;  1 drivers
L_0x7f29021563d0 .functor BUFT 1, C4<0>, C4<0>, C4<0>, C4<0>;
v0x5606be67c6a0_0 .net "d0", 0 0, L_0x7f29021563d0;  1 drivers
L_0x7f2902156418 .functor BUFT 1, C4<1>, C4<0>, C4<0>, C4<0>;
v0x5606be67c760_0 .net "d1", 0 0, L_0x7f2902156418;  1 drivers
L_0x7f2902156460 .functor BUFT 1, C4<0>, C4<0>, C4<0>, C4<0>;
v0x5606be67c820_0 .net "d2", 0 0, L_0x7f2902156460;  1 drivers
L_0x7f29021564a8 .functor BUFT 1, C4<1>, C4<0>, C4<0>, C4<0>;
v0x5606be67c970_0 .net "d3", 0 0, L_0x7f29021564a8;  1 drivers
v0x5606be67ca30_0 .var "out", 0 0;
v0x5606be67caf0_0 .net "s0", 0 0, L_0x5606be688970;  1 drivers
v0x5606be67cbb0_0 .net "s1", 0 0, L_0x5606be688900;  1 drivers
v0x5606be67cc70_0 .net "sel", 1 0, L_0x5606be688b30;  1 drivers
E_0x5606be67c0b0 .event edge, v0x5606be67cc70_0;
L_0x5606be688b30 .concat8 [ 1 1 0 0], L_0x5606be688c50, L_0x5606be688a40;
    .scope S_0x5606be655750;
T_0 ;
    %wait E_0x5606be5dba00;
    %load/vec4 v0x5606be6626b0_0;
    %dup/vec4;
    %pushi/vec4 0, 0, 2;
    %cmp/u;
    %jmp/1 T_0.0, 6;
    %dup/vec4;
    %pushi/vec4 1, 0, 2;
    %cmp/u;
    %jmp/1 T_0.1, 6;
    %dup/vec4;
    %pushi/vec4 2, 0, 2;
    %cmp/u;
    %jmp/1 T_0.2, 6;
    %dup/vec4;
    %pushi/vec4 3, 0, 2;
    %cmp/u;
    %jmp/1 T_0.3, 6;
    %jmp T_0.4;
T_0.0 ;
    %load/vec4 v0x5606be662170_0;
    %assign/vec4 v0x5606be662470_0, 0;
    %jmp T_0.4;
T_0.1 ;
    %load/vec4 v0x5606be662230_0;
    %assign/vec4 v0x5606be662470_0, 0;
    %jmp T_0.4;
T_0.2 ;
    %load/vec4 v0x5606be6622f0_0;
    %assign/vec4 v0x5606be662470_0, 0;
    %jmp T_0.4;
T_0.3 ;
    %load/vec4 v0x5606be6623b0_0;
    %assign/vec4 v0x5606be662470_0, 0;
    %jmp T_0.4;
T_0.4 ;
    %pop/vec4 1;
    %jmp T_0;
    .thread T_0, $push;
    .scope S_0x5606be662ce0;
T_1 ;
    %wait E_0x5606be5db880;
    %load/vec4 v0x5606be663ad0_0;
    %dup/vec4;
    %pushi/vec4 0, 0, 2;
    %cmp/u;
    %jmp/1 T_1.0, 6;
    %dup/vec4;
    %pushi/vec4 1, 0, 2;
    %cmp/u;
    %jmp/1 T_1.1, 6;
    %dup/vec4;
    %pushi/vec4 2, 0, 2;
    %cmp/u;
    %jmp/1 T_1.2, 6;
    %dup/vec4;
    %pushi/vec4 3, 0, 2;
    %cmp/u;
    %jmp/1 T_1.3, 6;
    %jmp T_1.4;
T_1.0 ;
    %load/vec4 v0x5606be663590_0;
    %assign/vec4 v0x5606be663890_0, 0;
    %jmp T_1.4;
T_1.1 ;
    %load/vec4 v0x5606be663650_0;
    %assign/vec4 v0x5606be663890_0, 0;
    %jmp T_1.4;
T_1.2 ;
    %load/vec4 v0x5606be663710_0;
    %assign/vec4 v0x5606be663890_0, 0;
    %jmp T_1.4;
T_1.3 ;
    %load/vec4 v0x5606be6637d0_0;
    %assign/vec4 v0x5606be663890_0, 0;
    %jmp T_1.4;
T_1.4 ;
    %pop/vec4 1;
    %jmp T_1;
    .thread T_1, $push;
    .scope S_0x5606be66bf10;
T_2 ;
    %wait E_0x5606be66c240;
    %load/vec4 v0x5606be66ce60_0;
    %dup/vec4;
    %pushi/vec4 0, 0, 2;
    %cmp/u;
    %jmp/1 T_2.0, 6;
    %dup/vec4;
    %pushi/vec4 1, 0, 2;
    %cmp/u;
    %jmp/1 T_2.1, 6;
    %dup/vec4;
    %pushi/vec4 2, 0, 2;
    %cmp/u;
    %jmp/1 T_2.2, 6;
    %dup/vec4;
    %pushi/vec4 3, 0, 2;
    %cmp/u;
    %jmp/1 T_2.3, 6;
    %jmp T_2.4;
T_2.0 ;
    %load/vec4 v0x5606be66c890_0;
    %assign/vec4 v0x5606be66cc20_0, 0;
    %jmp T_2.4;
T_2.1 ;
    %load/vec4 v0x5606be66c950_0;
    %assign/vec4 v0x5606be66cc20_0, 0;
    %jmp T_2.4;
T_2.2 ;
    %load/vec4 v0x5606be66ca10_0;
    %assign/vec4 v0x5606be66cc20_0, 0;
    %jmp T_2.4;
T_2.3 ;
    %load/vec4 v0x5606be66cb60_0;
    %assign/vec4 v0x5606be66cc20_0, 0;
    %jmp T_2.4;
T_2.4 ;
    %pop/vec4 1;
    %jmp T_2;
    .thread T_2, $push;
    .scope S_0x5606be66d460;
T_3 ;
    %wait E_0x5606be66d790;
    %load/vec4 v0x5606be66e320_0;
    %dup/vec4;
    %pushi/vec4 0, 0, 2;
    %cmp/u;
    %jmp/1 T_3.0, 6;
    %dup/vec4;
    %pushi/vec4 1, 0, 2;
    %cmp/u;
    %jmp/1 T_3.1, 6;
    %dup/vec4;
    %pushi/vec4 2, 0, 2;
    %cmp/u;
    %jmp/1 T_3.2, 6;
    %dup/vec4;
    %pushi/vec4 3, 0, 2;
    %cmp/u;
    %jmp/1 T_3.3, 6;
    %jmp T_3.4;
T_3.0 ;
    %load/vec4 v0x5606be66dd50_0;
    %assign/vec4 v0x5606be66e0e0_0, 0;
    %jmp T_3.4;
T_3.1 ;
    %load/vec4 v0x5606be66de10_0;
    %assign/vec4 v0x5606be66e0e0_0, 0;
    %jmp T_3.4;
T_3.2 ;
    %load/vec4 v0x5606be66ded0_0;
    %assign/vec4 v0x5606be66e0e0_0, 0;
    %jmp T_3.4;
T_3.3 ;
    %load/vec4 v0x5606be66e020_0;
    %assign/vec4 v0x5606be66e0e0_0, 0;
    %jmp T_3.4;
T_3.4 ;
    %pop/vec4 1;
    %jmp T_3;
    .thread T_3, $push;
    .scope S_0x5606be66e970;
T_4 ;
    %wait E_0x5606be66eca0;
    %load/vec4 v0x5606be66f850_0;
    %dup/vec4;
    %pushi/vec4 0, 0, 2;
    %cmp/u;
    %jmp/1 T_4.0, 6;
    %dup/vec4;
    %pushi/vec4 1, 0, 2;
    %cmp/u;
    %jmp/1 T_4.1, 6;
    %dup/vec4;
    %pushi/vec4 2, 0, 2;
    %cmp/u;
    %jmp/1 T_4.2, 6;
    %dup/vec4;
    %pushi/vec4 3, 0, 2;
    %cmp/u;
    %jmp/1 T_4.3, 6;
    %jmp T_4.4;
T_4.0 ;
    %load/vec4 v0x5606be66f280_0;
    %assign/vec4 v0x5606be66f610_0, 0;
    %jmp T_4.4;
T_4.1 ;
    %load/vec4 v0x5606be66f340_0;
    %assign/vec4 v0x5606be66f610_0, 0;
    %jmp T_4.4;
T_4.2 ;
    %load/vec4 v0x5606be66f400_0;
    %assign/vec4 v0x5606be66f610_0, 0;
    %jmp T_4.4;
T_4.3 ;
    %load/vec4 v0x5606be66f550_0;
    %assign/vec4 v0x5606be66f610_0, 0;
    %jmp T_4.4;
T_4.4 ;
    %pop/vec4 1;
    %jmp T_4;
    .thread T_4, $push;
    .scope S_0x5606be66feb0;
T_5 ;
    %wait E_0x5606be6701e0;
    %load/vec4 v0x5606be670dc0_0;
    %dup/vec4;
    %pushi/vec4 0, 0, 2;
    %cmp/u;
    %jmp/1 T_5.0, 6;
    %dup/vec4;
    %pushi/vec4 1, 0, 2;
    %cmp/u;
    %jmp/1 T_5.1, 6;
    %dup/vec4;
    %pushi/vec4 2, 0, 2;
    %cmp/u;
    %jmp/1 T_5.2, 6;
    %dup/vec4;
    %pushi/vec4 3, 0, 2;
    %cmp/u;
    %jmp/1 T_5.3, 6;
    %jmp T_5.4;
T_5.0 ;
    %load/vec4 v0x5606be6707f0_0;
    %assign/vec4 v0x5606be670b80_0, 0;
    %jmp T_5.4;
T_5.1 ;
    %load/vec4 v0x5606be6708b0_0;
    %assign/vec4 v0x5606be670b80_0, 0;
    %jmp T_5.4;
T_5.2 ;
    %load/vec4 v0x5606be670970_0;
    %assign/vec4 v0x5606be670b80_0, 0;
    %jmp T_5.4;
T_5.3 ;
    %load/vec4 v0x5606be670ac0_0;
    %assign/vec4 v0x5606be670b80_0, 0;
    %jmp T_5.4;
T_5.4 ;
    %pop/vec4 1;
    %jmp T_5;
    .thread T_5, $push;
    .scope S_0x5606be6713e0;
T_6 ;
    %wait E_0x5606be671710;
    %load/vec4 v0x5606be6722a0_0;
    %dup/vec4;
    %pushi/vec4 0, 0, 2;
    %cmp/u;
    %jmp/1 T_6.0, 6;
    %dup/vec4;
    %pushi/vec4 1, 0, 2;
    %cmp/u;
    %jmp/1 T_6.1, 6;
    %dup/vec4;
    %pushi/vec4 2, 0, 2;
    %cmp/u;
    %jmp/1 T_6.2, 6;
    %dup/vec4;
    %pushi/vec4 3, 0, 2;
    %cmp/u;
    %jmp/1 T_6.3, 6;
    %jmp T_6.4;
T_6.0 ;
    %load/vec4 v0x5606be671cd0_0;
    %assign/vec4 v0x5606be672060_0, 0;
    %jmp T_6.4;
T_6.1 ;
    %load/vec4 v0x5606be671d90_0;
    %assign/vec4 v0x5606be672060_0, 0;
    %jmp T_6.4;
T_6.2 ;
    %load/vec4 v0x5606be671e50_0;
    %assign/vec4 v0x5606be672060_0, 0;
    %jmp T_6.4;
T_6.3 ;
    %load/vec4 v0x5606be671fa0_0;
    %assign/vec4 v0x5606be672060_0, 0;
    %jmp T_6.4;
T_6.4 ;
    %pop/vec4 1;
    %jmp T_6;
    .thread T_6, $push;
    .scope S_0x5606be6728f0;
T_7 ;
    %wait E_0x5606be672c20;
    %load/vec4 v0x5606be673770_0;
    %dup/vec4;
    %pushi/vec4 0, 0, 2;
    %cmp/u;
    %jmp/1 T_7.0, 6;
    %dup/vec4;
    %pushi/vec4 1, 0, 2;
    %cmp/u;
    %jmp/1 T_7.1, 6;
    %dup/vec4;
    %pushi/vec4 2, 0, 2;
    %cmp/u;
    %jmp/1 T_7.2, 6;
    %dup/vec4;
    %pushi/vec4 3, 0, 2;
    %cmp/u;
    %jmp/1 T_7.3, 6;
    %jmp T_7.4;
T_7.0 ;
    %load/vec4 v0x5606be6731a0_0;
    %assign/vec4 v0x5606be673530_0, 0;
    %jmp T_7.4;
T_7.1 ;
    %load/vec4 v0x5606be673260_0;
    %assign/vec4 v0x5606be673530_0, 0;
    %jmp T_7.4;
T_7.2 ;
    %load/vec4 v0x5606be673320_0;
    %assign/vec4 v0x5606be673530_0, 0;
    %jmp T_7.4;
T_7.3 ;
    %load/vec4 v0x5606be673470_0;
    %assign/vec4 v0x5606be673530_0, 0;
    %jmp T_7.4;
T_7.4 ;
    %pop/vec4 1;
    %jmp T_7;
    .thread T_7, $push;
    .scope S_0x5606be673dc0;
T_8 ;
    %wait E_0x5606be6740f0;
    %load/vec4 v0x5606be674c80_0;
    %dup/vec4;
    %pushi/vec4 0, 0, 2;
    %cmp/u;
    %jmp/1 T_8.0, 6;
    %dup/vec4;
    %pushi/vec4 1, 0, 2;
    %cmp/u;
    %jmp/1 T_8.1, 6;
    %dup/vec4;
    %pushi/vec4 2, 0, 2;
    %cmp/u;
    %jmp/1 T_8.2, 6;
    %dup/vec4;
    %pushi/vec4 3, 0, 2;
    %cmp/u;
    %jmp/1 T_8.3, 6;
    %jmp T_8.4;
T_8.0 ;
    %load/vec4 v0x5606be6746b0_0;
    %assign/vec4 v0x5606be674a40_0, 0;
    %jmp T_8.4;
T_8.1 ;
    %load/vec4 v0x5606be674770_0;
    %assign/vec4 v0x5606be674a40_0, 0;
    %jmp T_8.4;
T_8.2 ;
    %load/vec4 v0x5606be674830_0;
    %assign/vec4 v0x5606be674a40_0, 0;
    %jmp T_8.4;
T_8.3 ;
    %load/vec4 v0x5606be674980_0;
    %assign/vec4 v0x5606be674a40_0, 0;
    %jmp T_8.4;
T_8.4 ;
    %pop/vec4 1;
    %jmp T_8;
    .thread T_8, $push;
    .scope S_0x5606be6752d0;
T_9 ;
    %wait E_0x5606be675600;
    %load/vec4 v0x5606be676150_0;
    %dup/vec4;
    %pushi/vec4 0, 0, 2;
    %cmp/u;
    %jmp/1 T_9.0, 6;
    %dup/vec4;
    %pushi/vec4 1, 0, 2;
    %cmp/u;
    %jmp/1 T_9.1, 6;
    %dup/vec4;
    %pushi/vec4 2, 0, 2;
    %cmp/u;
    %jmp/1 T_9.2, 6;
    %dup/vec4;
    %pushi/vec4 3, 0, 2;
    %cmp/u;
    %jmp/1 T_9.3, 6;
    %jmp T_9.4;
T_9.0 ;
    %load/vec4 v0x5606be675b80_0;
    %assign/vec4 v0x5606be675f10_0, 0;
    %jmp T_9.4;
T_9.1 ;
    %load/vec4 v0x5606be675c40_0;
    %assign/vec4 v0x5606be675f10_0, 0;
    %jmp T_9.4;
T_9.2 ;
    %load/vec4 v0x5606be675d00_0;
    %assign/vec4 v0x5606be675f10_0, 0;
    %jmp T_9.4;
T_9.3 ;
    %load/vec4 v0x5606be675e50_0;
    %assign/vec4 v0x5606be675f10_0, 0;
    %jmp T_9.4;
T_9.4 ;
    %pop/vec4 1;
    %jmp T_9;
    .thread T_9, $push;
    .scope S_0x5606be664130;
T_10 ;
    %wait E_0x5606be5dbd50;
    %load/vec4 v0x5606be664f90_0;
    %dup/vec4;
    %pushi/vec4 0, 0, 2;
    %cmp/u;
    %jmp/1 T_10.0, 6;
    %dup/vec4;
    %pushi/vec4 1, 0, 2;
    %cmp/u;
    %jmp/1 T_10.1, 6;
    %dup/vec4;
    %pushi/vec4 2, 0, 2;
    %cmp/u;
    %jmp/1 T_10.2, 6;
    %dup/vec4;
    %pushi/vec4 3, 0, 2;
    %cmp/u;
    %jmp/1 T_10.3, 6;
    %jmp T_10.4;
T_10.0 ;
    %load/vec4 v0x5606be6649c0_0;
    %assign/vec4 v0x5606be664d50_0, 0;
    %jmp T_10.4;
T_10.1 ;
    %load/vec4 v0x5606be664a80_0;
    %assign/vec4 v0x5606be664d50_0, 0;
    %jmp T_10.4;
T_10.2 ;
    %load/vec4 v0x5606be664b40_0;
    %assign/vec4 v0x5606be664d50_0, 0;
    %jmp T_10.4;
T_10.3 ;
    %load/vec4 v0x5606be664c90_0;
    %assign/vec4 v0x5606be664d50_0, 0;
    %jmp T_10.4;
T_10.4 ;
    %pop/vec4 1;
    %jmp T_10;
    .thread T_10, $push;
    .scope S_0x5606be665600;
T_11 ;
    %wait E_0x5606be5c59b0;
    %load/vec4 v0x5606be6664b0_0;
    %dup/vec4;
    %pushi/vec4 0, 0, 2;
    %cmp/u;
    %jmp/1 T_11.0, 6;
    %dup/vec4;
    %pushi/vec4 1, 0, 2;
    %cmp/u;
    %jmp/1 T_11.1, 6;
    %dup/vec4;
    %pushi/vec4 2, 0, 2;
    %cmp/u;
    %jmp/1 T_11.2, 6;
    %dup/vec4;
    %pushi/vec4 3, 0, 2;
    %cmp/u;
    %jmp/1 T_11.3, 6;
    %jmp T_11.4;
T_11.0 ;
    %load/vec4 v0x5606be665ee0_0;
    %assign/vec4 v0x5606be666270_0, 0;
    %jmp T_11.4;
T_11.1 ;
    %load/vec4 v0x5606be665fa0_0;
    %assign/vec4 v0x5606be666270_0, 0;
    %jmp T_11.4;
T_11.2 ;
    %load/vec4 v0x5606be666060_0;
    %assign/vec4 v0x5606be666270_0, 0;
    %jmp T_11.4;
T_11.3 ;
    %load/vec4 v0x5606be6661b0_0;
    %assign/vec4 v0x5606be666270_0, 0;
    %jmp T_11.4;
T_11.4 ;
    %pop/vec4 1;
    %jmp T_11;
    .thread T_11, $push;
    .scope S_0x5606be666b30;
T_12 ;
    %wait E_0x5606be657ca0;
    %load/vec4 v0x5606be6679b0_0;
    %dup/vec4;
    %pushi/vec4 0, 0, 2;
    %cmp/u;
    %jmp/1 T_12.0, 6;
    %dup/vec4;
    %pushi/vec4 1, 0, 2;
    %cmp/u;
    %jmp/1 T_12.1, 6;
    %dup/vec4;
    %pushi/vec4 2, 0, 2;
    %cmp/u;
    %jmp/1 T_12.2, 6;
    %dup/vec4;
    %pushi/vec4 3, 0, 2;
    %cmp/u;
    %jmp/1 T_12.3, 6;
    %jmp T_12.4;
T_12.0 ;
    %load/vec4 v0x5606be6673e0_0;
    %assign/vec4 v0x5606be667770_0, 0;
    %jmp T_12.4;
T_12.1 ;
    %load/vec4 v0x5606be6674a0_0;
    %assign/vec4 v0x5606be667770_0, 0;
    %jmp T_12.4;
T_12.2 ;
    %load/vec4 v0x5606be667560_0;
    %assign/vec4 v0x5606be667770_0, 0;
    %jmp T_12.4;
T_12.3 ;
    %load/vec4 v0x5606be6676b0_0;
    %assign/vec4 v0x5606be667770_0, 0;
    %jmp T_12.4;
T_12.4 ;
    %pop/vec4 1;
    %jmp T_12;
    .thread T_12, $push;
    .scope S_0x5606be667fe0;
T_13 ;
    %wait E_0x5606be657da0;
    %load/vec4 v0x5606be668e90_0;
    %dup/vec4;
    %pushi/vec4 0, 0, 2;
    %cmp/u;
    %jmp/1 T_13.0, 6;
    %dup/vec4;
    %pushi/vec4 1, 0, 2;
    %cmp/u;
    %jmp/1 T_13.1, 6;
    %dup/vec4;
    %pushi/vec4 2, 0, 2;
    %cmp/u;
    %jmp/1 T_13.2, 6;
    %dup/vec4;
    %pushi/vec4 3, 0, 2;
    %cmp/u;
    %jmp/1 T_13.3, 6;
    %jmp T_13.4;
T_13.0 ;
    %load/vec4 v0x5606be6688c0_0;
    %assign/vec4 v0x5606be668c50_0, 0;
    %jmp T_13.4;
T_13.1 ;
    %load/vec4 v0x5606be668980_0;
    %assign/vec4 v0x5606be668c50_0, 0;
    %jmp T_13.4;
T_13.2 ;
    %load/vec4 v0x5606be668a40_0;
    %assign/vec4 v0x5606be668c50_0, 0;
    %jmp T_13.4;
T_13.3 ;
    %load/vec4 v0x5606be668b90_0;
    %assign/vec4 v0x5606be668c50_0, 0;
    %jmp T_13.4;
T_13.4 ;
    %pop/vec4 1;
    %jmp T_13;
    .thread T_13, $push;
    .scope S_0x5606be6694b0;
T_14 ;
    %wait E_0x5606be6697e0;
    %load/vec4 v0x5606be66a390_0;
    %dup/vec4;
    %pushi/vec4 0, 0, 2;
    %cmp/u;
    %jmp/1 T_14.0, 6;
    %dup/vec4;
    %pushi/vec4 1, 0, 2;
    %cmp/u;
    %jmp/1 T_14.1, 6;
    %dup/vec4;
    %pushi/vec4 2, 0, 2;
    %cmp/u;
    %jmp/1 T_14.2, 6;
    %dup/vec4;
    %pushi/vec4 3, 0, 2;
    %cmp/u;
    %jmp/1 T_14.3, 6;
    %jmp T_14.4;
T_14.0 ;
    %load/vec4 v0x5606be669dc0_0;
    %assign/vec4 v0x5606be66a150_0, 0;
    %jmp T_14.4;
T_14.1 ;
    %load/vec4 v0x5606be669e80_0;
    %assign/vec4 v0x5606be66a150_0, 0;
    %jmp T_14.4;
T_14.2 ;
    %load/vec4 v0x5606be669f40_0;
    %assign/vec4 v0x5606be66a150_0, 0;
    %jmp T_14.4;
T_14.3 ;
    %load/vec4 v0x5606be66a090_0;
    %assign/vec4 v0x5606be66a150_0, 0;
    %jmp T_14.4;
T_14.4 ;
    %pop/vec4 1;
    %jmp T_14;
    .thread T_14, $push;
    .scope S_0x5606be66a9e0;
T_15 ;
    %wait E_0x5606be66ad10;
    %load/vec4 v0x5606be66b880_0;
    %dup/vec4;
    %pushi/vec4 0, 0, 2;
    %cmp/u;
    %jmp/1 T_15.0, 6;
    %dup/vec4;
    %pushi/vec4 1, 0, 2;
    %cmp/u;
    %jmp/1 T_15.1, 6;
    %dup/vec4;
    %pushi/vec4 2, 0, 2;
    %cmp/u;
    %jmp/1 T_15.2, 6;
    %dup/vec4;
    %pushi/vec4 3, 0, 2;
    %cmp/u;
    %jmp/1 T_15.3, 6;
    %jmp T_15.4;
T_15.0 ;
    %load/vec4 v0x5606be66b2b0_0;
    %assign/vec4 v0x5606be66b640_0, 0;
    %jmp T_15.4;
T_15.1 ;
    %load/vec4 v0x5606be66b370_0;
    %assign/vec4 v0x5606be66b640_0, 0;
    %jmp T_15.4;
T_15.2 ;
    %load/vec4 v0x5606be66b430_0;
    %assign/vec4 v0x5606be66b640_0, 0;
    %jmp T_15.4;
T_15.3 ;
    %load/vec4 v0x5606be66b580_0;
    %assign/vec4 v0x5606be66b640_0, 0;
    %jmp T_15.4;
T_15.4 ;
    %pop/vec4 1;
    %jmp T_15;
    .thread T_15, $push;
    .scope S_0x5606be679400;
T_16 ;
    %wait E_0x5606be679710;
    %load/vec4 v0x5606be67a260_0;
    %dup/vec4;
    %pushi/vec4 0, 0, 2;
    %cmp/u;
    %jmp/1 T_16.0, 6;
    %dup/vec4;
    %pushi/vec4 1, 0, 2;
    %cmp/u;
    %jmp/1 T_16.1, 6;
    %dup/vec4;
    %pushi/vec4 2, 0, 2;
    %cmp/u;
    %jmp/1 T_16.2, 6;
    %dup/vec4;
    %pushi/vec4 3, 0, 2;
    %cmp/u;
    %jmp/1 T_16.3, 6;
    %jmp T_16.4;
T_16.0 ;
    %load/vec4 v0x5606be679cb0_0;
    %assign/vec4 v0x5606be67a040_0, 0;
    %jmp T_16.4;
T_16.1 ;
    %load/vec4 v0x5606be679d70_0;
    %assign/vec4 v0x5606be67a040_0, 0;
    %jmp T_16.4;
T_16.2 ;
    %load/vec4 v0x5606be679e30_0;
    %assign/vec4 v0x5606be67a040_0, 0;
    %jmp T_16.4;
T_16.3 ;
    %load/vec4 v0x5606be679f80_0;
    %assign/vec4 v0x5606be67a040_0, 0;
    %jmp T_16.4;
T_16.4 ;
    %pop/vec4 1;
    %jmp T_16;
    .thread T_16, $push;
    .scope S_0x5606be67a8d0;
T_17 ;
    %wait E_0x5606be67abb0;
    %load/vec4 v0x5606be67b700_0;
    %dup/vec4;
    %pushi/vec4 0, 0, 2;
    %cmp/u;
    %jmp/1 T_17.0, 6;
    %dup/vec4;
    %pushi/vec4 1, 0, 2;
    %cmp/u;
    %jmp/1 T_17.1, 6;
    %dup/vec4;
    %pushi/vec4 2, 0, 2;
    %cmp/u;
    %jmp/1 T_17.2, 6;
    %dup/vec4;
    %pushi/vec4 3, 0, 2;
    %cmp/u;
    %jmp/1 T_17.3, 6;
    %jmp T_17.4;
T_17.0 ;
    %load/vec4 v0x5606be67b150_0;
    %assign/vec4 v0x5606be67b4e0_0, 0;
    %jmp T_17.4;
T_17.1 ;
    %load/vec4 v0x5606be67b210_0;
    %assign/vec4 v0x5606be67b4e0_0, 0;
    %jmp T_17.4;
T_17.2 ;
    %load/vec4 v0x5606be67b2d0_0;
    %assign/vec4 v0x5606be67b4e0_0, 0;
    %jmp T_17.4;
T_17.3 ;
    %load/vec4 v0x5606be67b420_0;
    %assign/vec4 v0x5606be67b4e0_0, 0;
    %jmp T_17.4;
T_17.4 ;
    %pop/vec4 1;
    %jmp T_17;
    .thread T_17, $push;
    .scope S_0x5606be676a10;
T_18 ;
    %wait E_0x5606be676d40;
    %load/vec4 v0x5606be677840_0;
    %dup/vec4;
    %pushi/vec4 0, 0, 2;
    %cmp/u;
    %jmp/1 T_18.0, 6;
    %dup/vec4;
    %pushi/vec4 1, 0, 2;
    %cmp/u;
    %jmp/1 T_18.1, 6;
    %dup/vec4;
    %pushi/vec4 2, 0, 2;
    %cmp/u;
    %jmp/1 T_18.2, 6;
    %dup/vec4;
    %pushi/vec4 3, 0, 2;
    %cmp/u;
    %jmp/1 T_18.3, 6;
    %jmp T_18.4;
T_18.0 ;
    %load/vec4 v0x5606be677300_0;
    %assign/vec4 v0x5606be677600_0, 0;
    %jmp T_18.4;
T_18.1 ;
    %load/vec4 v0x5606be6773c0_0;
    %assign/vec4 v0x5606be677600_0, 0;
    %jmp T_18.4;
T_18.2 ;
    %load/vec4 v0x5606be677480_0;
    %assign/vec4 v0x5606be677600_0, 0;
    %jmp T_18.4;
T_18.3 ;
    %load/vec4 v0x5606be677540_0;
    %assign/vec4 v0x5606be677600_0, 0;
    %jmp T_18.4;
T_18.4 ;
    %pop/vec4 1;
    %jmp T_18;
    .thread T_18, $push;
    .scope S_0x5606be677eb0;
T_19 ;
    %wait E_0x5606be6781e0;
    %load/vec4 v0x5606be678d70_0;
    %dup/vec4;
    %pushi/vec4 0, 0, 2;
    %cmp/u;
    %jmp/1 T_19.0, 6;
    %dup/vec4;
    %pushi/vec4 1, 0, 2;
    %cmp/u;
    %jmp/1 T_19.1, 6;
    %dup/vec4;
    %pushi/vec4 2, 0, 2;
    %cmp/u;
    %jmp/1 T_19.2, 6;
    %dup/vec4;
    %pushi/vec4 3, 0, 2;
    %cmp/u;
    %jmp/1 T_19.3, 6;
    %jmp T_19.4;
T_19.0 ;
    %load/vec4 v0x5606be6787a0_0;
    %assign/vec4 v0x5606be678b30_0, 0;
    %jmp T_19.4;
T_19.1 ;
    %load/vec4 v0x5606be678860_0;
    %assign/vec4 v0x5606be678b30_0, 0;
    %jmp T_19.4;
T_19.2 ;
    %load/vec4 v0x5606be678920_0;
    %assign/vec4 v0x5606be678b30_0, 0;
    %jmp T_19.4;
T_19.3 ;
    %load/vec4 v0x5606be678a70_0;
    %assign/vec4 v0x5606be678b30_0, 0;
    %jmp T_19.4;
T_19.4 ;
    %pop/vec4 1;
    %jmp T_19;
    .thread T_19, $push;
    .scope S_0x5606be67bd80;
T_20 ;
    %wait E_0x5606be67c0b0;
    %load/vec4 v0x5606be67cc70_0;
    %dup/vec4;
    %pushi/vec4 0, 0, 2;
    %cmp/u;
    %jmp/1 T_20.0, 6;
    %dup/vec4;
    %pushi/vec4 1, 0, 2;
    %cmp/u;
    %jmp/1 T_20.1, 6;
    %dup/vec4;
    %pushi/vec4 2, 0, 2;
    %cmp/u;
    %jmp/1 T_20.2, 6;
    %dup/vec4;
    %pushi/vec4 3, 0, 2;
    %cmp/u;
    %jmp/1 T_20.3, 6;
    %jmp T_20.4;
T_20.0 ;
    %load/vec4 v0x5606be67c6a0_0;
    %assign/vec4 v0x5606be67ca30_0, 0;
    %jmp T_20.4;
T_20.1 ;
    %load/vec4 v0x5606be67c760_0;
    %assign/vec4 v0x5606be67ca30_0, 0;
    %jmp T_20.4;
T_20.2 ;
    %load/vec4 v0x5606be67c820_0;
    %assign/vec4 v0x5606be67ca30_0, 0;
    %jmp T_20.4;
T_20.3 ;
    %load/vec4 v0x5606be67c970_0;
    %assign/vec4 v0x5606be67ca30_0, 0;
    %jmp T_20.4;
T_20.4 ;
    %pop/vec4 1;
    %jmp T_20;
    .thread T_20, $push;
    .scope S_0x5606be645640;
T_21 ;
    %vpi_call 2 10 "$dumpfile", "mult.vcd" {0 0 0};
    %vpi_call 2 11 "$dumpvars", 32'sb00000000000000000000000000000000, S_0x5606be645640 {0 0 0};
    %delay 10, 0;
    %pushi/vec4 31, 0, 5;
    %store/vec4 v0x5606be6805c0_0, 0, 5;
    %pushi/vec4 21, 0, 5;
    %store/vec4 v0x5606be680680_0, 0, 5;
    %delay 10, 0;
    %pushi/vec4 26, 0, 5;
    %store/vec4 v0x5606be6805c0_0, 0, 5;
    %pushi/vec4 8, 0, 5;
    %store/vec4 v0x5606be680680_0, 0, 5;
    %delay 10, 0;
    %pushi/vec4 6, 0, 5;
    %store/vec4 v0x5606be6805c0_0, 0, 5;
    %pushi/vec4 12, 0, 5;
    %store/vec4 v0x5606be680680_0, 0, 5;
    %delay 10, 0;
    %pushi/vec4 15, 0, 5;
    %store/vec4 v0x5606be6805c0_0, 0, 5;
    %pushi/vec4 15, 0, 5;
    %store/vec4 v0x5606be680680_0, 0, 5;
    %delay 10, 0;
    %pushi/vec4 8, 0, 5;
    %store/vec4 v0x5606be6805c0_0, 0, 5;
    %pushi/vec4 18, 0, 5;
    %store/vec4 v0x5606be680680_0, 0, 5;
    %delay 10, 0;
    %pushi/vec4 30, 0, 5;
    %store/vec4 v0x5606be6805c0_0, 0, 5;
    %pushi/vec4 8, 0, 5;
    %store/vec4 v0x5606be680680_0, 0, 5;
    %delay 10, 0;
    %pushi/vec4 8, 0, 5;
    %store/vec4 v0x5606be6805c0_0, 0, 5;
    %pushi/vec4 18, 0, 5;
    %store/vec4 v0x5606be680680_0, 0, 5;
    %delay 20, 0;
    %end;
    .thread T_21;
# The file index is used to find the file name in the following table.
:file_names 9;
    "N/A";
    "<interactive>";
    "mult_tb.v";
    "./mult.v";
    "./and.v";
    "./c2.v";
    "./xor.v";
    "./not.v";
    "./or.v";
