#! /usr/bin/vvp
:ivl_version "11.0 (stable)";
:ivl_delay_selection "TYPICAL";
:vpi_time_precision + 0;
:vpi_module "/usr/lib/x86_64-linux-gnu/ivl/system.vpi";
:vpi_module "/usr/lib/x86_64-linux-gnu/ivl/vhdl_sys.vpi";
:vpi_module "/usr/lib/x86_64-linux-gnu/ivl/vhdl_textio.vpi";
:vpi_module "/usr/lib/x86_64-linux-gnu/ivl/v2005_math.vpi";
:vpi_module "/usr/lib/x86_64-linux-gnu/ivl/va_math.vpi";
S_0x55da59a01390 .scope module, "mult" "mult" 2 3;
 .timescale 0 0;
    .port_info 0 /INPUT 5 "a";
    .port_info 1 /INPUT 5 "b";
    .port_info 2 /OUTPUT 10 "out";
v0x55da59a384f0_0 .net *"_ivl_13", 3 0, L_0x55da59a3ba90;  1 drivers
L_0x7ff71eb37b18 .functor BUFT 1, C4<00000>, C4<0>, C4<0>, C4<0>;
v0x55da59a385d0_0 .net/2u *"_ivl_14", 4 0, L_0x7ff71eb37b18;  1 drivers
L_0x7ff71eb37b60 .functor BUFT 1, C4<0000>, C4<0>, C4<0>, C4<0>;
v0x55da59a386b0_0 .net/2u *"_ivl_18", 3 0, L_0x7ff71eb37b60;  1 drivers
L_0x7ff71eb37ba8 .functor BUFT 1, C4<0>, C4<0>, C4<0>, C4<0>;
v0x55da59a38770_0 .net/2u *"_ivl_20", 0 0, L_0x7ff71eb37ba8;  1 drivers
L_0x7ff71eb37bf0 .functor BUFT 1, C4<000>, C4<0>, C4<0>, C4<0>;
v0x55da59a38850_0 .net/2u *"_ivl_24", 2 0, L_0x7ff71eb37bf0;  1 drivers
L_0x7ff71eb37c38 .functor BUFT 1, C4<00>, C4<0>, C4<0>, C4<0>;
v0x55da59a38930_0 .net/2u *"_ivl_26", 1 0, L_0x7ff71eb37c38;  1 drivers
L_0x7ff71eb37c80 .functor BUFT 1, C4<00>, C4<0>, C4<0>, C4<0>;
v0x55da59a38a10_0 .net/2u *"_ivl_30", 1 0, L_0x7ff71eb37c80;  1 drivers
L_0x7ff71eb37cc8 .functor BUFT 1, C4<000>, C4<0>, C4<0>, C4<0>;
v0x55da59a38af0_0 .net/2u *"_ivl_32", 2 0, L_0x7ff71eb37cc8;  1 drivers
v0x55da59a38bd0_0 .net *"_ivl_38", 8 0, L_0x55da59a41ad0;  1 drivers
v0x55da59a38d40_0 .net *"_ivl_40", 8 0, L_0x55da59a41c10;  1 drivers
v0x55da59a38e20_0 .net *"_ivl_42", 8 0, L_0x55da59a41de0;  1 drivers
v0x55da59a38f00_0 .net *"_ivl_6", 3 0, L_0x55da59a3b6e0;  1 drivers
o0x7ff71eb852e8 .functor BUFZ 5, C4<zzzzz>; HiZ drive
v0x55da59a38fe0_0 .net "a", 4 0, o0x7ff71eb852e8;  0 drivers
v0x55da59a390c0_0 .net "a1", 0 0, L_0x55da59a3b410;  1 drivers
v0x55da59a39270_0 .net "a2", 0 0, L_0x55da59a3b4b0;  1 drivers
v0x55da59a39420_0 .net "a3", 0 0, L_0x55da59a3b5a0;  1 drivers
v0x55da59a395d0_0 .net "a4", 0 0, L_0x55da59a3b640;  1 drivers
o0x7ff71eb85318 .functor BUFZ 5, C4<zzzzz>; HiZ drive
v0x55da59a39890_0 .net "b", 4 0, o0x7ff71eb85318;  0 drivers
v0x55da59a39970_0 .net "b1", 0 0, L_0x55da59a3b780;  1 drivers
v0x55da59a39b20_0 .net "b2", 0 0, L_0x55da59a3b860;  1 drivers
v0x55da59a39cd0_0 .net "b3", 0 0, L_0x55da59a3b900;  1 drivers
v0x55da59a39e80_0 .net "b4", 0 0, L_0x55da59a3b9f0;  1 drivers
v0x55da59a3a030_0 .net "c1", 0 0, v0x55da59a2a240_0;  1 drivers
v0x55da59a3a0d0_0 .net "c2", 0 0, v0x55da59a2b7b0_0;  1 drivers
v0x55da59a3a170_0 .net "c3", 0 0, v0x55da59a2cc90_0;  1 drivers
v0x55da59a3a210_0 .net "c4", 0 0, v0x55da59a2e160_0;  1 drivers
v0x55da59a3a2b0_0 .net "d1", 0 0, v0x55da59a1d010_0;  1 drivers
v0x55da59a3a350_0 .net "d2", 0 0, v0x55da59a1e4c0_0;  1 drivers
v0x55da59a3a440_0 .net "d3", 0 0, v0x55da59a27850_0;  1 drivers
v0x55da59a3a530_0 .net "d4", 0 0, v0x55da59a28d10_0;  1 drivers
v0x55da59a3a620_0 .net "e1", 0 0, v0x55da59a2f670_0;  1 drivers
v0x55da59a3a710_0 .net "e2", 0 0, v0x55da59a30b40_0;  1 drivers
v0x55da59a3a800_0 .net "e3", 0 0, v0x55da59a1f980_0;  1 drivers
v0x55da59a3ab00_0 .net "e4", 0 0, v0x55da59a20ea0_0;  1 drivers
v0x55da59a3abf0_0 .net "f1", 0 0, v0x55da59a223a0_0;  1 drivers
v0x55da59a3ace0_0 .net "f2", 0 0, v0x55da59a23880_0;  1 drivers
v0x55da59a3add0_0 .net "f3", 0 0, v0x55da59a24d80_0;  1 drivers
v0x55da59a3aec0_0 .net "f4", 0 0, v0x55da59a26270_0;  1 drivers
v0x55da59a3afb0_0 .net "out", 9 0, L_0x55da59a44450;  1 drivers
v0x55da59a3b050_0 .net "row1", 8 0, L_0x55da59a413b0;  1 drivers
v0x55da59a3b0f0_0 .net "row2", 8 0, L_0x55da59a414d0;  1 drivers
v0x55da59a3b1d0_0 .net "row3", 8 0, L_0x55da59a416f0;  1 drivers
v0x55da59a3b2b0_0 .net "row4", 8 0, L_0x55da59a418a0;  1 drivers
L_0x55da59a3b410 .part L_0x55da59a3b6e0, 3, 1;
L_0x55da59a3b4b0 .part L_0x55da59a3b6e0, 2, 1;
L_0x55da59a3b5a0 .part L_0x55da59a3b6e0, 1, 1;
L_0x55da59a3b640 .part L_0x55da59a3b6e0, 0, 1;
L_0x55da59a3b6e0 .part o0x7ff71eb852e8, 0, 4;
L_0x55da59a3b780 .part L_0x55da59a3ba90, 3, 1;
L_0x55da59a3b860 .part L_0x55da59a3ba90, 2, 1;
L_0x55da59a3b900 .part L_0x55da59a3ba90, 1, 1;
L_0x55da59a3b9f0 .part L_0x55da59a3ba90, 0, 1;
L_0x55da59a3ba90 .part o0x7ff71eb85318, 0, 4;
LS_0x55da59a413b0_0_0 .concat [ 1 1 1 1], v0x55da59a28d10_0, v0x55da59a27850_0, v0x55da59a1e4c0_0, v0x55da59a1d010_0;
LS_0x55da59a413b0_0_4 .concat [ 5 0 0 0], L_0x7ff71eb37b18;
L_0x55da59a413b0 .concat [ 4 5 0 0], LS_0x55da59a413b0_0_0, LS_0x55da59a413b0_0_4;
LS_0x55da59a414d0_0_0 .concat [ 1 1 1 1], L_0x7ff71eb37ba8, v0x55da59a2e160_0, v0x55da59a2cc90_0, v0x55da59a2b7b0_0;
LS_0x55da59a414d0_0_4 .concat [ 1 4 0 0], v0x55da59a2a240_0, L_0x7ff71eb37b60;
L_0x55da59a414d0 .concat [ 4 5 0 0], LS_0x55da59a414d0_0_0, LS_0x55da59a414d0_0_4;
LS_0x55da59a416f0_0_0 .concat [ 2 1 1 1], L_0x7ff71eb37c38, v0x55da59a20ea0_0, v0x55da59a1f980_0, v0x55da59a30b40_0;
LS_0x55da59a416f0_0_4 .concat [ 1 3 0 0], v0x55da59a2f670_0, L_0x7ff71eb37bf0;
L_0x55da59a416f0 .concat [ 5 4 0 0], LS_0x55da59a416f0_0_0, LS_0x55da59a416f0_0_4;
LS_0x55da59a418a0_0_0 .concat [ 3 1 1 1], L_0x7ff71eb37cc8, v0x55da59a26270_0, v0x55da59a24d80_0, v0x55da59a23880_0;
LS_0x55da59a418a0_0_4 .concat [ 1 2 0 0], v0x55da59a223a0_0, L_0x7ff71eb37c80;
L_0x55da59a418a0 .concat [ 6 3 0 0], LS_0x55da59a418a0_0_0, LS_0x55da59a418a0_0_4;
L_0x55da59a41ad0 .arith/sum 9, L_0x55da59a413b0, L_0x55da59a414d0;
L_0x55da59a41c10 .arith/sum 9, L_0x55da59a41ad0, L_0x55da59a416f0;
L_0x55da59a41de0 .arith/sum 9, L_0x55da59a41c10, L_0x55da59a418a0;
L_0x55da59a44220 .part o0x7ff71eb852e8, 4, 1;
L_0x55da59a443b0 .part o0x7ff71eb85318, 4, 1;
L_0x55da59a44450 .concat8 [ 9 1 0 0], L_0x55da59a41de0, v0x55da59a37770_0;
S_0x55da59a006b0 .scope module, "and0" "fpga_and" 2 11, 3 3 0, S_0x55da59a01390;
 .timescale 0 0;
    .port_info 0 /INPUT 1 "A0";
    .port_info 1 /INPUT 1 "B0";
    .port_info 2 /OUTPUT 1 "out";
v0x55da59a1d450_0 .net "A0", 0 0, L_0x55da59a3b410;  alias, 1 drivers
v0x55da59a1d510_0 .net "B0", 0 0, L_0x55da59a3b9f0;  alias, 1 drivers
v0x55da59a1d5b0_0 .net "out", 0 0, v0x55da59a1d010_0;  alias, 1 drivers
S_0x55da599ff9d0 .scope module, "c2_instance" "c2" 3 5, 4 1 0, S_0x55da59a006b0;
 .timescale 0 0;
    .port_info 0 /INPUT 1 "d0";
    .port_info 1 /INPUT 1 "d1";
    .port_info 2 /INPUT 1 "d2";
    .port_info 3 /INPUT 1 "d3";
    .port_info 4 /INPUT 1 "A0";
    .port_info 5 /INPUT 1 "A1";
    .port_info 6 /INPUT 1 "B0";
    .port_info 7 /INPUT 1 "B1";
    .port_info 8 /OUTPUT 1 "out";
L_0x7ff71eb36138 .functor BUFT 1, C4<1>, C4<0>, C4<0>, C4<0>;
L_0x7ff71eb36180 .functor BUFT 1, C4<0>, C4<0>, C4<0>, C4<0>;
L_0x55da59a3bb90 .functor OR 1, L_0x7ff71eb36138, L_0x7ff71eb36180, C4<0>, C4<0>;
L_0x55da59a3bc00 .functor AND 1, L_0x55da59a3b410, L_0x55da59a3b9f0, C4<1>, C4<1>;
L_0x55da59a3bc70 .functor BUFZ 1, L_0x55da59a3bc00, C4<0>, C4<0>, C4<0>;
L_0x55da59a3bd80 .functor BUFZ 1, L_0x55da59a3bb90, C4<0>, C4<0>, C4<0>;
v0x55da599a60f0_0 .net "A0", 0 0, L_0x55da59a3b410;  alias, 1 drivers
v0x55da599a5df0_0 .net "A1", 0 0, L_0x7ff71eb36138;  1 drivers
v0x55da59a12640_0 .net "B0", 0 0, L_0x55da59a3b9f0;  alias, 1 drivers
v0x55da59a01b10_0 .net "B1", 0 0, L_0x7ff71eb36180;  1 drivers
v0x55da59a1cb00_0 .net *"_ivl_12", 0 0, L_0x55da59a3bd80;  1 drivers
v0x55da59a1cc30_0 .net *"_ivl_7", 0 0, L_0x55da59a3bc70;  1 drivers
L_0x7ff71eb36018 .functor BUFT 1, C4<0>, C4<0>, C4<0>, C4<0>;
v0x55da59a1cd10_0 .net "d0", 0 0, L_0x7ff71eb36018;  1 drivers
L_0x7ff71eb36060 .functor BUFT 1, C4<0>, C4<0>, C4<0>, C4<0>;
v0x55da59a1cdd0_0 .net "d1", 0 0, L_0x7ff71eb36060;  1 drivers
L_0x7ff71eb360a8 .functor BUFT 1, C4<1>, C4<0>, C4<0>, C4<0>;
v0x55da59a1ce90_0 .net "d2", 0 0, L_0x7ff71eb360a8;  1 drivers
L_0x7ff71eb360f0 .functor BUFT 1, C4<1>, C4<0>, C4<0>, C4<0>;
v0x55da59a1cf50_0 .net "d3", 0 0, L_0x7ff71eb360f0;  1 drivers
v0x55da59a1d010_0 .var "out", 0 0;
v0x55da59a1d0d0_0 .net "s0", 0 0, L_0x55da59a3bc00;  1 drivers
v0x55da59a1d190_0 .net "s1", 0 0, L_0x55da59a3bb90;  1 drivers
v0x55da59a1d250_0 .net "sel", 1 0, L_0x55da59a3bce0;  1 drivers
E_0x55da5999b6e0 .event edge, v0x55da59a1d250_0;
L_0x55da59a3bce0 .concat8 [ 1 1 0 0], L_0x55da59a3bd80, L_0x55da59a3bc70;
S_0x55da59a1d650 .scope module, "and1" "fpga_and" 2 12, 3 3 0, S_0x55da59a01390;
 .timescale 0 0;
    .port_info 0 /INPUT 1 "A0";
    .port_info 1 /INPUT 1 "B0";
    .port_info 2 /OUTPUT 1 "out";
v0x55da59a1e900_0 .net "A0", 0 0, L_0x55da59a3b4b0;  alias, 1 drivers
v0x55da59a1e9c0_0 .net "B0", 0 0, L_0x55da59a3b9f0;  alias, 1 drivers
v0x55da59a1ea60_0 .net "out", 0 0, v0x55da59a1e4c0_0;  alias, 1 drivers
S_0x55da59a1d880 .scope module, "c2_instance" "c2" 3 5, 4 1 0, S_0x55da59a1d650;
 .timescale 0 0;
    .port_info 0 /INPUT 1 "d0";
    .port_info 1 /INPUT 1 "d1";
    .port_info 2 /INPUT 1 "d2";
    .port_info 3 /INPUT 1 "d3";
    .port_info 4 /INPUT 1 "A0";
    .port_info 5 /INPUT 1 "A1";
    .port_info 6 /INPUT 1 "B0";
    .port_info 7 /INPUT 1 "B1";
    .port_info 8 /OUTPUT 1 "out";
L_0x7ff71eb362e8 .functor BUFT 1, C4<1>, C4<0>, C4<0>, C4<0>;
L_0x7ff71eb36330 .functor BUFT 1, C4<0>, C4<0>, C4<0>, C4<0>;
L_0x55da59a3bf80 .functor OR 1, L_0x7ff71eb362e8, L_0x7ff71eb36330, C4<0>, C4<0>;
L_0x55da59a3bff0 .functor AND 1, L_0x55da59a3b4b0, L_0x55da59a3b9f0, C4<1>, C4<1>;
L_0x55da59a3c060 .functor BUFZ 1, L_0x55da59a3bff0, C4<0>, C4<0>, C4<0>;
L_0x55da59a3c210 .functor BUFZ 1, L_0x55da59a3bf80, C4<0>, C4<0>, C4<0>;
v0x55da59a1dbf0_0 .net "A0", 0 0, L_0x55da59a3b4b0;  alias, 1 drivers
v0x55da59a1dcd0_0 .net "A1", 0 0, L_0x7ff71eb362e8;  1 drivers
v0x55da59a1dd90_0 .net "B0", 0 0, L_0x55da59a3b9f0;  alias, 1 drivers
v0x55da59a1de80_0 .net "B1", 0 0, L_0x7ff71eb36330;  1 drivers
v0x55da59a1df20_0 .net *"_ivl_12", 0 0, L_0x55da59a3c210;  1 drivers
v0x55da59a1e050_0 .net *"_ivl_7", 0 0, L_0x55da59a3c060;  1 drivers
L_0x7ff71eb361c8 .functor BUFT 1, C4<0>, C4<0>, C4<0>, C4<0>;
v0x55da59a1e130_0 .net "d0", 0 0, L_0x7ff71eb361c8;  1 drivers
L_0x7ff71eb36210 .functor BUFT 1, C4<0>, C4<0>, C4<0>, C4<0>;
v0x55da59a1e1f0_0 .net "d1", 0 0, L_0x7ff71eb36210;  1 drivers
L_0x7ff71eb36258 .functor BUFT 1, C4<1>, C4<0>, C4<0>, C4<0>;
v0x55da59a1e2b0_0 .net "d2", 0 0, L_0x7ff71eb36258;  1 drivers
L_0x7ff71eb362a0 .functor BUFT 1, C4<1>, C4<0>, C4<0>, C4<0>;
v0x55da59a1e400_0 .net "d3", 0 0, L_0x7ff71eb362a0;  1 drivers
v0x55da59a1e4c0_0 .var "out", 0 0;
v0x55da59a1e580_0 .net "s0", 0 0, L_0x55da59a3bff0;  1 drivers
v0x55da59a1e640_0 .net "s1", 0 0, L_0x55da59a3bf80;  1 drivers
v0x55da59a1e700_0 .net "sel", 1 0, L_0x55da59a3c120;  1 drivers
E_0x55da5999b9c0 .event edge, v0x55da59a1e700_0;
L_0x55da59a3c120 .concat8 [ 1 1 0 0], L_0x55da59a3c210, L_0x55da59a3c060;
S_0x55da59a1eb50 .scope module, "and10" "fpga_and" 2 23, 3 3 0, S_0x55da59a01390;
 .timescale 0 0;
    .port_info 0 /INPUT 1 "A0";
    .port_info 1 /INPUT 1 "B0";
    .port_info 2 /OUTPUT 1 "out";
v0x55da59a1fdc0_0 .net "A0", 0 0, L_0x55da59a3b5a0;  alias, 1 drivers
v0x55da59a1fe80_0 .net "B0", 0 0, L_0x55da59a3b860;  alias, 1 drivers
v0x55da59a1ff50_0 .net "out", 0 0, v0x55da59a1f980_0;  alias, 1 drivers
S_0x55da59a1ed60 .scope module, "c2_instance" "c2" 3 5, 4 1 0, S_0x55da59a1eb50;
 .timescale 0 0;
    .port_info 0 /INPUT 1 "d0";
    .port_info 1 /INPUT 1 "d1";
    .port_info 2 /INPUT 1 "d2";
    .port_info 3 /INPUT 1 "d3";
    .port_info 4 /INPUT 1 "A0";
    .port_info 5 /INPUT 1 "A1";
    .port_info 6 /INPUT 1 "B0";
    .port_info 7 /INPUT 1 "B1";
    .port_info 8 /OUTPUT 1 "out";
L_0x7ff71eb37218 .functor BUFT 1, C4<1>, C4<0>, C4<0>, C4<0>;
L_0x7ff71eb37260 .functor BUFT 1, C4<0>, C4<0>, C4<0>, C4<0>;
L_0x55da59a3ef60 .functor OR 1, L_0x7ff71eb37218, L_0x7ff71eb37260, C4<0>, C4<0>;
L_0x55da59a3f000 .functor AND 1, L_0x55da59a3b5a0, L_0x55da59a3b860, C4<1>, C4<1>;
L_0x55da59a3f0a0 .functor BUFZ 1, L_0x55da59a3f000, C4<0>, C4<0>, C4<0>;
L_0x55da59a3f2b0 .functor BUFZ 1, L_0x55da59a3ef60, C4<0>, C4<0>, C4<0>;
v0x55da59a1f0b0_0 .net "A0", 0 0, L_0x55da59a3b5a0;  alias, 1 drivers
v0x55da59a1f190_0 .net "A1", 0 0, L_0x7ff71eb37218;  1 drivers
v0x55da59a1f250_0 .net "B0", 0 0, L_0x55da59a3b860;  alias, 1 drivers
v0x55da59a1f320_0 .net "B1", 0 0, L_0x7ff71eb37260;  1 drivers
v0x55da59a1f3e0_0 .net *"_ivl_12", 0 0, L_0x55da59a3f2b0;  1 drivers
v0x55da59a1f510_0 .net *"_ivl_7", 0 0, L_0x55da59a3f0a0;  1 drivers
L_0x7ff71eb370f8 .functor BUFT 1, C4<0>, C4<0>, C4<0>, C4<0>;
v0x55da59a1f5f0_0 .net "d0", 0 0, L_0x7ff71eb370f8;  1 drivers
L_0x7ff71eb37140 .functor BUFT 1, C4<0>, C4<0>, C4<0>, C4<0>;
v0x55da59a1f6b0_0 .net "d1", 0 0, L_0x7ff71eb37140;  1 drivers
L_0x7ff71eb37188 .functor BUFT 1, C4<1>, C4<0>, C4<0>, C4<0>;
v0x55da59a1f770_0 .net "d2", 0 0, L_0x7ff71eb37188;  1 drivers
L_0x7ff71eb371d0 .functor BUFT 1, C4<1>, C4<0>, C4<0>, C4<0>;
v0x55da59a1f8c0_0 .net "d3", 0 0, L_0x7ff71eb371d0;  1 drivers
v0x55da59a1f980_0 .var "out", 0 0;
v0x55da59a1fa40_0 .net "s0", 0 0, L_0x55da59a3f000;  1 drivers
v0x55da59a1fb00_0 .net "s1", 0 0, L_0x55da59a3ef60;  1 drivers
v0x55da59a1fbc0_0 .net "sel", 1 0, L_0x55da59a3f190;  1 drivers
E_0x55da5999b840 .event edge, v0x55da59a1fbc0_0;
L_0x55da59a3f190 .concat8 [ 1 1 0 0], L_0x55da59a3f2b0, L_0x55da59a3f0a0;
S_0x55da59a20050 .scope module, "and11" "fpga_and" 2 24, 3 3 0, S_0x55da59a01390;
 .timescale 0 0;
    .port_info 0 /INPUT 1 "A0";
    .port_info 1 /INPUT 1 "B0";
    .port_info 2 /OUTPUT 1 "out";
v0x55da59a212e0_0 .net "A0", 0 0, L_0x55da59a3b640;  alias, 1 drivers
v0x55da59a213a0_0 .net "B0", 0 0, L_0x55da59a3b860;  alias, 1 drivers
v0x55da59a21440_0 .net "out", 0 0, v0x55da59a20ea0_0;  alias, 1 drivers
S_0x55da59a20230 .scope module, "c2_instance" "c2" 3 5, 4 1 0, S_0x55da59a20050;
 .timescale 0 0;
    .port_info 0 /INPUT 1 "d0";
    .port_info 1 /INPUT 1 "d1";
    .port_info 2 /INPUT 1 "d2";
    .port_info 3 /INPUT 1 "d3";
    .port_info 4 /INPUT 1 "A0";
    .port_info 5 /INPUT 1 "A1";
    .port_info 6 /INPUT 1 "B0";
    .port_info 7 /INPUT 1 "B1";
    .port_info 8 /OUTPUT 1 "out";
L_0x7ff71eb373c8 .functor BUFT 1, C4<1>, C4<0>, C4<0>, C4<0>;
L_0x7ff71eb37410 .functor BUFT 1, C4<0>, C4<0>, C4<0>, C4<0>;
L_0x55da59a3f8d0 .functor OR 1, L_0x7ff71eb373c8, L_0x7ff71eb37410, C4<0>, C4<0>;
L_0x55da59a3f970 .functor AND 1, L_0x55da59a3b640, L_0x55da59a3b860, C4<1>, C4<1>;
L_0x55da59a3fa10 .functor BUFZ 1, L_0x55da59a3f970, C4<0>, C4<0>, C4<0>;
L_0x55da59a3fc20 .functor BUFZ 1, L_0x55da59a3f8d0, C4<0>, C4<0>, C4<0>;
v0x55da59a205a0_0 .net "A0", 0 0, L_0x55da59a3b640;  alias, 1 drivers
v0x55da59a20680_0 .net "A1", 0 0, L_0x7ff71eb373c8;  1 drivers
v0x55da59a20740_0 .net "B0", 0 0, L_0x55da59a3b860;  alias, 1 drivers
v0x55da59a20860_0 .net "B1", 0 0, L_0x7ff71eb37410;  1 drivers
v0x55da59a20900_0 .net *"_ivl_12", 0 0, L_0x55da59a3fc20;  1 drivers
v0x55da59a20a30_0 .net *"_ivl_7", 0 0, L_0x55da59a3fa10;  1 drivers
L_0x7ff71eb372a8 .functor BUFT 1, C4<0>, C4<0>, C4<0>, C4<0>;
v0x55da59a20b10_0 .net "d0", 0 0, L_0x7ff71eb372a8;  1 drivers
L_0x7ff71eb372f0 .functor BUFT 1, C4<0>, C4<0>, C4<0>, C4<0>;
v0x55da59a20bd0_0 .net "d1", 0 0, L_0x7ff71eb372f0;  1 drivers
L_0x7ff71eb37338 .functor BUFT 1, C4<1>, C4<0>, C4<0>, C4<0>;
v0x55da59a20c90_0 .net "d2", 0 0, L_0x7ff71eb37338;  1 drivers
L_0x7ff71eb37380 .functor BUFT 1, C4<1>, C4<0>, C4<0>, C4<0>;
v0x55da59a20de0_0 .net "d3", 0 0, L_0x7ff71eb37380;  1 drivers
v0x55da59a20ea0_0 .var "out", 0 0;
v0x55da59a20f60_0 .net "s0", 0 0, L_0x55da59a3f970;  1 drivers
v0x55da59a21020_0 .net "s1", 0 0, L_0x55da59a3f8d0;  1 drivers
v0x55da59a210e0_0 .net "sel", 1 0, L_0x55da59a3fb00;  1 drivers
E_0x55da5999bd10 .event edge, v0x55da59a210e0_0;
L_0x55da59a3fb00 .concat8 [ 1 1 0 0], L_0x55da59a3fc20, L_0x55da59a3fa10;
S_0x55da59a21530 .scope module, "and12" "fpga_and" 2 26, 3 3 0, S_0x55da59a01390;
 .timescale 0 0;
    .port_info 0 /INPUT 1 "A0";
    .port_info 1 /INPUT 1 "B0";
    .port_info 2 /OUTPUT 1 "out";
v0x55da59a227e0_0 .net "A0", 0 0, L_0x55da59a3b410;  alias, 1 drivers
v0x55da59a228a0_0 .net "B0", 0 0, L_0x55da59a3b780;  alias, 1 drivers
v0x55da59a22960_0 .net "out", 0 0, v0x55da59a223a0_0;  alias, 1 drivers
S_0x55da59a21760 .scope module, "c2_instance" "c2" 3 5, 4 1 0, S_0x55da59a21530;
 .timescale 0 0;
    .port_info 0 /INPUT 1 "d0";
    .port_info 1 /INPUT 1 "d1";
    .port_info 2 /INPUT 1 "d2";
    .port_info 3 /INPUT 1 "d3";
    .port_info 4 /INPUT 1 "A0";
    .port_info 5 /INPUT 1 "A1";
    .port_info 6 /INPUT 1 "B0";
    .port_info 7 /INPUT 1 "B1";
    .port_info 8 /OUTPUT 1 "out";
L_0x7ff71eb37578 .functor BUFT 1, C4<1>, C4<0>, C4<0>, C4<0>;
L_0x7ff71eb375c0 .functor BUFT 1, C4<0>, C4<0>, C4<0>, C4<0>;
L_0x55da59a3fe30 .functor OR 1, L_0x7ff71eb37578, L_0x7ff71eb375c0, C4<0>, C4<0>;
L_0x55da59a3fed0 .functor AND 1, L_0x55da59a3b410, L_0x55da59a3b780, C4<1>, C4<1>;
L_0x55da59a3ff70 .functor BUFZ 1, L_0x55da59a3fed0, C4<0>, C4<0>, C4<0>;
L_0x55da59a40180 .functor BUFZ 1, L_0x55da59a3fe30, C4<0>, C4<0>, C4<0>;
v0x55da59a21ad0_0 .net "A0", 0 0, L_0x55da59a3b410;  alias, 1 drivers
v0x55da59a21be0_0 .net "A1", 0 0, L_0x7ff71eb37578;  1 drivers
v0x55da59a21ca0_0 .net "B0", 0 0, L_0x55da59a3b780;  alias, 1 drivers
v0x55da59a21d40_0 .net "B1", 0 0, L_0x7ff71eb375c0;  1 drivers
v0x55da59a21e00_0 .net *"_ivl_12", 0 0, L_0x55da59a40180;  1 drivers
v0x55da59a21f30_0 .net *"_ivl_7", 0 0, L_0x55da59a3ff70;  1 drivers
L_0x7ff71eb37458 .functor BUFT 1, C4<0>, C4<0>, C4<0>, C4<0>;
v0x55da59a22010_0 .net "d0", 0 0, L_0x7ff71eb37458;  1 drivers
L_0x7ff71eb374a0 .functor BUFT 1, C4<0>, C4<0>, C4<0>, C4<0>;
v0x55da59a220d0_0 .net "d1", 0 0, L_0x7ff71eb374a0;  1 drivers
L_0x7ff71eb374e8 .functor BUFT 1, C4<1>, C4<0>, C4<0>, C4<0>;
v0x55da59a22190_0 .net "d2", 0 0, L_0x7ff71eb374e8;  1 drivers
L_0x7ff71eb37530 .functor BUFT 1, C4<1>, C4<0>, C4<0>, C4<0>;
v0x55da59a222e0_0 .net "d3", 0 0, L_0x7ff71eb37530;  1 drivers
v0x55da59a223a0_0 .var "out", 0 0;
v0x55da59a22460_0 .net "s0", 0 0, L_0x55da59a3fed0;  1 drivers
v0x55da59a22520_0 .net "s1", 0 0, L_0x55da59a3fe30;  1 drivers
v0x55da59a225e0_0 .net "sel", 1 0, L_0x55da59a40060;  1 drivers
E_0x55da599859b0 .event edge, v0x55da59a225e0_0;
L_0x55da59a40060 .concat8 [ 1 1 0 0], L_0x55da59a40180, L_0x55da59a3ff70;
S_0x55da59a22a30 .scope module, "and13" "fpga_and" 2 27, 3 3 0, S_0x55da59a01390;
 .timescale 0 0;
    .port_info 0 /INPUT 1 "A0";
    .port_info 1 /INPUT 1 "B0";
    .port_info 2 /OUTPUT 1 "out";
v0x55da59a23cc0_0 .net "A0", 0 0, L_0x55da59a3b4b0;  alias, 1 drivers
v0x55da59a23d80_0 .net "B0", 0 0, L_0x55da59a3b780;  alias, 1 drivers
v0x55da59a23e40_0 .net "out", 0 0, v0x55da59a23880_0;  alias, 1 drivers
S_0x55da59a22c10 .scope module, "c2_instance" "c2" 3 5, 4 1 0, S_0x55da59a22a30;
 .timescale 0 0;
    .port_info 0 /INPUT 1 "d0";
    .port_info 1 /INPUT 1 "d1";
    .port_info 2 /INPUT 1 "d2";
    .port_info 3 /INPUT 1 "d3";
    .port_info 4 /INPUT 1 "A0";
    .port_info 5 /INPUT 1 "A1";
    .port_info 6 /INPUT 1 "B0";
    .port_info 7 /INPUT 1 "B1";
    .port_info 8 /OUTPUT 1 "out";
L_0x7ff71eb37728 .functor BUFT 1, C4<1>, C4<0>, C4<0>, C4<0>;
L_0x7ff71eb37770 .functor BUFT 1, C4<0>, C4<0>, C4<0>, C4<0>;
L_0x55da59a40390 .functor OR 1, L_0x7ff71eb37728, L_0x7ff71eb37770, C4<0>, C4<0>;
L_0x55da59a40430 .functor AND 1, L_0x55da59a3b4b0, L_0x55da59a3b780, C4<1>, C4<1>;
L_0x55da59a404d0 .functor BUFZ 1, L_0x55da59a40430, C4<0>, C4<0>, C4<0>;
L_0x55da59a406e0 .functor BUFZ 1, L_0x55da59a40390, C4<0>, C4<0>, C4<0>;
v0x55da59a22f80_0 .net "A0", 0 0, L_0x55da59a3b4b0;  alias, 1 drivers
v0x55da59a23090_0 .net "A1", 0 0, L_0x7ff71eb37728;  1 drivers
v0x55da59a23150_0 .net "B0", 0 0, L_0x55da59a3b780;  alias, 1 drivers
v0x55da59a23240_0 .net "B1", 0 0, L_0x7ff71eb37770;  1 drivers
v0x55da59a232e0_0 .net *"_ivl_12", 0 0, L_0x55da59a406e0;  1 drivers
v0x55da59a23410_0 .net *"_ivl_7", 0 0, L_0x55da59a404d0;  1 drivers
L_0x7ff71eb37608 .functor BUFT 1, C4<0>, C4<0>, C4<0>, C4<0>;
v0x55da59a234f0_0 .net "d0", 0 0, L_0x7ff71eb37608;  1 drivers
L_0x7ff71eb37650 .functor BUFT 1, C4<0>, C4<0>, C4<0>, C4<0>;
v0x55da59a235b0_0 .net "d1", 0 0, L_0x7ff71eb37650;  1 drivers
L_0x7ff71eb37698 .functor BUFT 1, C4<1>, C4<0>, C4<0>, C4<0>;
v0x55da59a23670_0 .net "d2", 0 0, L_0x7ff71eb37698;  1 drivers
L_0x7ff71eb376e0 .functor BUFT 1, C4<1>, C4<0>, C4<0>, C4<0>;
v0x55da59a237c0_0 .net "d3", 0 0, L_0x7ff71eb376e0;  1 drivers
v0x55da59a23880_0 .var "out", 0 0;
v0x55da59a23940_0 .net "s0", 0 0, L_0x55da59a40430;  1 drivers
v0x55da59a23a00_0 .net "s1", 0 0, L_0x55da59a40390;  1 drivers
v0x55da59a23ac0_0 .net "sel", 1 0, L_0x55da59a405c0;  1 drivers
E_0x55da59a123f0 .event edge, v0x55da59a23ac0_0;
L_0x55da59a405c0 .concat8 [ 1 1 0 0], L_0x55da59a406e0, L_0x55da59a404d0;
S_0x55da59a23f00 .scope module, "and14" "fpga_and" 2 28, 3 3 0, S_0x55da59a01390;
 .timescale 0 0;
    .port_info 0 /INPUT 1 "A0";
    .port_info 1 /INPUT 1 "B0";
    .port_info 2 /OUTPUT 1 "out";
v0x55da59a251c0_0 .net "A0", 0 0, L_0x55da59a3b5a0;  alias, 1 drivers
v0x55da59a25280_0 .net "B0", 0 0, L_0x55da59a3b780;  alias, 1 drivers
v0x55da59a25340_0 .net "out", 0 0, v0x55da59a24d80_0;  alias, 1 drivers
S_0x55da59a240e0 .scope module, "c2_instance" "c2" 3 5, 4 1 0, S_0x55da59a23f00;
 .timescale 0 0;
    .port_info 0 /INPUT 1 "d0";
    .port_info 1 /INPUT 1 "d1";
    .port_info 2 /INPUT 1 "d2";
    .port_info 3 /INPUT 1 "d3";
    .port_info 4 /INPUT 1 "A0";
    .port_info 5 /INPUT 1 "A1";
    .port_info 6 /INPUT 1 "B0";
    .port_info 7 /INPUT 1 "B1";
    .port_info 8 /OUTPUT 1 "out";
L_0x7ff71eb378d8 .functor BUFT 1, C4<1>, C4<0>, C4<0>, C4<0>;
L_0x7ff71eb37920 .functor BUFT 1, C4<0>, C4<0>, C4<0>, C4<0>;
L_0x55da59a408f0 .functor OR 1, L_0x7ff71eb378d8, L_0x7ff71eb37920, C4<0>, C4<0>;
L_0x55da59a40990 .functor AND 1, L_0x55da59a3b5a0, L_0x55da59a3b780, C4<1>, C4<1>;
L_0x55da59a40a30 .functor BUFZ 1, L_0x55da59a40990, C4<0>, C4<0>, C4<0>;
L_0x55da59a40c40 .functor BUFZ 1, L_0x55da59a408f0, C4<0>, C4<0>, C4<0>;
v0x55da59a24490_0 .net "A0", 0 0, L_0x55da59a3b5a0;  alias, 1 drivers
v0x55da59a245a0_0 .net "A1", 0 0, L_0x7ff71eb378d8;  1 drivers
v0x55da59a24660_0 .net "B0", 0 0, L_0x55da59a3b780;  alias, 1 drivers
v0x55da59a24790_0 .net "B1", 0 0, L_0x7ff71eb37920;  1 drivers
v0x55da59a24830_0 .net *"_ivl_12", 0 0, L_0x55da59a40c40;  1 drivers
v0x55da59a24910_0 .net *"_ivl_7", 0 0, L_0x55da59a40a30;  1 drivers
L_0x7ff71eb377b8 .functor BUFT 1, C4<0>, C4<0>, C4<0>, C4<0>;
v0x55da59a249f0_0 .net "d0", 0 0, L_0x7ff71eb377b8;  1 drivers
L_0x7ff71eb37800 .functor BUFT 1, C4<0>, C4<0>, C4<0>, C4<0>;
v0x55da59a24ab0_0 .net "d1", 0 0, L_0x7ff71eb37800;  1 drivers
L_0x7ff71eb37848 .functor BUFT 1, C4<1>, C4<0>, C4<0>, C4<0>;
v0x55da59a24b70_0 .net "d2", 0 0, L_0x7ff71eb37848;  1 drivers
L_0x7ff71eb37890 .functor BUFT 1, C4<1>, C4<0>, C4<0>, C4<0>;
v0x55da59a24cc0_0 .net "d3", 0 0, L_0x7ff71eb37890;  1 drivers
v0x55da59a24d80_0 .var "out", 0 0;
v0x55da59a24e40_0 .net "s0", 0 0, L_0x55da59a40990;  1 drivers
v0x55da59a24f00_0 .net "s1", 0 0, L_0x55da59a408f0;  1 drivers
v0x55da59a24fc0_0 .net "sel", 1 0, L_0x55da59a40b20;  1 drivers
E_0x55da59a24410 .event edge, v0x55da59a24fc0_0;
L_0x55da59a40b20 .concat8 [ 1 1 0 0], L_0x55da59a40c40, L_0x55da59a40a30;
S_0x55da59a25430 .scope module, "and15" "fpga_and" 2 29, 3 3 0, S_0x55da59a01390;
 .timescale 0 0;
    .port_info 0 /INPUT 1 "A0";
    .port_info 1 /INPUT 1 "B0";
    .port_info 2 /OUTPUT 1 "out";
v0x55da59a266b0_0 .net "A0", 0 0, L_0x55da59a3b640;  alias, 1 drivers
v0x55da59a26770_0 .net "B0", 0 0, L_0x55da59a3b780;  alias, 1 drivers
v0x55da59a26830_0 .net "out", 0 0, v0x55da59a26270_0;  alias, 1 drivers
S_0x55da59a25610 .scope module, "c2_instance" "c2" 3 5, 4 1 0, S_0x55da59a25430;
 .timescale 0 0;
    .port_info 0 /INPUT 1 "d0";
    .port_info 1 /INPUT 1 "d1";
    .port_info 2 /INPUT 1 "d2";
    .port_info 3 /INPUT 1 "d3";
    .port_info 4 /INPUT 1 "A0";
    .port_info 5 /INPUT 1 "A1";
    .port_info 6 /INPUT 1 "B0";
    .port_info 7 /INPUT 1 "B1";
    .port_info 8 /OUTPUT 1 "out";
L_0x7ff71eb37a88 .functor BUFT 1, C4<1>, C4<0>, C4<0>, C4<0>;
L_0x7ff71eb37ad0 .functor BUFT 1, C4<0>, C4<0>, C4<0>, C4<0>;
L_0x55da59a40e50 .functor OR 1, L_0x7ff71eb37a88, L_0x7ff71eb37ad0, C4<0>, C4<0>;
L_0x55da59a40ef0 .functor AND 1, L_0x55da59a3b640, L_0x55da59a3b780, C4<1>, C4<1>;
L_0x55da59a40f90 .functor BUFZ 1, L_0x55da59a40ef0, C4<0>, C4<0>, C4<0>;
L_0x55da59a411a0 .functor BUFZ 1, L_0x55da59a40e50, C4<0>, C4<0>, C4<0>;
v0x55da59a259c0_0 .net "A0", 0 0, L_0x55da59a3b640;  alias, 1 drivers
v0x55da59a25ad0_0 .net "A1", 0 0, L_0x7ff71eb37a88;  1 drivers
v0x55da59a25b90_0 .net "B0", 0 0, L_0x55da59a3b780;  alias, 1 drivers
v0x55da59a25c30_0 .net "B1", 0 0, L_0x7ff71eb37ad0;  1 drivers
v0x55da59a25cd0_0 .net *"_ivl_12", 0 0, L_0x55da59a411a0;  1 drivers
v0x55da59a25e00_0 .net *"_ivl_7", 0 0, L_0x55da59a40f90;  1 drivers
L_0x7ff71eb37968 .functor BUFT 1, C4<0>, C4<0>, C4<0>, C4<0>;
v0x55da59a25ee0_0 .net "d0", 0 0, L_0x7ff71eb37968;  1 drivers
L_0x7ff71eb379b0 .functor BUFT 1, C4<0>, C4<0>, C4<0>, C4<0>;
v0x55da59a25fa0_0 .net "d1", 0 0, L_0x7ff71eb379b0;  1 drivers
L_0x7ff71eb379f8 .functor BUFT 1, C4<1>, C4<0>, C4<0>, C4<0>;
v0x55da59a26060_0 .net "d2", 0 0, L_0x7ff71eb379f8;  1 drivers
L_0x7ff71eb37a40 .functor BUFT 1, C4<1>, C4<0>, C4<0>, C4<0>;
v0x55da59a261b0_0 .net "d3", 0 0, L_0x7ff71eb37a40;  1 drivers
v0x55da59a26270_0 .var "out", 0 0;
v0x55da59a26330_0 .net "s0", 0 0, L_0x55da59a40ef0;  1 drivers
v0x55da59a263f0_0 .net "s1", 0 0, L_0x55da59a40e50;  1 drivers
v0x55da59a264b0_0 .net "sel", 1 0, L_0x55da59a41080;  1 drivers
E_0x55da59a25940 .event edge, v0x55da59a264b0_0;
L_0x55da59a41080 .concat8 [ 1 1 0 0], L_0x55da59a411a0, L_0x55da59a40f90;
S_0x55da59a26920 .scope module, "and2" "fpga_and" 2 13, 3 3 0, S_0x55da59a01390;
 .timescale 0 0;
    .port_info 0 /INPUT 1 "A0";
    .port_info 1 /INPUT 1 "B0";
    .port_info 2 /OUTPUT 1 "out";
v0x55da59a27c90_0 .net "A0", 0 0, L_0x55da59a3b5a0;  alias, 1 drivers
v0x55da59a27d50_0 .net "B0", 0 0, L_0x55da59a3b9f0;  alias, 1 drivers
v0x55da59a27e10_0 .net "out", 0 0, v0x55da59a27850_0;  alias, 1 drivers
S_0x55da59a26b40 .scope module, "c2_instance" "c2" 3 5, 4 1 0, S_0x55da59a26920;
 .timescale 0 0;
    .port_info 0 /INPUT 1 "d0";
    .port_info 1 /INPUT 1 "d1";
    .port_info 2 /INPUT 1 "d2";
    .port_info 3 /INPUT 1 "d3";
    .port_info 4 /INPUT 1 "A0";
    .port_info 5 /INPUT 1 "A1";
    .port_info 6 /INPUT 1 "B0";
    .port_info 7 /INPUT 1 "B1";
    .port_info 8 /OUTPUT 1 "out";
L_0x7ff71eb36498 .functor BUFT 1, C4<1>, C4<0>, C4<0>, C4<0>;
L_0x7ff71eb364e0 .functor BUFT 1, C4<0>, C4<0>, C4<0>, C4<0>;
L_0x55da59a3c370 .functor OR 1, L_0x7ff71eb36498, L_0x7ff71eb364e0, C4<0>, C4<0>;
L_0x55da59a3c3e0 .functor AND 1, L_0x55da59a3b5a0, L_0x55da59a3b9f0, C4<1>, C4<1>;
L_0x55da59a3c450 .functor BUFZ 1, L_0x55da59a3c3e0, C4<0>, C4<0>, C4<0>;
L_0x55da59a3c600 .functor BUFZ 1, L_0x55da59a3c370, C4<0>, C4<0>, C4<0>;
v0x55da59a26ef0_0 .net "A0", 0 0, L_0x55da59a3b5a0;  alias, 1 drivers
v0x55da59a27040_0 .net "A1", 0 0, L_0x7ff71eb36498;  1 drivers
v0x55da59a27100_0 .net "B0", 0 0, L_0x55da59a3b9f0;  alias, 1 drivers
v0x55da59a27260_0 .net "B1", 0 0, L_0x7ff71eb364e0;  1 drivers
v0x55da59a27300_0 .net *"_ivl_12", 0 0, L_0x55da59a3c600;  1 drivers
v0x55da59a273e0_0 .net *"_ivl_7", 0 0, L_0x55da59a3c450;  1 drivers
L_0x7ff71eb36378 .functor BUFT 1, C4<0>, C4<0>, C4<0>, C4<0>;
v0x55da59a274c0_0 .net "d0", 0 0, L_0x7ff71eb36378;  1 drivers
L_0x7ff71eb363c0 .functor BUFT 1, C4<0>, C4<0>, C4<0>, C4<0>;
v0x55da59a27580_0 .net "d1", 0 0, L_0x7ff71eb363c0;  1 drivers
L_0x7ff71eb36408 .functor BUFT 1, C4<1>, C4<0>, C4<0>, C4<0>;
v0x55da59a27640_0 .net "d2", 0 0, L_0x7ff71eb36408;  1 drivers
L_0x7ff71eb36450 .functor BUFT 1, C4<1>, C4<0>, C4<0>, C4<0>;
v0x55da59a27790_0 .net "d3", 0 0, L_0x7ff71eb36450;  1 drivers
v0x55da59a27850_0 .var "out", 0 0;
v0x55da59a27910_0 .net "s0", 0 0, L_0x55da59a3c3e0;  1 drivers
v0x55da59a279d0_0 .net "s1", 0 0, L_0x55da59a3c370;  1 drivers
v0x55da59a27a90_0 .net "sel", 1 0, L_0x55da59a3c510;  1 drivers
E_0x55da59a26e70 .event edge, v0x55da59a27a90_0;
L_0x55da59a3c510 .concat8 [ 1 1 0 0], L_0x55da59a3c600, L_0x55da59a3c450;
S_0x55da59a27f00 .scope module, "and3" "fpga_and" 2 14, 3 3 0, S_0x55da59a01390;
 .timescale 0 0;
    .port_info 0 /INPUT 1 "A0";
    .port_info 1 /INPUT 1 "B0";
    .port_info 2 /OUTPUT 1 "out";
v0x55da59a29150_0 .net "A0", 0 0, L_0x55da59a3b640;  alias, 1 drivers
v0x55da59a29210_0 .net "B0", 0 0, L_0x55da59a3b9f0;  alias, 1 drivers
v0x55da59a292d0_0 .net "out", 0 0, v0x55da59a28d10_0;  alias, 1 drivers
S_0x55da59a28090 .scope module, "c2_instance" "c2" 3 5, 4 1 0, S_0x55da59a27f00;
 .timescale 0 0;
    .port_info 0 /INPUT 1 "d0";
    .port_info 1 /INPUT 1 "d1";
    .port_info 2 /INPUT 1 "d2";
    .port_info 3 /INPUT 1 "d3";
    .port_info 4 /INPUT 1 "A0";
    .port_info 5 /INPUT 1 "A1";
    .port_info 6 /INPUT 1 "B0";
    .port_info 7 /INPUT 1 "B1";
    .port_info 8 /OUTPUT 1 "out";
L_0x7ff71eb36648 .functor BUFT 1, C4<1>, C4<0>, C4<0>, C4<0>;
L_0x7ff71eb36690 .functor BUFT 1, C4<0>, C4<0>, C4<0>, C4<0>;
L_0x55da59a3c7b0 .functor OR 1, L_0x7ff71eb36648, L_0x7ff71eb36690, C4<0>, C4<0>;
L_0x55da59a3c850 .functor AND 1, L_0x55da59a3b640, L_0x55da59a3b9f0, C4<1>, C4<1>;
L_0x55da59a3c8f0 .functor BUFZ 1, L_0x55da59a3c850, C4<0>, C4<0>, C4<0>;
L_0x55da59a3cb00 .functor BUFZ 1, L_0x55da59a3c7b0, C4<0>, C4<0>, C4<0>;
v0x55da59a28440_0 .net "A0", 0 0, L_0x55da59a3b640;  alias, 1 drivers
v0x55da59a28590_0 .net "A1", 0 0, L_0x7ff71eb36648;  1 drivers
v0x55da59a28650_0 .net "B0", 0 0, L_0x55da59a3b9f0;  alias, 1 drivers
v0x55da59a28720_0 .net "B1", 0 0, L_0x7ff71eb36690;  1 drivers
v0x55da59a287c0_0 .net *"_ivl_12", 0 0, L_0x55da59a3cb00;  1 drivers
v0x55da59a288a0_0 .net *"_ivl_7", 0 0, L_0x55da59a3c8f0;  1 drivers
L_0x7ff71eb36528 .functor BUFT 1, C4<0>, C4<0>, C4<0>, C4<0>;
v0x55da59a28980_0 .net "d0", 0 0, L_0x7ff71eb36528;  1 drivers
L_0x7ff71eb36570 .functor BUFT 1, C4<0>, C4<0>, C4<0>, C4<0>;
v0x55da59a28a40_0 .net "d1", 0 0, L_0x7ff71eb36570;  1 drivers
L_0x7ff71eb365b8 .functor BUFT 1, C4<1>, C4<0>, C4<0>, C4<0>;
v0x55da59a28b00_0 .net "d2", 0 0, L_0x7ff71eb365b8;  1 drivers
L_0x7ff71eb36600 .functor BUFT 1, C4<1>, C4<0>, C4<0>, C4<0>;
v0x55da59a28c50_0 .net "d3", 0 0, L_0x7ff71eb36600;  1 drivers
v0x55da59a28d10_0 .var "out", 0 0;
v0x55da59a28dd0_0 .net "s0", 0 0, L_0x55da59a3c850;  1 drivers
v0x55da59a28e90_0 .net "s1", 0 0, L_0x55da59a3c7b0;  1 drivers
v0x55da59a28f50_0 .net "sel", 1 0, L_0x55da59a3c9e0;  1 drivers
E_0x55da59a283c0 .event edge, v0x55da59a28f50_0;
L_0x55da59a3c9e0 .concat8 [ 1 1 0 0], L_0x55da59a3cb00, L_0x55da59a3c8f0;
S_0x55da59a293c0 .scope module, "and4" "fpga_and" 2 16, 3 3 0, S_0x55da59a01390;
 .timescale 0 0;
    .port_info 0 /INPUT 1 "A0";
    .port_info 1 /INPUT 1 "B0";
    .port_info 2 /OUTPUT 1 "out";
v0x55da59a2a680_0 .net "A0", 0 0, L_0x55da59a3b410;  alias, 1 drivers
v0x55da59a2a740_0 .net "B0", 0 0, L_0x55da59a3b900;  alias, 1 drivers
v0x55da59a2a800_0 .net "out", 0 0, v0x55da59a2a240_0;  alias, 1 drivers
S_0x55da59a295a0 .scope module, "c2_instance" "c2" 3 5, 4 1 0, S_0x55da59a293c0;
 .timescale 0 0;
    .port_info 0 /INPUT 1 "d0";
    .port_info 1 /INPUT 1 "d1";
    .port_info 2 /INPUT 1 "d2";
    .port_info 3 /INPUT 1 "d3";
    .port_info 4 /INPUT 1 "A0";
    .port_info 5 /INPUT 1 "A1";
    .port_info 6 /INPUT 1 "B0";
    .port_info 7 /INPUT 1 "B1";
    .port_info 8 /OUTPUT 1 "out";
L_0x7ff71eb367f8 .functor BUFT 1, C4<1>, C4<0>, C4<0>, C4<0>;
L_0x7ff71eb36840 .functor BUFT 1, C4<0>, C4<0>, C4<0>, C4<0>;
L_0x55da59a3cd10 .functor OR 1, L_0x7ff71eb367f8, L_0x7ff71eb36840, C4<0>, C4<0>;
L_0x55da59a3cdb0 .functor AND 1, L_0x55da59a3b410, L_0x55da59a3b900, C4<1>, C4<1>;
L_0x55da59a3ce50 .functor BUFZ 1, L_0x55da59a3cdb0, C4<0>, C4<0>, C4<0>;
L_0x55da59a3d060 .functor BUFZ 1, L_0x55da59a3cd10, C4<0>, C4<0>, C4<0>;
v0x55da59a29950_0 .net "A0", 0 0, L_0x55da59a3b410;  alias, 1 drivers
v0x55da59a29aa0_0 .net "A1", 0 0, L_0x7ff71eb367f8;  1 drivers
v0x55da59a29b60_0 .net "B0", 0 0, L_0x55da59a3b900;  alias, 1 drivers
v0x55da59a29c30_0 .net "B1", 0 0, L_0x7ff71eb36840;  1 drivers
v0x55da59a29cf0_0 .net *"_ivl_12", 0 0, L_0x55da59a3d060;  1 drivers
v0x55da59a29dd0_0 .net *"_ivl_7", 0 0, L_0x55da59a3ce50;  1 drivers
L_0x7ff71eb366d8 .functor BUFT 1, C4<0>, C4<0>, C4<0>, C4<0>;
v0x55da59a29eb0_0 .net "d0", 0 0, L_0x7ff71eb366d8;  1 drivers
L_0x7ff71eb36720 .functor BUFT 1, C4<0>, C4<0>, C4<0>, C4<0>;
v0x55da59a29f70_0 .net "d1", 0 0, L_0x7ff71eb36720;  1 drivers
L_0x7ff71eb36768 .functor BUFT 1, C4<1>, C4<0>, C4<0>, C4<0>;
v0x55da59a2a030_0 .net "d2", 0 0, L_0x7ff71eb36768;  1 drivers
L_0x7ff71eb367b0 .functor BUFT 1, C4<1>, C4<0>, C4<0>, C4<0>;
v0x55da59a2a180_0 .net "d3", 0 0, L_0x7ff71eb367b0;  1 drivers
v0x55da59a2a240_0 .var "out", 0 0;
v0x55da59a2a300_0 .net "s0", 0 0, L_0x55da59a3cdb0;  1 drivers
v0x55da59a2a3c0_0 .net "s1", 0 0, L_0x55da59a3cd10;  1 drivers
v0x55da59a2a480_0 .net "sel", 1 0, L_0x55da59a3cf40;  1 drivers
E_0x55da59a298d0 .event edge, v0x55da59a2a480_0;
L_0x55da59a3cf40 .concat8 [ 1 1 0 0], L_0x55da59a3d060, L_0x55da59a3ce50;
S_0x55da59a2a900 .scope module, "and5" "fpga_and" 2 17, 3 3 0, S_0x55da59a01390;
 .timescale 0 0;
    .port_info 0 /INPUT 1 "A0";
    .port_info 1 /INPUT 1 "B0";
    .port_info 2 /OUTPUT 1 "out";
v0x55da59a2bbf0_0 .net "A0", 0 0, L_0x55da59a3b4b0;  alias, 1 drivers
v0x55da59a2bcb0_0 .net "B0", 0 0, L_0x55da59a3b900;  alias, 1 drivers
v0x55da59a2bd70_0 .net "out", 0 0, v0x55da59a2b7b0_0;  alias, 1 drivers
S_0x55da59a2aae0 .scope module, "c2_instance" "c2" 3 5, 4 1 0, S_0x55da59a2a900;
 .timescale 0 0;
    .port_info 0 /INPUT 1 "d0";
    .port_info 1 /INPUT 1 "d1";
    .port_info 2 /INPUT 1 "d2";
    .port_info 3 /INPUT 1 "d3";
    .port_info 4 /INPUT 1 "A0";
    .port_info 5 /INPUT 1 "A1";
    .port_info 6 /INPUT 1 "B0";
    .port_info 7 /INPUT 1 "B1";
    .port_info 8 /OUTPUT 1 "out";
L_0x7ff71eb369a8 .functor BUFT 1, C4<1>, C4<0>, C4<0>, C4<0>;
L_0x7ff71eb369f0 .functor BUFT 1, C4<0>, C4<0>, C4<0>, C4<0>;
L_0x55da59a3d270 .functor OR 1, L_0x7ff71eb369a8, L_0x7ff71eb369f0, C4<0>, C4<0>;
L_0x55da59a3d310 .functor AND 1, L_0x55da59a3b4b0, L_0x55da59a3b900, C4<1>, C4<1>;
L_0x55da59a3d3b0 .functor BUFZ 1, L_0x55da59a3d310, C4<0>, C4<0>, C4<0>;
L_0x55da59a3d5c0 .functor BUFZ 1, L_0x55da59a3d270, C4<0>, C4<0>, C4<0>;
v0x55da59a2ae90_0 .net "A0", 0 0, L_0x55da59a3b4b0;  alias, 1 drivers
v0x55da59a2afe0_0 .net "A1", 0 0, L_0x7ff71eb369a8;  1 drivers
v0x55da59a2b0a0_0 .net "B0", 0 0, L_0x55da59a3b900;  alias, 1 drivers
v0x55da59a2b170_0 .net "B1", 0 0, L_0x7ff71eb369f0;  1 drivers
v0x55da59a2b210_0 .net *"_ivl_12", 0 0, L_0x55da59a3d5c0;  1 drivers
v0x55da59a2b340_0 .net *"_ivl_7", 0 0, L_0x55da59a3d3b0;  1 drivers
L_0x7ff71eb36888 .functor BUFT 1, C4<0>, C4<0>, C4<0>, C4<0>;
v0x55da59a2b420_0 .net "d0", 0 0, L_0x7ff71eb36888;  1 drivers
L_0x7ff71eb368d0 .functor BUFT 1, C4<0>, C4<0>, C4<0>, C4<0>;
v0x55da59a2b4e0_0 .net "d1", 0 0, L_0x7ff71eb368d0;  1 drivers
L_0x7ff71eb36918 .functor BUFT 1, C4<1>, C4<0>, C4<0>, C4<0>;
v0x55da59a2b5a0_0 .net "d2", 0 0, L_0x7ff71eb36918;  1 drivers
L_0x7ff71eb36960 .functor BUFT 1, C4<1>, C4<0>, C4<0>, C4<0>;
v0x55da59a2b6f0_0 .net "d3", 0 0, L_0x7ff71eb36960;  1 drivers
v0x55da59a2b7b0_0 .var "out", 0 0;
v0x55da59a2b870_0 .net "s0", 0 0, L_0x55da59a3d310;  1 drivers
v0x55da59a2b930_0 .net "s1", 0 0, L_0x55da59a3d270;  1 drivers
v0x55da59a2b9f0_0 .net "sel", 1 0, L_0x55da59a3d4a0;  1 drivers
E_0x55da59a2ae10 .event edge, v0x55da59a2b9f0_0;
L_0x55da59a3d4a0 .concat8 [ 1 1 0 0], L_0x55da59a3d5c0, L_0x55da59a3d3b0;
S_0x55da59a2be30 .scope module, "and6" "fpga_and" 2 18, 3 3 0, S_0x55da59a01390;
 .timescale 0 0;
    .port_info 0 /INPUT 1 "A0";
    .port_info 1 /INPUT 1 "B0";
    .port_info 2 /OUTPUT 1 "out";
v0x55da59a2d0d0_0 .net "A0", 0 0, L_0x55da59a3b5a0;  alias, 1 drivers
v0x55da59a2d190_0 .net "B0", 0 0, L_0x55da59a3b900;  alias, 1 drivers
v0x55da59a2d250_0 .net "out", 0 0, v0x55da59a2cc90_0;  alias, 1 drivers
S_0x55da59a2c010 .scope module, "c2_instance" "c2" 3 5, 4 1 0, S_0x55da59a2be30;
 .timescale 0 0;
    .port_info 0 /INPUT 1 "d0";
    .port_info 1 /INPUT 1 "d1";
    .port_info 2 /INPUT 1 "d2";
    .port_info 3 /INPUT 1 "d3";
    .port_info 4 /INPUT 1 "A0";
    .port_info 5 /INPUT 1 "A1";
    .port_info 6 /INPUT 1 "B0";
    .port_info 7 /INPUT 1 "B1";
    .port_info 8 /OUTPUT 1 "out";
L_0x7ff71eb36b58 .functor BUFT 1, C4<1>, C4<0>, C4<0>, C4<0>;
L_0x7ff71eb36ba0 .functor BUFT 1, C4<0>, C4<0>, C4<0>, C4<0>;
L_0x55da59a3d9e0 .functor OR 1, L_0x7ff71eb36b58, L_0x7ff71eb36ba0, C4<0>, C4<0>;
L_0x55da59a3da80 .functor AND 1, L_0x55da59a3b5a0, L_0x55da59a3b900, C4<1>, C4<1>;
L_0x55da59a3db20 .functor BUFZ 1, L_0x55da59a3da80, C4<0>, C4<0>, C4<0>;
L_0x55da59a3dd30 .functor BUFZ 1, L_0x55da59a3d9e0, C4<0>, C4<0>, C4<0>;
v0x55da59a2c3c0_0 .net "A0", 0 0, L_0x55da59a3b5a0;  alias, 1 drivers
v0x55da59a2c480_0 .net "A1", 0 0, L_0x7ff71eb36b58;  1 drivers
v0x55da59a2c540_0 .net "B0", 0 0, L_0x55da59a3b900;  alias, 1 drivers
v0x55da59a2c6a0_0 .net "B1", 0 0, L_0x7ff71eb36ba0;  1 drivers
v0x55da59a2c740_0 .net *"_ivl_12", 0 0, L_0x55da59a3dd30;  1 drivers
v0x55da59a2c820_0 .net *"_ivl_7", 0 0, L_0x55da59a3db20;  1 drivers
L_0x7ff71eb36a38 .functor BUFT 1, C4<0>, C4<0>, C4<0>, C4<0>;
v0x55da59a2c900_0 .net "d0", 0 0, L_0x7ff71eb36a38;  1 drivers
L_0x7ff71eb36a80 .functor BUFT 1, C4<0>, C4<0>, C4<0>, C4<0>;
v0x55da59a2c9c0_0 .net "d1", 0 0, L_0x7ff71eb36a80;  1 drivers
L_0x7ff71eb36ac8 .functor BUFT 1, C4<1>, C4<0>, C4<0>, C4<0>;
v0x55da59a2ca80_0 .net "d2", 0 0, L_0x7ff71eb36ac8;  1 drivers
L_0x7ff71eb36b10 .functor BUFT 1, C4<1>, C4<0>, C4<0>, C4<0>;
v0x55da59a2cbd0_0 .net "d3", 0 0, L_0x7ff71eb36b10;  1 drivers
v0x55da59a2cc90_0 .var "out", 0 0;
v0x55da59a2cd50_0 .net "s0", 0 0, L_0x55da59a3da80;  1 drivers
v0x55da59a2ce10_0 .net "s1", 0 0, L_0x55da59a3d9e0;  1 drivers
v0x55da59a2ced0_0 .net "sel", 1 0, L_0x55da59a3dc10;  1 drivers
E_0x55da59a2c340 .event edge, v0x55da59a2ced0_0;
L_0x55da59a3dc10 .concat8 [ 1 1 0 0], L_0x55da59a3dd30, L_0x55da59a3db20;
S_0x55da59a2d340 .scope module, "and7" "fpga_and" 2 19, 3 3 0, S_0x55da59a01390;
 .timescale 0 0;
    .port_info 0 /INPUT 1 "A0";
    .port_info 1 /INPUT 1 "B0";
    .port_info 2 /OUTPUT 1 "out";
v0x55da59a2e5a0_0 .net "A0", 0 0, L_0x55da59a3b640;  alias, 1 drivers
v0x55da59a2e660_0 .net "B0", 0 0, L_0x55da59a3b900;  alias, 1 drivers
v0x55da59a2e720_0 .net "out", 0 0, v0x55da59a2e160_0;  alias, 1 drivers
S_0x55da59a2d520 .scope module, "c2_instance" "c2" 3 5, 4 1 0, S_0x55da59a2d340;
 .timescale 0 0;
    .port_info 0 /INPUT 1 "d0";
    .port_info 1 /INPUT 1 "d1";
    .port_info 2 /INPUT 1 "d2";
    .port_info 3 /INPUT 1 "d3";
    .port_info 4 /INPUT 1 "A0";
    .port_info 5 /INPUT 1 "A1";
    .port_info 6 /INPUT 1 "B0";
    .port_info 7 /INPUT 1 "B1";
    .port_info 8 /OUTPUT 1 "out";
L_0x7ff71eb36d08 .functor BUFT 1, C4<1>, C4<0>, C4<0>, C4<0>;
L_0x7ff71eb36d50 .functor BUFT 1, C4<0>, C4<0>, C4<0>, C4<0>;
L_0x55da59a3df40 .functor OR 1, L_0x7ff71eb36d08, L_0x7ff71eb36d50, C4<0>, C4<0>;
L_0x55da59a3dfe0 .functor AND 1, L_0x55da59a3b640, L_0x55da59a3b900, C4<1>, C4<1>;
L_0x55da59a3e080 .functor BUFZ 1, L_0x55da59a3dfe0, C4<0>, C4<0>, C4<0>;
L_0x55da59a3e290 .functor BUFZ 1, L_0x55da59a3df40, C4<0>, C4<0>, C4<0>;
v0x55da59a2d8d0_0 .net "A0", 0 0, L_0x55da59a3b640;  alias, 1 drivers
v0x55da59a2d990_0 .net "A1", 0 0, L_0x7ff71eb36d08;  1 drivers
v0x55da59a2da50_0 .net "B0", 0 0, L_0x55da59a3b900;  alias, 1 drivers
v0x55da59a2db20_0 .net "B1", 0 0, L_0x7ff71eb36d50;  1 drivers
v0x55da59a2dbc0_0 .net *"_ivl_12", 0 0, L_0x55da59a3e290;  1 drivers
v0x55da59a2dcf0_0 .net *"_ivl_7", 0 0, L_0x55da59a3e080;  1 drivers
L_0x7ff71eb36be8 .functor BUFT 1, C4<0>, C4<0>, C4<0>, C4<0>;
v0x55da59a2ddd0_0 .net "d0", 0 0, L_0x7ff71eb36be8;  1 drivers
L_0x7ff71eb36c30 .functor BUFT 1, C4<0>, C4<0>, C4<0>, C4<0>;
v0x55da59a2de90_0 .net "d1", 0 0, L_0x7ff71eb36c30;  1 drivers
L_0x7ff71eb36c78 .functor BUFT 1, C4<1>, C4<0>, C4<0>, C4<0>;
v0x55da59a2df50_0 .net "d2", 0 0, L_0x7ff71eb36c78;  1 drivers
L_0x7ff71eb36cc0 .functor BUFT 1, C4<1>, C4<0>, C4<0>, C4<0>;
v0x55da59a2e0a0_0 .net "d3", 0 0, L_0x7ff71eb36cc0;  1 drivers
v0x55da59a2e160_0 .var "out", 0 0;
v0x55da59a2e220_0 .net "s0", 0 0, L_0x55da59a3dfe0;  1 drivers
v0x55da59a2e2e0_0 .net "s1", 0 0, L_0x55da59a3df40;  1 drivers
v0x55da59a2e3a0_0 .net "sel", 1 0, L_0x55da59a3e170;  1 drivers
E_0x55da59a2d850 .event edge, v0x55da59a2e3a0_0;
L_0x55da59a3e170 .concat8 [ 1 1 0 0], L_0x55da59a3e290, L_0x55da59a3e080;
S_0x55da59a2e810 .scope module, "and8" "fpga_and" 2 21, 3 3 0, S_0x55da59a01390;
 .timescale 0 0;
    .port_info 0 /INPUT 1 "A0";
    .port_info 1 /INPUT 1 "B0";
    .port_info 2 /OUTPUT 1 "out";
v0x55da59a2fab0_0 .net "A0", 0 0, L_0x55da59a3b410;  alias, 1 drivers
v0x55da59a2fb70_0 .net "B0", 0 0, L_0x55da59a3b860;  alias, 1 drivers
v0x55da59a2fc30_0 .net "out", 0 0, v0x55da59a2f670_0;  alias, 1 drivers
S_0x55da59a2e9f0 .scope module, "c2_instance" "c2" 3 5, 4 1 0, S_0x55da59a2e810;
 .timescale 0 0;
    .port_info 0 /INPUT 1 "d0";
    .port_info 1 /INPUT 1 "d1";
    .port_info 2 /INPUT 1 "d2";
    .port_info 3 /INPUT 1 "d3";
    .port_info 4 /INPUT 1 "A0";
    .port_info 5 /INPUT 1 "A1";
    .port_info 6 /INPUT 1 "B0";
    .port_info 7 /INPUT 1 "B1";
    .port_info 8 /OUTPUT 1 "out";
L_0x7ff71eb36eb8 .functor BUFT 1, C4<1>, C4<0>, C4<0>, C4<0>;
L_0x7ff71eb36f00 .functor BUFT 1, C4<0>, C4<0>, C4<0>, C4<0>;
L_0x55da59a3e4a0 .functor OR 1, L_0x7ff71eb36eb8, L_0x7ff71eb36f00, C4<0>, C4<0>;
L_0x55da59a3e540 .functor AND 1, L_0x55da59a3b410, L_0x55da59a3b860, C4<1>, C4<1>;
L_0x55da59a3e5e0 .functor BUFZ 1, L_0x55da59a3e540, C4<0>, C4<0>, C4<0>;
L_0x55da59a3e7f0 .functor BUFZ 1, L_0x55da59a3e4a0, C4<0>, C4<0>, C4<0>;
v0x55da59a2eda0_0 .net "A0", 0 0, L_0x55da59a3b410;  alias, 1 drivers
v0x55da59a2ee60_0 .net "A1", 0 0, L_0x7ff71eb36eb8;  1 drivers
v0x55da59a2ef20_0 .net "B0", 0 0, L_0x55da59a3b860;  alias, 1 drivers
v0x55da59a2f080_0 .net "B1", 0 0, L_0x7ff71eb36f00;  1 drivers
v0x55da59a2f120_0 .net *"_ivl_12", 0 0, L_0x55da59a3e7f0;  1 drivers
v0x55da59a2f200_0 .net *"_ivl_7", 0 0, L_0x55da59a3e5e0;  1 drivers
L_0x7ff71eb36d98 .functor BUFT 1, C4<0>, C4<0>, C4<0>, C4<0>;
v0x55da59a2f2e0_0 .net "d0", 0 0, L_0x7ff71eb36d98;  1 drivers
L_0x7ff71eb36de0 .functor BUFT 1, C4<0>, C4<0>, C4<0>, C4<0>;
v0x55da59a2f3a0_0 .net "d1", 0 0, L_0x7ff71eb36de0;  1 drivers
L_0x7ff71eb36e28 .functor BUFT 1, C4<1>, C4<0>, C4<0>, C4<0>;
v0x55da59a2f460_0 .net "d2", 0 0, L_0x7ff71eb36e28;  1 drivers
L_0x7ff71eb36e70 .functor BUFT 1, C4<1>, C4<0>, C4<0>, C4<0>;
v0x55da59a2f5b0_0 .net "d3", 0 0, L_0x7ff71eb36e70;  1 drivers
v0x55da59a2f670_0 .var "out", 0 0;
v0x55da59a2f730_0 .net "s0", 0 0, L_0x55da59a3e540;  1 drivers
v0x55da59a2f7f0_0 .net "s1", 0 0, L_0x55da59a3e4a0;  1 drivers
v0x55da59a2f8b0_0 .net "sel", 1 0, L_0x55da59a3e6d0;  1 drivers
E_0x55da59a2ed20 .event edge, v0x55da59a2f8b0_0;
L_0x55da59a3e6d0 .concat8 [ 1 1 0 0], L_0x55da59a3e7f0, L_0x55da59a3e5e0;
S_0x55da59a2fd20 .scope module, "and9" "fpga_and" 2 22, 3 3 0, S_0x55da59a01390;
 .timescale 0 0;
    .port_info 0 /INPUT 1 "A0";
    .port_info 1 /INPUT 1 "B0";
    .port_info 2 /OUTPUT 1 "out";
v0x55da59a30f80_0 .net "A0", 0 0, L_0x55da59a3b4b0;  alias, 1 drivers
v0x55da59a31040_0 .net "B0", 0 0, L_0x55da59a3b860;  alias, 1 drivers
v0x55da59a31100_0 .net "out", 0 0, v0x55da59a30b40_0;  alias, 1 drivers
S_0x55da59a2ff00 .scope module, "c2_instance" "c2" 3 5, 4 1 0, S_0x55da59a2fd20;
 .timescale 0 0;
    .port_info 0 /INPUT 1 "d0";
    .port_info 1 /INPUT 1 "d1";
    .port_info 2 /INPUT 1 "d2";
    .port_info 3 /INPUT 1 "d3";
    .port_info 4 /INPUT 1 "A0";
    .port_info 5 /INPUT 1 "A1";
    .port_info 6 /INPUT 1 "B0";
    .port_info 7 /INPUT 1 "B1";
    .port_info 8 /OUTPUT 1 "out";
L_0x7ff71eb37068 .functor BUFT 1, C4<1>, C4<0>, C4<0>, C4<0>;
L_0x7ff71eb370b0 .functor BUFT 1, C4<0>, C4<0>, C4<0>, C4<0>;
L_0x55da59a3ea00 .functor OR 1, L_0x7ff71eb37068, L_0x7ff71eb370b0, C4<0>, C4<0>;
L_0x55da59a3eaa0 .functor AND 1, L_0x55da59a3b4b0, L_0x55da59a3b860, C4<1>, C4<1>;
L_0x55da59a3eb40 .functor BUFZ 1, L_0x55da59a3eaa0, C4<0>, C4<0>, C4<0>;
L_0x55da59a3ed50 .functor BUFZ 1, L_0x55da59a3ea00, C4<0>, C4<0>, C4<0>;
v0x55da59a302b0_0 .net "A0", 0 0, L_0x55da59a3b4b0;  alias, 1 drivers
v0x55da59a30370_0 .net "A1", 0 0, L_0x7ff71eb37068;  1 drivers
v0x55da59a30430_0 .net "B0", 0 0, L_0x55da59a3b860;  alias, 1 drivers
v0x55da59a30500_0 .net "B1", 0 0, L_0x7ff71eb370b0;  1 drivers
v0x55da59a305a0_0 .net *"_ivl_12", 0 0, L_0x55da59a3ed50;  1 drivers
v0x55da59a306d0_0 .net *"_ivl_7", 0 0, L_0x55da59a3eb40;  1 drivers
L_0x7ff71eb36f48 .functor BUFT 1, C4<0>, C4<0>, C4<0>, C4<0>;
v0x55da59a307b0_0 .net "d0", 0 0, L_0x7ff71eb36f48;  1 drivers
L_0x7ff71eb36f90 .functor BUFT 1, C4<0>, C4<0>, C4<0>, C4<0>;
v0x55da59a30870_0 .net "d1", 0 0, L_0x7ff71eb36f90;  1 drivers
L_0x7ff71eb36fd8 .functor BUFT 1, C4<1>, C4<0>, C4<0>, C4<0>;
v0x55da59a30930_0 .net "d2", 0 0, L_0x7ff71eb36fd8;  1 drivers
L_0x7ff71eb37020 .functor BUFT 1, C4<1>, C4<0>, C4<0>, C4<0>;
v0x55da59a30a80_0 .net "d3", 0 0, L_0x7ff71eb37020;  1 drivers
v0x55da59a30b40_0 .var "out", 0 0;
v0x55da59a30c00_0 .net "s0", 0 0, L_0x55da59a3eaa0;  1 drivers
v0x55da59a30cc0_0 .net "s1", 0 0, L_0x55da59a3ea00;  1 drivers
v0x55da59a30d80_0 .net "sel", 1 0, L_0x55da59a3ec30;  1 drivers
E_0x55da59a30230 .event edge, v0x55da59a30d80_0;
L_0x55da59a3ec30 .concat8 [ 1 1 0 0], L_0x55da59a3ed50, L_0x55da59a3eb40;
S_0x55da59a311f0 .scope module, "xor0" "fpga_xor" 2 37, 5 5 0, S_0x55da59a01390;
 .timescale 0 0;
    .port_info 0 /INPUT 1 "a";
    .port_info 1 /INPUT 1 "b";
    .port_info 2 /OUTPUT 1 "out";
v0x55da59a37df0_0 .net "a", 0 0, L_0x55da59a44220;  1 drivers
v0x55da59a37e90_0 .net "anot", 0 0, v0x55da59a34d80_0;  1 drivers
v0x55da59a37fe0_0 .net "b", 0 0, L_0x55da59a443b0;  1 drivers
v0x55da59a38080_0 .net "bnot", 0 0, v0x55da59a36220_0;  1 drivers
v0x55da59a381b0_0 .net "out", 0 0, v0x55da59a37770_0;  1 drivers
v0x55da59a38250_0 .net "w1", 0 0, v0x55da59a32340_0;  1 drivers
v0x55da59a38380_0 .net "w2", 0 0, v0x55da59a33870_0;  1 drivers
S_0x55da59a314e0 .scope module, "and0" "fpga_and" 5 11, 3 3 0, S_0x55da59a311f0;
 .timescale 0 0;
    .port_info 0 /INPUT 1 "A0";
    .port_info 1 /INPUT 1 "B0";
    .port_info 2 /OUTPUT 1 "out";
v0x55da59a32780_0 .net "A0", 0 0, L_0x55da59a44220;  alias, 1 drivers
v0x55da59a32840_0 .net "B0", 0 0, v0x55da59a36220_0;  alias, 1 drivers
v0x55da59a32910_0 .net "out", 0 0, v0x55da59a32340_0;  alias, 1 drivers
S_0x55da59a31750 .scope module, "c2_instance" "c2" 3 5, 4 1 0, S_0x55da59a314e0;
 .timescale 0 0;
    .port_info 0 /INPUT 1 "d0";
    .port_info 1 /INPUT 1 "d1";
    .port_info 2 /INPUT 1 "d2";
    .port_info 3 /INPUT 1 "d3";
    .port_info 4 /INPUT 1 "A0";
    .port_info 5 /INPUT 1 "A1";
    .port_info 6 /INPUT 1 "B0";
    .port_info 7 /INPUT 1 "B1";
    .port_info 8 /OUTPUT 1 "out";
L_0x7ff71eb38190 .functor BUFT 1, C4<1>, C4<0>, C4<0>, C4<0>;
L_0x7ff71eb381d8 .functor BUFT 1, C4<0>, C4<0>, C4<0>, C4<0>;
L_0x55da59a428e0 .functor OR 1, L_0x7ff71eb38190, L_0x7ff71eb381d8, C4<0>, C4<0>;
L_0x55da59a42980 .functor AND 1, L_0x55da59a44220, v0x55da59a36220_0, C4<1>, C4<1>;
L_0x55da59a42a20 .functor BUFZ 1, L_0x55da59a42980, C4<0>, C4<0>, C4<0>;
L_0x55da59a42c30 .functor BUFZ 1, L_0x55da59a428e0, C4<0>, C4<0>, C4<0>;
v0x55da59a31b00_0 .net "A0", 0 0, L_0x55da59a44220;  alias, 1 drivers
v0x55da59a31be0_0 .net "A1", 0 0, L_0x7ff71eb38190;  1 drivers
v0x55da59a31ca0_0 .net "B0", 0 0, v0x55da59a36220_0;  alias, 1 drivers
v0x55da59a31d70_0 .net "B1", 0 0, L_0x7ff71eb381d8;  1 drivers
v0x55da59a31e30_0 .net *"_ivl_12", 0 0, L_0x55da59a42c30;  1 drivers
v0x55da59a31f60_0 .net *"_ivl_7", 0 0, L_0x55da59a42a20;  1 drivers
L_0x7ff71eb38070 .functor BUFT 1, C4<0>, C4<0>, C4<0>, C4<0>;
v0x55da59a32040_0 .net "d0", 0 0, L_0x7ff71eb38070;  1 drivers
L_0x7ff71eb380b8 .functor BUFT 1, C4<0>, C4<0>, C4<0>, C4<0>;
v0x55da59a32100_0 .net "d1", 0 0, L_0x7ff71eb380b8;  1 drivers
L_0x7ff71eb38100 .functor BUFT 1, C4<1>, C4<0>, C4<0>, C4<0>;
v0x55da59a321c0_0 .net "d2", 0 0, L_0x7ff71eb38100;  1 drivers
L_0x7ff71eb38148 .functor BUFT 1, C4<1>, C4<0>, C4<0>, C4<0>;
v0x55da59a32280_0 .net "d3", 0 0, L_0x7ff71eb38148;  1 drivers
v0x55da59a32340_0 .var "out", 0 0;
v0x55da59a32400_0 .net "s0", 0 0, L_0x55da59a42980;  1 drivers
v0x55da59a324c0_0 .net "s1", 0 0, L_0x55da59a428e0;  1 drivers
v0x55da59a32580_0 .net "sel", 1 0, L_0x55da59a42b10;  1 drivers
E_0x55da59a31a80 .event edge, v0x55da59a32580_0;
L_0x55da59a42b10 .concat8 [ 1 1 0 0], L_0x55da59a42c30, L_0x55da59a42a20;
S_0x55da59a32a10 .scope module, "and1" "fpga_and" 5 12, 3 3 0, S_0x55da59a311f0;
 .timescale 0 0;
    .port_info 0 /INPUT 1 "A0";
    .port_info 1 /INPUT 1 "B0";
    .port_info 2 /OUTPUT 1 "out";
v0x55da59a33cb0_0 .net "A0", 0 0, L_0x55da59a443b0;  alias, 1 drivers
v0x55da59a33d70_0 .net "B0", 0 0, v0x55da59a34d80_0;  alias, 1 drivers
v0x55da59a33e40_0 .net "out", 0 0, v0x55da59a33870_0;  alias, 1 drivers
S_0x55da59a32bf0 .scope module, "c2_instance" "c2" 3 5, 4 1 0, S_0x55da59a32a10;
 .timescale 0 0;
    .port_info 0 /INPUT 1 "d0";
    .port_info 1 /INPUT 1 "d1";
    .port_info 2 /INPUT 1 "d2";
    .port_info 3 /INPUT 1 "d3";
    .port_info 4 /INPUT 1 "A0";
    .port_info 5 /INPUT 1 "A1";
    .port_info 6 /INPUT 1 "B0";
    .port_info 7 /INPUT 1 "B1";
    .port_info 8 /OUTPUT 1 "out";
L_0x7ff71eb38340 .functor BUFT 1, C4<1>, C4<0>, C4<0>, C4<0>;
L_0x7ff71eb38388 .functor BUFT 1, C4<0>, C4<0>, C4<0>, C4<0>;
L_0x55da59a42e40 .functor OR 1, L_0x7ff71eb38340, L_0x7ff71eb38388, C4<0>, C4<0>;
L_0x55da59a42ee0 .functor AND 1, L_0x55da59a443b0, v0x55da59a34d80_0, C4<1>, C4<1>;
L_0x55da59a43090 .functor BUFZ 1, L_0x55da59a42ee0, C4<0>, C4<0>, C4<0>;
L_0x55da59a432a0 .functor BUFZ 1, L_0x55da59a42e40, C4<0>, C4<0>, C4<0>;
v0x55da59a32fa0_0 .net "A0", 0 0, L_0x55da59a443b0;  alias, 1 drivers
v0x55da59a33080_0 .net "A1", 0 0, L_0x7ff71eb38340;  1 drivers
v0x55da59a33140_0 .net "B0", 0 0, v0x55da59a34d80_0;  alias, 1 drivers
v0x55da59a33210_0 .net "B1", 0 0, L_0x7ff71eb38388;  1 drivers
v0x55da59a332d0_0 .net *"_ivl_12", 0 0, L_0x55da59a432a0;  1 drivers
v0x55da59a33400_0 .net *"_ivl_7", 0 0, L_0x55da59a43090;  1 drivers
L_0x7ff71eb38220 .functor BUFT 1, C4<0>, C4<0>, C4<0>, C4<0>;
v0x55da59a334e0_0 .net "d0", 0 0, L_0x7ff71eb38220;  1 drivers
L_0x7ff71eb38268 .functor BUFT 1, C4<0>, C4<0>, C4<0>, C4<0>;
v0x55da59a335a0_0 .net "d1", 0 0, L_0x7ff71eb38268;  1 drivers
L_0x7ff71eb382b0 .functor BUFT 1, C4<1>, C4<0>, C4<0>, C4<0>;
v0x55da59a33660_0 .net "d2", 0 0, L_0x7ff71eb382b0;  1 drivers
L_0x7ff71eb382f8 .functor BUFT 1, C4<1>, C4<0>, C4<0>, C4<0>;
v0x55da59a337b0_0 .net "d3", 0 0, L_0x7ff71eb382f8;  1 drivers
v0x55da59a33870_0 .var "out", 0 0;
v0x55da59a33930_0 .net "s0", 0 0, L_0x55da59a42ee0;  1 drivers
v0x55da59a339f0_0 .net "s1", 0 0, L_0x55da59a42e40;  1 drivers
v0x55da59a33ab0_0 .net "sel", 1 0, L_0x55da59a43180;  1 drivers
E_0x55da59a32f20 .event edge, v0x55da59a33ab0_0;
L_0x55da59a43180 .concat8 [ 1 1 0 0], L_0x55da59a432a0, L_0x55da59a43090;
S_0x55da59a33f40 .scope module, "not0" "fpga_not" 5 8, 6 3 0, S_0x55da59a311f0;
 .timescale 0 0;
    .port_info 0 /INPUT 1 "A1";
    .port_info 1 /OUTPUT 1 "out";
v0x55da59a351f0_0 .net "A1", 0 0, L_0x55da59a44220;  alias, 1 drivers
v0x55da59a35340_0 .net "out", 0 0, v0x55da59a34d80_0;  alias, 1 drivers
S_0x55da59a34140 .scope module, "c2_instance" "c2" 6 5, 4 1 0, S_0x55da59a33f40;
 .timescale 0 0;
    .port_info 0 /INPUT 1 "d0";
    .port_info 1 /INPUT 1 "d1";
    .port_info 2 /INPUT 1 "d2";
    .port_info 3 /INPUT 1 "d3";
    .port_info 4 /INPUT 1 "A0";
    .port_info 5 /INPUT 1 "A1";
    .port_info 6 /INPUT 1 "B0";
    .port_info 7 /INPUT 1 "B1";
    .port_info 8 /OUTPUT 1 "out";
L_0x55da59a41680 .functor OR 1, L_0x55da59a44220, L_0x55da59a44220, C4<0>, C4<0>;
L_0x7ff71eb37e30 .functor BUFT 1, C4<0>, C4<0>, C4<0>, C4<0>;
L_0x7ff71eb37e78 .functor BUFT 1, C4<0>, C4<0>, C4<0>, C4<0>;
L_0x55da59a41f20 .functor AND 1, L_0x7ff71eb37e30, L_0x7ff71eb37e78, C4<1>, C4<1>;
L_0x55da59a41f90 .functor BUFZ 1, L_0x55da59a41f20, C4<0>, C4<0>, C4<0>;
L_0x55da59a42170 .functor BUFZ 1, L_0x55da59a41680, C4<0>, C4<0>, C4<0>;
v0x55da59a344d0_0 .net "A0", 0 0, L_0x7ff71eb37e30;  1 drivers
v0x55da59a345b0_0 .net "A1", 0 0, L_0x55da59a44220;  alias, 1 drivers
v0x55da59a346c0_0 .net "B0", 0 0, L_0x7ff71eb37e78;  1 drivers
v0x55da59a34760_0 .net "B1", 0 0, L_0x55da59a44220;  alias, 1 drivers
v0x55da59a34800_0 .net *"_ivl_12", 0 0, L_0x55da59a42170;  1 drivers
v0x55da59a34910_0 .net *"_ivl_7", 0 0, L_0x55da59a41f90;  1 drivers
L_0x7ff71eb37d10 .functor BUFT 1, C4<1>, C4<0>, C4<0>, C4<0>;
v0x55da59a349f0_0 .net "d0", 0 0, L_0x7ff71eb37d10;  1 drivers
L_0x7ff71eb37d58 .functor BUFT 1, C4<0>, C4<0>, C4<0>, C4<0>;
v0x55da59a34ab0_0 .net "d1", 0 0, L_0x7ff71eb37d58;  1 drivers
L_0x7ff71eb37da0 .functor BUFT 1, C4<1>, C4<0>, C4<0>, C4<0>;
v0x55da59a34b70_0 .net "d2", 0 0, L_0x7ff71eb37da0;  1 drivers
L_0x7ff71eb37de8 .functor BUFT 1, C4<0>, C4<0>, C4<0>, C4<0>;
v0x55da59a34cc0_0 .net "d3", 0 0, L_0x7ff71eb37de8;  1 drivers
v0x55da59a34d80_0 .var "out", 0 0;
v0x55da59a34e20_0 .net "s0", 0 0, L_0x55da59a41f20;  1 drivers
v0x55da59a34ee0_0 .net "s1", 0 0, L_0x55da59a41680;  1 drivers
v0x55da59a34fa0_0 .net "sel", 1 0, L_0x55da59a42050;  1 drivers
E_0x55da59a34450 .event edge, v0x55da59a34fa0_0;
L_0x55da59a42050 .concat8 [ 1 1 0 0], L_0x55da59a42170, L_0x55da59a41f90;
S_0x55da59a35440 .scope module, "not1" "fpga_not" 5 9, 6 3 0, S_0x55da59a311f0;
 .timescale 0 0;
    .port_info 0 /INPUT 1 "A1";
    .port_info 1 /OUTPUT 1 "out";
v0x55da59a36690_0 .net "A1", 0 0, L_0x55da59a443b0;  alias, 1 drivers
v0x55da59a367e0_0 .net "out", 0 0, v0x55da59a36220_0;  alias, 1 drivers
S_0x55da59a35610 .scope module, "c2_instance" "c2" 6 5, 4 1 0, S_0x55da59a35440;
 .timescale 0 0;
    .port_info 0 /INPUT 1 "d0";
    .port_info 1 /INPUT 1 "d1";
    .port_info 2 /INPUT 1 "d2";
    .port_info 3 /INPUT 1 "d3";
    .port_info 4 /INPUT 1 "A0";
    .port_info 5 /INPUT 1 "A1";
    .port_info 6 /INPUT 1 "B0";
    .port_info 7 /INPUT 1 "B1";
    .port_info 8 /OUTPUT 1 "out";
L_0x55da59a42380 .functor OR 1, L_0x55da59a443b0, L_0x55da59a443b0, C4<0>, C4<0>;
L_0x7ff71eb37fe0 .functor BUFT 1, C4<0>, C4<0>, C4<0>, C4<0>;
L_0x7ff71eb38028 .functor BUFT 1, C4<0>, C4<0>, C4<0>, C4<0>;
L_0x55da59a423f0 .functor AND 1, L_0x7ff71eb37fe0, L_0x7ff71eb38028, C4<1>, C4<1>;
L_0x55da59a424c0 .functor BUFZ 1, L_0x55da59a423f0, C4<0>, C4<0>, C4<0>;
L_0x55da59a426d0 .functor BUFZ 1, L_0x55da59a42380, C4<0>, C4<0>, C4<0>;
v0x55da59a35970_0 .net "A0", 0 0, L_0x7ff71eb37fe0;  1 drivers
v0x55da59a35a50_0 .net "A1", 0 0, L_0x55da59a443b0;  alias, 1 drivers
v0x55da59a35b60_0 .net "B0", 0 0, L_0x7ff71eb38028;  1 drivers
v0x55da59a35c00_0 .net "B1", 0 0, L_0x55da59a443b0;  alias, 1 drivers
v0x55da59a35ca0_0 .net *"_ivl_12", 0 0, L_0x55da59a426d0;  1 drivers
v0x55da59a35db0_0 .net *"_ivl_7", 0 0, L_0x55da59a424c0;  1 drivers
L_0x7ff71eb37ec0 .functor BUFT 1, C4<1>, C4<0>, C4<0>, C4<0>;
v0x55da59a35e90_0 .net "d0", 0 0, L_0x7ff71eb37ec0;  1 drivers
L_0x7ff71eb37f08 .functor BUFT 1, C4<0>, C4<0>, C4<0>, C4<0>;
v0x55da59a35f50_0 .net "d1", 0 0, L_0x7ff71eb37f08;  1 drivers
L_0x7ff71eb37f50 .functor BUFT 1, C4<1>, C4<0>, C4<0>, C4<0>;
v0x55da59a36010_0 .net "d2", 0 0, L_0x7ff71eb37f50;  1 drivers
L_0x7ff71eb37f98 .functor BUFT 1, C4<0>, C4<0>, C4<0>, C4<0>;
v0x55da59a36160_0 .net "d3", 0 0, L_0x7ff71eb37f98;  1 drivers
v0x55da59a36220_0 .var "out", 0 0;
v0x55da59a362c0_0 .net "s0", 0 0, L_0x55da59a423f0;  1 drivers
v0x55da59a36380_0 .net "s1", 0 0, L_0x55da59a42380;  1 drivers
v0x55da59a36440_0 .net "sel", 1 0, L_0x55da59a425b0;  1 drivers
E_0x55da59a358f0 .event edge, v0x55da59a36440_0;
L_0x55da59a425b0 .concat8 [ 1 1 0 0], L_0x55da59a426d0, L_0x55da59a424c0;
S_0x55da59a368e0 .scope module, "or0" "fpga_or" 5 14, 7 3 0, S_0x55da59a311f0;
 .timescale 0 0;
    .port_info 0 /INPUT 1 "A1";
    .port_info 1 /INPUT 1 "B1";
    .port_info 2 /OUTPUT 1 "out";
v0x55da59a37bb0_0 .net "A1", 0 0, v0x55da59a32340_0;  alias, 1 drivers
v0x55da59a37c70_0 .net "B1", 0 0, v0x55da59a33870_0;  alias, 1 drivers
v0x55da59a37d30_0 .net "out", 0 0, v0x55da59a37770_0;  alias, 1 drivers
S_0x55da59a36ac0 .scope module, "c2_instance" "c2" 7 5, 4 1 0, S_0x55da59a368e0;
 .timescale 0 0;
    .port_info 0 /INPUT 1 "d0";
    .port_info 1 /INPUT 1 "d1";
    .port_info 2 /INPUT 1 "d2";
    .port_info 3 /INPUT 1 "d3";
    .port_info 4 /INPUT 1 "A0";
    .port_info 5 /INPUT 1 "A1";
    .port_info 6 /INPUT 1 "B0";
    .port_info 7 /INPUT 1 "B1";
    .port_info 8 /OUTPUT 1 "out";
L_0x55da59a434b0 .functor OR 1, v0x55da59a32340_0, v0x55da59a33870_0, C4<0>, C4<0>;
L_0x7ff71eb384f0 .functor BUFT 1, C4<0>, C4<0>, C4<0>, C4<0>;
L_0x7ff71eb38538 .functor BUFT 1, C4<0>, C4<0>, C4<0>, C4<0>;
L_0x55da59a43520 .functor AND 1, L_0x7ff71eb384f0, L_0x7ff71eb38538, C4<1>, C4<1>;
L_0x55da59a435f0 .functor BUFZ 1, L_0x55da59a43520, C4<0>, C4<0>, C4<0>;
L_0x55da59a43800 .functor BUFZ 1, L_0x55da59a434b0, C4<0>, C4<0>, C4<0>;
v0x55da59a36e70_0 .net "A0", 0 0, L_0x7ff71eb384f0;  1 drivers
v0x55da59a36f50_0 .net "A1", 0 0, v0x55da59a32340_0;  alias, 1 drivers
v0x55da59a37060_0 .net "B0", 0 0, L_0x7ff71eb38538;  1 drivers
v0x55da59a37100_0 .net "B1", 0 0, v0x55da59a33870_0;  alias, 1 drivers
v0x55da59a371f0_0 .net *"_ivl_12", 0 0, L_0x55da59a43800;  1 drivers
v0x55da59a37300_0 .net *"_ivl_7", 0 0, L_0x55da59a435f0;  1 drivers
L_0x7ff71eb383d0 .functor BUFT 1, C4<0>, C4<0>, C4<0>, C4<0>;
v0x55da59a373e0_0 .net "d0", 0 0, L_0x7ff71eb383d0;  1 drivers
L_0x7ff71eb38418 .functor BUFT 1, C4<1>, C4<0>, C4<0>, C4<0>;
v0x55da59a374a0_0 .net "d1", 0 0, L_0x7ff71eb38418;  1 drivers
L_0x7ff71eb38460 .functor BUFT 1, C4<0>, C4<0>, C4<0>, C4<0>;
v0x55da59a37560_0 .net "d2", 0 0, L_0x7ff71eb38460;  1 drivers
L_0x7ff71eb384a8 .functor BUFT 1, C4<1>, C4<0>, C4<0>, C4<0>;
v0x55da59a376b0_0 .net "d3", 0 0, L_0x7ff71eb384a8;  1 drivers
v0x55da59a37770_0 .var "out", 0 0;
v0x55da59a37830_0 .net "s0", 0 0, L_0x55da59a43520;  1 drivers
v0x55da59a378f0_0 .net "s1", 0 0, L_0x55da59a434b0;  1 drivers
v0x55da59a379b0_0 .net "sel", 1 0, L_0x55da59a436e0;  1 drivers
E_0x55da59a36df0 .event edge, v0x55da59a379b0_0;
L_0x55da59a436e0 .concat8 [ 1 1 0 0], L_0x55da59a43800, L_0x55da59a435f0;
    .scope S_0x55da599ff9d0;
T_0 ;
    %wait E_0x55da5999b6e0;
    %load/vec4 v0x55da59a1d250_0;
    %dup/vec4;
    %pushi/vec4 0, 0, 2;
    %cmp/u;
    %jmp/1 T_0.0, 6;
    %dup/vec4;
    %pushi/vec4 1, 0, 2;
    %cmp/u;
    %jmp/1 T_0.1, 6;
    %dup/vec4;
    %pushi/vec4 2, 0, 2;
    %cmp/u;
    %jmp/1 T_0.2, 6;
    %dup/vec4;
    %pushi/vec4 3, 0, 2;
    %cmp/u;
    %jmp/1 T_0.3, 6;
    %jmp T_0.4;
T_0.0 ;
    %load/vec4 v0x55da59a1cd10_0;
    %assign/vec4 v0x55da59a1d010_0, 0;
    %jmp T_0.4;
T_0.1 ;
    %load/vec4 v0x55da59a1cdd0_0;
    %assign/vec4 v0x55da59a1d010_0, 0;
    %jmp T_0.4;
T_0.2 ;
    %load/vec4 v0x55da59a1ce90_0;
    %assign/vec4 v0x55da59a1d010_0, 0;
    %jmp T_0.4;
T_0.3 ;
    %load/vec4 v0x55da59a1cf50_0;
    %assign/vec4 v0x55da59a1d010_0, 0;
    %jmp T_0.4;
T_0.4 ;
    %pop/vec4 1;
    %jmp T_0;
    .thread T_0, $push;
    .scope S_0x55da59a1d880;
T_1 ;
    %wait E_0x55da5999b9c0;
    %load/vec4 v0x55da59a1e700_0;
    %dup/vec4;
    %pushi/vec4 0, 0, 2;
    %cmp/u;
    %jmp/1 T_1.0, 6;
    %dup/vec4;
    %pushi/vec4 1, 0, 2;
    %cmp/u;
    %jmp/1 T_1.1, 6;
    %dup/vec4;
    %pushi/vec4 2, 0, 2;
    %cmp/u;
    %jmp/1 T_1.2, 6;
    %dup/vec4;
    %pushi/vec4 3, 0, 2;
    %cmp/u;
    %jmp/1 T_1.3, 6;
    %jmp T_1.4;
T_1.0 ;
    %load/vec4 v0x55da59a1e130_0;
    %assign/vec4 v0x55da59a1e4c0_0, 0;
    %jmp T_1.4;
T_1.1 ;
    %load/vec4 v0x55da59a1e1f0_0;
    %assign/vec4 v0x55da59a1e4c0_0, 0;
    %jmp T_1.4;
T_1.2 ;
    %load/vec4 v0x55da59a1e2b0_0;
    %assign/vec4 v0x55da59a1e4c0_0, 0;
    %jmp T_1.4;
T_1.3 ;
    %load/vec4 v0x55da59a1e400_0;
    %assign/vec4 v0x55da59a1e4c0_0, 0;
    %jmp T_1.4;
T_1.4 ;
    %pop/vec4 1;
    %jmp T_1;
    .thread T_1, $push;
    .scope S_0x55da59a26b40;
T_2 ;
    %wait E_0x55da59a26e70;
    %load/vec4 v0x55da59a27a90_0;
    %dup/vec4;
    %pushi/vec4 0, 0, 2;
    %cmp/u;
    %jmp/1 T_2.0, 6;
    %dup/vec4;
    %pushi/vec4 1, 0, 2;
    %cmp/u;
    %jmp/1 T_2.1, 6;
    %dup/vec4;
    %pushi/vec4 2, 0, 2;
    %cmp/u;
    %jmp/1 T_2.2, 6;
    %dup/vec4;
    %pushi/vec4 3, 0, 2;
    %cmp/u;
    %jmp/1 T_2.3, 6;
    %jmp T_2.4;
T_2.0 ;
    %load/vec4 v0x55da59a274c0_0;
    %assign/vec4 v0x55da59a27850_0, 0;
    %jmp T_2.4;
T_2.1 ;
    %load/vec4 v0x55da59a27580_0;
    %assign/vec4 v0x55da59a27850_0, 0;
    %jmp T_2.4;
T_2.2 ;
    %load/vec4 v0x55da59a27640_0;
    %assign/vec4 v0x55da59a27850_0, 0;
    %jmp T_2.4;
T_2.3 ;
    %load/vec4 v0x55da59a27790_0;
    %assign/vec4 v0x55da59a27850_0, 0;
    %jmp T_2.4;
T_2.4 ;
    %pop/vec4 1;
    %jmp T_2;
    .thread T_2, $push;
    .scope S_0x55da59a28090;
T_3 ;
    %wait E_0x55da59a283c0;
    %load/vec4 v0x55da59a28f50_0;
    %dup/vec4;
    %pushi/vec4 0, 0, 2;
    %cmp/u;
    %jmp/1 T_3.0, 6;
    %dup/vec4;
    %pushi/vec4 1, 0, 2;
    %cmp/u;
    %jmp/1 T_3.1, 6;
    %dup/vec4;
    %pushi/vec4 2, 0, 2;
    %cmp/u;
    %jmp/1 T_3.2, 6;
    %dup/vec4;
    %pushi/vec4 3, 0, 2;
    %cmp/u;
    %jmp/1 T_3.3, 6;
    %jmp T_3.4;
T_3.0 ;
    %load/vec4 v0x55da59a28980_0;
    %assign/vec4 v0x55da59a28d10_0, 0;
    %jmp T_3.4;
T_3.1 ;
    %load/vec4 v0x55da59a28a40_0;
    %assign/vec4 v0x55da59a28d10_0, 0;
    %jmp T_3.4;
T_3.2 ;
    %load/vec4 v0x55da59a28b00_0;
    %assign/vec4 v0x55da59a28d10_0, 0;
    %jmp T_3.4;
T_3.3 ;
    %load/vec4 v0x55da59a28c50_0;
    %assign/vec4 v0x55da59a28d10_0, 0;
    %jmp T_3.4;
T_3.4 ;
    %pop/vec4 1;
    %jmp T_3;
    .thread T_3, $push;
    .scope S_0x55da59a295a0;
T_4 ;
    %wait E_0x55da59a298d0;
    %load/vec4 v0x55da59a2a480_0;
    %dup/vec4;
    %pushi/vec4 0, 0, 2;
    %cmp/u;
    %jmp/1 T_4.0, 6;
    %dup/vec4;
    %pushi/vec4 1, 0, 2;
    %cmp/u;
    %jmp/1 T_4.1, 6;
    %dup/vec4;
    %pushi/vec4 2, 0, 2;
    %cmp/u;
    %jmp/1 T_4.2, 6;
    %dup/vec4;
    %pushi/vec4 3, 0, 2;
    %cmp/u;
    %jmp/1 T_4.3, 6;
    %jmp T_4.4;
T_4.0 ;
    %load/vec4 v0x55da59a29eb0_0;
    %assign/vec4 v0x55da59a2a240_0, 0;
    %jmp T_4.4;
T_4.1 ;
    %load/vec4 v0x55da59a29f70_0;
    %assign/vec4 v0x55da59a2a240_0, 0;
    %jmp T_4.4;
T_4.2 ;
    %load/vec4 v0x55da59a2a030_0;
    %assign/vec4 v0x55da59a2a240_0, 0;
    %jmp T_4.4;
T_4.3 ;
    %load/vec4 v0x55da59a2a180_0;
    %assign/vec4 v0x55da59a2a240_0, 0;
    %jmp T_4.4;
T_4.4 ;
    %pop/vec4 1;
    %jmp T_4;
    .thread T_4, $push;
    .scope S_0x55da59a2aae0;
T_5 ;
    %wait E_0x55da59a2ae10;
    %load/vec4 v0x55da59a2b9f0_0;
    %dup/vec4;
    %pushi/vec4 0, 0, 2;
    %cmp/u;
    %jmp/1 T_5.0, 6;
    %dup/vec4;
    %pushi/vec4 1, 0, 2;
    %cmp/u;
    %jmp/1 T_5.1, 6;
    %dup/vec4;
    %pushi/vec4 2, 0, 2;
    %cmp/u;
    %jmp/1 T_5.2, 6;
    %dup/vec4;
    %pushi/vec4 3, 0, 2;
    %cmp/u;
    %jmp/1 T_5.3, 6;
    %jmp T_5.4;
T_5.0 ;
    %load/vec4 v0x55da59a2b420_0;
    %assign/vec4 v0x55da59a2b7b0_0, 0;
    %jmp T_5.4;
T_5.1 ;
    %load/vec4 v0x55da59a2b4e0_0;
    %assign/vec4 v0x55da59a2b7b0_0, 0;
    %jmp T_5.4;
T_5.2 ;
    %load/vec4 v0x55da59a2b5a0_0;
    %assign/vec4 v0x55da59a2b7b0_0, 0;
    %jmp T_5.4;
T_5.3 ;
    %load/vec4 v0x55da59a2b6f0_0;
    %assign/vec4 v0x55da59a2b7b0_0, 0;
    %jmp T_5.4;
T_5.4 ;
    %pop/vec4 1;
    %jmp T_5;
    .thread T_5, $push;
    .scope S_0x55da59a2c010;
T_6 ;
    %wait E_0x55da59a2c340;
    %load/vec4 v0x55da59a2ced0_0;
    %dup/vec4;
    %pushi/vec4 0, 0, 2;
    %cmp/u;
    %jmp/1 T_6.0, 6;
    %dup/vec4;
    %pushi/vec4 1, 0, 2;
    %cmp/u;
    %jmp/1 T_6.1, 6;
    %dup/vec4;
    %pushi/vec4 2, 0, 2;
    %cmp/u;
    %jmp/1 T_6.2, 6;
    %dup/vec4;
    %pushi/vec4 3, 0, 2;
    %cmp/u;
    %jmp/1 T_6.3, 6;
    %jmp T_6.4;
T_6.0 ;
    %load/vec4 v0x55da59a2c900_0;
    %assign/vec4 v0x55da59a2cc90_0, 0;
    %jmp T_6.4;
T_6.1 ;
    %load/vec4 v0x55da59a2c9c0_0;
    %assign/vec4 v0x55da59a2cc90_0, 0;
    %jmp T_6.4;
T_6.2 ;
    %load/vec4 v0x55da59a2ca80_0;
    %assign/vec4 v0x55da59a2cc90_0, 0;
    %jmp T_6.4;
T_6.3 ;
    %load/vec4 v0x55da59a2cbd0_0;
    %assign/vec4 v0x55da59a2cc90_0, 0;
    %jmp T_6.4;
T_6.4 ;
    %pop/vec4 1;
    %jmp T_6;
    .thread T_6, $push;
    .scope S_0x55da59a2d520;
T_7 ;
    %wait E_0x55da59a2d850;
    %load/vec4 v0x55da59a2e3a0_0;
    %dup/vec4;
    %pushi/vec4 0, 0, 2;
    %cmp/u;
    %jmp/1 T_7.0, 6;
    %dup/vec4;
    %pushi/vec4 1, 0, 2;
    %cmp/u;
    %jmp/1 T_7.1, 6;
    %dup/vec4;
    %pushi/vec4 2, 0, 2;
    %cmp/u;
    %jmp/1 T_7.2, 6;
    %dup/vec4;
    %pushi/vec4 3, 0, 2;
    %cmp/u;
    %jmp/1 T_7.3, 6;
    %jmp T_7.4;
T_7.0 ;
    %load/vec4 v0x55da59a2ddd0_0;
    %assign/vec4 v0x55da59a2e160_0, 0;
    %jmp T_7.4;
T_7.1 ;
    %load/vec4 v0x55da59a2de90_0;
    %assign/vec4 v0x55da59a2e160_0, 0;
    %jmp T_7.4;
T_7.2 ;
    %load/vec4 v0x55da59a2df50_0;
    %assign/vec4 v0x55da59a2e160_0, 0;
    %jmp T_7.4;
T_7.3 ;
    %load/vec4 v0x55da59a2e0a0_0;
    %assign/vec4 v0x55da59a2e160_0, 0;
    %jmp T_7.4;
T_7.4 ;
    %pop/vec4 1;
    %jmp T_7;
    .thread T_7, $push;
    .scope S_0x55da59a2e9f0;
T_8 ;
    %wait E_0x55da59a2ed20;
    %load/vec4 v0x55da59a2f8b0_0;
    %dup/vec4;
    %pushi/vec4 0, 0, 2;
    %cmp/u;
    %jmp/1 T_8.0, 6;
    %dup/vec4;
    %pushi/vec4 1, 0, 2;
    %cmp/u;
    %jmp/1 T_8.1, 6;
    %dup/vec4;
    %pushi/vec4 2, 0, 2;
    %cmp/u;
    %jmp/1 T_8.2, 6;
    %dup/vec4;
    %pushi/vec4 3, 0, 2;
    %cmp/u;
    %jmp/1 T_8.3, 6;
    %jmp T_8.4;
T_8.0 ;
    %load/vec4 v0x55da59a2f2e0_0;
    %assign/vec4 v0x55da59a2f670_0, 0;
    %jmp T_8.4;
T_8.1 ;
    %load/vec4 v0x55da59a2f3a0_0;
    %assign/vec4 v0x55da59a2f670_0, 0;
    %jmp T_8.4;
T_8.2 ;
    %load/vec4 v0x55da59a2f460_0;
    %assign/vec4 v0x55da59a2f670_0, 0;
    %jmp T_8.4;
T_8.3 ;
    %load/vec4 v0x55da59a2f5b0_0;
    %assign/vec4 v0x55da59a2f670_0, 0;
    %jmp T_8.4;
T_8.4 ;
    %pop/vec4 1;
    %jmp T_8;
    .thread T_8, $push;
    .scope S_0x55da59a2ff00;
T_9 ;
    %wait E_0x55da59a30230;
    %load/vec4 v0x55da59a30d80_0;
    %dup/vec4;
    %pushi/vec4 0, 0, 2;
    %cmp/u;
    %jmp/1 T_9.0, 6;
    %dup/vec4;
    %pushi/vec4 1, 0, 2;
    %cmp/u;
    %jmp/1 T_9.1, 6;
    %dup/vec4;
    %pushi/vec4 2, 0, 2;
    %cmp/u;
    %jmp/1 T_9.2, 6;
    %dup/vec4;
    %pushi/vec4 3, 0, 2;
    %cmp/u;
    %jmp/1 T_9.3, 6;
    %jmp T_9.4;
T_9.0 ;
    %load/vec4 v0x55da59a307b0_0;
    %assign/vec4 v0x55da59a30b40_0, 0;
    %jmp T_9.4;
T_9.1 ;
    %load/vec4 v0x55da59a30870_0;
    %assign/vec4 v0x55da59a30b40_0, 0;
    %jmp T_9.4;
T_9.2 ;
    %load/vec4 v0x55da59a30930_0;
    %assign/vec4 v0x55da59a30b40_0, 0;
    %jmp T_9.4;
T_9.3 ;
    %load/vec4 v0x55da59a30a80_0;
    %assign/vec4 v0x55da59a30b40_0, 0;
    %jmp T_9.4;
T_9.4 ;
    %pop/vec4 1;
    %jmp T_9;
    .thread T_9, $push;
    .scope S_0x55da59a1ed60;
T_10 ;
    %wait E_0x55da5999b840;
    %load/vec4 v0x55da59a1fbc0_0;
    %dup/vec4;
    %pushi/vec4 0, 0, 2;
    %cmp/u;
    %jmp/1 T_10.0, 6;
    %dup/vec4;
    %pushi/vec4 1, 0, 2;
    %cmp/u;
    %jmp/1 T_10.1, 6;
    %dup/vec4;
    %pushi/vec4 2, 0, 2;
    %cmp/u;
    %jmp/1 T_10.2, 6;
    %dup/vec4;
    %pushi/vec4 3, 0, 2;
    %cmp/u;
    %jmp/1 T_10.3, 6;
    %jmp T_10.4;
T_10.0 ;
    %load/vec4 v0x55da59a1f5f0_0;
    %assign/vec4 v0x55da59a1f980_0, 0;
    %jmp T_10.4;
T_10.1 ;
    %load/vec4 v0x55da59a1f6b0_0;
    %assign/vec4 v0x55da59a1f980_0, 0;
    %jmp T_10.4;
T_10.2 ;
    %load/vec4 v0x55da59a1f770_0;
    %assign/vec4 v0x55da59a1f980_0, 0;
    %jmp T_10.4;
T_10.3 ;
    %load/vec4 v0x55da59a1f8c0_0;
    %assign/vec4 v0x55da59a1f980_0, 0;
    %jmp T_10.4;
T_10.4 ;
    %pop/vec4 1;
    %jmp T_10;
    .thread T_10, $push;
    .scope S_0x55da59a20230;
T_11 ;
    %wait E_0x55da5999bd10;
    %load/vec4 v0x55da59a210e0_0;
    %dup/vec4;
    %pushi/vec4 0, 0, 2;
    %cmp/u;
    %jmp/1 T_11.0, 6;
    %dup/vec4;
    %pushi/vec4 1, 0, 2;
    %cmp/u;
    %jmp/1 T_11.1, 6;
    %dup/vec4;
    %pushi/vec4 2, 0, 2;
    %cmp/u;
    %jmp/1 T_11.2, 6;
    %dup/vec4;
    %pushi/vec4 3, 0, 2;
    %cmp/u;
    %jmp/1 T_11.3, 6;
    %jmp T_11.4;
T_11.0 ;
    %load/vec4 v0x55da59a20b10_0;
    %assign/vec4 v0x55da59a20ea0_0, 0;
    %jmp T_11.4;
T_11.1 ;
    %load/vec4 v0x55da59a20bd0_0;
    %assign/vec4 v0x55da59a20ea0_0, 0;
    %jmp T_11.4;
T_11.2 ;
    %load/vec4 v0x55da59a20c90_0;
    %assign/vec4 v0x55da59a20ea0_0, 0;
    %jmp T_11.4;
T_11.3 ;
    %load/vec4 v0x55da59a20de0_0;
    %assign/vec4 v0x55da59a20ea0_0, 0;
    %jmp T_11.4;
T_11.4 ;
    %pop/vec4 1;
    %jmp T_11;
    .thread T_11, $push;
    .scope S_0x55da59a21760;
T_12 ;
    %wait E_0x55da599859b0;
    %load/vec4 v0x55da59a225e0_0;
    %dup/vec4;
    %pushi/vec4 0, 0, 2;
    %cmp/u;
    %jmp/1 T_12.0, 6;
    %dup/vec4;
    %pushi/vec4 1, 0, 2;
    %cmp/u;
    %jmp/1 T_12.1, 6;
    %dup/vec4;
    %pushi/vec4 2, 0, 2;
    %cmp/u;
    %jmp/1 T_12.2, 6;
    %dup/vec4;
    %pushi/vec4 3, 0, 2;
    %cmp/u;
    %jmp/1 T_12.3, 6;
    %jmp T_12.4;
T_12.0 ;
    %load/vec4 v0x55da59a22010_0;
    %assign/vec4 v0x55da59a223a0_0, 0;
    %jmp T_12.4;
T_12.1 ;
    %load/vec4 v0x55da59a220d0_0;
    %assign/vec4 v0x55da59a223a0_0, 0;
    %jmp T_12.4;
T_12.2 ;
    %load/vec4 v0x55da59a22190_0;
    %assign/vec4 v0x55da59a223a0_0, 0;
    %jmp T_12.4;
T_12.3 ;
    %load/vec4 v0x55da59a222e0_0;
    %assign/vec4 v0x55da59a223a0_0, 0;
    %jmp T_12.4;
T_12.4 ;
    %pop/vec4 1;
    %jmp T_12;
    .thread T_12, $push;
    .scope S_0x55da59a22c10;
T_13 ;
    %wait E_0x55da59a123f0;
    %load/vec4 v0x55da59a23ac0_0;
    %dup/vec4;
    %pushi/vec4 0, 0, 2;
    %cmp/u;
    %jmp/1 T_13.0, 6;
    %dup/vec4;
    %pushi/vec4 1, 0, 2;
    %cmp/u;
    %jmp/1 T_13.1, 6;
    %dup/vec4;
    %pushi/vec4 2, 0, 2;
    %cmp/u;
    %jmp/1 T_13.2, 6;
    %dup/vec4;
    %pushi/vec4 3, 0, 2;
    %cmp/u;
    %jmp/1 T_13.3, 6;
    %jmp T_13.4;
T_13.0 ;
    %load/vec4 v0x55da59a234f0_0;
    %assign/vec4 v0x55da59a23880_0, 0;
    %jmp T_13.4;
T_13.1 ;
    %load/vec4 v0x55da59a235b0_0;
    %assign/vec4 v0x55da59a23880_0, 0;
    %jmp T_13.4;
T_13.2 ;
    %load/vec4 v0x55da59a23670_0;
    %assign/vec4 v0x55da59a23880_0, 0;
    %jmp T_13.4;
T_13.3 ;
    %load/vec4 v0x55da59a237c0_0;
    %assign/vec4 v0x55da59a23880_0, 0;
    %jmp T_13.4;
T_13.4 ;
    %pop/vec4 1;
    %jmp T_13;
    .thread T_13, $push;
    .scope S_0x55da59a240e0;
T_14 ;
    %wait E_0x55da59a24410;
    %load/vec4 v0x55da59a24fc0_0;
    %dup/vec4;
    %pushi/vec4 0, 0, 2;
    %cmp/u;
    %jmp/1 T_14.0, 6;
    %dup/vec4;
    %pushi/vec4 1, 0, 2;
    %cmp/u;
    %jmp/1 T_14.1, 6;
    %dup/vec4;
    %pushi/vec4 2, 0, 2;
    %cmp/u;
    %jmp/1 T_14.2, 6;
    %dup/vec4;
    %pushi/vec4 3, 0, 2;
    %cmp/u;
    %jmp/1 T_14.3, 6;
    %jmp T_14.4;
T_14.0 ;
    %load/vec4 v0x55da59a249f0_0;
    %assign/vec4 v0x55da59a24d80_0, 0;
    %jmp T_14.4;
T_14.1 ;
    %load/vec4 v0x55da59a24ab0_0;
    %assign/vec4 v0x55da59a24d80_0, 0;
    %jmp T_14.4;
T_14.2 ;
    %load/vec4 v0x55da59a24b70_0;
    %assign/vec4 v0x55da59a24d80_0, 0;
    %jmp T_14.4;
T_14.3 ;
    %load/vec4 v0x55da59a24cc0_0;
    %assign/vec4 v0x55da59a24d80_0, 0;
    %jmp T_14.4;
T_14.4 ;
    %pop/vec4 1;
    %jmp T_14;
    .thread T_14, $push;
    .scope S_0x55da59a25610;
T_15 ;
    %wait E_0x55da59a25940;
    %load/vec4 v0x55da59a264b0_0;
    %dup/vec4;
    %pushi/vec4 0, 0, 2;
    %cmp/u;
    %jmp/1 T_15.0, 6;
    %dup/vec4;
    %pushi/vec4 1, 0, 2;
    %cmp/u;
    %jmp/1 T_15.1, 6;
    %dup/vec4;
    %pushi/vec4 2, 0, 2;
    %cmp/u;
    %jmp/1 T_15.2, 6;
    %dup/vec4;
    %pushi/vec4 3, 0, 2;
    %cmp/u;
    %jmp/1 T_15.3, 6;
    %jmp T_15.4;
T_15.0 ;
    %load/vec4 v0x55da59a25ee0_0;
    %assign/vec4 v0x55da59a26270_0, 0;
    %jmp T_15.4;
T_15.1 ;
    %load/vec4 v0x55da59a25fa0_0;
    %assign/vec4 v0x55da59a26270_0, 0;
    %jmp T_15.4;
T_15.2 ;
    %load/vec4 v0x55da59a26060_0;
    %assign/vec4 v0x55da59a26270_0, 0;
    %jmp T_15.4;
T_15.3 ;
    %load/vec4 v0x55da59a261b0_0;
    %assign/vec4 v0x55da59a26270_0, 0;
    %jmp T_15.4;
T_15.4 ;
    %pop/vec4 1;
    %jmp T_15;
    .thread T_15, $push;
    .scope S_0x55da59a34140;
T_16 ;
    %wait E_0x55da59a34450;
    %load/vec4 v0x55da59a34fa0_0;
    %dup/vec4;
    %pushi/vec4 0, 0, 2;
    %cmp/u;
    %jmp/1 T_16.0, 6;
    %dup/vec4;
    %pushi/vec4 1, 0, 2;
    %cmp/u;
    %jmp/1 T_16.1, 6;
    %dup/vec4;
    %pushi/vec4 2, 0, 2;
    %cmp/u;
    %jmp/1 T_16.2, 6;
    %dup/vec4;
    %pushi/vec4 3, 0, 2;
    %cmp/u;
    %jmp/1 T_16.3, 6;
    %jmp T_16.4;
T_16.0 ;
    %load/vec4 v0x55da59a349f0_0;
    %assign/vec4 v0x55da59a34d80_0, 0;
    %jmp T_16.4;
T_16.1 ;
    %load/vec4 v0x55da59a34ab0_0;
    %assign/vec4 v0x55da59a34d80_0, 0;
    %jmp T_16.4;
T_16.2 ;
    %load/vec4 v0x55da59a34b70_0;
    %assign/vec4 v0x55da59a34d80_0, 0;
    %jmp T_16.4;
T_16.3 ;
    %load/vec4 v0x55da59a34cc0_0;
    %assign/vec4 v0x55da59a34d80_0, 0;
    %jmp T_16.4;
T_16.4 ;
    %pop/vec4 1;
    %jmp T_16;
    .thread T_16, $push;
    .scope S_0x55da59a35610;
T_17 ;
    %wait E_0x55da59a358f0;
    %load/vec4 v0x55da59a36440_0;
    %dup/vec4;
    %pushi/vec4 0, 0, 2;
    %cmp/u;
    %jmp/1 T_17.0, 6;
    %dup/vec4;
    %pushi/vec4 1, 0, 2;
    %cmp/u;
    %jmp/1 T_17.1, 6;
    %dup/vec4;
    %pushi/vec4 2, 0, 2;
    %cmp/u;
    %jmp/1 T_17.2, 6;
    %dup/vec4;
    %pushi/vec4 3, 0, 2;
    %cmp/u;
    %jmp/1 T_17.3, 6;
    %jmp T_17.4;
T_17.0 ;
    %load/vec4 v0x55da59a35e90_0;
    %assign/vec4 v0x55da59a36220_0, 0;
    %jmp T_17.4;
T_17.1 ;
    %load/vec4 v0x55da59a35f50_0;
    %assign/vec4 v0x55da59a36220_0, 0;
    %jmp T_17.4;
T_17.2 ;
    %load/vec4 v0x55da59a36010_0;
    %assign/vec4 v0x55da59a36220_0, 0;
    %jmp T_17.4;
T_17.3 ;
    %load/vec4 v0x55da59a36160_0;
    %assign/vec4 v0x55da59a36220_0, 0;
    %jmp T_17.4;
T_17.4 ;
    %pop/vec4 1;
    %jmp T_17;
    .thread T_17, $push;
    .scope S_0x55da59a31750;
T_18 ;
    %wait E_0x55da59a31a80;
    %load/vec4 v0x55da59a32580_0;
    %dup/vec4;
    %pushi/vec4 0, 0, 2;
    %cmp/u;
    %jmp/1 T_18.0, 6;
    %dup/vec4;
    %pushi/vec4 1, 0, 2;
    %cmp/u;
    %jmp/1 T_18.1, 6;
    %dup/vec4;
    %pushi/vec4 2, 0, 2;
    %cmp/u;
    %jmp/1 T_18.2, 6;
    %dup/vec4;
    %pushi/vec4 3, 0, 2;
    %cmp/u;
    %jmp/1 T_18.3, 6;
    %jmp T_18.4;
T_18.0 ;
    %load/vec4 v0x55da59a32040_0;
    %assign/vec4 v0x55da59a32340_0, 0;
    %jmp T_18.4;
T_18.1 ;
    %load/vec4 v0x55da59a32100_0;
    %assign/vec4 v0x55da59a32340_0, 0;
    %jmp T_18.4;
T_18.2 ;
    %load/vec4 v0x55da59a321c0_0;
    %assign/vec4 v0x55da59a32340_0, 0;
    %jmp T_18.4;
T_18.3 ;
    %load/vec4 v0x55da59a32280_0;
    %assign/vec4 v0x55da59a32340_0, 0;
    %jmp T_18.4;
T_18.4 ;
    %pop/vec4 1;
    %jmp T_18;
    .thread T_18, $push;
    .scope S_0x55da59a32bf0;
T_19 ;
    %wait E_0x55da59a32f20;
    %load/vec4 v0x55da59a33ab0_0;
    %dup/vec4;
    %pushi/vec4 0, 0, 2;
    %cmp/u;
    %jmp/1 T_19.0, 6;
    %dup/vec4;
    %pushi/vec4 1, 0, 2;
    %cmp/u;
    %jmp/1 T_19.1, 6;
    %dup/vec4;
    %pushi/vec4 2, 0, 2;
    %cmp/u;
    %jmp/1 T_19.2, 6;
    %dup/vec4;
    %pushi/vec4 3, 0, 2;
    %cmp/u;
    %jmp/1 T_19.3, 6;
    %jmp T_19.4;
T_19.0 ;
    %load/vec4 v0x55da59a334e0_0;
    %assign/vec4 v0x55da59a33870_0, 0;
    %jmp T_19.4;
T_19.1 ;
    %load/vec4 v0x55da59a335a0_0;
    %assign/vec4 v0x55da59a33870_0, 0;
    %jmp T_19.4;
T_19.2 ;
    %load/vec4 v0x55da59a33660_0;
    %assign/vec4 v0x55da59a33870_0, 0;
    %jmp T_19.4;
T_19.3 ;
    %load/vec4 v0x55da59a337b0_0;
    %assign/vec4 v0x55da59a33870_0, 0;
    %jmp T_19.4;
T_19.4 ;
    %pop/vec4 1;
    %jmp T_19;
    .thread T_19, $push;
    .scope S_0x55da59a36ac0;
T_20 ;
    %wait E_0x55da59a36df0;
    %load/vec4 v0x55da59a379b0_0;
    %dup/vec4;
    %pushi/vec4 0, 0, 2;
    %cmp/u;
    %jmp/1 T_20.0, 6;
    %dup/vec4;
    %pushi/vec4 1, 0, 2;
    %cmp/u;
    %jmp/1 T_20.1, 6;
    %dup/vec4;
    %pushi/vec4 2, 0, 2;
    %cmp/u;
    %jmp/1 T_20.2, 6;
    %dup/vec4;
    %pushi/vec4 3, 0, 2;
    %cmp/u;
    %jmp/1 T_20.3, 6;
    %jmp T_20.4;
T_20.0 ;
    %load/vec4 v0x55da59a373e0_0;
    %assign/vec4 v0x55da59a37770_0, 0;
    %jmp T_20.4;
T_20.1 ;
    %load/vec4 v0x55da59a374a0_0;
    %assign/vec4 v0x55da59a37770_0, 0;
    %jmp T_20.4;
T_20.2 ;
    %load/vec4 v0x55da59a37560_0;
    %assign/vec4 v0x55da59a37770_0, 0;
    %jmp T_20.4;
T_20.3 ;
    %load/vec4 v0x55da59a376b0_0;
    %assign/vec4 v0x55da59a37770_0, 0;
    %jmp T_20.4;
T_20.4 ;
    %pop/vec4 1;
    %jmp T_20;
    .thread T_20, $push;
# The file index is used to find the file name in the following table.
:file_names 8;
    "N/A";
    "<interactive>";
    "mult.v";
    "./and.v";
    "./c2.v";
    "./xor.v";
    "./not.v";
    "./or.v";
