#! /usr/bin/vvp
:ivl_version "11.0 (stable)";
:ivl_delay_selection "TYPICAL";
:vpi_time_precision + 0;
:vpi_module "/usr/lib/x86_64-linux-gnu/ivl/system.vpi";
:vpi_module "/usr/lib/x86_64-linux-gnu/ivl/vhdl_sys.vpi";
:vpi_module "/usr/lib/x86_64-linux-gnu/ivl/vhdl_textio.vpi";
:vpi_module "/usr/lib/x86_64-linux-gnu/ivl/v2005_math.vpi";
:vpi_module "/usr/lib/x86_64-linux-gnu/ivl/va_math.vpi";
S_0x558a98361580 .scope module, "fpga_not" "fpga_not" 2 3;
 .timescale 0 0;
    .port_info 0 /INPUT 1 "A1";
    .port_info 1 /OUTPUT 1 "out";
o0x7f455dce8048 .functor BUFZ 1, C4<z>; HiZ drive
v0x558a98386f60_0 .net "A1", 0 0, o0x7f455dce8048;  0 drivers
v0x558a98387020_0 .net "out", 0 0, v0x558a98386b20_0;  1 drivers
S_0x558a98374790 .scope module, "c2_instance" "c2" 2 5, 3 1 0, S_0x558a98361580;
 .timescale 0 0;
    .port_info 0 /INPUT 1 "d0";
    .port_info 1 /INPUT 1 "d1";
    .port_info 2 /INPUT 1 "d2";
    .port_info 3 /INPUT 1 "d3";
    .port_info 4 /INPUT 1 "A0";
    .port_info 5 /INPUT 1 "A1";
    .port_info 6 /INPUT 1 "B0";
    .port_info 7 /INPUT 1 "B1";
    .port_info 8 /OUTPUT 1 "out";
L_0x558a98387100 .functor OR 1, o0x7f455dce8048, o0x7f455dce8048, C4<0>, C4<0>;
L_0x7f455dc9f138 .functor BUFT 1, C4<0>, C4<0>, C4<0>, C4<0>;
L_0x7f455dc9f180 .functor BUFT 1, C4<0>, C4<0>, C4<0>, C4<0>;
L_0x558a98387200 .functor AND 1, L_0x7f455dc9f138, L_0x7f455dc9f180, C4<1>, C4<1>;
L_0x558a98387290 .functor BUFZ 1, L_0x558a98387200, C4<0>, C4<0>, C4<0>;
L_0x558a98387450 .functor BUFZ 1, L_0x558a98387100, C4<0>, C4<0>, C4<0>;
v0x558a98374a50_0 .net "A0", 0 0, L_0x7f455dc9f138;  1 drivers
v0x558a983863a0_0 .net "A1", 0 0, o0x7f455dce8048;  alias, 0 drivers
v0x558a98386460_0 .net "B0", 0 0, L_0x7f455dc9f180;  1 drivers
v0x558a98386500_0 .net "B1", 0 0, o0x7f455dce8048;  alias, 0 drivers
v0x558a983865a0_0 .net *"_ivl_12", 0 0, L_0x558a98387450;  1 drivers
v0x558a983866b0_0 .net *"_ivl_7", 0 0, L_0x558a98387290;  1 drivers
L_0x7f455dc9f018 .functor BUFT 1, C4<1>, C4<0>, C4<0>, C4<0>;
v0x558a98386790_0 .net "d0", 0 0, L_0x7f455dc9f018;  1 drivers
L_0x7f455dc9f060 .functor BUFT 1, C4<0>, C4<0>, C4<0>, C4<0>;
v0x558a98386850_0 .net "d1", 0 0, L_0x7f455dc9f060;  1 drivers
L_0x7f455dc9f0a8 .functor BUFT 1, C4<1>, C4<0>, C4<0>, C4<0>;
v0x558a98386910_0 .net "d2", 0 0, L_0x7f455dc9f0a8;  1 drivers
L_0x7f455dc9f0f0 .functor BUFT 1, C4<0>, C4<0>, C4<0>, C4<0>;
v0x558a98386a60_0 .net "d3", 0 0, L_0x7f455dc9f0f0;  1 drivers
v0x558a98386b20_0 .var "out", 0 0;
v0x558a98386be0_0 .net "s0", 0 0, L_0x558a98387200;  1 drivers
v0x558a98386ca0_0 .net "s1", 0 0, L_0x558a98387100;  1 drivers
v0x558a98386d60_0 .net "sel", 1 0, L_0x558a98387330;  1 drivers
E_0x558a98372c90 .event edge, v0x558a98386d60_0;
L_0x558a98387330 .concat8 [ 1 1 0 0], L_0x558a98387450, L_0x558a98387290;
    .scope S_0x558a98374790;
T_0 ;
    %wait E_0x558a98372c90;
    %load/vec4 v0x558a98386d60_0;
    %dup/vec4;
    %pushi/vec4 0, 0, 2;
    %cmp/u;
    %jmp/1 T_0.0, 6;
    %dup/vec4;
    %pushi/vec4 1, 0, 2;
    %cmp/u;
    %jmp/1 T_0.1, 6;
    %dup/vec4;
    %pushi/vec4 2, 0, 2;
    %cmp/u;
    %jmp/1 T_0.2, 6;
    %dup/vec4;
    %pushi/vec4 3, 0, 2;
    %cmp/u;
    %jmp/1 T_0.3, 6;
    %jmp T_0.4;
T_0.0 ;
    %load/vec4 v0x558a98386790_0;
    %assign/vec4 v0x558a98386b20_0, 0;
    %jmp T_0.4;
T_0.1 ;
    %load/vec4 v0x558a98386850_0;
    %assign/vec4 v0x558a98386b20_0, 0;
    %jmp T_0.4;
T_0.2 ;
    %load/vec4 v0x558a98386910_0;
    %assign/vec4 v0x558a98386b20_0, 0;
    %jmp T_0.4;
T_0.3 ;
    %load/vec4 v0x558a98386a60_0;
    %assign/vec4 v0x558a98386b20_0, 0;
    %jmp T_0.4;
T_0.4 ;
    %pop/vec4 1;
    %jmp T_0;
    .thread T_0, $push;
# The file index is used to find the file name in the following table.
:file_names 4;
    "N/A";
    "<interactive>";
    "not.v";
    "./c2.v";
