#! /usr/bin/vvp
:ivl_version "11.0 (stable)";
:ivl_delay_selection "TYPICAL";
:vpi_time_precision + 0;
:vpi_module "/usr/lib/x86_64-linux-gnu/ivl/system.vpi";
:vpi_module "/usr/lib/x86_64-linux-gnu/ivl/vhdl_sys.vpi";
:vpi_module "/usr/lib/x86_64-linux-gnu/ivl/vhdl_textio.vpi";
:vpi_module "/usr/lib/x86_64-linux-gnu/ivl/v2005_math.vpi";
:vpi_module "/usr/lib/x86_64-linux-gnu/ivl/va_math.vpi";
S_0x55ceb5933d90 .scope module, "not_tb" "not_tb" 2 3;
 .timescale 0 0;
v0x55ceb595bee0_0 .var "A1", 0 0;
v0x55ceb595bf80_0 .net "out", 0 0, v0x55ceb595b900_0;  1 drivers
S_0x55ceb59467d0 .scope module, "not0" "fpga_not" 2 8, 3 3 0, S_0x55ceb5933d90;
 .timescale 0 0;
    .port_info 0 /INPUT 1 "A1";
    .port_info 1 /OUTPUT 1 "out";
v0x55ceb595bd40_0 .net "A1", 0 0, v0x55ceb595bee0_0;  1 drivers
v0x55ceb595be00_0 .net "out", 0 0, v0x55ceb595b900_0;  alias, 1 drivers
S_0x55ceb5946960 .scope module, "c2_instance" "c2" 3 5, 4 1 0, S_0x55ceb59467d0;
 .timescale 0 0;
    .port_info 0 /INPUT 1 "d0";
    .port_info 1 /INPUT 1 "d1";
    .port_info 2 /INPUT 1 "d2";
    .port_info 3 /INPUT 1 "d3";
    .port_info 4 /INPUT 1 "A0";
    .port_info 5 /INPUT 1 "A1";
    .port_info 6 /INPUT 1 "B0";
    .port_info 7 /INPUT 1 "B1";
    .port_info 8 /OUTPUT 1 "out";
L_0x55ceb595c090 .functor OR 1, v0x55ceb595bee0_0, v0x55ceb595bee0_0, C4<0>, C4<0>;
L_0x7f5b2c09f138 .functor BUFT 1, C4<0>, C4<0>, C4<0>, C4<0>;
L_0x7f5b2c09f180 .functor BUFT 1, C4<0>, C4<0>, C4<0>, C4<0>;
L_0x55ceb595c100 .functor AND 1, L_0x7f5b2c09f138, L_0x7f5b2c09f180, C4<1>, C4<1>;
L_0x55ceb595c190 .functor BUFZ 1, L_0x55ceb595c100, C4<0>, C4<0>, C4<0>;
L_0x55ceb595c320 .functor BUFZ 1, L_0x55ceb595c090, C4<0>, C4<0>, C4<0>;
v0x55ceb5947a80_0 .net "A0", 0 0, L_0x7f5b2c09f138;  1 drivers
v0x55ceb595b210_0 .net "A1", 0 0, v0x55ceb595bee0_0;  alias, 1 drivers
v0x55ceb595b2d0_0 .net "B0", 0 0, L_0x7f5b2c09f180;  1 drivers
v0x55ceb595b370_0 .net "B1", 0 0, v0x55ceb595bee0_0;  alias, 1 drivers
v0x55ceb595b410_0 .net *"_ivl_12", 0 0, L_0x55ceb595c320;  1 drivers
v0x55ceb595b520_0 .net *"_ivl_7", 0 0, L_0x55ceb595c190;  1 drivers
L_0x7f5b2c09f018 .functor BUFT 1, C4<1>, C4<0>, C4<0>, C4<0>;
v0x55ceb595b600_0 .net "d0", 0 0, L_0x7f5b2c09f018;  1 drivers
L_0x7f5b2c09f060 .functor BUFT 1, C4<0>, C4<0>, C4<0>, C4<0>;
v0x55ceb595b6c0_0 .net "d1", 0 0, L_0x7f5b2c09f060;  1 drivers
L_0x7f5b2c09f0a8 .functor BUFT 1, C4<1>, C4<0>, C4<0>, C4<0>;
v0x55ceb595b780_0 .net "d2", 0 0, L_0x7f5b2c09f0a8;  1 drivers
L_0x7f5b2c09f0f0 .functor BUFT 1, C4<0>, C4<0>, C4<0>, C4<0>;
v0x55ceb595b840_0 .net "d3", 0 0, L_0x7f5b2c09f0f0;  1 drivers
v0x55ceb595b900_0 .var "out", 0 0;
v0x55ceb595b9c0_0 .net "s0", 0 0, L_0x55ceb595c100;  1 drivers
v0x55ceb595ba80_0 .net "s1", 0 0, L_0x55ceb595c090;  1 drivers
v0x55ceb595bb40_0 .net "sel", 1 0, L_0x55ceb595c200;  1 drivers
E_0x55ceb5944800 .event edge, v0x55ceb595bb40_0;
L_0x55ceb595c200 .concat8 [ 1 1 0 0], L_0x55ceb595c320, L_0x55ceb595c190;
    .scope S_0x55ceb5946960;
T_0 ;
    %wait E_0x55ceb5944800;
    %load/vec4 v0x55ceb595bb40_0;
    %dup/vec4;
    %pushi/vec4 0, 0, 2;
    %cmp/u;
    %jmp/1 T_0.0, 6;
    %dup/vec4;
    %pushi/vec4 1, 0, 2;
    %cmp/u;
    %jmp/1 T_0.1, 6;
    %dup/vec4;
    %pushi/vec4 2, 0, 2;
    %cmp/u;
    %jmp/1 T_0.2, 6;
    %dup/vec4;
    %pushi/vec4 3, 0, 2;
    %cmp/u;
    %jmp/1 T_0.3, 6;
    %jmp T_0.4;
T_0.0 ;
    %load/vec4 v0x55ceb595b600_0;
    %assign/vec4 v0x55ceb595b900_0, 0;
    %jmp T_0.4;
T_0.1 ;
    %load/vec4 v0x55ceb595b6c0_0;
    %assign/vec4 v0x55ceb595b900_0, 0;
    %jmp T_0.4;
T_0.2 ;
    %load/vec4 v0x55ceb595b780_0;
    %assign/vec4 v0x55ceb595b900_0, 0;
    %jmp T_0.4;
T_0.3 ;
    %load/vec4 v0x55ceb595b840_0;
    %assign/vec4 v0x55ceb595b900_0, 0;
    %jmp T_0.4;
T_0.4 ;
    %pop/vec4 1;
    %jmp T_0;
    .thread T_0, $push;
    .scope S_0x55ceb5933d90;
T_1 ;
    %vpi_call 2 12 "$dumpfile", "not.vcd" {0 0 0};
    %vpi_call 2 13 "$dumpvars", 32'sb00000000000000000000000000000000, S_0x55ceb5933d90 {0 0 0};
    %pushi/vec4 0, 0, 1;
    %store/vec4 v0x55ceb595bee0_0, 0, 1;
    %delay 20, 0;
    %pushi/vec4 1, 0, 1;
    %store/vec4 v0x55ceb595bee0_0, 0, 1;
    %delay 20, 0;
    %pushi/vec4 0, 0, 1;
    %store/vec4 v0x55ceb595bee0_0, 0, 1;
    %delay 20, 0;
    %pushi/vec4 1, 0, 1;
    %store/vec4 v0x55ceb595bee0_0, 0, 1;
    %delay 20, 0;
    %end;
    .thread T_1;
# The file index is used to find the file name in the following table.
:file_names 5;
    "N/A";
    "<interactive>";
    "not_tb.v";
    "./not.v";
    "./c2.v";
