#! /usr/bin/vvp
:ivl_version "11.0 (stable)";
:ivl_delay_selection "TYPICAL";
:vpi_time_precision + 0;
:vpi_module "/usr/lib/x86_64-linux-gnu/ivl/system.vpi";
:vpi_module "/usr/lib/x86_64-linux-gnu/ivl/vhdl_sys.vpi";
:vpi_module "/usr/lib/x86_64-linux-gnu/ivl/vhdl_textio.vpi";
:vpi_module "/usr/lib/x86_64-linux-gnu/ivl/v2005_math.vpi";
:vpi_module "/usr/lib/x86_64-linux-gnu/ivl/va_math.vpi";
S_0x5593f5a0e790 .scope module, "fpga_or" "fpga_or" 2 3;
 .timescale 0 0;
    .port_info 0 /INPUT 1 "A1";
    .port_info 1 /INPUT 1 "B1";
    .port_info 2 /OUTPUT 1 "out";
o0x7f85fa059048 .functor BUFZ 1, C4<z>; HiZ drive
v0x5593f5a213e0_0 .net "A1", 0 0, o0x7f85fa059048;  0 drivers
o0x7f85fa0590a8 .functor BUFZ 1, C4<z>; HiZ drive
v0x5593f5a214a0_0 .net "B1", 0 0, o0x7f85fa0590a8;  0 drivers
v0x5593f5a21540_0 .net "out", 0 0, v0x5593f5a20fa0_0;  1 drivers
S_0x5593f5a0e920 .scope module, "c2_instance" "c2" 2 5, 3 1 0, S_0x5593f5a0e790;
 .timescale 0 0;
    .port_info 0 /INPUT 1 "d0";
    .port_info 1 /INPUT 1 "d1";
    .port_info 2 /INPUT 1 "d2";
    .port_info 3 /INPUT 1 "d3";
    .port_info 4 /INPUT 1 "A0";
    .port_info 5 /INPUT 1 "A1";
    .port_info 6 /INPUT 1 "B0";
    .port_info 7 /INPUT 1 "B1";
    .port_info 8 /OUTPUT 1 "out";
L_0x5593f5a215e0 .functor OR 1, o0x7f85fa059048, o0x7f85fa0590a8, C4<0>, C4<0>;
L_0x7f85f9db7138 .functor BUFT 1, C4<0>, C4<0>, C4<0>, C4<0>;
L_0x7f85f9db7180 .functor BUFT 1, C4<0>, C4<0>, C4<0>, C4<0>;
L_0x5593f5a216a0 .functor AND 1, L_0x7f85f9db7138, L_0x7f85f9db7180, C4<1>, C4<1>;
L_0x5593f5a21760 .functor BUFZ 1, L_0x5593f5a216a0, C4<0>, C4<0>, C4<0>;
L_0x5593f5a21970 .functor BUFZ 1, L_0x5593f5a215e0, C4<0>, C4<0>, C4<0>;
v0x5593f5a0eb50_0 .net "A0", 0 0, L_0x7f85f9db7138;  1 drivers
v0x5593f5a207e0_0 .net "A1", 0 0, o0x7f85fa059048;  alias, 0 drivers
v0x5593f5a208a0_0 .net "B0", 0 0, L_0x7f85f9db7180;  1 drivers
v0x5593f5a20940_0 .net "B1", 0 0, o0x7f85fa0590a8;  alias, 0 drivers
v0x5593f5a20a00_0 .net *"_ivl_12", 0 0, L_0x5593f5a21970;  1 drivers
v0x5593f5a20b30_0 .net *"_ivl_7", 0 0, L_0x5593f5a21760;  1 drivers
L_0x7f85f9db7018 .functor BUFT 1, C4<0>, C4<0>, C4<0>, C4<0>;
v0x5593f5a20c10_0 .net "d0", 0 0, L_0x7f85f9db7018;  1 drivers
L_0x7f85f9db7060 .functor BUFT 1, C4<1>, C4<0>, C4<0>, C4<0>;
v0x5593f5a20cd0_0 .net "d1", 0 0, L_0x7f85f9db7060;  1 drivers
L_0x7f85f9db70a8 .functor BUFT 1, C4<0>, C4<0>, C4<0>, C4<0>;
v0x5593f5a20d90_0 .net "d2", 0 0, L_0x7f85f9db70a8;  1 drivers
L_0x7f85f9db70f0 .functor BUFT 1, C4<1>, C4<0>, C4<0>, C4<0>;
v0x5593f5a20ee0_0 .net "d3", 0 0, L_0x7f85f9db70f0;  1 drivers
v0x5593f5a20fa0_0 .var "out", 0 0;
v0x5593f5a21060_0 .net "s0", 0 0, L_0x5593f5a216a0;  1 drivers
v0x5593f5a21120_0 .net "s1", 0 0, L_0x5593f5a215e0;  1 drivers
v0x5593f5a211e0_0 .net "sel", 1 0, L_0x5593f5a21850;  1 drivers
E_0x5593f5a0c7c0 .event edge, v0x5593f5a211e0_0;
L_0x5593f5a21850 .concat8 [ 1 1 0 0], L_0x5593f5a21970, L_0x5593f5a21760;
    .scope S_0x5593f5a0e920;
T_0 ;
    %wait E_0x5593f5a0c7c0;
    %load/vec4 v0x5593f5a211e0_0;
    %dup/vec4;
    %pushi/vec4 0, 0, 2;
    %cmp/u;
    %jmp/1 T_0.0, 6;
    %dup/vec4;
    %pushi/vec4 1, 0, 2;
    %cmp/u;
    %jmp/1 T_0.1, 6;
    %dup/vec4;
    %pushi/vec4 2, 0, 2;
    %cmp/u;
    %jmp/1 T_0.2, 6;
    %dup/vec4;
    %pushi/vec4 3, 0, 2;
    %cmp/u;
    %jmp/1 T_0.3, 6;
    %jmp T_0.4;
T_0.0 ;
    %load/vec4 v0x5593f5a20c10_0;
    %assign/vec4 v0x5593f5a20fa0_0, 0;
    %jmp T_0.4;
T_0.1 ;
    %load/vec4 v0x5593f5a20cd0_0;
    %assign/vec4 v0x5593f5a20fa0_0, 0;
    %jmp T_0.4;
T_0.2 ;
    %load/vec4 v0x5593f5a20d90_0;
    %assign/vec4 v0x5593f5a20fa0_0, 0;
    %jmp T_0.4;
T_0.3 ;
    %load/vec4 v0x5593f5a20ee0_0;
    %assign/vec4 v0x5593f5a20fa0_0, 0;
    %jmp T_0.4;
T_0.4 ;
    %pop/vec4 1;
    %jmp T_0;
    .thread T_0, $push;
# The file index is used to find the file name in the following table.
:file_names 4;
    "N/A";
    "<interactive>";
    "or.v";
    "./c2.v";
