#! /usr/bin/vvp
:ivl_version "11.0 (stable)";
:ivl_delay_selection "TYPICAL";
:vpi_time_precision + 0;
:vpi_module "/usr/lib/x86_64-linux-gnu/ivl/system.vpi";
:vpi_module "/usr/lib/x86_64-linux-gnu/ivl/vhdl_sys.vpi";
:vpi_module "/usr/lib/x86_64-linux-gnu/ivl/vhdl_textio.vpi";
:vpi_module "/usr/lib/x86_64-linux-gnu/ivl/v2005_math.vpi";
:vpi_module "/usr/lib/x86_64-linux-gnu/ivl/va_math.vpi";
S_0x56040c9ce7d0 .scope module, "or_tb" "or_tb" 2 3;
 .timescale 0 0;
v0x56040c9e5110_0 .var "A0", 0 0;
v0x56040c9e51b0_0 .var "B0", 0 0;
v0x56040c9e52c0_0 .net "out", 0 0, v0x56040c9e4ad0_0;  1 drivers
S_0x56040c9ce960 .scope module, "or0" "fpga_or" 2 8, 3 3 0, S_0x56040c9ce7d0;
 .timescale 0 0;
    .port_info 0 /INPUT 1 "A1";
    .port_info 1 /INPUT 1 "B1";
    .port_info 2 /OUTPUT 1 "out";
v0x56040c9e4f10_0 .net "A1", 0 0, v0x56040c9e5110_0;  1 drivers
v0x56040c9e4fd0_0 .net "B1", 0 0, v0x56040c9e51b0_0;  1 drivers
v0x56040c9e5070_0 .net "out", 0 0, v0x56040c9e4ad0_0;  alias, 1 drivers
S_0x56040c9cfd00 .scope module, "c2_instance" "c2" 3 5, 4 1 0, S_0x56040c9ce960;
 .timescale 0 0;
    .port_info 0 /INPUT 1 "d0";
    .port_info 1 /INPUT 1 "d1";
    .port_info 2 /INPUT 1 "d2";
    .port_info 3 /INPUT 1 "d3";
    .port_info 4 /INPUT 1 "A0";
    .port_info 5 /INPUT 1 "A1";
    .port_info 6 /INPUT 1 "B0";
    .port_info 7 /INPUT 1 "B1";
    .port_info 8 /OUTPUT 1 "out";
L_0x56040c9e53b0 .functor OR 1, v0x56040c9e5110_0, v0x56040c9e51b0_0, C4<0>, C4<0>;
L_0x7fa9ac476138 .functor BUFT 1, C4<0>, C4<0>, C4<0>, C4<0>;
L_0x7fa9ac476180 .functor BUFT 1, C4<0>, C4<0>, C4<0>, C4<0>;
L_0x56040c9e5420 .functor AND 1, L_0x7fa9ac476138, L_0x7fa9ac476180, C4<1>, C4<1>;
L_0x56040c9e54c0 .functor BUFZ 1, L_0x56040c9e5420, C4<0>, C4<0>, C4<0>;
L_0x56040c9e56d0 .functor BUFZ 1, L_0x56040c9e53b0, C4<0>, C4<0>, C4<0>;
v0x56040c9d0010_0 .net "A0", 0 0, L_0x7fa9ac476138;  1 drivers
v0x56040c9e43a0_0 .net "A1", 0 0, v0x56040c9e5110_0;  alias, 1 drivers
v0x56040c9e4460_0 .net "B0", 0 0, L_0x7fa9ac476180;  1 drivers
v0x56040c9e4500_0 .net "B1", 0 0, v0x56040c9e51b0_0;  alias, 1 drivers
v0x56040c9e45c0_0 .net *"_ivl_12", 0 0, L_0x56040c9e56d0;  1 drivers
v0x56040c9e46f0_0 .net *"_ivl_7", 0 0, L_0x56040c9e54c0;  1 drivers
L_0x7fa9ac476018 .functor BUFT 1, C4<0>, C4<0>, C4<0>, C4<0>;
v0x56040c9e47d0_0 .net "d0", 0 0, L_0x7fa9ac476018;  1 drivers
L_0x7fa9ac476060 .functor BUFT 1, C4<1>, C4<0>, C4<0>, C4<0>;
v0x56040c9e4890_0 .net "d1", 0 0, L_0x7fa9ac476060;  1 drivers
L_0x7fa9ac4760a8 .functor BUFT 1, C4<0>, C4<0>, C4<0>, C4<0>;
v0x56040c9e4950_0 .net "d2", 0 0, L_0x7fa9ac4760a8;  1 drivers
L_0x7fa9ac4760f0 .functor BUFT 1, C4<1>, C4<0>, C4<0>, C4<0>;
v0x56040c9e4a10_0 .net "d3", 0 0, L_0x7fa9ac4760f0;  1 drivers
v0x56040c9e4ad0_0 .var "out", 0 0;
v0x56040c9e4b90_0 .net "s0", 0 0, L_0x56040c9e5420;  1 drivers
v0x56040c9e4c50_0 .net "s1", 0 0, L_0x56040c9e53b0;  1 drivers
v0x56040c9e4d10_0 .net "sel", 1 0, L_0x56040c9e55b0;  1 drivers
E_0x56040c9cc980 .event edge, v0x56040c9e4d10_0;
L_0x56040c9e55b0 .concat8 [ 1 1 0 0], L_0x56040c9e56d0, L_0x56040c9e54c0;
    .scope S_0x56040c9cfd00;
T_0 ;
    %wait E_0x56040c9cc980;
    %load/vec4 v0x56040c9e4d10_0;
    %dup/vec4;
    %pushi/vec4 0, 0, 2;
    %cmp/u;
    %jmp/1 T_0.0, 6;
    %dup/vec4;
    %pushi/vec4 1, 0, 2;
    %cmp/u;
    %jmp/1 T_0.1, 6;
    %dup/vec4;
    %pushi/vec4 2, 0, 2;
    %cmp/u;
    %jmp/1 T_0.2, 6;
    %dup/vec4;
    %pushi/vec4 3, 0, 2;
    %cmp/u;
    %jmp/1 T_0.3, 6;
    %jmp T_0.4;
T_0.0 ;
    %load/vec4 v0x56040c9e47d0_0;
    %assign/vec4 v0x56040c9e4ad0_0, 0;
    %jmp T_0.4;
T_0.1 ;
    %load/vec4 v0x56040c9e4890_0;
    %assign/vec4 v0x56040c9e4ad0_0, 0;
    %jmp T_0.4;
T_0.2 ;
    %load/vec4 v0x56040c9e4950_0;
    %assign/vec4 v0x56040c9e4ad0_0, 0;
    %jmp T_0.4;
T_0.3 ;
    %load/vec4 v0x56040c9e4a10_0;
    %assign/vec4 v0x56040c9e4ad0_0, 0;
    %jmp T_0.4;
T_0.4 ;
    %pop/vec4 1;
    %jmp T_0;
    .thread T_0, $push;
    .scope S_0x56040c9ce7d0;
T_1 ;
    %vpi_call 2 12 "$dumpfile", "or.vcd" {0 0 0};
    %vpi_call 2 13 "$dumpvars", 32'sb00000000000000000000000000000000, S_0x56040c9ce7d0 {0 0 0};
    %pushi/vec4 0, 0, 1;
    %store/vec4 v0x56040c9e5110_0, 0, 1;
    %pushi/vec4 0, 0, 1;
    %store/vec4 v0x56040c9e51b0_0, 0, 1;
    %delay 20, 0;
    %pushi/vec4 0, 0, 1;
    %store/vec4 v0x56040c9e5110_0, 0, 1;
    %pushi/vec4 1, 0, 1;
    %store/vec4 v0x56040c9e51b0_0, 0, 1;
    %delay 20, 0;
    %pushi/vec4 1, 0, 1;
    %store/vec4 v0x56040c9e5110_0, 0, 1;
    %pushi/vec4 0, 0, 1;
    %store/vec4 v0x56040c9e51b0_0, 0, 1;
    %delay 20, 0;
    %pushi/vec4 1, 0, 1;
    %store/vec4 v0x56040c9e5110_0, 0, 1;
    %pushi/vec4 1, 0, 1;
    %store/vec4 v0x56040c9e51b0_0, 0, 1;
    %delay 20, 0;
    %end;
    .thread T_1;
# The file index is used to find the file name in the following table.
:file_names 5;
    "N/A";
    "<interactive>";
    "or_tb.v";
    "./or.v";
    "./c2.v";
