#! /usr/bin/vvp
:ivl_version "11.0 (stable)";
:ivl_delay_selection "TYPICAL";
:vpi_time_precision + 0;
:vpi_module "/usr/lib/x86_64-linux-gnu/ivl/system.vpi";
:vpi_module "/usr/lib/x86_64-linux-gnu/ivl/vhdl_sys.vpi";
:vpi_module "/usr/lib/x86_64-linux-gnu/ivl/vhdl_textio.vpi";
:vpi_module "/usr/lib/x86_64-linux-gnu/ivl/v2005_math.vpi";
:vpi_module "/usr/lib/x86_64-linux-gnu/ivl/va_math.vpi";
S_0x55d654f81ca0 .scope module, "fpga_reg" "fpga_reg" 2 3;
 .timescale 0 0;
    .port_info 0 /INPUT 1 "in";
    .port_info 1 /INPUT 1 "ld";
    .port_info 2 /INPUT 1 "rst";
    .port_info 3 /INPUT 1 "clk";
    .port_info 4 /OUTPUT 1 "out";
o0x7fa72ee97018 .functor BUFZ 1, C4<z>; HiZ drive
v0x55d654f970e0_0 .net "clk", 0 0, o0x7fa72ee97018;  0 drivers
v0x55d654f971a0_0 .net "d", 3 0, L_0x55d654f97690;  1 drivers
o0x7fa72ee974f8 .functor BUFZ 1, C4<z>; HiZ drive
v0x55d654f97260_0 .net "in", 0 0, o0x7fa72ee974f8;  0 drivers
o0x7fa72ee971c8 .functor BUFZ 1, C4<z>; HiZ drive
v0x55d654f97330_0 .net "ld", 0 0, o0x7fa72ee971c8;  0 drivers
v0x55d654f97400_0 .net "out", 0 0, v0x55d654f963f0_0;  1 drivers
o0x7fa72ee97048 .functor BUFZ 1, C4<z>; HiZ drive
v0x55d654f97540_0 .net "rst", 0 0, o0x7fa72ee97048;  0 drivers
L_0x55d654f97690 .concat [ 1 1 1 1], o0x7fa72ee974f8, o0x7fa72ee974f8, v0x55d654f963f0_0, v0x55d654f963f0_0;
S_0x55d654f81e30 .scope module, "s20" "s2" 2 7, 3 3 0, S_0x55d654f81ca0;
 .timescale 0 0;
    .port_info 0 /INPUT 4 "d";
    .port_info 1 /INPUT 1 "A0";
    .port_info 2 /INPUT 1 "B0";
    .port_info 3 /INPUT 1 "A1";
    .port_info 4 /INPUT 1 "B1";
    .port_info 5 /INPUT 1 "clr";
    .port_info 6 /INPUT 1 "clk";
    .port_info 7 /OUTPUT 1 "out";
L_0x7fa72ee4e0a8 .functor BUFT 1, C4<0>, C4<0>, C4<0>, C4<0>;
L_0x55d654f97860 .functor OR 1, o0x7fa72ee971c8, L_0x7fa72ee4e0a8, C4<0>, C4<0>;
L_0x7fa72ee4e018 .functor BUFT 1, C4<0>, C4<0>, C4<0>, C4<0>;
L_0x7fa72ee4e060 .functor BUFT 1, C4<0>, C4<0>, C4<0>, C4<0>;
L_0x55d654f978f0 .functor AND 1, L_0x7fa72ee4e018, L_0x7fa72ee4e060, C4<1>, C4<1>;
L_0x55d654f97990 .functor BUFZ 1, L_0x55d654f978f0, C4<0>, C4<0>, C4<0>;
L_0x55d654f97b70 .functor BUFZ 1, L_0x55d654f97860, C4<0>, C4<0>, C4<0>;
v0x55d654f96530_0 .net "A0", 0 0, L_0x7fa72ee4e018;  1 drivers
v0x55d654f96610_0 .net "A1", 0 0, o0x7fa72ee971c8;  alias, 0 drivers
v0x55d654f966d0_0 .net "B0", 0 0, L_0x7fa72ee4e060;  1 drivers
v0x55d654f96770_0 .net "B1", 0 0, L_0x7fa72ee4e0a8;  1 drivers
v0x55d654f96830_0 .net *"_ivl_12", 0 0, L_0x55d654f97b70;  1 drivers
v0x55d654f96960_0 .net *"_ivl_7", 0 0, L_0x55d654f97990;  1 drivers
v0x55d654f96a40_0 .net "clk", 0 0, o0x7fa72ee97018;  alias, 0 drivers
v0x55d654f96ae0_0 .net "clr", 0 0, o0x7fa72ee97048;  alias, 0 drivers
v0x55d654f96b80_0 .net "d", 3 0, L_0x55d654f97690;  alias, 1 drivers
v0x55d654f96c20_0 .net "out", 0 0, v0x55d654f963f0_0;  alias, 1 drivers
v0x55d654f96cf0_0 .var "r", 0 0;
v0x55d654f96dc0_0 .net "s0", 0 0, L_0x55d654f978f0;  1 drivers
v0x55d654f96e60_0 .net "s1", 0 0, L_0x55d654f97860;  1 drivers
v0x55d654f96f00_0 .net "sel", 1 0, L_0x55d654f97a80;  1 drivers
E_0x55d654f442d0 .event edge, v0x55d654f96b80_0, v0x55d654f96f00_0;
L_0x55d654f97a80 .concat8 [ 1 1 0 0], L_0x55d654f97990, L_0x55d654f97b70;
S_0x55d654f7d5a0 .scope module, "dff0" "dff" 3 25, 4 1 0, S_0x55d654f81e30;
 .timescale 0 0;
    .port_info 0 /INPUT 1 "d";
    .port_info 1 /INPUT 1 "clr";
    .port_info 2 /INPUT 1 "clk";
    .port_info 3 /OUTPUT 1 "q";
v0x55d654f7d7f0_0 .net "clk", 0 0, o0x7fa72ee97018;  alias, 0 drivers
v0x55d654f96290_0 .net "clr", 0 0, o0x7fa72ee97048;  alias, 0 drivers
v0x55d654f96350_0 .net "d", 0 0, v0x55d654f96cf0_0;  1 drivers
v0x55d654f963f0_0 .var "q", 0 0;
E_0x55d654f7cb00 .event posedge, v0x55d654f7d7f0_0;
    .scope S_0x55d654f7d5a0;
T_0 ;
    %wait E_0x55d654f7cb00;
    %load/vec4 v0x55d654f96290_0;
    %flag_set/vec4 8;
    %jmp/0xz  T_0.0, 8;
    %pushi/vec4 0, 0, 1;
    %assign/vec4 v0x55d654f963f0_0, 0;
    %jmp T_0.1;
T_0.0 ;
    %load/vec4 v0x55d654f96350_0;
    %flag_set/vec4 8;
    %jmp/0xz  T_0.2, 8;
    %pushi/vec4 1, 0, 1;
    %assign/vec4 v0x55d654f963f0_0, 0;
    %jmp T_0.3;
T_0.2 ;
    %load/vec4 v0x55d654f96350_0;
    %inv;
    %flag_set/vec4 8;
    %jmp/0xz  T_0.4, 8;
    %pushi/vec4 0, 0, 1;
    %assign/vec4 v0x55d654f963f0_0, 0;
T_0.4 ;
T_0.3 ;
T_0.1 ;
    %jmp T_0;
    .thread T_0;
    .scope S_0x55d654f81e30;
T_1 ;
    %wait E_0x55d654f442d0;
    %load/vec4 v0x55d654f96f00_0;
    %dup/vec4;
    %pushi/vec4 0, 0, 2;
    %cmp/u;
    %jmp/1 T_1.0, 6;
    %dup/vec4;
    %pushi/vec4 1, 0, 2;
    %cmp/u;
    %jmp/1 T_1.1, 6;
    %dup/vec4;
    %pushi/vec4 2, 0, 2;
    %cmp/u;
    %jmp/1 T_1.2, 6;
    %dup/vec4;
    %pushi/vec4 3, 0, 2;
    %cmp/u;
    %jmp/1 T_1.3, 6;
    %jmp T_1.4;
T_1.0 ;
    %load/vec4 v0x55d654f96b80_0;
    %parti/s 1, 0, 2;
    %assign/vec4 v0x55d654f96cf0_0, 0;
    %jmp T_1.4;
T_1.1 ;
    %load/vec4 v0x55d654f96b80_0;
    %parti/s 1, 1, 2;
    %assign/vec4 v0x55d654f96cf0_0, 0;
    %jmp T_1.4;
T_1.2 ;
    %load/vec4 v0x55d654f96b80_0;
    %parti/s 1, 2, 3;
    %assign/vec4 v0x55d654f96cf0_0, 0;
    %jmp T_1.4;
T_1.3 ;
    %load/vec4 v0x55d654f96b80_0;
    %parti/s 1, 3, 3;
    %assign/vec4 v0x55d654f96cf0_0, 0;
    %jmp T_1.4;
T_1.4 ;
    %pop/vec4 1;
    %jmp T_1;
    .thread T_1, $push;
# The file index is used to find the file name in the following table.
:file_names 5;
    "N/A";
    "<interactive>";
    "reg.v";
    "./s2.v";
    "./dff.v";
