#! /usr/bin/vvp
:ivl_version "11.0 (stable)";
:ivl_delay_selection "TYPICAL";
:vpi_time_precision + 0;
:vpi_module "/usr/lib/x86_64-linux-gnu/ivl/system.vpi";
:vpi_module "/usr/lib/x86_64-linux-gnu/ivl/vhdl_sys.vpi";
:vpi_module "/usr/lib/x86_64-linux-gnu/ivl/vhdl_textio.vpi";
:vpi_module "/usr/lib/x86_64-linux-gnu/ivl/v2005_math.vpi";
:vpi_module "/usr/lib/x86_64-linux-gnu/ivl/va_math.vpi";
S_0x56165a5b4ce0 .scope module, "reg_tb" "reg_tb" 2 3;
 .timescale 0 0;
v0x56165a5d3340_0 .var "clk", 0 0;
v0x56165a5d3400_0 .var "in", 0 0;
v0x56165a5d34c0_0 .var "ld", 0 0;
v0x56165a5d35b0_0 .net "out", 0 0, v0x56165a5d20a0_0;  1 drivers
v0x56165a5d3650_0 .var "rst", 0 0;
S_0x56165a5b4e70 .scope module, "reg0" "fpga_reg" 2 7, 3 3 0, S_0x56165a5b4ce0;
 .timescale 0 0;
    .port_info 0 /INPUT 1 "in";
    .port_info 1 /INPUT 1 "ld";
    .port_info 2 /INPUT 1 "rst";
    .port_info 3 /INPUT 1 "clk";
    .port_info 4 /OUTPUT 1 "out";
v0x56165a5d2d90_0 .net "clk", 0 0, v0x56165a5d3340_0;  1 drivers
v0x56165a5d2e50_0 .net "d", 3 0, L_0x56165a5d3740;  1 drivers
v0x56165a5d2f10_0 .net "in", 0 0, v0x56165a5d3400_0;  1 drivers
v0x56165a5d2fe0_0 .net "ld", 0 0, v0x56165a5d34c0_0;  1 drivers
v0x56165a5d30b0_0 .net "out", 0 0, v0x56165a5d20a0_0;  alias, 1 drivers
v0x56165a5d31f0_0 .net "rst", 0 0, v0x56165a5d3650_0;  1 drivers
L_0x56165a5d3740 .concat [ 1 1 1 1], v0x56165a5d3400_0, v0x56165a5d3400_0, v0x56165a5d20a0_0, v0x56165a5d20a0_0;
S_0x56165a5b6c10 .scope module, "s20" "s2" 3 7, 4 3 0, S_0x56165a5b4e70;
 .timescale 0 0;
    .port_info 0 /INPUT 4 "d";
    .port_info 1 /INPUT 1 "A0";
    .port_info 2 /INPUT 1 "B0";
    .port_info 3 /INPUT 1 "A1";
    .port_info 4 /INPUT 1 "B1";
    .port_info 5 /INPUT 1 "clr";
    .port_info 6 /INPUT 1 "clk";
    .port_info 7 /OUTPUT 1 "out";
L_0x7f95cb0700a8 .functor BUFT 1, C4<0>, C4<0>, C4<0>, C4<0>;
L_0x56165a5d3880 .functor OR 1, v0x56165a5d34c0_0, L_0x7f95cb0700a8, C4<0>, C4<0>;
L_0x7f95cb070018 .functor BUFT 1, C4<0>, C4<0>, C4<0>, C4<0>;
L_0x7f95cb070060 .functor BUFT 1, C4<0>, C4<0>, C4<0>, C4<0>;
L_0x56165a5d38f0 .functor AND 1, L_0x7f95cb070018, L_0x7f95cb070060, C4<1>, C4<1>;
L_0x56165a5d3990 .functor BUFZ 1, L_0x56165a5d38f0, C4<0>, C4<0>, C4<0>;
L_0x56165a5d3b20 .functor BUFZ 1, L_0x56165a5d3880, C4<0>, C4<0>, C4<0>;
v0x56165a5d21e0_0 .net "A0", 0 0, L_0x7f95cb070018;  1 drivers
v0x56165a5d22c0_0 .net "A1", 0 0, v0x56165a5d34c0_0;  alias, 1 drivers
v0x56165a5d2380_0 .net "B0", 0 0, L_0x7f95cb070060;  1 drivers
v0x56165a5d2420_0 .net "B1", 0 0, L_0x7f95cb0700a8;  1 drivers
v0x56165a5d24e0_0 .net *"_ivl_12", 0 0, L_0x56165a5d3b20;  1 drivers
v0x56165a5d2610_0 .net *"_ivl_7", 0 0, L_0x56165a5d3990;  1 drivers
v0x56165a5d26f0_0 .net "clk", 0 0, v0x56165a5d3340_0;  alias, 1 drivers
v0x56165a5d2790_0 .net "clr", 0 0, v0x56165a5d3650_0;  alias, 1 drivers
v0x56165a5d2830_0 .net "d", 3 0, L_0x56165a5d3740;  alias, 1 drivers
v0x56165a5d28d0_0 .net "out", 0 0, v0x56165a5d20a0_0;  alias, 1 drivers
v0x56165a5d29a0_0 .var "r", 0 0;
v0x56165a5d2a70_0 .net "s0", 0 0, L_0x56165a5d38f0;  1 drivers
v0x56165a5d2b10_0 .net "s1", 0 0, L_0x56165a5d3880;  1 drivers
v0x56165a5d2bb0_0 .net "sel", 1 0, L_0x56165a5d3a30;  1 drivers
E_0x56165a5772d0 .event edge, v0x56165a5d2830_0, v0x56165a5d2bb0_0;
L_0x56165a5d3a30 .concat8 [ 1 1 0 0], L_0x56165a5d3990, L_0x56165a5d3b20;
S_0x56165a5b6f10 .scope module, "dff0" "dff" 4 25, 5 1 0, S_0x56165a5b6c10;
 .timescale 0 0;
    .port_info 0 /INPUT 1 "d";
    .port_info 1 /INPUT 1 "clr";
    .port_info 2 /INPUT 1 "clk";
    .port_info 3 /OUTPUT 1 "q";
v0x56165a5b5000_0 .net "clk", 0 0, v0x56165a5d3340_0;  alias, 1 drivers
v0x56165a5d1f40_0 .net "clr", 0 0, v0x56165a5d3650_0;  alias, 1 drivers
v0x56165a5d2000_0 .net "d", 0 0, v0x56165a5d29a0_0;  1 drivers
v0x56165a5d20a0_0 .var "q", 0 0;
E_0x56165a5afb40 .event posedge, v0x56165a5b5000_0;
    .scope S_0x56165a5b6f10;
T_0 ;
    %wait E_0x56165a5afb40;
    %load/vec4 v0x56165a5d1f40_0;
    %flag_set/vec4 8;
    %jmp/0xz  T_0.0, 8;
    %pushi/vec4 0, 0, 1;
    %assign/vec4 v0x56165a5d20a0_0, 0;
    %jmp T_0.1;
T_0.0 ;
    %load/vec4 v0x56165a5d2000_0;
    %flag_set/vec4 8;
    %jmp/0xz  T_0.2, 8;
    %pushi/vec4 1, 0, 1;
    %assign/vec4 v0x56165a5d20a0_0, 0;
    %jmp T_0.3;
T_0.2 ;
    %load/vec4 v0x56165a5d2000_0;
    %inv;
    %flag_set/vec4 8;
    %jmp/0xz  T_0.4, 8;
    %pushi/vec4 0, 0, 1;
    %assign/vec4 v0x56165a5d20a0_0, 0;
T_0.4 ;
T_0.3 ;
T_0.1 ;
    %jmp T_0;
    .thread T_0;
    .scope S_0x56165a5b6c10;
T_1 ;
    %wait E_0x56165a5772d0;
    %load/vec4 v0x56165a5d2bb0_0;
    %dup/vec4;
    %pushi/vec4 0, 0, 2;
    %cmp/u;
    %jmp/1 T_1.0, 6;
    %dup/vec4;
    %pushi/vec4 1, 0, 2;
    %cmp/u;
    %jmp/1 T_1.1, 6;
    %dup/vec4;
    %pushi/vec4 2, 0, 2;
    %cmp/u;
    %jmp/1 T_1.2, 6;
    %dup/vec4;
    %pushi/vec4 3, 0, 2;
    %cmp/u;
    %jmp/1 T_1.3, 6;
    %jmp T_1.4;
T_1.0 ;
    %load/vec4 v0x56165a5d2830_0;
    %parti/s 1, 0, 2;
    %assign/vec4 v0x56165a5d29a0_0, 0;
    %jmp T_1.4;
T_1.1 ;
    %load/vec4 v0x56165a5d2830_0;
    %parti/s 1, 1, 2;
    %assign/vec4 v0x56165a5d29a0_0, 0;
    %jmp T_1.4;
T_1.2 ;
    %load/vec4 v0x56165a5d2830_0;
    %parti/s 1, 2, 3;
    %assign/vec4 v0x56165a5d29a0_0, 0;
    %jmp T_1.4;
T_1.3 ;
    %load/vec4 v0x56165a5d2830_0;
    %parti/s 1, 3, 3;
    %assign/vec4 v0x56165a5d29a0_0, 0;
    %jmp T_1.4;
T_1.4 ;
    %pop/vec4 1;
    %jmp T_1;
    .thread T_1, $push;
    .scope S_0x56165a5b4ce0;
T_2 ;
    %vpi_call 2 10 "$dumpfile", "reg.vcd" {0 0 0};
    %vpi_call 2 11 "$dumpvars", 32'sb00000000000000000000000000000000, S_0x56165a5b4ce0 {0 0 0};
    %pushi/vec4 0, 0, 1;
    %store/vec4 v0x56165a5d3340_0, 0, 1;
    %delay 10, 0;
    %load/vec4 v0x56165a5d3340_0;
    %inv;
    %store/vec4 v0x56165a5d3340_0, 0, 1;
    %pushi/vec4 0, 0, 1;
    %store/vec4 v0x56165a5d34c0_0, 0, 1;
    %pushi/vec4 0, 0, 1;
    %store/vec4 v0x56165a5d3650_0, 0, 1;
    %delay 10, 0;
    %load/vec4 v0x56165a5d3340_0;
    %inv;
    %store/vec4 v0x56165a5d3340_0, 0, 1;
    %delay 10, 0;
    %load/vec4 v0x56165a5d3340_0;
    %inv;
    %store/vec4 v0x56165a5d3340_0, 0, 1;
    %pushi/vec4 0, 0, 1;
    %store/vec4 v0x56165a5d34c0_0, 0, 1;
    %pushi/vec4 1, 0, 1;
    %store/vec4 v0x56165a5d3650_0, 0, 1;
    %delay 10, 0;
    %load/vec4 v0x56165a5d3340_0;
    %inv;
    %store/vec4 v0x56165a5d3340_0, 0, 1;
    %delay 10, 0;
    %load/vec4 v0x56165a5d3340_0;
    %inv;
    %store/vec4 v0x56165a5d3340_0, 0, 1;
    %pushi/vec4 1, 0, 1;
    %store/vec4 v0x56165a5d3400_0, 0, 1;
    %pushi/vec4 0, 0, 1;
    %store/vec4 v0x56165a5d34c0_0, 0, 1;
    %pushi/vec4 0, 0, 1;
    %store/vec4 v0x56165a5d3650_0, 0, 1;
    %delay 10, 0;
    %load/vec4 v0x56165a5d3340_0;
    %inv;
    %store/vec4 v0x56165a5d3340_0, 0, 1;
    %delay 10, 0;
    %load/vec4 v0x56165a5d3340_0;
    %inv;
    %store/vec4 v0x56165a5d3340_0, 0, 1;
    %pushi/vec4 1, 0, 1;
    %store/vec4 v0x56165a5d3400_0, 0, 1;
    %pushi/vec4 1, 0, 1;
    %store/vec4 v0x56165a5d34c0_0, 0, 1;
    %pushi/vec4 0, 0, 1;
    %store/vec4 v0x56165a5d3650_0, 0, 1;
    %delay 10, 0;
    %load/vec4 v0x56165a5d3340_0;
    %inv;
    %store/vec4 v0x56165a5d3340_0, 0, 1;
    %delay 10, 0;
    %load/vec4 v0x56165a5d3340_0;
    %inv;
    %store/vec4 v0x56165a5d3340_0, 0, 1;
    %pushi/vec4 1, 0, 1;
    %store/vec4 v0x56165a5d3400_0, 0, 1;
    %pushi/vec4 1, 0, 1;
    %store/vec4 v0x56165a5d34c0_0, 0, 1;
    %pushi/vec4 1, 0, 1;
    %store/vec4 v0x56165a5d3650_0, 0, 1;
    %delay 10, 0;
    %load/vec4 v0x56165a5d3340_0;
    %inv;
    %store/vec4 v0x56165a5d3340_0, 0, 1;
    %delay 10, 0;
    %load/vec4 v0x56165a5d3340_0;
    %inv;
    %store/vec4 v0x56165a5d3340_0, 0, 1;
    %pushi/vec4 1, 0, 1;
    %store/vec4 v0x56165a5d3400_0, 0, 1;
    %pushi/vec4 1, 0, 1;
    %store/vec4 v0x56165a5d34c0_0, 0, 1;
    %pushi/vec4 0, 0, 1;
    %store/vec4 v0x56165a5d3650_0, 0, 1;
    %delay 10, 0;
    %load/vec4 v0x56165a5d3340_0;
    %inv;
    %store/vec4 v0x56165a5d3340_0, 0, 1;
    %end;
    .thread T_2;
# The file index is used to find the file name in the following table.
:file_names 6;
    "N/A";
    "<interactive>";
    "reg_tb.v";
    "./reg.v";
    "./s2.v";
    "./dff.v";
