#! /usr/bin/vvp
:ivl_version "11.0 (stable)";
:ivl_delay_selection "TYPICAL";
:vpi_time_precision + 0;
:vpi_module "/usr/lib/x86_64-linux-gnu/ivl/system.vpi";
:vpi_module "/usr/lib/x86_64-linux-gnu/ivl/vhdl_sys.vpi";
:vpi_module "/usr/lib/x86_64-linux-gnu/ivl/vhdl_textio.vpi";
:vpi_module "/usr/lib/x86_64-linux-gnu/ivl/v2005_math.vpi";
:vpi_module "/usr/lib/x86_64-linux-gnu/ivl/va_math.vpi";
S_0x55dda42235f0 .scope module, "s1" "s1" 2 3;
 .timescale 0 0;
    .port_info 0 /INPUT 4 "d";
    .port_info 1 /INPUT 1 "A0";
    .port_info 2 /INPUT 1 "B1";
    .port_info 3 /INPUT 1 "A1";
    .port_info 4 /INPUT 1 "clr";
    .port_info 5 /INPUT 1 "clk";
    .port_info 6 /OUTPUT 1 "out";
o0x7f8b09e56198 .functor BUFZ 1, C4<z>; HiZ drive
o0x7f8b09e56048 .functor BUFZ 1, C4<z>; HiZ drive
L_0x55dda42395d0 .functor AND 1, o0x7f8b09e56198, o0x7f8b09e56048, C4<1>, C4<1>;
o0x7f8b09e561c8 .functor BUFZ 1, C4<z>; HiZ drive
o0x7f8b09e561f8 .functor BUFZ 1, C4<z>; HiZ drive
L_0x55dda42396c0 .functor OR 1, o0x7f8b09e561c8, o0x7f8b09e561f8, C4<0>, C4<0>;
L_0x55dda4239790 .functor BUFZ 1, L_0x55dda42395d0, C4<0>, C4<0>, C4<0>;
L_0x55dda4239970 .functor BUFZ 1, L_0x55dda42396c0, C4<0>, C4<0>, C4<0>;
v0x55dda4238ad0_0 .net "A0", 0 0, o0x7f8b09e56198;  0 drivers
v0x55dda4238bb0_0 .net "A1", 0 0, o0x7f8b09e561c8;  0 drivers
v0x55dda4238c70_0 .net "B1", 0 0, o0x7f8b09e561f8;  0 drivers
v0x55dda4238d10_0 .net *"_ivl_12", 0 0, L_0x55dda4239970;  1 drivers
v0x55dda4238df0_0 .net *"_ivl_7", 0 0, L_0x55dda4239790;  1 drivers
o0x7f8b09e56018 .functor BUFZ 1, C4<z>; HiZ drive
v0x55dda4238f20_0 .net "clk", 0 0, o0x7f8b09e56018;  0 drivers
v0x55dda4238fc0_0 .net "clr", 0 0, o0x7f8b09e56048;  0 drivers
o0x7f8b09e56288 .functor BUFZ 4, C4<zzzz>; HiZ drive
v0x55dda4239090_0 .net "d", 3 0, o0x7f8b09e56288;  0 drivers
v0x55dda4239130_0 .net "out", 0 0, v0x55dda4238960_0;  1 drivers
v0x55dda4239200_0 .var "r", 0 0;
v0x55dda42392d0_0 .net "s0", 0 0, L_0x55dda42395d0;  1 drivers
v0x55dda4239370_0 .net "s1", 0 0, L_0x55dda42396c0;  1 drivers
v0x55dda4239410_0 .net "sel", 1 0, L_0x55dda4239880;  1 drivers
E_0x55dda4222ac0 .event edge, v0x55dda4239410_0;
L_0x55dda4239880 .concat8 [ 1 1 0 0], L_0x55dda4239790, L_0x55dda4239970;
S_0x55dda4223830 .scope module, "dffinstance" "dff" 2 24, 3 1 0, S_0x55dda42235f0;
 .timescale 0 0;
    .port_info 0 /INPUT 1 "d";
    .port_info 1 /INPUT 1 "clr";
    .port_info 2 /INPUT 1 "clk";
    .port_info 3 /OUTPUT 1 "q";
v0x55dda41e9cf0_0 .net "clk", 0 0, o0x7f8b09e56018;  alias, 0 drivers
v0x55dda4238800_0 .net "clr", 0 0, o0x7f8b09e56048;  alias, 0 drivers
v0x55dda42388c0_0 .net "d", 0 0, v0x55dda4239200_0;  1 drivers
v0x55dda4238960_0 .var "q", 0 0;
E_0x55dda41eacc0 .event posedge, v0x55dda41e9cf0_0;
    .scope S_0x55dda4223830;
T_0 ;
    %wait E_0x55dda41eacc0;
    %load/vec4 v0x55dda4238800_0;
    %flag_set/vec4 8;
    %jmp/0xz  T_0.0, 8;
    %pushi/vec4 0, 0, 1;
    %assign/vec4 v0x55dda4238960_0, 0;
    %jmp T_0.1;
T_0.0 ;
    %load/vec4 v0x55dda42388c0_0;
    %pad/u 32;
    %cmpi/e 1, 0, 32;
    %jmp/0xz  T_0.2, 4;
    %pushi/vec4 1, 0, 1;
    %assign/vec4 v0x55dda4238960_0, 0;
    %jmp T_0.3;
T_0.2 ;
    %load/vec4 v0x55dda42388c0_0;
    %pad/u 32;
    %cmpi/e 0, 0, 32;
    %jmp/0xz  T_0.4, 4;
    %pushi/vec4 0, 0, 1;
    %assign/vec4 v0x55dda4238960_0, 0;
T_0.4 ;
T_0.3 ;
T_0.1 ;
    %jmp T_0;
    .thread T_0;
    .scope S_0x55dda42235f0;
T_1 ;
    %wait E_0x55dda4222ac0;
    %load/vec4 v0x55dda4239410_0;
    %dup/vec4;
    %pushi/vec4 0, 0, 2;
    %cmp/u;
    %jmp/1 T_1.0, 6;
    %dup/vec4;
    %pushi/vec4 1, 0, 2;
    %cmp/u;
    %jmp/1 T_1.1, 6;
    %dup/vec4;
    %pushi/vec4 2, 0, 2;
    %cmp/u;
    %jmp/1 T_1.2, 6;
    %dup/vec4;
    %pushi/vec4 3, 0, 2;
    %cmp/u;
    %jmp/1 T_1.3, 6;
    %jmp T_1.4;
T_1.0 ;
    %load/vec4 v0x55dda4239090_0;
    %parti/s 1, 0, 2;
    %assign/vec4 v0x55dda4239200_0, 0;
    %jmp T_1.4;
T_1.1 ;
    %load/vec4 v0x55dda4239090_0;
    %parti/s 1, 1, 2;
    %assign/vec4 v0x55dda4239200_0, 0;
    %jmp T_1.4;
T_1.2 ;
    %load/vec4 v0x55dda4239090_0;
    %parti/s 1, 2, 3;
    %assign/vec4 v0x55dda4239200_0, 0;
    %jmp T_1.4;
T_1.3 ;
    %load/vec4 v0x55dda4239090_0;
    %parti/s 1, 3, 3;
    %assign/vec4 v0x55dda4239200_0, 0;
    %jmp T_1.4;
T_1.4 ;
    %pop/vec4 1;
    %jmp T_1;
    .thread T_1, $push;
# The file index is used to find the file name in the following table.
:file_names 4;
    "N/A";
    "<interactive>";
    "s1.v";
    "./dff.v";
