#! /usr/bin/vvp
:ivl_version "11.0 (stable)";
:ivl_delay_selection "TYPICAL";
:vpi_time_precision + 0;
:vpi_module "/usr/lib/x86_64-linux-gnu/ivl/system.vpi";
:vpi_module "/usr/lib/x86_64-linux-gnu/ivl/vhdl_sys.vpi";
:vpi_module "/usr/lib/x86_64-linux-gnu/ivl/vhdl_textio.vpi";
:vpi_module "/usr/lib/x86_64-linux-gnu/ivl/v2005_math.vpi";
:vpi_module "/usr/lib/x86_64-linux-gnu/ivl/va_math.vpi";
S_0x55c597d92630 .scope module, "s1_tb" "s1_tb" 2 3;
 .timescale 0 0;
v0x55c597db53d0_0 .var "A0", 0 0;
v0x55c597db54c0_0 .var "A1", 0 0;
v0x55c597db5590_0 .var "B1", 0 0;
v0x55c597db5690_0 .var "clk", 0 0;
v0x55c597db5730_0 .var "clr", 0 0;
v0x55c597db5870_0 .var "d", 3 0;
v0x55c597db5910_0 .net "out", 0 0, v0x55c597db47c0_0;  1 drivers
S_0x55c597d927c0 .scope module, "s1_instance" "s1" 2 8, 3 3 0, S_0x55c597d92630;
 .timescale 0 0;
    .port_info 0 /INPUT 4 "d";
    .port_info 1 /INPUT 1 "A0";
    .port_info 2 /INPUT 1 "B1";
    .port_info 3 /INPUT 1 "A1";
    .port_info 4 /INPUT 1 "clr";
    .port_info 5 /INPUT 1 "clk";
    .port_info 6 /OUTPUT 1 "out";
L_0x55c597db5a00 .functor AND 1, v0x55c597db53d0_0, v0x55c597db5730_0, C4<1>, C4<1>;
L_0x55c597db5ac0 .functor OR 1, v0x55c597db54c0_0, v0x55c597db5590_0, C4<0>, C4<0>;
L_0x55c597db5bd0 .functor BUFZ 1, L_0x55c597db5a00, C4<0>, C4<0>, C4<0>;
L_0x55c597db5d80 .functor BUFZ 1, L_0x55c597db5ac0, C4<0>, C4<0>, C4<0>;
v0x55c597db4900_0 .net "A0", 0 0, v0x55c597db53d0_0;  1 drivers
v0x55c597db49e0_0 .net "A1", 0 0, v0x55c597db54c0_0;  1 drivers
v0x55c597db4aa0_0 .net "B1", 0 0, v0x55c597db5590_0;  1 drivers
v0x55c597db4b40_0 .net *"_ivl_12", 0 0, L_0x55c597db5d80;  1 drivers
v0x55c597db4c20_0 .net *"_ivl_7", 0 0, L_0x55c597db5bd0;  1 drivers
v0x55c597db4d50_0 .net "clk", 0 0, v0x55c597db5690_0;  1 drivers
v0x55c597db4df0_0 .net "clr", 0 0, v0x55c597db5730_0;  1 drivers
v0x55c597db4e90_0 .net "d", 3 0, v0x55c597db5870_0;  1 drivers
v0x55c597db4f30_0 .net "out", 0 0, v0x55c597db47c0_0;  alias, 1 drivers
v0x55c597db5000_0 .var "r", 0 0;
v0x55c597db50d0_0 .net "s0", 0 0, L_0x55c597db5a00;  1 drivers
v0x55c597db5170_0 .net "s1", 0 0, L_0x55c597db5ac0;  1 drivers
v0x55c597db5210_0 .net "sel", 1 0, L_0x55c597db5c90;  1 drivers
E_0x55c597d592d0 .event edge, v0x55c597db5210_0;
L_0x55c597db5c90 .concat8 [ 1 1 0 0], L_0x55c597db5bd0, L_0x55c597db5d80;
S_0x55c597d96a20 .scope module, "dffinstance" "dff" 3 24, 4 1 0, S_0x55c597d927c0;
 .timescale 0 0;
    .port_info 0 /INPUT 1 "d";
    .port_info 1 /INPUT 1 "clr";
    .port_info 2 /INPUT 1 "clk";
    .port_info 3 /OUTPUT 1 "q";
v0x55c597d92a50_0 .net "clk", 0 0, v0x55c597db5690_0;  alias, 1 drivers
v0x55c597db4660_0 .net "clr", 0 0, v0x55c597db5730_0;  alias, 1 drivers
v0x55c597db4720_0 .net "d", 0 0, v0x55c597db5000_0;  1 drivers
v0x55c597db47c0_0 .var "q", 0 0;
E_0x55c597d91b00 .event posedge, v0x55c597d92a50_0;
    .scope S_0x55c597d96a20;
T_0 ;
    %wait E_0x55c597d91b00;
    %load/vec4 v0x55c597db4660_0;
    %flag_set/vec4 8;
    %jmp/0xz  T_0.0, 8;
    %pushi/vec4 0, 0, 1;
    %assign/vec4 v0x55c597db47c0_0, 0;
    %jmp T_0.1;
T_0.0 ;
    %load/vec4 v0x55c597db4720_0;
    %pad/u 32;
    %cmpi/e 1, 0, 32;
    %jmp/0xz  T_0.2, 4;
    %pushi/vec4 1, 0, 1;
    %assign/vec4 v0x55c597db47c0_0, 0;
    %jmp T_0.3;
T_0.2 ;
    %load/vec4 v0x55c597db4720_0;
    %pad/u 32;
    %cmpi/e 0, 0, 32;
    %jmp/0xz  T_0.4, 4;
    %pushi/vec4 0, 0, 1;
    %assign/vec4 v0x55c597db47c0_0, 0;
T_0.4 ;
T_0.3 ;
T_0.1 ;
    %jmp T_0;
    .thread T_0;
    .scope S_0x55c597d927c0;
T_1 ;
    %wait E_0x55c597d592d0;
    %load/vec4 v0x55c597db5210_0;
    %dup/vec4;
    %pushi/vec4 0, 0, 2;
    %cmp/u;
    %jmp/1 T_1.0, 6;
    %dup/vec4;
    %pushi/vec4 1, 0, 2;
    %cmp/u;
    %jmp/1 T_1.1, 6;
    %dup/vec4;
    %pushi/vec4 2, 0, 2;
    %cmp/u;
    %jmp/1 T_1.2, 6;
    %dup/vec4;
    %pushi/vec4 3, 0, 2;
    %cmp/u;
    %jmp/1 T_1.3, 6;
    %jmp T_1.4;
T_1.0 ;
    %load/vec4 v0x55c597db4e90_0;
    %parti/s 1, 0, 2;
    %assign/vec4 v0x55c597db5000_0, 0;
    %jmp T_1.4;
T_1.1 ;
    %load/vec4 v0x55c597db4e90_0;
    %parti/s 1, 1, 2;
    %assign/vec4 v0x55c597db5000_0, 0;
    %jmp T_1.4;
T_1.2 ;
    %load/vec4 v0x55c597db4e90_0;
    %parti/s 1, 2, 3;
    %assign/vec4 v0x55c597db5000_0, 0;
    %jmp T_1.4;
T_1.3 ;
    %load/vec4 v0x55c597db4e90_0;
    %parti/s 1, 3, 3;
    %assign/vec4 v0x55c597db5000_0, 0;
    %jmp T_1.4;
T_1.4 ;
    %pop/vec4 1;
    %jmp T_1;
    .thread T_1, $push;
    .scope S_0x55c597d92630;
T_2 ;
    %vpi_call 2 11 "$dumpfile", "s1.vcd" {0 0 0};
    %vpi_call 2 12 "$dumpvars", 32'sb00000000000000000000000000000000, S_0x55c597d92630 {0 0 0};
    %pushi/vec4 1, 0, 1;
    %store/vec4 v0x55c597db5690_0, 0, 1;
    %delay 10, 0;
    %pushi/vec4 0, 0, 1;
    %store/vec4 v0x55c597db5690_0, 0, 1;
    %pushi/vec4 0, 0, 1;
    %ix/load 4, 0, 0;
    %flag_set/imm 4, 0;
    %store/vec4 v0x55c597db5870_0, 4, 1;
    %pushi/vec4 1, 0, 1;
    %ix/load 4, 1, 0;
    %flag_set/imm 4, 0;
    %store/vec4 v0x55c597db5870_0, 4, 1;
    %pushi/vec4 1, 0, 1;
    %ix/load 4, 2, 0;
    %flag_set/imm 4, 0;
    %store/vec4 v0x55c597db5870_0, 4, 1;
    %pushi/vec4 0, 0, 1;
    %ix/load 4, 3, 0;
    %flag_set/imm 4, 0;
    %store/vec4 v0x55c597db5870_0, 4, 1;
    %pushi/vec4 1, 0, 1;
    %store/vec4 v0x55c597db54c0_0, 0, 1;
    %pushi/vec4 1, 0, 1;
    %store/vec4 v0x55c597db5590_0, 0, 1;
    %pushi/vec4 1, 0, 1;
    %store/vec4 v0x55c597db53d0_0, 0, 1;
    %pushi/vec4 1, 0, 1;
    %store/vec4 v0x55c597db5730_0, 0, 1;
    %delay 10, 0;
    %load/vec4 v0x55c597db5690_0;
    %inv;
    %store/vec4 v0x55c597db5690_0, 0, 1;
    %delay 10, 0;
    %load/vec4 v0x55c597db5690_0;
    %inv;
    %store/vec4 v0x55c597db5690_0, 0, 1;
    %pushi/vec4 0, 0, 1;
    %ix/load 4, 0, 0;
    %flag_set/imm 4, 0;
    %store/vec4 v0x55c597db5870_0, 4, 1;
    %pushi/vec4 1, 0, 1;
    %ix/load 4, 1, 0;
    %flag_set/imm 4, 0;
    %store/vec4 v0x55c597db5870_0, 4, 1;
    %pushi/vec4 1, 0, 1;
    %ix/load 4, 2, 0;
    %flag_set/imm 4, 0;
    %store/vec4 v0x55c597db5870_0, 4, 1;
    %pushi/vec4 0, 0, 1;
    %ix/load 4, 3, 0;
    %flag_set/imm 4, 0;
    %store/vec4 v0x55c597db5870_0, 4, 1;
    %pushi/vec4 1, 0, 1;
    %store/vec4 v0x55c597db54c0_0, 0, 1;
    %pushi/vec4 1, 0, 1;
    %store/vec4 v0x55c597db5590_0, 0, 1;
    %pushi/vec4 1, 0, 1;
    %store/vec4 v0x55c597db53d0_0, 0, 1;
    %pushi/vec4 1, 0, 1;
    %store/vec4 v0x55c597db5730_0, 0, 1;
    %delay 10, 0;
    %load/vec4 v0x55c597db5690_0;
    %inv;
    %store/vec4 v0x55c597db5690_0, 0, 1;
    %delay 10, 0;
    %load/vec4 v0x55c597db5690_0;
    %inv;
    %store/vec4 v0x55c597db5690_0, 0, 1;
    %pushi/vec4 0, 0, 1;
    %ix/load 4, 0, 0;
    %flag_set/imm 4, 0;
    %store/vec4 v0x55c597db5870_0, 4, 1;
    %pushi/vec4 1, 0, 1;
    %ix/load 4, 1, 0;
    %flag_set/imm 4, 0;
    %store/vec4 v0x55c597db5870_0, 4, 1;
    %pushi/vec4 1, 0, 1;
    %ix/load 4, 2, 0;
    %flag_set/imm 4, 0;
    %store/vec4 v0x55c597db5870_0, 4, 1;
    %pushi/vec4 0, 0, 1;
    %ix/load 4, 3, 0;
    %flag_set/imm 4, 0;
    %store/vec4 v0x55c597db5870_0, 4, 1;
    %pushi/vec4 1, 0, 1;
    %store/vec4 v0x55c597db54c0_0, 0, 1;
    %pushi/vec4 1, 0, 1;
    %store/vec4 v0x55c597db5590_0, 0, 1;
    %pushi/vec4 1, 0, 1;
    %store/vec4 v0x55c597db53d0_0, 0, 1;
    %pushi/vec4 0, 0, 1;
    %store/vec4 v0x55c597db5730_0, 0, 1;
    %delay 10, 0;
    %load/vec4 v0x55c597db5690_0;
    %inv;
    %store/vec4 v0x55c597db5690_0, 0, 1;
    %delay 10, 0;
    %load/vec4 v0x55c597db5690_0;
    %inv;
    %store/vec4 v0x55c597db5690_0, 0, 1;
    %pushi/vec4 0, 0, 1;
    %ix/load 4, 0, 0;
    %flag_set/imm 4, 0;
    %store/vec4 v0x55c597db5870_0, 4, 1;
    %pushi/vec4 1, 0, 1;
    %ix/load 4, 1, 0;
    %flag_set/imm 4, 0;
    %store/vec4 v0x55c597db5870_0, 4, 1;
    %pushi/vec4 1, 0, 1;
    %ix/load 4, 2, 0;
    %flag_set/imm 4, 0;
    %store/vec4 v0x55c597db5870_0, 4, 1;
    %pushi/vec4 0, 0, 1;
    %ix/load 4, 3, 0;
    %flag_set/imm 4, 0;
    %store/vec4 v0x55c597db5870_0, 4, 1;
    %pushi/vec4 1, 0, 1;
    %store/vec4 v0x55c597db54c0_0, 0, 1;
    %pushi/vec4 1, 0, 1;
    %store/vec4 v0x55c597db5590_0, 0, 1;
    %pushi/vec4 1, 0, 1;
    %store/vec4 v0x55c597db53d0_0, 0, 1;
    %pushi/vec4 0, 0, 1;
    %store/vec4 v0x55c597db5730_0, 0, 1;
    %delay 10, 0;
    %load/vec4 v0x55c597db5690_0;
    %inv;
    %store/vec4 v0x55c597db5690_0, 0, 1;
    %end;
    .thread T_2;
# The file index is used to find the file name in the following table.
:file_names 5;
    "N/A";
    "<interactive>";
    "s1_tb.v";
    "./s1.v";
    "./dff.v";
