#! /usr/bin/vvp
:ivl_version "11.0 (stable)";
:ivl_delay_selection "TYPICAL";
:vpi_time_precision + 0;
:vpi_module "/usr/lib/x86_64-linux-gnu/ivl/system.vpi";
:vpi_module "/usr/lib/x86_64-linux-gnu/ivl/vhdl_sys.vpi";
:vpi_module "/usr/lib/x86_64-linux-gnu/ivl/vhdl_textio.vpi";
:vpi_module "/usr/lib/x86_64-linux-gnu/ivl/v2005_math.vpi";
:vpi_module "/usr/lib/x86_64-linux-gnu/ivl/va_math.vpi";
S_0x56027a01d530 .scope module, "s2" "s2" 2 3;
 .timescale 0 0;
    .port_info 0 /INPUT 4 "d";
    .port_info 1 /INPUT 1 "A0";
    .port_info 2 /INPUT 1 "B0";
    .port_info 3 /INPUT 1 "A1";
    .port_info 4 /INPUT 1 "B1";
    .port_info 5 /INPUT 1 "clr";
    .port_info 6 /INPUT 1 "clk";
    .port_info 7 /OUTPUT 1 "out";
o0x7f18816861c8 .functor BUFZ 1, C4<z>; HiZ drive
o0x7f1881686228 .functor BUFZ 1, C4<z>; HiZ drive
L_0x56027a033730 .functor OR 1, o0x7f18816861c8, o0x7f1881686228, C4<0>, C4<0>;
o0x7f1881686198 .functor BUFZ 1, C4<z>; HiZ drive
o0x7f18816861f8 .functor BUFZ 1, C4<z>; HiZ drive
L_0x56027a033850 .functor AND 1, o0x7f1881686198, o0x7f18816861f8, C4<1>, C4<1>;
L_0x56027a033950 .functor BUFZ 1, L_0x56027a033850, C4<0>, C4<0>, C4<0>;
L_0x56027a033ae0 .functor BUFZ 1, L_0x56027a033730, C4<0>, C4<0>, C4<0>;
v0x56027a032b50_0 .net "A0", 0 0, o0x7f1881686198;  0 drivers
v0x56027a032c30_0 .net "A1", 0 0, o0x7f18816861c8;  0 drivers
v0x56027a032cf0_0 .net "B0", 0 0, o0x7f18816861f8;  0 drivers
v0x56027a032d90_0 .net "B1", 0 0, o0x7f1881686228;  0 drivers
v0x56027a032e50_0 .net *"_ivl_12", 0 0, L_0x56027a033ae0;  1 drivers
v0x56027a032f80_0 .net *"_ivl_7", 0 0, L_0x56027a033950;  1 drivers
o0x7f1881686018 .functor BUFZ 1, C4<z>; HiZ drive
v0x56027a033060_0 .net "clk", 0 0, o0x7f1881686018;  0 drivers
o0x7f1881686048 .functor BUFZ 1, C4<z>; HiZ drive
v0x56027a033100_0 .net "clr", 0 0, o0x7f1881686048;  0 drivers
o0x7f18816862b8 .functor BUFZ 4, C4<zzzz>; HiZ drive
v0x56027a0331d0_0 .net "d", 3 0, o0x7f18816862b8;  0 drivers
v0x56027a033270_0 .net "out", 0 0, v0x56027a0329e0_0;  1 drivers
v0x56027a033340_0 .var "r", 0 0;
v0x56027a033410_0 .net "s0", 0 0, L_0x56027a033850;  1 drivers
v0x56027a0334b0_0 .net "s1", 0 0, L_0x56027a033730;  1 drivers
v0x56027a033550_0 .net "sel", 1 0, L_0x56027a0339f0;  1 drivers
E_0x560279fe42d0 .event edge, v0x56027a033550_0;
L_0x56027a0339f0 .concat8 [ 1 1 0 0], L_0x56027a033950, L_0x56027a033ae0;
S_0x56027a01d7b0 .scope module, "dff0" "dff" 2 25, 3 1 0, S_0x56027a01d530;
 .timescale 0 0;
    .port_info 0 /INPUT 1 "d";
    .port_info 1 /INPUT 1 "clr";
    .port_info 2 /INPUT 1 "clk";
    .port_info 3 /OUTPUT 1 "q";
v0x560279fe3cf0_0 .net "clk", 0 0, o0x7f1881686018;  alias, 0 drivers
v0x56027a032880_0 .net "clr", 0 0, o0x7f1881686048;  alias, 0 drivers
v0x56027a032940_0 .net "d", 0 0, v0x56027a033340_0;  1 drivers
v0x56027a0329e0_0 .var "q", 0 0;
E_0x56027a01cac0 .event posedge, v0x560279fe3cf0_0;
    .scope S_0x56027a01d7b0;
T_0 ;
    %wait E_0x56027a01cac0;
    %load/vec4 v0x56027a032880_0;
    %flag_set/vec4 8;
    %jmp/0xz  T_0.0, 8;
    %pushi/vec4 0, 0, 1;
    %assign/vec4 v0x56027a0329e0_0, 0;
    %jmp T_0.1;
T_0.0 ;
    %load/vec4 v0x56027a032940_0;
    %flag_set/vec4 8;
    %jmp/0xz  T_0.2, 8;
    %pushi/vec4 1, 0, 1;
    %assign/vec4 v0x56027a0329e0_0, 0;
    %jmp T_0.3;
T_0.2 ;
    %load/vec4 v0x56027a032940_0;
    %inv;
    %flag_set/vec4 8;
    %jmp/0xz  T_0.4, 8;
    %pushi/vec4 0, 0, 1;
    %assign/vec4 v0x56027a0329e0_0, 0;
T_0.4 ;
T_0.3 ;
T_0.1 ;
    %jmp T_0;
    .thread T_0;
    .scope S_0x56027a01d530;
T_1 ;
    %wait E_0x560279fe42d0;
    %load/vec4 v0x56027a033550_0;
    %dup/vec4;
    %pushi/vec4 0, 0, 2;
    %cmp/u;
    %jmp/1 T_1.0, 6;
    %dup/vec4;
    %pushi/vec4 1, 0, 2;
    %cmp/u;
    %jmp/1 T_1.1, 6;
    %dup/vec4;
    %pushi/vec4 2, 0, 2;
    %cmp/u;
    %jmp/1 T_1.2, 6;
    %dup/vec4;
    %pushi/vec4 3, 0, 2;
    %cmp/u;
    %jmp/1 T_1.3, 6;
    %jmp T_1.4;
T_1.0 ;
    %load/vec4 v0x56027a0331d0_0;
    %parti/s 1, 0, 2;
    %assign/vec4 v0x56027a033340_0, 0;
    %jmp T_1.4;
T_1.1 ;
    %load/vec4 v0x56027a0331d0_0;
    %parti/s 1, 1, 2;
    %assign/vec4 v0x56027a033340_0, 0;
    %jmp T_1.4;
T_1.2 ;
    %load/vec4 v0x56027a0331d0_0;
    %parti/s 1, 2, 3;
    %assign/vec4 v0x56027a033340_0, 0;
    %jmp T_1.4;
T_1.3 ;
    %load/vec4 v0x56027a0331d0_0;
    %parti/s 1, 3, 3;
    %assign/vec4 v0x56027a033340_0, 0;
    %jmp T_1.4;
T_1.4 ;
    %pop/vec4 1;
    %jmp T_1;
    .thread T_1, $push;
# The file index is used to find the file name in the following table.
:file_names 4;
    "N/A";
    "<interactive>";
    "s2.v";
    "./dff.v";
