#! /usr/bin/vvp
:ivl_version "11.0 (stable)";
:ivl_delay_selection "TYPICAL";
:vpi_time_precision + 0;
:vpi_module "/usr/lib/x86_64-linux-gnu/ivl/system.vpi";
:vpi_module "/usr/lib/x86_64-linux-gnu/ivl/vhdl_sys.vpi";
:vpi_module "/usr/lib/x86_64-linux-gnu/ivl/vhdl_textio.vpi";
:vpi_module "/usr/lib/x86_64-linux-gnu/ivl/v2005_math.vpi";
:vpi_module "/usr/lib/x86_64-linux-gnu/ivl/va_math.vpi";
S_0x55abc6aa54d0 .scope module, "s2_tb" "s2_tb" 2 3;
 .timescale 0 0;
v0x55abc6acc530_0 .var "A0", 0 0;
v0x55abc6acc620_0 .var "A1", 0 0;
v0x55abc6acc6f0_0 .var "B0", 0 0;
v0x55abc6acc7f0_0 .var "B1", 0 0;
v0x55abc6acc8c0_0 .var "clk", 0 0;
v0x55abc6acc9b0_0 .var "clr", 0 0;
v0x55abc6accaa0_0 .var "d", 3 0;
v0x55abc6accb40_0 .net "out", 0 0, v0x55abc6acb840_0;  1 drivers
S_0x55abc6aa5660 .scope module, "s2_instance" "s2" 2 8, 3 3 0, S_0x55abc6aa54d0;
 .timescale 0 0;
    .port_info 0 /INPUT 4 "d";
    .port_info 1 /INPUT 1 "A0";
    .port_info 2 /INPUT 1 "B0";
    .port_info 3 /INPUT 1 "A1";
    .port_info 4 /INPUT 1 "B1";
    .port_info 5 /INPUT 1 "clr";
    .port_info 6 /INPUT 1 "clk";
    .port_info 7 /OUTPUT 1 "out";
L_0x55abc6accc30 .functor OR 1, v0x55abc6acc620_0, v0x55abc6acc7f0_0, C4<0>, C4<0>;
L_0x55abc6accd40 .functor AND 1, v0x55abc6acc530_0, v0x55abc6acc6f0_0, C4<1>, C4<1>;
L_0x55abc6acce50 .functor BUFZ 1, L_0x55abc6accd40, C4<0>, C4<0>, C4<0>;
L_0x55abc6acd000 .functor BUFZ 1, L_0x55abc6accc30, C4<0>, C4<0>, C4<0>;
v0x55abc6acb980_0 .net "A0", 0 0, v0x55abc6acc530_0;  1 drivers
v0x55abc6acba60_0 .net "A1", 0 0, v0x55abc6acc620_0;  1 drivers
v0x55abc6acbb20_0 .net "B0", 0 0, v0x55abc6acc6f0_0;  1 drivers
v0x55abc6acbbc0_0 .net "B1", 0 0, v0x55abc6acc7f0_0;  1 drivers
v0x55abc6acbc80_0 .net *"_ivl_12", 0 0, L_0x55abc6acd000;  1 drivers
v0x55abc6acbdb0_0 .net *"_ivl_7", 0 0, L_0x55abc6acce50;  1 drivers
v0x55abc6acbe90_0 .net "clk", 0 0, v0x55abc6acc8c0_0;  1 drivers
v0x55abc6acbf30_0 .net "clr", 0 0, v0x55abc6acc9b0_0;  1 drivers
v0x55abc6acbfd0_0 .net "d", 3 0, v0x55abc6accaa0_0;  1 drivers
v0x55abc6acc070_0 .net "out", 0 0, v0x55abc6acb840_0;  alias, 1 drivers
v0x55abc6acc140_0 .var "r", 0 0;
v0x55abc6acc210_0 .net "s0", 0 0, L_0x55abc6accd40;  1 drivers
v0x55abc6acc2b0_0 .net "s1", 0 0, L_0x55abc6accc30;  1 drivers
v0x55abc6acc350_0 .net "sel", 1 0, L_0x55abc6accf10;  1 drivers
E_0x55abc6a6c520 .event edge, v0x55abc6acc350_0;
L_0x55abc6accf10 .concat8 [ 1 1 0 0], L_0x55abc6acce50, L_0x55abc6acd000;
S_0x55abc6aa9b20 .scope module, "dff0" "dff" 3 25, 4 1 0, S_0x55abc6aa5660;
 .timescale 0 0;
    .port_info 0 /INPUT 1 "d";
    .port_info 1 /INPUT 1 "clr";
    .port_info 2 /INPUT 1 "clk";
    .port_info 3 /OUTPUT 1 "q";
v0x55abc6aa9d90_0 .net "clk", 0 0, v0x55abc6acc8c0_0;  alias, 1 drivers
v0x55abc6acb6e0_0 .net "clr", 0 0, v0x55abc6acc9b0_0;  alias, 1 drivers
v0x55abc6acb7a0_0 .net "d", 0 0, v0x55abc6acc140_0;  1 drivers
v0x55abc6acb840_0 .var "q", 0 0;
E_0x55abc6a6c2d0 .event posedge, v0x55abc6aa9d90_0;
    .scope S_0x55abc6aa9b20;
T_0 ;
    %wait E_0x55abc6a6c2d0;
    %load/vec4 v0x55abc6acb6e0_0;
    %flag_set/vec4 8;
    %jmp/0xz  T_0.0, 8;
    %pushi/vec4 0, 0, 1;
    %assign/vec4 v0x55abc6acb840_0, 0;
    %jmp T_0.1;
T_0.0 ;
    %load/vec4 v0x55abc6acb7a0_0;
    %flag_set/vec4 8;
    %jmp/0xz  T_0.2, 8;
    %pushi/vec4 1, 0, 1;
    %assign/vec4 v0x55abc6acb840_0, 0;
    %jmp T_0.3;
T_0.2 ;
    %load/vec4 v0x55abc6acb7a0_0;
    %inv;
    %flag_set/vec4 8;
    %jmp/0xz  T_0.4, 8;
    %pushi/vec4 0, 0, 1;
    %assign/vec4 v0x55abc6acb840_0, 0;
T_0.4 ;
T_0.3 ;
T_0.1 ;
    %jmp T_0;
    .thread T_0;
    .scope S_0x55abc6aa5660;
T_1 ;
    %wait E_0x55abc6a6c520;
    %load/vec4 v0x55abc6acc350_0;
    %dup/vec4;
    %pushi/vec4 0, 0, 2;
    %cmp/u;
    %jmp/1 T_1.0, 6;
    %dup/vec4;
    %pushi/vec4 1, 0, 2;
    %cmp/u;
    %jmp/1 T_1.1, 6;
    %dup/vec4;
    %pushi/vec4 2, 0, 2;
    %cmp/u;
    %jmp/1 T_1.2, 6;
    %dup/vec4;
    %pushi/vec4 3, 0, 2;
    %cmp/u;
    %jmp/1 T_1.3, 6;
    %jmp T_1.4;
T_1.0 ;
    %load/vec4 v0x55abc6acbfd0_0;
    %parti/s 1, 0, 2;
    %assign/vec4 v0x55abc6acc140_0, 0;
    %jmp T_1.4;
T_1.1 ;
    %load/vec4 v0x55abc6acbfd0_0;
    %parti/s 1, 1, 2;
    %assign/vec4 v0x55abc6acc140_0, 0;
    %jmp T_1.4;
T_1.2 ;
    %load/vec4 v0x55abc6acbfd0_0;
    %parti/s 1, 2, 3;
    %assign/vec4 v0x55abc6acc140_0, 0;
    %jmp T_1.4;
T_1.3 ;
    %load/vec4 v0x55abc6acbfd0_0;
    %parti/s 1, 3, 3;
    %assign/vec4 v0x55abc6acc140_0, 0;
    %jmp T_1.4;
T_1.4 ;
    %pop/vec4 1;
    %jmp T_1;
    .thread T_1, $push;
    .scope S_0x55abc6aa54d0;
T_2 ;
    %vpi_call 2 11 "$dumpfile", "s2.vcd" {0 0 0};
    %vpi_call 2 12 "$dumpvars", 32'sb00000000000000000000000000000000, S_0x55abc6aa54d0 {0 0 0};
    %pushi/vec4 1, 0, 1;
    %store/vec4 v0x55abc6acc8c0_0, 0, 1;
    %delay 10, 0;
    %pushi/vec4 0, 0, 1;
    %store/vec4 v0x55abc6acc8c0_0, 0, 1;
    %pushi/vec4 0, 0, 1;
    %ix/load 4, 0, 0;
    %flag_set/imm 4, 0;
    %store/vec4 v0x55abc6accaa0_0, 4, 1;
    %pushi/vec4 1, 0, 1;
    %ix/load 4, 1, 0;
    %flag_set/imm 4, 0;
    %store/vec4 v0x55abc6accaa0_0, 4, 1;
    %pushi/vec4 1, 0, 1;
    %ix/load 4, 2, 0;
    %flag_set/imm 4, 0;
    %store/vec4 v0x55abc6accaa0_0, 4, 1;
    %pushi/vec4 0, 0, 1;
    %ix/load 4, 3, 0;
    %flag_set/imm 4, 0;
    %store/vec4 v0x55abc6accaa0_0, 4, 1;
    %pushi/vec4 1, 0, 1;
    %store/vec4 v0x55abc6acc620_0, 0, 1;
    %pushi/vec4 1, 0, 1;
    %store/vec4 v0x55abc6acc7f0_0, 0, 1;
    %pushi/vec4 1, 0, 1;
    %store/vec4 v0x55abc6acc530_0, 0, 1;
    %pushi/vec4 1, 0, 1;
    %store/vec4 v0x55abc6acc6f0_0, 0, 1;
    %pushi/vec4 1, 0, 1;
    %store/vec4 v0x55abc6acc9b0_0, 0, 1;
    %delay 10, 0;
    %load/vec4 v0x55abc6acc8c0_0;
    %inv;
    %store/vec4 v0x55abc6acc8c0_0, 0, 1;
    %delay 10, 0;
    %load/vec4 v0x55abc6acc8c0_0;
    %inv;
    %store/vec4 v0x55abc6acc8c0_0, 0, 1;
    %delay 10, 0;
    %load/vec4 v0x55abc6acc8c0_0;
    %inv;
    %store/vec4 v0x55abc6acc8c0_0, 0, 1;
    %pushi/vec4 1, 0, 1;
    %ix/load 4, 0, 0;
    %flag_set/imm 4, 0;
    %store/vec4 v0x55abc6accaa0_0, 4, 1;
    %pushi/vec4 1, 0, 1;
    %ix/load 4, 1, 0;
    %flag_set/imm 4, 0;
    %store/vec4 v0x55abc6accaa0_0, 4, 1;
    %pushi/vec4 1, 0, 1;
    %ix/load 4, 2, 0;
    %flag_set/imm 4, 0;
    %store/vec4 v0x55abc6accaa0_0, 4, 1;
    %pushi/vec4 1, 0, 1;
    %ix/load 4, 3, 0;
    %flag_set/imm 4, 0;
    %store/vec4 v0x55abc6accaa0_0, 4, 1;
    %pushi/vec4 1, 0, 1;
    %store/vec4 v0x55abc6acc620_0, 0, 1;
    %pushi/vec4 1, 0, 1;
    %store/vec4 v0x55abc6acc7f0_0, 0, 1;
    %pushi/vec4 1, 0, 1;
    %store/vec4 v0x55abc6acc530_0, 0, 1;
    %pushi/vec4 1, 0, 1;
    %store/vec4 v0x55abc6acc6f0_0, 0, 1;
    %pushi/vec4 0, 0, 1;
    %store/vec4 v0x55abc6acc9b0_0, 0, 1;
    %delay 10, 0;
    %load/vec4 v0x55abc6acc8c0_0;
    %inv;
    %store/vec4 v0x55abc6acc8c0_0, 0, 1;
    %delay 10, 0;
    %load/vec4 v0x55abc6acc8c0_0;
    %inv;
    %store/vec4 v0x55abc6acc8c0_0, 0, 1;
    %delay 10, 0;
    %load/vec4 v0x55abc6acc8c0_0;
    %inv;
    %store/vec4 v0x55abc6acc8c0_0, 0, 1;
    %delay 10, 0;
    %load/vec4 v0x55abc6acc8c0_0;
    %inv;
    %store/vec4 v0x55abc6acc8c0_0, 0, 1;
    %delay 10, 0;
    %load/vec4 v0x55abc6acc8c0_0;
    %inv;
    %store/vec4 v0x55abc6acc8c0_0, 0, 1;
    %pushi/vec4 0, 0, 1;
    %ix/load 4, 0, 0;
    %flag_set/imm 4, 0;
    %store/vec4 v0x55abc6accaa0_0, 4, 1;
    %pushi/vec4 1, 0, 1;
    %ix/load 4, 1, 0;
    %flag_set/imm 4, 0;
    %store/vec4 v0x55abc6accaa0_0, 4, 1;
    %pushi/vec4 1, 0, 1;
    %ix/load 4, 2, 0;
    %flag_set/imm 4, 0;
    %store/vec4 v0x55abc6accaa0_0, 4, 1;
    %pushi/vec4 0, 0, 1;
    %ix/load 4, 3, 0;
    %flag_set/imm 4, 0;
    %store/vec4 v0x55abc6accaa0_0, 4, 1;
    %pushi/vec4 1, 0, 1;
    %store/vec4 v0x55abc6acc620_0, 0, 1;
    %pushi/vec4 1, 0, 1;
    %store/vec4 v0x55abc6acc7f0_0, 0, 1;
    %pushi/vec4 0, 0, 1;
    %store/vec4 v0x55abc6acc6f0_0, 0, 1;
    %pushi/vec4 1, 0, 1;
    %store/vec4 v0x55abc6acc530_0, 0, 1;
    %pushi/vec4 0, 0, 1;
    %store/vec4 v0x55abc6acc9b0_0, 0, 1;
    %delay 10, 0;
    %load/vec4 v0x55abc6acc8c0_0;
    %inv;
    %store/vec4 v0x55abc6acc8c0_0, 0, 1;
    %delay 10, 0;
    %load/vec4 v0x55abc6acc8c0_0;
    %inv;
    %store/vec4 v0x55abc6acc8c0_0, 0, 1;
    %delay 10, 0;
    %load/vec4 v0x55abc6acc8c0_0;
    %inv;
    %store/vec4 v0x55abc6acc8c0_0, 0, 1;
    %delay 10, 0;
    %load/vec4 v0x55abc6acc8c0_0;
    %inv;
    %store/vec4 v0x55abc6acc8c0_0, 0, 1;
    %delay 10, 0;
    %load/vec4 v0x55abc6acc8c0_0;
    %inv;
    %store/vec4 v0x55abc6acc8c0_0, 0, 1;
    %pushi/vec4 0, 0, 1;
    %ix/load 4, 0, 0;
    %flag_set/imm 4, 0;
    %store/vec4 v0x55abc6accaa0_0, 4, 1;
    %pushi/vec4 1, 0, 1;
    %ix/load 4, 1, 0;
    %flag_set/imm 4, 0;
    %store/vec4 v0x55abc6accaa0_0, 4, 1;
    %pushi/vec4 1, 0, 1;
    %ix/load 4, 2, 0;
    %flag_set/imm 4, 0;
    %store/vec4 v0x55abc6accaa0_0, 4, 1;
    %pushi/vec4 0, 0, 1;
    %ix/load 4, 3, 0;
    %flag_set/imm 4, 0;
    %store/vec4 v0x55abc6accaa0_0, 4, 1;
    %pushi/vec4 0, 0, 1;
    %store/vec4 v0x55abc6acc620_0, 0, 1;
    %pushi/vec4 0, 0, 1;
    %store/vec4 v0x55abc6acc7f0_0, 0, 1;
    %pushi/vec4 1, 0, 1;
    %store/vec4 v0x55abc6acc530_0, 0, 1;
    %pushi/vec4 1, 0, 1;
    %store/vec4 v0x55abc6acc6f0_0, 0, 1;
    %pushi/vec4 0, 0, 1;
    %store/vec4 v0x55abc6acc9b0_0, 0, 1;
    %delay 10, 0;
    %load/vec4 v0x55abc6acc8c0_0;
    %inv;
    %store/vec4 v0x55abc6acc8c0_0, 0, 1;
    %delay 10, 0;
    %load/vec4 v0x55abc6acc8c0_0;
    %inv;
    %store/vec4 v0x55abc6acc8c0_0, 0, 1;
    %delay 10, 0;
    %load/vec4 v0x55abc6acc8c0_0;
    %inv;
    %store/vec4 v0x55abc6acc8c0_0, 0, 1;
    %delay 10, 0;
    %load/vec4 v0x55abc6acc8c0_0;
    %inv;
    %store/vec4 v0x55abc6acc8c0_0, 0, 1;
    %end;
    .thread T_2;
# The file index is used to find the file name in the following table.
:file_names 5;
    "N/A";
    "<interactive>";
    "s2_tb.v";
    "./s2.v";
    "./dff.v";
